Command line:
./runscript_pride.sh mix3 RFM1.BR1.4C 4 2017 --rh_defense --rh_mitigation=RFM --rh_rfm_per_trefi=1 --rh_rfm_blast_radius=1 --rh_rfm_maxacts_per_trefi=79
Global frequency set at 1000000000000 ticks per second
RFM details - rfm_act_threshold: 79, blast_radius: 1, delay_per_rfm: 175000 ps. sample_rate: 0.012500
RH Defense config: RFM, Bus Delay: 0, rfms_per_trefi: 1, rfm_act_threshold: 79, blast_radius: 1,rfm_delay_per_act: 45000 ps.
DRAM config: RowsPerBank: 65536, BanksPerRank: 32, RanksPerChannel: 1
warn: Sockets disabled, not accepting gdb connections
warn: CoherentXBar system.cpu0.mmucache.mmubus has no snooping ports attached!
warn: CoherentXBar system.cpu1.mmucache.mmubus has no snooping ports attached!
warn: CoherentXBar system.cpu2.mmucache.mmubus has no snooping ports attached!
warn: CoherentXBar system.cpu3.mmucache.mmubus has no snooping ports attached!
warn: Checkpoints for file descriptors currently do not work.
warn: Checkpoints for file descriptors currently do not work.
warn: Checkpoints for file descriptors currently do not work.
warn: Checkpoints for file descriptors currently do not work.
gem5 Simulator System.  http://gem5.org
gem5 is copyrighted software; use the --copyright option for details.

gem5 version 20.1.0.5
gem5 compiled Jul 12 2024 12:42:38
gem5 started Jul 17 2024 14:07:01
gem5 executing on a07dda8b130c, pid 89803
command line: /home/user/PrIDE/performance/gem5/build/X86/gem5.opt --outdir=/home/user/PrIDE/performance/gem5/stats/pride_multiprogram_16GBmem_250Mn.SPEC2017.C4/RFM1.BR1.4C/mix3 /home/user/PrIDE/performance/gem5/configs/example/se_rq_spec_config_multicore.py --redirects /lib64=/home/utils/gcc-6.2.0/lib64 --benchmark=mix3 --benchmark_stdout=/home/user/PrIDE/performance/gem5/stats/pride_multiprogram_16GBmem_250Mn.SPEC2017.C4/RFM1.BR1.4C/mix3/mix3.out --benchmark_stderr=/home/user/PrIDE/performance/gem5/stats/pride_multiprogram_16GBmem_250Mn.SPEC2017.C4/RFM1.BR1.4C/mix3/mix3.err --spec-version=2017 --rh_defense --rh_mitigation=RFM --rh_rfm_per_trefi=1 --rh_rfm_blast_radius=1 --rh_rfm_maxacts_per_trefi=79 --num-cpus=4 --mem-size=16GB --mem-type=DDR5_2400_32x4 --mem-ranks=1 --checkpoint-dir=/home/user/PrIDE/performance/gem5/cpts/multiprogram_16GBmem_25Bn.SPEC2017.C4/mix3-1-ref-x86 --checkpoint-restore=25000000000 --at-instruction --cpu-type DerivO3CPU --caches --l2cache --l1d_size=32kB --l1i_size=32kB --l2_size=256kB --l1d_assoc=8 --l1i_assoc=8 --l2_assoc=16 --maxinsts=250000000 --prog-interval=300Hz

info: Standard input is not a terminal, disabling listeners.
Benchmark- 0   exchange2
Selected benchmark
--> exchange2
CMD: ['/opt/spec2017/benchspec/CPU/548.exchange2_r/run/run_base_refrate_gem5_se-m64.0000/exchange2_r_base.gem5_se-m64', '6']
CWD: /opt/spec2017/benchspec/CPU/548.exchange2_r/run/run_base_refrate_gem5_se-m64.0000/
Process stdout file: /home/user/PrIDE/performance/gem5/stats/pride_multiprogram_16GBmem_250Mn.SPEC2017.C4/RFM1.BR1.4C/mix3/mix3.out_0
Process stderr file: /home/user/PrIDE/performance/gem5/stats/pride_multiprogram_16GBmem_250Mn.SPEC2017.C4/RFM1.BR1.4C/mix3/mix3.err_0
Benchmark- 1   roms
Selected benchmark
--> roms
CMD: ['/opt/spec2017/benchspec/CPU/554.roms_r/run/run_base_refrate_gem5_se-m64.0000/roms_r_base.gem5_se-m64']
CWD: /opt/spec2017/benchspec/CPU/554.roms_r/run/run_base_refrate_gem5_se-m64.0000/
Process stdout file: /home/user/PrIDE/performance/gem5/stats/pride_multiprogram_16GBmem_250Mn.SPEC2017.C4/RFM1.BR1.4C/mix3/mix3.out_1
Process stderr file: /home/user/PrIDE/performance/gem5/stats/pride_multiprogram_16GBmem_250Mn.SPEC2017.C4/RFM1.BR1.4C/mix3/mix3.err_1
Benchmark- 2   imagick
Selected benchmark
--> imagick
CMD: ['/opt/spec2017/benchspec/CPU/538.imagick_r/run/run_base_refrate_gem5_se-m64.0000/imagick_r_base.gem5_se-m64', '-limit', 'disk', '0', '/opt/spec2017/benchspec/CPU/538.imagick_r/run/run_base_refrate_gem5_se-m64.0000/refrate_input.tga', '-edge', '41', '-resample', '181%', '-emboss', '31', '-colorspace', 'YUV', '-mean-shift', '19x19+15%', '-resize', '30%', '/opt/spec2017/benchspec/CPU/538.imagick_r/run/run_base_refrate_gem5_se-m64.0000/refrate_output.tga']
CWD: /opt/spec2017/benchspec/CPU/538.imagick_r/run/run_base_refrate_gem5_se-m64.0000/
Process stdout file: /home/user/PrIDE/performance/gem5/stats/pride_multiprogram_16GBmem_250Mn.SPEC2017.C4/RFM1.BR1.4C/mix3/mix3.out_2
Process stderr file: /home/user/PrIDE/performance/gem5/stats/pride_multiprogram_16GBmem_250Mn.SPEC2017.C4/RFM1.BR1.4C/mix3/mix3.err_2
Benchmark- 3   xz
Selected benchmark
--> xz
CMD: ['/opt/spec2017/benchspec/CPU/557.xz_r/run/run_base_refrate_gem5_se-m64.0000/xz_r_base.gem5_se-m64', '/opt/spec2017/benchspec/CPU/557.xz_r/run/run_base_refrate_gem5_se-m64.0000/cld.tar.xz', '160', '19cf30ae51eddcbefda78dd06014b4b96281456e078ca7c13e1c0c9e6aaea8dff3efb4ad6b0456697718cede6bd5454852652806a657bb56e07d61128434b474', '59796407', '61004416', '6']
CWD: /opt/spec2017/benchspec/CPU/557.xz_r/run/run_base_refrate_gem5_se-m64.0000/
Process stdout file: /home/user/PrIDE/performance/gem5/stats/pride_multiprogram_16GBmem_250Mn.SPEC2017.C4/RFM1.BR1.4C/mix3/mix3.out_3
Process stderr file: /home/user/PrIDE/performance/gem5/stats/pride_multiprogram_16GBmem_250Mn.SPEC2017.C4/RFM1.BR1.4C/mix3/mix3.err_3
Workload-0: 
['/opt/spec2017/benchspec/CPU/548.exchange2_r/run/run_base_refrate_gem5_se-m64.0000/exchange2_r_base.gem5_se-m64', '6']
Workload-1: 
['/opt/spec2017/benchspec/CPU/554.roms_r/run/run_base_refrate_gem5_se-m64.0000/roms_r_base.gem5_se-m64']
Workload-2: 
['/opt/spec2017/benchspec/CPU/538.imagick_r/run/run_base_refrate_gem5_se-m64.0000/imagick_r_base.gem5_se-m64', '-limit', 'disk', '0', '/opt/spec2017/benchspec/CPU/538.imagick_r/run/run_base_refrate_gem5_se-m64.0000/refrate_input.tga', '-edge', '41', '-resample', '181%', '-emboss', '31', '-colorspace', 'YUV', '-mean-shift', '19x19+15%', '-resize', '30%', '/opt/spec2017/benchspec/CPU/538.imagick_r/run/run_base_refrate_gem5_se-m64.0000/refrate_output.tga']
Workload-3: 
['/opt/spec2017/benchspec/CPU/557.xz_r/run/run_base_refrate_gem5_se-m64.0000/xz_r_base.gem5_se-m64', '/opt/spec2017/benchspec/CPU/557.xz_r/run/run_base_refrate_gem5_se-m64.0000/cld.tar.xz', '160', '19cf30ae51eddcbefda78dd06014b4b96281456e078ca7c13e1c0c9e6aaea8dff3efb4ad6b0456697718cede6bd5454852652806a657bb56e07d61128434b474', '59796407', '61004416', '6']
defense_enable:  True  detector:  MG  mitigation:  RFM  threshold:  800
mg_entries:  1700
rfm_maxacts_per_trefi:  79 rfm_per_trefi:  1 rfm_blast_radius:  1
Switch at curTick count:10000
warn: membus.master is deprecated. `master` is now called `mem_side_ports`
warn: No dot file generated. Please install pydot to generate the dot file and pdf.
info: Entering event queue @ 14950446182073.  Starting simulation...
warn: MOVNTDQ: Ignoring non-temporal hint, modeling as cacheable!
info: Entering event queue @ 14950446192073.  Starting simulation...
warn: PowerState: Already in the requested power state, request ignored
Switched CPUS @ tick 14950446192073
switching cpus
**** REAL SIMULATION ****
info: Entering event queue @ 14950446192396.  Starting simulation...
14953779515406: Event_285: system.switch_cpus3 progress event, total committed:16317327, progress insts committed: 16317327, IPC: 001.6301
14953779515406: Event_284: system.switch_cpus2 progress event, total committed:51982968, progress insts committed: 51982968, IPC: 005.1931
14953779515406: Event_283: system.switch_cpus1 progress event, total committed:47939188, progress insts committed: 47939188, IPC: 04.78912
14953779515406: Event_282: system.switch_cpus0 progress event, total committed:34519338, progress insts committed: 34519338, IPC: 03.44848
14957112848739: Event_282: system.switch_cpus0 progress event, total committed:70993252, progress insts committed: 36473914, IPC: 03.64374
14957112848739: Event_283: system.switch_cpus1 progress event, total committed:96803732, progress insts committed: 48864544, IPC: 04.88157
14957112848739: Event_284: system.switch_cpus2 progress event, total committed:105320416, progress insts committed: 53337448, IPC: 05.32841
14957112848739: Event_285: system.switch_cpus3 progress event, total committed:32913473, progress insts committed: 16596146, IPC: 01.65795
14960446182072: Event_285: system.switch_cpus3 progress event, total committed:49560385, progress insts committed: 16646912, IPC: 01.66303
14960446182072: Event_284: system.switch_cpus2 progress event, total committed:131741634, progress insts committed: 26421218, IPC: 02.63948
14960446182072: Event_283: system.switch_cpus1 progress event, total committed:145998174, progress insts committed: 49194442, IPC: 04.91452
14960446182072: Event_282: system.switch_cpus0 progress event, total committed:107923239, progress insts committed: 36929987, IPC: 03.68931
14963779515405: Event_282: system.switch_cpus0 progress event, total committed:142600761, progress insts committed: 34677522, IPC: 03.46428
14963779515405: Event_283: system.switch_cpus1 progress event, total committed:194643877, progress insts committed: 48645703, IPC: 04.85971
14963779515405: Event_284: system.switch_cpus2 progress event, total committed:185576217, progress insts committed: 53834583, IPC: 05.37807
14963779515405: Event_285: system.switch_cpus3 progress event, total committed:66220855, progress insts committed: 16660470, IPC: 01.66438
14967112848738: Event_285: system.switch_cpus3 progress event, total committed:82702263, progress insts committed: 16481408, IPC: 01.64649
14967112848738: Event_284: system.switch_cpus2 progress event, total committed:239263709, progress insts committed: 53687492, IPC: 05.36338
14967112848738: Event_283: system.switch_cpus1 progress event, total committed:223780560, progress insts committed: 29136683, IPC: 02.91075
14967112848738: Event_282: system.switch_cpus0 progress event, total committed:178313464, progress insts committed: 35712703, IPC: 003.5677
14970446182071: Event_282: system.switch_cpus0 progress event, total committed:215288730, progress insts committed: 36975266, IPC: 03.69383
14970446182071: Event_283: system.switch_cpus1 progress event, total committed:274646182, progress insts committed: 50865622, IPC: 05.08148
14970446182071: Event_284: system.switch_cpus2 progress event, total committed:292594570, progress insts committed: 53330861, IPC: 05.32775
14970446182071: Event_285: system.switch_cpus3 progress event, total committed:99337640, progress insts committed: 16635377, IPC: 01.66187
14973779515404: Event_285: system.switch_cpus3 progress event, total committed:115796121, progress insts committed: 16458481, IPC: 001.6442
14973779515404: Event_284: system.switch_cpus2 progress event, total committed:345948514, progress insts committed: 53353944, IPC: 05.33006
14973779515404: Event_283: system.switch_cpus1 progress event, total committed:324696602, progress insts committed: 50050420, IPC: 05.00004
14973779515404: Event_282: system.switch_cpus0 progress event, total committed:252168573, progress insts committed: 36879843, IPC: 003.6843
14977112848737: Event_282: system.switch_cpus0 progress event, total committed:292013354, progress insts committed: 39844781, IPC: 03.98049
14977112848737: Event_283: system.switch_cpus1 progress event, total committed:373717210, progress insts committed: 49020608, IPC: 04.89716
14977112848737: Event_284: system.switch_cpus2 progress event, total committed:399261996, progress insts committed: 53313482, IPC: 05.32602
14977112848737: Event_285: system.switch_cpus3 progress event, total committed:132291496, progress insts committed: 16495375, IPC: 01.64789
Exiting @ tick 14978607000066 because a thread reached the max instruction count
