Command line:
./runscript_pride.sh namd RFM10.BR2.4C 4 2017 --rh_defense --rh_mitigation=RFM --rh_rfm_per_trefi=10 --rh_rfm_blast_radius=2 --rh_rfm_maxacts_per_trefi=79
Global frequency set at 1000000000000 ticks per second
RFM details - rfm_act_threshold: 7, blast_radius: 2, delay_per_rfm: 175000 ps. sample_rate: 0.125000
RH Defense config: RFM, Bus Delay: 0, rfms_per_trefi: 10, rfm_act_threshold: 7, blast_radius: 2,rfm_delay_per_act: 45000 ps.
DRAM config: RowsPerBank: 65536, BanksPerRank: 32, RanksPerChannel: 1
warn: Sockets disabled, not accepting gdb connections
warn: CoherentXBar system.cpu0.mmucache.mmubus has no snooping ports attached!
warn: CoherentXBar system.cpu1.mmucache.mmubus has no snooping ports attached!
warn: CoherentXBar system.cpu2.mmucache.mmubus has no snooping ports attached!
warn: CoherentXBar system.cpu3.mmucache.mmubus has no snooping ports attached!
warn: Checkpoints for file descriptors currently do not work.
warn: Checkpoints for file descriptors currently do not work.
warn: Checkpoints for file descriptors currently do not work.
warn: Checkpoints for file descriptors currently do not work.
gem5 Simulator System.  http://gem5.org
gem5 is copyrighted software; use the --copyright option for details.

gem5 version 20.1.0.5
gem5 compiled Jul 12 2024 12:42:38
gem5 started Aug  1 2024 18:47:15
gem5 executing on a07dda8b130c, pid 251222
command line: /home/user/PrIDE/performance/gem5/build/X86/gem5.opt --outdir=/home/user/PrIDE/performance/gem5/stats/pride_multiprogram_16GBmem_250Mn.SPEC2017.C4/RFM10.BR2.4C/namd /home/user/PrIDE/performance/gem5/configs/example/se_rq_spec_config_multicore.py --redirects /lib64=/home/utils/gcc-6.2.0/lib64 --benchmark=namd --benchmark_stdout=/home/user/PrIDE/performance/gem5/stats/pride_multiprogram_16GBmem_250Mn.SPEC2017.C4/RFM10.BR2.4C/namd/namd.out --benchmark_stderr=/home/user/PrIDE/performance/gem5/stats/pride_multiprogram_16GBmem_250Mn.SPEC2017.C4/RFM10.BR2.4C/namd/namd.err --spec-version=2017 --rh_defense --rh_mitigation=RFM --rh_rfm_per_trefi=10 --rh_rfm_blast_radius=2 --rh_rfm_maxacts_per_trefi=79 --num-cpus=4 --mem-size=16GB --mem-type=DDR5_2400_32x4 --mem-ranks=1 --mem-channels=1 --checkpoint-dir=/home/user/PrIDE/performance/gem5/cpts-DDR5/multiprogram_16GBmem_25Bn.SPEC2017.C4/namd-1-ref-x86 --checkpoint-restore=25000000000 --at-instruction --cpu-type DerivO3CPU --caches --l2cache --l1d_size=32kB --l1i_size=32kB --l2_size=256kB --l3_size=4MB --l1d_assoc=8 --l1i_assoc=8 --l2_assoc=16 --l3_assoc=16 --cpu-clock=3GHz --sys-clock=3GHz --maxinsts=250000000 --prog-interval=300Hz

info: Standard input is not a terminal, disabling listeners.
Benchmark- 0   namd
Selected benchmark
--> namd
CMD: ['/opt/spec2017/benchspec/CPU/508.namd_r/run/run_base_refrate_gem5_se-m64.0000/namd_r_base.gem5_se-m64', '--input', '/opt/spec2017/benchspec/CPU/508.namd_r/run/run_base_refrate_gem5_se-m64.0000/apoa1.input', '--output', '/opt/spec2017/benchspec/CPU/508.namd_r/run/run_base_refrate_gem5_se-m64.0000/apoa1.ref.output', '--iterations', '65']
CWD: /opt/spec2017/benchspec/CPU/508.namd_r/run/run_base_refrate_gem5_se-m64.0000/
Process stdout file: /home/user/PrIDE/performance/gem5/stats/pride_multiprogram_16GBmem_250Mn.SPEC2017.C4/RFM10.BR2.4C/namd/namd.out_0
Process stderr file: /home/user/PrIDE/performance/gem5/stats/pride_multiprogram_16GBmem_250Mn.SPEC2017.C4/RFM10.BR2.4C/namd/namd.err_0
Benchmark- 1   namd
Selected benchmark
--> namd
CMD: ['/opt/spec2017/benchspec/CPU/508.namd_r/run/run_base_refrate_gem5_se-m64.0000/namd_r_base.gem5_se-m64', '--input', '/opt/spec2017/benchspec/CPU/508.namd_r/run/run_base_refrate_gem5_se-m64.0000/apoa1.input', '--output', '/opt/spec2017/benchspec/CPU/508.namd_r/run/run_base_refrate_gem5_se-m64.0000/apoa1.ref.output', '--iterations', '65']
CWD: /opt/spec2017/benchspec/CPU/508.namd_r/run/run_base_refrate_gem5_se-m64.0000/
Process stdout file: /home/user/PrIDE/performance/gem5/stats/pride_multiprogram_16GBmem_250Mn.SPEC2017.C4/RFM10.BR2.4C/namd/namd.out_1
Process stderr file: /home/user/PrIDE/performance/gem5/stats/pride_multiprogram_16GBmem_250Mn.SPEC2017.C4/RFM10.BR2.4C/namd/namd.err_1
Benchmark- 2   namd
Selected benchmark
--> namd
CMD: ['/opt/spec2017/benchspec/CPU/508.namd_r/run/run_base_refrate_gem5_se-m64.0000/namd_r_base.gem5_se-m64', '--input', '/opt/spec2017/benchspec/CPU/508.namd_r/run/run_base_refrate_gem5_se-m64.0000/apoa1.input', '--output', '/opt/spec2017/benchspec/CPU/508.namd_r/run/run_base_refrate_gem5_se-m64.0000/apoa1.ref.output', '--iterations', '65']
CWD: /opt/spec2017/benchspec/CPU/508.namd_r/run/run_base_refrate_gem5_se-m64.0000/
Process stdout file: /home/user/PrIDE/performance/gem5/stats/pride_multiprogram_16GBmem_250Mn.SPEC2017.C4/RFM10.BR2.4C/namd/namd.out_2
Process stderr file: /home/user/PrIDE/performance/gem5/stats/pride_multiprogram_16GBmem_250Mn.SPEC2017.C4/RFM10.BR2.4C/namd/namd.err_2
Benchmark- 3   namd
Selected benchmark
--> namd
CMD: ['/opt/spec2017/benchspec/CPU/508.namd_r/run/run_base_refrate_gem5_se-m64.0000/namd_r_base.gem5_se-m64', '--input', '/opt/spec2017/benchspec/CPU/508.namd_r/run/run_base_refrate_gem5_se-m64.0000/apoa1.input', '--output', '/opt/spec2017/benchspec/CPU/508.namd_r/run/run_base_refrate_gem5_se-m64.0000/apoa1.ref.output', '--iterations', '65']
CWD: /opt/spec2017/benchspec/CPU/508.namd_r/run/run_base_refrate_gem5_se-m64.0000/
Process stdout file: /home/user/PrIDE/performance/gem5/stats/pride_multiprogram_16GBmem_250Mn.SPEC2017.C4/RFM10.BR2.4C/namd/namd.out_3
Process stderr file: /home/user/PrIDE/performance/gem5/stats/pride_multiprogram_16GBmem_250Mn.SPEC2017.C4/RFM10.BR2.4C/namd/namd.err_3
Workload-0: 
['/opt/spec2017/benchspec/CPU/508.namd_r/run/run_base_refrate_gem5_se-m64.0000/namd_r_base.gem5_se-m64', '--input', '/opt/spec2017/benchspec/CPU/508.namd_r/run/run_base_refrate_gem5_se-m64.0000/apoa1.input', '--output', '/opt/spec2017/benchspec/CPU/508.namd_r/run/run_base_refrate_gem5_se-m64.0000/apoa1.ref.output', '--iterations', '65']
Workload-1: 
['/opt/spec2017/benchspec/CPU/508.namd_r/run/run_base_refrate_gem5_se-m64.0000/namd_r_base.gem5_se-m64', '--input', '/opt/spec2017/benchspec/CPU/508.namd_r/run/run_base_refrate_gem5_se-m64.0000/apoa1.input', '--output', '/opt/spec2017/benchspec/CPU/508.namd_r/run/run_base_refrate_gem5_se-m64.0000/apoa1.ref.output', '--iterations', '65']
Workload-2: 
['/opt/spec2017/benchspec/CPU/508.namd_r/run/run_base_refrate_gem5_se-m64.0000/namd_r_base.gem5_se-m64', '--input', '/opt/spec2017/benchspec/CPU/508.namd_r/run/run_base_refrate_gem5_se-m64.0000/apoa1.input', '--output', '/opt/spec2017/benchspec/CPU/508.namd_r/run/run_base_refrate_gem5_se-m64.0000/apoa1.ref.output', '--iterations', '65']
Workload-3: 
['/opt/spec2017/benchspec/CPU/508.namd_r/run/run_base_refrate_gem5_se-m64.0000/namd_r_base.gem5_se-m64', '--input', '/opt/spec2017/benchspec/CPU/508.namd_r/run/run_base_refrate_gem5_se-m64.0000/apoa1.input', '--output', '/opt/spec2017/benchspec/CPU/508.namd_r/run/run_base_refrate_gem5_se-m64.0000/apoa1.ref.output', '--iterations', '65']
defense_enable:  True  detector:  MG  mitigation:  RFM  threshold:  800
mg_entries:  1700
rfm_maxacts_per_trefi:  79 rfm_per_trefi:  10 rfm_blast_radius:  2
Switch at curTick count:10000
warn: membus.master is deprecated. `master` is now called `mem_side_ports`
warn: No dot file generated. Please install pydot to generate the dot file and pdf.
info: Entering event queue @ 13945158483732.  Starting simulation...
warn: PowerState: Already in the requested power state, request ignored
Switched CPUS @ tick 13945158493732
switching cpus
**** REAL SIMULATION ****
info: Entering event queue @ 13945158493732.  Starting simulation...
13948491817065: Event_285: system.switch_cpus3 progress event, total committed:33680696, progress insts committed: 33680696, IPC: 003.3647
13948491817065: Event_284: system.switch_cpus2 progress event, total committed:33708490, progress insts committed: 33708490, IPC: 03.36748
13948491817065: Event_283: system.switch_cpus1 progress event, total committed:33650733, progress insts committed: 33650733, IPC: 03.36171
13948491817065: Event_282: system.switch_cpus0 progress event, total committed:33650733, progress insts committed: 33650733, IPC: 03.36171
13951825150398: Event_282: system.switch_cpus0 progress event, total committed:67990462, progress insts committed: 34339729, IPC: 03.43054
13951825150398: Event_283: system.switch_cpus1 progress event, total committed:67990518, progress insts committed: 34339785, IPC: 03.43054
13951825150398: Event_284: system.switch_cpus2 progress event, total committed:68023347, progress insts committed: 34314857, IPC: 03.42805
13951825150398: Event_285: system.switch_cpus3 progress event, total committed:68023297, progress insts committed: 34342601, IPC: 03.43083
13955158483731: Event_285: system.switch_cpus3 progress event, total committed:102444123, progress insts committed: 34420826, IPC: 03.43864
13955158483731: Event_284: system.switch_cpus2 progress event, total committed:102444033, progress insts committed: 34420686, IPC: 03.43863
13955158483731: Event_283: system.switch_cpus1 progress event, total committed:102400250, progress insts committed: 34409732, IPC: 03.43753
13955158483731: Event_282: system.switch_cpus0 progress event, total committed:102400140, progress insts committed: 34409678, IPC: 03.43753
13958491817064: Event_282: system.switch_cpus0 progress event, total committed:137423469, progress insts committed: 35023329, IPC: 03.49883
13958491817064: Event_283: system.switch_cpus1 progress event, total committed:137423455, progress insts committed: 35023205, IPC: 03.49882
13958491817064: Event_284: system.switch_cpus2 progress event, total committed:137573415, progress insts committed: 35129382, IPC: 03.50943
13958491817064: Event_285: system.switch_cpus3 progress event, total committed:137496816, progress insts committed: 35052693, IPC: 03.50176
13961825150397: Event_285: system.switch_cpus3 progress event, total committed:172696016, progress insts committed: 35199200, IPC: 003.5164
13961825150397: Event_284: system.switch_cpus2 progress event, total committed:172835626, progress insts committed: 35262211, IPC: 03.52269
13961825150397: Event_283: system.switch_cpus1 progress event, total committed:172467747, progress insts committed: 35044292, IPC: 03.50092
13961825150397: Event_282: system.switch_cpus0 progress event, total committed:172467690, progress insts committed: 35044221, IPC: 03.50092
13965158483730: Event_282: system.switch_cpus0 progress event, total committed:206776476, progress insts committed: 34308786, IPC: 03.42745
13965158483730: Event_283: system.switch_cpus1 progress event, total committed:206776278, progress insts committed: 34308531, IPC: 03.42742
13965158483730: Event_284: system.switch_cpus2 progress event, total committed:207251471, progress insts committed: 34415845, IPC: 03.43814
13965158483730: Event_285: system.switch_cpus3 progress event, total committed:207166804, progress insts committed: 34470788, IPC: 03.44363
13968491817063: Event_285: system.switch_cpus3 progress event, total committed:242279077, progress insts committed: 35112273, IPC: 03.50772
13968491817063: Event_284: system.switch_cpus2 progress event, total committed:242279175, progress insts committed: 35027704, IPC: 03.49927
13968491817063: Event_283: system.switch_cpus1 progress event, total committed:241665966, progress insts committed: 34889688, IPC: 03.48548
13968491817063: Event_282: system.switch_cpus0 progress event, total committed:241668081, progress insts committed: 34891605, IPC: 03.48567
13971825150396: Event_282: system.switch_cpus0 progress event, total committed:276229132, progress insts committed: 34561051, IPC: 03.45265
13971825150396: Event_283: system.switch_cpus1 progress event, total committed:276229132, progress insts committed: 34563166, IPC: 03.45286
13971825150396: Event_284: system.switch_cpus2 progress event, total committed:276840953, progress insts committed: 34561778, IPC: 03.45272
13971825150396: Event_285: system.switch_cpus3 progress event, total committed:276983729, progress insts committed: 34704652, IPC: 03.46699
Exiting @ tick 13973718636990 because a thread reached the max instruction count
