Command line:
./runscript_pride.sh mix24 AE.BASELINE.4C 4 2017
Global frequency set at 1000000000000 ticks per second
DRAM config: RowsPerBank: 65536, BanksPerRank: 32, RanksPerChannel: 1
warn: Sockets disabled, not accepting gdb connections
warn: CoherentXBar system.cpu0.mmucache.mmubus has no snooping ports attached!
warn: CoherentXBar system.cpu1.mmucache.mmubus has no snooping ports attached!
warn: CoherentXBar system.cpu2.mmucache.mmubus has no snooping ports attached!
warn: CoherentXBar system.cpu3.mmucache.mmubus has no snooping ports attached!
warn: Checkpoints for file descriptors currently do not work.
warn: Checkpoints for file descriptors currently do not work.
warn: Checkpoints for file descriptors currently do not work.
warn: Checkpoints for file descriptors currently do not work.
gem5 Simulator System.  http://gem5.org
gem5 is copyrighted software; use the --copyright option for details.

gem5 version 20.1.0.5
gem5 compiled Jul 12 2024 12:42:38
gem5 started Jul 22 2024 13:29:33
gem5 executing on a07dda8b130c, pid 87731
command line: /home/user/PrIDE/performance/gem5/build/X86/gem5.opt --outdir=/home/user/PrIDE/performance/gem5/stats/pride_multiprogram_16GBmem_250Mn.SPEC2017.C4/AE.BASELINE.4C/mix24 /home/user/PrIDE/performance/gem5/configs/example/se_rq_spec_config_multicore.py --redirects /lib64=/home/utils/gcc-6.2.0/lib64 --benchmark=mix24 --benchmark_stdout=/home/user/PrIDE/performance/gem5/stats/pride_multiprogram_16GBmem_250Mn.SPEC2017.C4/AE.BASELINE.4C/mix24/mix24.out --benchmark_stderr=/home/user/PrIDE/performance/gem5/stats/pride_multiprogram_16GBmem_250Mn.SPEC2017.C4/AE.BASELINE.4C/mix24/mix24.err --spec-version=2017 --num-cpus=4 --mem-size=16GB --mem-type=DDR5_2400_32x4 --mem-ranks=1 --checkpoint-dir=/home/user/PrIDE/performance/gem5/cpts/multiprogram_16GBmem_25Bn.SPEC2017.C4/mix24-1-ref-x86 --checkpoint-restore=25000000000 --at-instruction --cpu-type DerivO3CPU --caches --l2cache --l1d_size=32kB --l1i_size=32kB --l2_size=256kB --l1d_assoc=8 --l1i_assoc=8 --l2_assoc=16 --maxinsts=250000000 --prog-interval=300Hz

info: Standard input is not a terminal, disabling listeners.
Benchmark- 0   povray
Selected benchmark
--> povray
CMD: ['/opt/spec2017/benchspec/CPU/511.povray_r/run/run_base_refrate_gem5_se-m64.0000/povray_r_base.gem5_se-m64', '/opt/spec2017/benchspec/CPU/511.povray_r/run/run_base_refrate_gem5_se-m64.0000/SPEC-benchmark-ref.ini']
CWD: /opt/spec2017/benchspec/CPU/511.povray_r/run/run_base_refrate_gem5_se-m64.0000/
Process stdout file: /home/user/PrIDE/performance/gem5/stats/pride_multiprogram_16GBmem_250Mn.SPEC2017.C4/AE.BASELINE.4C/mix24/mix24.out_0
Process stderr file: /home/user/PrIDE/performance/gem5/stats/pride_multiprogram_16GBmem_250Mn.SPEC2017.C4/AE.BASELINE.4C/mix24/mix24.err_0
Benchmark- 1   x264
Selected benchmark
--> x264
CMD: ['/opt/spec2017/benchspec/CPU/525.x264_r/run/run_base_refrate_gem5_se-m64.0000/x264_r_base.gem5_se-m64', '--pass', '1', '--stats', '/opt/spec2017/benchspec/CPU/525.x264_r/run/run_base_refrate_gem5_se-m64.0000/x264_stats.log', '--bitrate', '1000', '--frames', '1000', '-o', '/opt/spec2017/benchspec/CPU/525.x264_r/run/run_base_refrate_gem5_se-m64.0000/BuckBunny_New.264', '/opt/spec2017/benchspec/CPU/525.x264_r/run/run_base_refrate_gem5_se-m64.0000/BuckBunny.yuv', '1280x720']
CWD: /opt/spec2017/benchspec/CPU/525.x264_r/run/run_base_refrate_gem5_se-m64.0000/
Process stdout file: /home/user/PrIDE/performance/gem5/stats/pride_multiprogram_16GBmem_250Mn.SPEC2017.C4/AE.BASELINE.4C/mix24/mix24.out_1
Process stderr file: /home/user/PrIDE/performance/gem5/stats/pride_multiprogram_16GBmem_250Mn.SPEC2017.C4/AE.BASELINE.4C/mix24/mix24.err_1
Benchmark- 2   nab
Selected benchmark
--> nab
CMD: ['/opt/spec2017/benchspec/CPU/544.nab_r/run/run_base_refrate_gem5_se-m64.0000/nab_r_base.gem5_se-m64', '1am0', '1122214447', '122']
CWD: /opt/spec2017/benchspec/CPU/544.nab_r/run/run_base_refrate_gem5_se-m64.0000/
Process stdout file: /home/user/PrIDE/performance/gem5/stats/pride_multiprogram_16GBmem_250Mn.SPEC2017.C4/AE.BASELINE.4C/mix24/mix24.out_2
Process stderr file: /home/user/PrIDE/performance/gem5/stats/pride_multiprogram_16GBmem_250Mn.SPEC2017.C4/AE.BASELINE.4C/mix24/mix24.err_2
Benchmark- 3   deepsjeng
Selected benchmark
--> deepsjeng
CMD: ['/opt/spec2017/benchspec/CPU/531.deepsjeng_r/run/run_base_refrate_gem5_se-m64.0000/deepsjeng_r_base.gem5_se-m64', '/opt/spec2017/benchspec/CPU/531.deepsjeng_r/run/run_base_refrate_gem5_se-m64.0000/ref.txt']
CWD: /opt/spec2017/benchspec/CPU/531.deepsjeng_r/run/run_base_refrate_gem5_se-m64.0000/
Process stdout file: /home/user/PrIDE/performance/gem5/stats/pride_multiprogram_16GBmem_250Mn.SPEC2017.C4/AE.BASELINE.4C/mix24/mix24.out_3
Process stderr file: /home/user/PrIDE/performance/gem5/stats/pride_multiprogram_16GBmem_250Mn.SPEC2017.C4/AE.BASELINE.4C/mix24/mix24.err_3
Workload-0: 
['/opt/spec2017/benchspec/CPU/511.povray_r/run/run_base_refrate_gem5_se-m64.0000/povray_r_base.gem5_se-m64', '/opt/spec2017/benchspec/CPU/511.povray_r/run/run_base_refrate_gem5_se-m64.0000/SPEC-benchmark-ref.ini']
Workload-1: 
['/opt/spec2017/benchspec/CPU/525.x264_r/run/run_base_refrate_gem5_se-m64.0000/x264_r_base.gem5_se-m64', '--pass', '1', '--stats', '/opt/spec2017/benchspec/CPU/525.x264_r/run/run_base_refrate_gem5_se-m64.0000/x264_stats.log', '--bitrate', '1000', '--frames', '1000', '-o', '/opt/spec2017/benchspec/CPU/525.x264_r/run/run_base_refrate_gem5_se-m64.0000/BuckBunny_New.264', '/opt/spec2017/benchspec/CPU/525.x264_r/run/run_base_refrate_gem5_se-m64.0000/BuckBunny.yuv', '1280x720']
Workload-2: 
['/opt/spec2017/benchspec/CPU/544.nab_r/run/run_base_refrate_gem5_se-m64.0000/nab_r_base.gem5_se-m64', '1am0', '1122214447', '122']
Workload-3: 
['/opt/spec2017/benchspec/CPU/531.deepsjeng_r/run/run_base_refrate_gem5_se-m64.0000/deepsjeng_r_base.gem5_se-m64', '/opt/spec2017/benchspec/CPU/531.deepsjeng_r/run/run_base_refrate_gem5_se-m64.0000/ref.txt']
defense_enable:  False  detector:  MG  mitigation:  RRS  threshold:  800
mg_entries:  1700
rrs_tuples:  3400 rrs_swap_delay:  2740ns rit_acc_delay:  1.25ns
Switch at curTick count:10000
warn: membus.master is deprecated. `master` is now called `mem_side_ports`
warn: No dot file generated. Please install pydot to generate the dot file and pdf.
info: Entering event queue @ 14022978860124.  Starting simulation...
info: Entering event queue @ 14022978870124.  Starting simulation...
warn: PowerState: Already in the requested power state, request ignored
Switched CPUS @ tick 14022978870124
switching cpus
**** REAL SIMULATION ****
info: Entering event queue @ 14022978870780.  Starting simulation...
14026312193457: Event_285: system.switch_cpus3 progress event, total committed:21462304, progress insts committed: 21462304, IPC: 02.14408
14026312193457: Event_284: system.switch_cpus2 progress event, total committed:43235474, progress insts committed: 43235474, IPC: 04.31922
14026312193457: Event_283: system.switch_cpus1 progress event, total committed:24932538, progress insts committed: 24932538, IPC: 02.49076
14026312193457: Event_282: system.switch_cpus0 progress event, total committed:44492033, progress insts committed: 44492033, IPC: 04.44475
14029645526790: Event_282: system.switch_cpus0 progress event, total committed:89417904, progress insts committed: 44925871, IPC: 04.48809
14029645526790: Event_283: system.switch_cpus1 progress event, total committed:50008448, progress insts committed: 25075910, IPC: 02.50508
14029645526790: Event_284: system.switch_cpus2 progress event, total committed:88217994, progress insts committed: 44982520, IPC: 04.49375
14029645526790: Event_285: system.switch_cpus3 progress event, total committed:43531385, progress insts committed: 22069081, IPC: 002.2047
14032978860123: Event_285: system.switch_cpus3 progress event, total committed:66250473, progress insts committed: 22719088, IPC: 02.26964
14032978860123: Event_284: system.switch_cpus2 progress event, total committed:133214839, progress insts committed: 44996845, IPC: 04.49518
14032978860123: Event_283: system.switch_cpus1 progress event, total committed:76375230, progress insts committed: 26366782, IPC: 02.63404
14032978860123: Event_282: system.switch_cpus0 progress event, total committed:134691009, progress insts committed: 45273105, IPC: 04.52278
14036312193456: Event_282: system.switch_cpus0 progress event, total committed:179947364, progress insts committed: 45256355, IPC: 04.52111
14036312193456: Event_283: system.switch_cpus1 progress event, total committed:101594265, progress insts committed: 25219035, IPC: 02.51938
14036312193456: Event_284: system.switch_cpus2 progress event, total committed:178340477, progress insts committed: 45125638, IPC: 04.50805
14036312193456: Event_285: system.switch_cpus3 progress event, total committed:88566365, progress insts committed: 22315892, IPC: 02.22936
14039645526789: Event_285: system.switch_cpus3 progress event, total committed:110956028, progress insts committed: 22389663, IPC: 02.23673
14039645526789: Event_284: system.switch_cpus2 progress event, total committed:223306075, progress insts committed: 44965598, IPC: 04.49206
14039645526789: Event_283: system.switch_cpus1 progress event, total committed:124838865, progress insts committed: 23244600, IPC: 02.32214
14039645526789: Event_282: system.switch_cpus0 progress event, total committed:225215941, progress insts committed: 45268577, IPC: 04.52233
14042978860122: Event_282: system.switch_cpus0 progress event, total committed:270678182, progress insts committed: 45462241, IPC: 04.54168
14042978860122: Event_283: system.switch_cpus1 progress event, total committed:150643441, progress insts committed: 25804576, IPC: 02.57788
14042978860122: Event_284: system.switch_cpus2 progress event, total committed:268876045, progress insts committed: 45569970, IPC: 04.55244
14042978860122: Event_285: system.switch_cpus3 progress event, total committed:133937718, progress insts committed: 22981690, IPC: 02.29587
14046312193455: Event_285: system.switch_cpus3 progress event, total committed:156345376, progress insts committed: 22407658, IPC: 02.23853
14046312193455: Event_284: system.switch_cpus2 progress event, total committed:314409480, progress insts committed: 45533435, IPC: 04.54879
14046312193455: Event_283: system.switch_cpus1 progress event, total committed:176321219, progress insts committed: 25677778, IPC: 02.56521
14046312193455: Event_282: system.switch_cpus0 progress event, total committed:316230459, progress insts committed: 45552277, IPC: 04.55067
14049645526788: Event_282: system.switch_cpus0 progress event, total committed:361784195, progress insts committed: 45553736, IPC: 04.55082
14049645526788: Event_283: system.switch_cpus1 progress event, total committed:201648906, progress insts committed: 25327687, IPC: 02.53024
14049645526788: Event_284: system.switch_cpus2 progress event, total committed:360035931, progress insts committed: 45626451, IPC: 04.55808
14049645526788: Event_285: system.switch_cpus3 progress event, total committed:179320098, progress insts committed: 22974722, IPC: 02.29517
Exiting @ tick 14052309696927 because a thread reached the max instruction count
