Command line:
./runscript_pride.sh mix15 RFM10.BR2.4C 4 2017 --rh_defense --rh_mitigation=RFM --rh_rfm_per_trefi=10 --rh_rfm_blast_radius=2 --rh_rfm_maxacts_per_trefi=79
Global frequency set at 1000000000000 ticks per second
RFM details - rfm_act_threshold: 7, blast_radius: 2, delay_per_rfm: 175000 ps. sample_rate: 0.125000
RH Defense config: RFM, Bus Delay: 0, rfms_per_trefi: 10, rfm_act_threshold: 7, blast_radius: 2,rfm_delay_per_act: 45000 ps.
DRAM config: RowsPerBank: 65536, BanksPerRank: 32, RanksPerChannel: 1
warn: Sockets disabled, not accepting gdb connections
warn: CoherentXBar system.cpu0.mmucache.mmubus has no snooping ports attached!
warn: CoherentXBar system.cpu1.mmucache.mmubus has no snooping ports attached!
warn: CoherentXBar system.cpu2.mmucache.mmubus has no snooping ports attached!
warn: CoherentXBar system.cpu3.mmucache.mmubus has no snooping ports attached!
warn: Checkpoints for file descriptors currently do not work.
warn: Checkpoints for file descriptors currently do not work.
warn: Checkpoints for file descriptors currently do not work.
warn: Checkpoints for file descriptors currently do not work.
gem5 Simulator System.  http://gem5.org
gem5 is copyrighted software; use the --copyright option for details.

gem5 version 20.1.0.5
gem5 compiled Jul 12 2024 12:42:38
gem5 started Aug  1 2024 19:42:15
gem5 executing on a07dda8b130c, pid 252179
command line: /home/user/PrIDE/performance/gem5/build/X86/gem5.opt --outdir=/home/user/PrIDE/performance/gem5/stats/pride_multiprogram_16GBmem_250Mn.SPEC2017.C4/RFM10.BR2.4C/mix15 /home/user/PrIDE/performance/gem5/configs/example/se_rq_spec_config_multicore.py --redirects /lib64=/home/utils/gcc-6.2.0/lib64 --benchmark=mix15 --benchmark_stdout=/home/user/PrIDE/performance/gem5/stats/pride_multiprogram_16GBmem_250Mn.SPEC2017.C4/RFM10.BR2.4C/mix15/mix15.out --benchmark_stderr=/home/user/PrIDE/performance/gem5/stats/pride_multiprogram_16GBmem_250Mn.SPEC2017.C4/RFM10.BR2.4C/mix15/mix15.err --spec-version=2017 --rh_defense --rh_mitigation=RFM --rh_rfm_per_trefi=10 --rh_rfm_blast_radius=2 --rh_rfm_maxacts_per_trefi=79 --num-cpus=4 --mem-size=16GB --mem-type=DDR5_2400_32x4 --mem-ranks=1 --mem-channels=1 --checkpoint-dir=/home/user/PrIDE/performance/gem5/cpts-DDR5/multiprogram_16GBmem_25Bn.SPEC2017.C4/mix15-1-ref-x86 --checkpoint-restore=25000000000 --at-instruction --cpu-type DerivO3CPU --caches --l2cache --l1d_size=32kB --l1i_size=32kB --l2_size=256kB --l3_size=4MB --l1d_assoc=8 --l1i_assoc=8 --l2_assoc=16 --l3_assoc=16 --cpu-clock=3GHz --sys-clock=3GHz --maxinsts=250000000 --prog-interval=300Hz

info: Standard input is not a terminal, disabling listeners.
Benchmark- 0   cactuBSSN
Selected benchmark
--> cactuBSSN
CMD: ['/opt/spec2017/benchspec/CPU/507.cactuBSSN_r/run/run_base_refrate_gem5_se-m64.0000/cactusBSSN_r_base.gem5_se-m64', '/opt/spec2017/benchspec/CPU/507.cactuBSSN_r/run/run_base_refrate_gem5_se-m64.0000/spec_ref.par']
CWD: /opt/spec2017/benchspec/CPU/507.cactuBSSN_r/run/run_base_refrate_gem5_se-m64.0000/
Process stdout file: /home/user/PrIDE/performance/gem5/stats/pride_multiprogram_16GBmem_250Mn.SPEC2017.C4/RFM10.BR2.4C/mix15/mix15.out_0
Process stderr file: /home/user/PrIDE/performance/gem5/stats/pride_multiprogram_16GBmem_250Mn.SPEC2017.C4/RFM10.BR2.4C/mix15/mix15.err_0
Benchmark- 1   xz
Selected benchmark
--> xz
CMD: ['/opt/spec2017/benchspec/CPU/557.xz_r/run/run_base_refrate_gem5_se-m64.0000/xz_r_base.gem5_se-m64', '/opt/spec2017/benchspec/CPU/557.xz_r/run/run_base_refrate_gem5_se-m64.0000/cld.tar.xz', '160', '19cf30ae51eddcbefda78dd06014b4b96281456e078ca7c13e1c0c9e6aaea8dff3efb4ad6b0456697718cede6bd5454852652806a657bb56e07d61128434b474', '59796407', '61004416', '6']
CWD: /opt/spec2017/benchspec/CPU/557.xz_r/run/run_base_refrate_gem5_se-m64.0000/
Process stdout file: /home/user/PrIDE/performance/gem5/stats/pride_multiprogram_16GBmem_250Mn.SPEC2017.C4/RFM10.BR2.4C/mix15/mix15.out_1
Process stderr file: /home/user/PrIDE/performance/gem5/stats/pride_multiprogram_16GBmem_250Mn.SPEC2017.C4/RFM10.BR2.4C/mix15/mix15.err_1
Benchmark- 2   roms
Selected benchmark
--> roms
CMD: ['/opt/spec2017/benchspec/CPU/554.roms_r/run/run_base_refrate_gem5_se-m64.0000/roms_r_base.gem5_se-m64']
CWD: /opt/spec2017/benchspec/CPU/554.roms_r/run/run_base_refrate_gem5_se-m64.0000/
Process stdout file: /home/user/PrIDE/performance/gem5/stats/pride_multiprogram_16GBmem_250Mn.SPEC2017.C4/RFM10.BR2.4C/mix15/mix15.out_2
Process stderr file: /home/user/PrIDE/performance/gem5/stats/pride_multiprogram_16GBmem_250Mn.SPEC2017.C4/RFM10.BR2.4C/mix15/mix15.err_2
Benchmark- 3   namd
Selected benchmark
--> namd
CMD: ['/opt/spec2017/benchspec/CPU/508.namd_r/run/run_base_refrate_gem5_se-m64.0000/namd_r_base.gem5_se-m64', '--input', '/opt/spec2017/benchspec/CPU/508.namd_r/run/run_base_refrate_gem5_se-m64.0000/apoa1.input', '--output', '/opt/spec2017/benchspec/CPU/508.namd_r/run/run_base_refrate_gem5_se-m64.0000/apoa1.ref.output', '--iterations', '65']
CWD: /opt/spec2017/benchspec/CPU/508.namd_r/run/run_base_refrate_gem5_se-m64.0000/
Process stdout file: /home/user/PrIDE/performance/gem5/stats/pride_multiprogram_16GBmem_250Mn.SPEC2017.C4/RFM10.BR2.4C/mix15/mix15.out_3
Process stderr file: /home/user/PrIDE/performance/gem5/stats/pride_multiprogram_16GBmem_250Mn.SPEC2017.C4/RFM10.BR2.4C/mix15/mix15.err_3
Workload-0: 
['/opt/spec2017/benchspec/CPU/507.cactuBSSN_r/run/run_base_refrate_gem5_se-m64.0000/cactusBSSN_r_base.gem5_se-m64', '/opt/spec2017/benchspec/CPU/507.cactuBSSN_r/run/run_base_refrate_gem5_se-m64.0000/spec_ref.par']
Workload-1: 
['/opt/spec2017/benchspec/CPU/557.xz_r/run/run_base_refrate_gem5_se-m64.0000/xz_r_base.gem5_se-m64', '/opt/spec2017/benchspec/CPU/557.xz_r/run/run_base_refrate_gem5_se-m64.0000/cld.tar.xz', '160', '19cf30ae51eddcbefda78dd06014b4b96281456e078ca7c13e1c0c9e6aaea8dff3efb4ad6b0456697718cede6bd5454852652806a657bb56e07d61128434b474', '59796407', '61004416', '6']
Workload-2: 
['/opt/spec2017/benchspec/CPU/554.roms_r/run/run_base_refrate_gem5_se-m64.0000/roms_r_base.gem5_se-m64']
Workload-3: 
['/opt/spec2017/benchspec/CPU/508.namd_r/run/run_base_refrate_gem5_se-m64.0000/namd_r_base.gem5_se-m64', '--input', '/opt/spec2017/benchspec/CPU/508.namd_r/run/run_base_refrate_gem5_se-m64.0000/apoa1.input', '--output', '/opt/spec2017/benchspec/CPU/508.namd_r/run/run_base_refrate_gem5_se-m64.0000/apoa1.ref.output', '--iterations', '65']
defense_enable:  True  detector:  MG  mitigation:  RFM  threshold:  800
mg_entries:  1700
rfm_maxacts_per_trefi:  79 rfm_per_trefi:  10 rfm_blast_radius:  2
Switch at curTick count:10000
warn: membus.master is deprecated. `master` is now called `mem_side_ports`
warn: No dot file generated. Please install pydot to generate the dot file and pdf.
info: Entering event queue @ 13945158483732.  Starting simulation...
info: Entering event queue @ 13945158493732.  Starting simulation...
warn: PowerState: Already in the requested power state, request ignored
Switched CPUS @ tick 13945158493732
switching cpus
**** REAL SIMULATION ****
info: Entering event queue @ 13945158494055.  Starting simulation...
warn: MOVNTDQ: Ignoring non-temporal hint, modeling as cacheable!
13948491817065: Event_285: system.switch_cpus3 progress event, total committed:33006093, progress insts committed: 33006093, IPC: 03.29731
13948491817065: Event_284: system.switch_cpus2 progress event, total committed:14537411, progress insts committed: 14537411, IPC: 01.45229
13948491817065: Event_283: system.switch_cpus1 progress event, total committed:16020473, progress insts committed: 16020473, IPC: 01.60045
13948491817065: Event_282: system.switch_cpus0 progress event, total committed:7166175, progress insts committed: 7166175, IPC: 0.715901
13951825150398: Event_282: system.switch_cpus0 progress event, total committed:14358920, progress insts committed: 7192745, IPC: 0.718555
13951825150398: Event_283: system.switch_cpus1 progress event, total committed:32257335, progress insts committed: 16236862, IPC: 01.62206
13951825150398: Event_284: system.switch_cpus2 progress event, total committed:30589096, progress insts committed: 16051685, IPC: 01.60356
13951825150398: Event_285: system.switch_cpus3 progress event, total committed:65660782, progress insts committed: 32654689, IPC: 003.2622
13955158483731: Event_285: system.switch_cpus3 progress event, total committed:97365607, progress insts committed: 31704825, IPC: 03.16731
13955158483731: Event_284: system.switch_cpus2 progress event, total committed:41327175, progress insts committed: 10738079, IPC: 01.07273
13955158483731: Event_283: system.switch_cpus1 progress event, total committed:48101799, progress insts committed: 15844464, IPC: 01.58286
13955158483731: Event_282: system.switch_cpus0 progress event, total committed:21490437, progress insts committed: 7131517, IPC: 0.712439
13958491817064: Event_282: system.switch_cpus0 progress event, total committed:28519065, progress insts committed: 7028628, IPC: 00.70216
13958491817064: Event_283: system.switch_cpus1 progress event, total committed:63885609, progress insts committed: 15783810, IPC: 001.5768
13958491817064: Event_284: system.switch_cpus2 progress event, total committed:48871694, progress insts committed: 7544519, IPC: 0.753697
13958491817064: Event_285: system.switch_cpus3 progress event, total committed:128429079, progress insts committed: 31063472, IPC: 03.10324
13961825150397: Event_285: system.switch_cpus3 progress event, total committed:161295711, progress insts committed: 32866632, IPC: 03.28338
13961825150397: Event_284: system.switch_cpus2 progress event, total committed:57193771, progress insts committed: 8322077, IPC: 0.831375
13961825150397: Event_283: system.switch_cpus1 progress event, total committed:79927202, progress insts committed: 16041593, IPC: 01.60256
13961825150397: Event_282: system.switch_cpus0 progress event, total committed:35772668, progress insts committed: 7253603, IPC: 0.724635
13965158483730: Event_282: system.switch_cpus0 progress event, total committed:43005795, progress insts committed: 7233127, IPC: 0.722589
13965158483730: Event_283: system.switch_cpus1 progress event, total committed:96075341, progress insts committed: 16148139, IPC: 001.6132
13965158483730: Event_284: system.switch_cpus2 progress event, total committed:65085576, progress insts committed: 7891805, IPC: 0.788391
13965158483730: Event_285: system.switch_cpus3 progress event, total committed:193442930, progress insts committed: 32147219, IPC: 03.21151
13968491817063: Event_285: system.switch_cpus3 progress event, total committed:224814246, progress insts committed: 31371316, IPC: 03.13399
13968491817063: Event_284: system.switch_cpus2 progress event, total committed:69928596, progress insts committed: 4843020, IPC: 0.483818
13968491817063: Event_283: system.switch_cpus1 progress event, total committed:111917081, progress insts committed: 15841740, IPC: 01.58259
13968491817063: Event_282: system.switch_cpus0 progress event, total committed:50107395, progress insts committed: 7101600, IPC: 00.70945
13971825150396: Event_282: system.switch_cpus0 progress event, total committed:57002658, progress insts committed: 6895263, IPC: 0.688837
13971825150396: Event_283: system.switch_cpus1 progress event, total committed:127351232, progress insts committed: 15434151, IPC: 01.54187
13971825150396: Event_284: system.switch_cpus2 progress event, total committed:74378363, progress insts committed: 4449767, IPC: 0.444532
13971825150396: Event_285: system.switch_cpus3 progress event, total committed:255045789, progress insts committed: 30231543, IPC: 03.02013
13975158483729: Event_285: system.switch_cpus3 progress event, total committed:285725382, progress insts committed: 30679593, IPC: 03.06489
13975158483729: Event_284: system.switch_cpus2 progress event, total committed:78884938, progress insts committed: 4506575, IPC: 0.450207
13975158483729: Event_283: system.switch_cpus1 progress event, total committed:143000849, progress insts committed: 15649617, IPC: 001.5634
13975158483729: Event_282: system.switch_cpus0 progress event, total committed:63993034, progress insts committed: 6990376, IPC: 0.698339
Exiting @ tick 13976362925055 because a thread reached the max instruction count
