Command line:
./runscript_pride.sh mix14 RFM1.BR1.4C 4 2017 --rh_defense --rh_mitigation=RFM --rh_rfm_per_trefi=1 --rh_rfm_blast_radius=1 --rh_rfm_maxacts_per_trefi=79
Global frequency set at 1000000000000 ticks per second
RFM details - rfm_act_threshold: 79, blast_radius: 1, delay_per_rfm: 175000 ps. sample_rate: 0.012500
RH Defense config: RFM, Bus Delay: 0, rfms_per_trefi: 1, rfm_act_threshold: 79, blast_radius: 1,rfm_delay_per_act: 45000 ps.
DRAM config: RowsPerBank: 65536, BanksPerRank: 32, RanksPerChannel: 1
warn: Sockets disabled, not accepting gdb connections
warn: CoherentXBar system.cpu0.mmucache.mmubus has no snooping ports attached!
warn: CoherentXBar system.cpu1.mmucache.mmubus has no snooping ports attached!
warn: CoherentXBar system.cpu2.mmucache.mmubus has no snooping ports attached!
warn: CoherentXBar system.cpu3.mmucache.mmubus has no snooping ports attached!
warn: Checkpoints for file descriptors currently do not work.
warn: Checkpoints for file descriptors currently do not work.
warn: Checkpoints for file descriptors currently do not work.
warn: Checkpoints for file descriptors currently do not work.
gem5 Simulator System.  http://gem5.org
gem5 is copyrighted software; use the --copyright option for details.

gem5 version 20.1.0.5
gem5 compiled Jul 12 2024 12:42:38
gem5 started Jul 31 2024 15:37:59
gem5 executing on a07dda8b130c, pid 238944
command line: /home/user/PrIDE/performance/gem5/build/X86/gem5.opt --outdir=/home/user/PrIDE/performance/gem5/stats/pride_multiprogram_16GBmem_250Mn.SPEC2017.C4/RFM1.BR1.4C/mix14 /home/user/PrIDE/performance/gem5/configs/example/se_rq_spec_config_multicore.py --redirects /lib64=/home/utils/gcc-6.2.0/lib64 --benchmark=mix14 --benchmark_stdout=/home/user/PrIDE/performance/gem5/stats/pride_multiprogram_16GBmem_250Mn.SPEC2017.C4/RFM1.BR1.4C/mix14/mix14.out --benchmark_stderr=/home/user/PrIDE/performance/gem5/stats/pride_multiprogram_16GBmem_250Mn.SPEC2017.C4/RFM1.BR1.4C/mix14/mix14.err --spec-version=2017 --rh_defense --rh_mitigation=RFM --rh_rfm_per_trefi=1 --rh_rfm_blast_radius=1 --rh_rfm_maxacts_per_trefi=79 --num-cpus=4 --mem-size=16GB --mem-type=DDR5_2400_32x4 --mem-ranks=1 --mem-channels=1 --checkpoint-dir=/home/user/PrIDE/performance/gem5/cpts-DDR5/multiprogram_16GBmem_25Bn.SPEC2017.C4/mix14-1-ref-x86 --checkpoint-restore=25000000000 --at-instruction --cpu-type DerivO3CPU --caches --l2cache --l1d_size=32kB --l1i_size=32kB --l2_size=256kB --l3_size=4MB --l1d_assoc=8 --l1i_assoc=8 --l2_assoc=16 --l3_assoc=16 --cpu-clock=3GHz --sys-clock=3GHz --maxinsts=250000000 --prog-interval=300Hz

info: Standard input is not a terminal, disabling listeners.
Benchmark- 0   gcc
Selected benchmark
--> gcc
CMD: ['/opt/spec2017/benchspec/CPU/502.gcc_r/run/run_base_refrate_gem5_se-m64.0000/cpugcc_r_base.gem5_se-m64', '/opt/spec2017/benchspec/CPU/502.gcc_r/run/run_base_refrate_gem5_se-m64.0000/gcc-pp.c', '-O3', '-finline-limit=0', '-fif-conversion', '-fif-conversion2', '-o', '/opt/spec2017/benchspec/CPU/502.gcc_r/run/run_base_refrate_gem5_se-m64.0000/gcc-pp.opts-O3_-finline-limit_0_-fif-conversion_-fif-conversion2.s']
CWD: /opt/spec2017/benchspec/CPU/502.gcc_r/run/run_base_refrate_gem5_se-m64.0000/
Process stdout file: /home/user/PrIDE/performance/gem5/stats/pride_multiprogram_16GBmem_250Mn.SPEC2017.C4/RFM1.BR1.4C/mix14/mix14.out_0
Process stderr file: /home/user/PrIDE/performance/gem5/stats/pride_multiprogram_16GBmem_250Mn.SPEC2017.C4/RFM1.BR1.4C/mix14/mix14.err_0
Benchmark- 1   imagick
Selected benchmark
--> imagick
CMD: ['/opt/spec2017/benchspec/CPU/538.imagick_r/run/run_base_refrate_gem5_se-m64.0000/imagick_r_base.gem5_se-m64', '-limit', 'disk', '0', '/opt/spec2017/benchspec/CPU/538.imagick_r/run/run_base_refrate_gem5_se-m64.0000/refrate_input.tga', '-edge', '41', '-resample', '181%', '-emboss', '31', '-colorspace', 'YUV', '-mean-shift', '19x19+15%', '-resize', '30%', '/opt/spec2017/benchspec/CPU/538.imagick_r/run/run_base_refrate_gem5_se-m64.0000/refrate_output.tga']
CWD: /opt/spec2017/benchspec/CPU/538.imagick_r/run/run_base_refrate_gem5_se-m64.0000/
Process stdout file: /home/user/PrIDE/performance/gem5/stats/pride_multiprogram_16GBmem_250Mn.SPEC2017.C4/RFM1.BR1.4C/mix14/mix14.out_1
Process stderr file: /home/user/PrIDE/performance/gem5/stats/pride_multiprogram_16GBmem_250Mn.SPEC2017.C4/RFM1.BR1.4C/mix14/mix14.err_1
Benchmark- 2   lbm
Selected benchmark
--> lbm
CMD: ['/opt/spec2017/benchspec/CPU/519.lbm_r/run/run_base_refrate_gem5_se-m64.0000/lbm_r_base.gem5_se-m64', '3000', 'reference.dat', '0', '0', '/opt/spec2017/benchspec/CPU/519.lbm_r/run/run_base_refrate_gem5_se-m64.0000/100_100_130_ldc.of']
CWD: /opt/spec2017/benchspec/CPU/519.lbm_r/run/run_base_refrate_gem5_se-m64.0000/
Process stdout file: /home/user/PrIDE/performance/gem5/stats/pride_multiprogram_16GBmem_250Mn.SPEC2017.C4/RFM1.BR1.4C/mix14/mix14.out_2
Process stderr file: /home/user/PrIDE/performance/gem5/stats/pride_multiprogram_16GBmem_250Mn.SPEC2017.C4/RFM1.BR1.4C/mix14/mix14.err_2
Benchmark- 3   wrf
Selected benchmark
--> wrf
CMD: ['/opt/spec2017/benchspec/CPU/521.wrf_r/run/run_base_refrate_gem5_se-m64.0000/wrf_r_base.gem5_se-m64']
CWD: /opt/spec2017/benchspec/CPU/521.wrf_r/run/run_base_refrate_gem5_se-m64.0000/
Process stdout file: /home/user/PrIDE/performance/gem5/stats/pride_multiprogram_16GBmem_250Mn.SPEC2017.C4/RFM1.BR1.4C/mix14/mix14.out_3
Process stderr file: /home/user/PrIDE/performance/gem5/stats/pride_multiprogram_16GBmem_250Mn.SPEC2017.C4/RFM1.BR1.4C/mix14/mix14.err_3
Workload-0: 
['/opt/spec2017/benchspec/CPU/502.gcc_r/run/run_base_refrate_gem5_se-m64.0000/cpugcc_r_base.gem5_se-m64', '/opt/spec2017/benchspec/CPU/502.gcc_r/run/run_base_refrate_gem5_se-m64.0000/gcc-pp.c', '-O3', '-finline-limit=0', '-fif-conversion', '-fif-conversion2', '-o', '/opt/spec2017/benchspec/CPU/502.gcc_r/run/run_base_refrate_gem5_se-m64.0000/gcc-pp.opts-O3_-finline-limit_0_-fif-conversion_-fif-conversion2.s']
Workload-1: 
['/opt/spec2017/benchspec/CPU/538.imagick_r/run/run_base_refrate_gem5_se-m64.0000/imagick_r_base.gem5_se-m64', '-limit', 'disk', '0', '/opt/spec2017/benchspec/CPU/538.imagick_r/run/run_base_refrate_gem5_se-m64.0000/refrate_input.tga', '-edge', '41', '-resample', '181%', '-emboss', '31', '-colorspace', 'YUV', '-mean-shift', '19x19+15%', '-resize', '30%', '/opt/spec2017/benchspec/CPU/538.imagick_r/run/run_base_refrate_gem5_se-m64.0000/refrate_output.tga']
Workload-2: 
['/opt/spec2017/benchspec/CPU/519.lbm_r/run/run_base_refrate_gem5_se-m64.0000/lbm_r_base.gem5_se-m64', '3000', 'reference.dat', '0', '0', '/opt/spec2017/benchspec/CPU/519.lbm_r/run/run_base_refrate_gem5_se-m64.0000/100_100_130_ldc.of']
Workload-3: 
['/opt/spec2017/benchspec/CPU/521.wrf_r/run/run_base_refrate_gem5_se-m64.0000/wrf_r_base.gem5_se-m64']
defense_enable:  True  detector:  MG  mitigation:  RFM  threshold:  800
mg_entries:  1700
rfm_maxacts_per_trefi:  79 rfm_per_trefi:  1 rfm_blast_radius:  1
Switch at curTick count:10000
warn: membus.master is deprecated. `master` is now called `mem_side_ports`
warn: No dot file generated. Please install pydot to generate the dot file and pdf.
info: Entering event queue @ 13719052595286.  Starting simulation...
info: Entering event queue @ 13719052605286.  Starting simulation...
warn: PowerState: Already in the requested power state, request ignored
Switched CPUS @ tick 13719052605286
switching cpus
**** REAL SIMULATION ****
info: Entering event queue @ 13719052605609.  Starting simulation...
warn: MOVNTDQ: Ignoring non-temporal hint, modeling as cacheable!
13722385928619: Event_285: system.switch_cpus3 progress event, total committed:6931982, progress insts committed: 6931982, IPC: 0.692505
13722385928619: Event_284: system.switch_cpus2 progress event, total committed:8100918, progress insts committed: 8100918, IPC: 0.809282
13722385928619: Event_283: system.switch_cpus1 progress event, total committed:49881020, progress insts committed: 49881020, IPC: 04.98311
13722385928619: Event_282: system.switch_cpus0 progress event, total committed:4124735, progress insts committed: 4124735, IPC: 0.412061
13725719261952: Event_282: system.switch_cpus0 progress event, total committed:10711561, progress insts committed: 6586826, IPC: 0.658024
13725719261952: Event_283: system.switch_cpus1 progress event, total committed:102059816, progress insts committed: 52178796, IPC: 05.21266
13725719261952: Event_284: system.switch_cpus2 progress event, total committed:15267086, progress insts committed: 7166168, IPC: 000.7159
13725719261952: Event_285: system.switch_cpus3 progress event, total committed:12597400, progress insts committed: 5665418, IPC: 0.565975
13729052595285: Event_285: system.switch_cpus3 progress event, total committed:17985072, progress insts committed: 5387672, IPC: 0.538228
13729052595285: Event_284: system.switch_cpus2 progress event, total committed:22054383, progress insts committed: 6787297, IPC: 0.678051
13729052595285: Event_283: system.switch_cpus1 progress event, total committed:154037007, progress insts committed: 51977191, IPC: 05.19252
13729052595285: Event_282: system.switch_cpus0 progress event, total committed:17497887, progress insts committed: 6786326, IPC: 0.677954
13732385928618: Event_282: system.switch_cpus0 progress event, total committed:23094796, progress insts committed: 5596909, IPC: 0.559131
13732385928618: Event_283: system.switch_cpus1 progress event, total committed:163171690, progress insts committed: 9134683, IPC: 0.912555
13732385928618: Event_284: system.switch_cpus2 progress event, total committed:28455982, progress insts committed: 6401599, IPC: 00.63952
13732385928618: Event_285: system.switch_cpus3 progress event, total committed:23639892, progress insts committed: 5654820, IPC: 0.564917
13735719261951: Event_285: system.switch_cpus3 progress event, total committed:28496743, progress insts committed: 4856851, IPC: 0.485199
13735719261951: Event_284: system.switch_cpus2 progress event, total committed:34920026, progress insts committed: 6464044, IPC: 0.645758
13735719261951: Event_283: system.switch_cpus1 progress event, total committed:175159187, progress insts committed: 11987497, IPC: 01.19755
13735719261951: Event_282: system.switch_cpus0 progress event, total committed:29872347, progress insts committed: 6777551, IPC: 0.677077
13739052595284: Event_282: system.switch_cpus0 progress event, total committed:33796797, progress insts committed: 3924450, IPC: 0.392053
13739052595284: Event_283: system.switch_cpus1 progress event, total committed:227485183, progress insts committed: 52325996, IPC: 05.22737
13739052595284: Event_284: system.switch_cpus2 progress event, total committed:42115212, progress insts committed: 7195186, IPC: 0.718799
13739052595284: Event_285: system.switch_cpus3 progress event, total committed:34387283, progress insts committed: 5890540, IPC: 0.588465
13742385928617: Event_285: system.switch_cpus3 progress event, total committed:40437306, progress insts committed: 6050023, IPC: 0.604397
13742385928617: Event_284: system.switch_cpus2 progress event, total committed:48513340, progress insts committed: 6398128, IPC: 0.639173
13742385928617: Event_283: system.switch_cpus1 progress event, total committed:279489477, progress insts committed: 52004294, IPC: 05.19523
13742385928617: Event_282: system.switch_cpus0 progress event, total committed:40325155, progress insts committed: 6528358, IPC: 0.652183
13745719261950: Event_282: system.switch_cpus0 progress event, total committed:47697023, progress insts committed: 7371868, IPC: 00.73645
13745719261950: Event_283: system.switch_cpus1 progress event, total committed:331434680, progress insts committed: 51945203, IPC: 05.18933
13745719261950: Event_284: system.switch_cpus2 progress event, total committed:55372745, progress insts committed: 6859405, IPC: 0.685255
13745719261950: Event_285: system.switch_cpus3 progress event, total committed:41893574, progress insts committed: 1456268, IPC: 0.145481
13749052595283: Event_285: system.switch_cpus3 progress event, total committed:45366978, progress insts committed: 3473404, IPC: 0.346993
13749052595283: Event_284: system.switch_cpus2 progress event, total committed:62339534, progress insts committed: 6966789, IPC: 0.695982
13749052595283: Event_283: system.switch_cpus1 progress event, total committed:383537257, progress insts committed: 52102577, IPC: 05.20505
13749052595283: Event_282: system.switch_cpus0 progress event, total committed:55667263, progress insts committed: 7970240, IPC: 0.796227
Exiting @ tick 13751584021962 because a thread reached the max instruction count
