Command line:
./runscript_pride.sh mix19 RFM1.BR2.4C 4 2017 --rh_defense --rh_mitigation=RFM --rh_rfm_per_trefi=1 --rh_rfm_blast_radius=2 --rh_rfm_maxacts_per_trefi=79
Global frequency set at 1000000000000 ticks per second
RFM details - rfm_act_threshold: 79, blast_radius: 2, delay_per_rfm: 175000 ps. sample_rate: 0.012500
RH Defense config: RFM, Bus Delay: 0, rfms_per_trefi: 1, rfm_act_threshold: 79, blast_radius: 2,rfm_delay_per_act: 45000 ps.
DRAM config: RowsPerBank: 65536, BanksPerRank: 32, RanksPerChannel: 1
warn: Sockets disabled, not accepting gdb connections
warn: CoherentXBar system.cpu0.mmucache.mmubus has no snooping ports attached!
warn: CoherentXBar system.cpu1.mmucache.mmubus has no snooping ports attached!
warn: CoherentXBar system.cpu2.mmucache.mmubus has no snooping ports attached!
warn: CoherentXBar system.cpu3.mmucache.mmubus has no snooping ports attached!
warn: Checkpoints for file descriptors currently do not work.
warn: Checkpoints for file descriptors currently do not work.
warn: Checkpoints for file descriptors currently do not work.
warn: Checkpoints for file descriptors currently do not work.
gem5 Simulator System.  http://gem5.org
gem5 is copyrighted software; use the --copyright option for details.

gem5 version 20.1.0.5
gem5 compiled Jul 12 2024 12:42:38
gem5 started Jul 22 2024 14:34:34
gem5 executing on a07dda8b130c, pid 88167
command line: /home/user/PrIDE/performance/gem5/build/X86/gem5.opt --outdir=/home/user/PrIDE/performance/gem5/stats/pride_multiprogram_16GBmem_250Mn.SPEC2017.C4/RFM1.BR2.4C/mix19 /home/user/PrIDE/performance/gem5/configs/example/se_rq_spec_config_multicore.py --redirects /lib64=/home/utils/gcc-6.2.0/lib64 --benchmark=mix19 --benchmark_stdout=/home/user/PrIDE/performance/gem5/stats/pride_multiprogram_16GBmem_250Mn.SPEC2017.C4/RFM1.BR2.4C/mix19/mix19.out --benchmark_stderr=/home/user/PrIDE/performance/gem5/stats/pride_multiprogram_16GBmem_250Mn.SPEC2017.C4/RFM1.BR2.4C/mix19/mix19.err --spec-version=2017 --rh_defense --rh_mitigation=RFM --rh_rfm_per_trefi=1 --rh_rfm_blast_radius=2 --rh_rfm_maxacts_per_trefi=79 --num-cpus=4 --mem-size=16GB --mem-type=DDR5_2400_32x4 --mem-ranks=1 --checkpoint-dir=/home/user/PrIDE/performance/gem5/cpts/multiprogram_16GBmem_25Bn.SPEC2017.C4/mix19-1-ref-x86 --checkpoint-restore=25000000000 --at-instruction --cpu-type DerivO3CPU --caches --l2cache --l1d_size=32kB --l1i_size=32kB --l2_size=256kB --l1d_assoc=8 --l1i_assoc=8 --l2_assoc=16 --maxinsts=250000000 --prog-interval=300Hz

info: Standard input is not a terminal, disabling listeners.
Benchmark- 0   cactuBSSN
Selected benchmark
--> cactuBSSN
CMD: ['/opt/spec2017/benchspec/CPU/507.cactuBSSN_r/run/run_base_refrate_gem5_se-m64.0000/cactusBSSN_r_base.gem5_se-m64', '/opt/spec2017/benchspec/CPU/507.cactuBSSN_r/run/run_base_refrate_gem5_se-m64.0000/spec_ref.par']
CWD: /opt/spec2017/benchspec/CPU/507.cactuBSSN_r/run/run_base_refrate_gem5_se-m64.0000/
Process stdout file: /home/user/PrIDE/performance/gem5/stats/pride_multiprogram_16GBmem_250Mn.SPEC2017.C4/RFM1.BR2.4C/mix19/mix19.out_0
Process stderr file: /home/user/PrIDE/performance/gem5/stats/pride_multiprogram_16GBmem_250Mn.SPEC2017.C4/RFM1.BR2.4C/mix19/mix19.err_0
Benchmark- 1   mcf
Selected benchmark
--> mcf
CMD: ['/opt/spec2017/benchspec/CPU/505.mcf_r/run/run_base_refrate_gem5_se-m64.0000/mcf_r_base.gem5_se-m64', '/opt/spec2017/benchspec/CPU/505.mcf_r/run/run_base_refrate_gem5_se-m64.0000/inp.in']
CWD: /opt/spec2017/benchspec/CPU/505.mcf_r/run/run_base_refrate_gem5_se-m64.0000/
Process stdout file: /home/user/PrIDE/performance/gem5/stats/pride_multiprogram_16GBmem_250Mn.SPEC2017.C4/RFM1.BR2.4C/mix19/mix19.out_1
Process stderr file: /home/user/PrIDE/performance/gem5/stats/pride_multiprogram_16GBmem_250Mn.SPEC2017.C4/RFM1.BR2.4C/mix19/mix19.err_1
Benchmark- 2   x264
Selected benchmark
--> x264
CMD: ['/opt/spec2017/benchspec/CPU/525.x264_r/run/run_base_refrate_gem5_se-m64.0000/x264_r_base.gem5_se-m64', '--pass', '1', '--stats', '/opt/spec2017/benchspec/CPU/525.x264_r/run/run_base_refrate_gem5_se-m64.0000/x264_stats.log', '--bitrate', '1000', '--frames', '1000', '-o', '/opt/spec2017/benchspec/CPU/525.x264_r/run/run_base_refrate_gem5_se-m64.0000/BuckBunny_New.264', '/opt/spec2017/benchspec/CPU/525.x264_r/run/run_base_refrate_gem5_se-m64.0000/BuckBunny.yuv', '1280x720']
CWD: /opt/spec2017/benchspec/CPU/525.x264_r/run/run_base_refrate_gem5_se-m64.0000/
Process stdout file: /home/user/PrIDE/performance/gem5/stats/pride_multiprogram_16GBmem_250Mn.SPEC2017.C4/RFM1.BR2.4C/mix19/mix19.out_2
Process stderr file: /home/user/PrIDE/performance/gem5/stats/pride_multiprogram_16GBmem_250Mn.SPEC2017.C4/RFM1.BR2.4C/mix19/mix19.err_2
Benchmark- 3   exchange2
Selected benchmark
--> exchange2
CMD: ['/opt/spec2017/benchspec/CPU/548.exchange2_r/run/run_base_refrate_gem5_se-m64.0000/exchange2_r_base.gem5_se-m64', '6']
CWD: /opt/spec2017/benchspec/CPU/548.exchange2_r/run/run_base_refrate_gem5_se-m64.0000/
Process stdout file: /home/user/PrIDE/performance/gem5/stats/pride_multiprogram_16GBmem_250Mn.SPEC2017.C4/RFM1.BR2.4C/mix19/mix19.out_3
Process stderr file: /home/user/PrIDE/performance/gem5/stats/pride_multiprogram_16GBmem_250Mn.SPEC2017.C4/RFM1.BR2.4C/mix19/mix19.err_3
Workload-0: 
['/opt/spec2017/benchspec/CPU/507.cactuBSSN_r/run/run_base_refrate_gem5_se-m64.0000/cactusBSSN_r_base.gem5_se-m64', '/opt/spec2017/benchspec/CPU/507.cactuBSSN_r/run/run_base_refrate_gem5_se-m64.0000/spec_ref.par']
Workload-1: 
['/opt/spec2017/benchspec/CPU/505.mcf_r/run/run_base_refrate_gem5_se-m64.0000/mcf_r_base.gem5_se-m64', '/opt/spec2017/benchspec/CPU/505.mcf_r/run/run_base_refrate_gem5_se-m64.0000/inp.in']
Workload-2: 
['/opt/spec2017/benchspec/CPU/525.x264_r/run/run_base_refrate_gem5_se-m64.0000/x264_r_base.gem5_se-m64', '--pass', '1', '--stats', '/opt/spec2017/benchspec/CPU/525.x264_r/run/run_base_refrate_gem5_se-m64.0000/x264_stats.log', '--bitrate', '1000', '--frames', '1000', '-o', '/opt/spec2017/benchspec/CPU/525.x264_r/run/run_base_refrate_gem5_se-m64.0000/BuckBunny_New.264', '/opt/spec2017/benchspec/CPU/525.x264_r/run/run_base_refrate_gem5_se-m64.0000/BuckBunny.yuv', '1280x720']
Workload-3: 
['/opt/spec2017/benchspec/CPU/548.exchange2_r/run/run_base_refrate_gem5_se-m64.0000/exchange2_r_base.gem5_se-m64', '6']
defense_enable:  True  detector:  MG  mitigation:  RFM  threshold:  800
mg_entries:  1700
rfm_maxacts_per_trefi:  79 rfm_per_trefi:  1 rfm_blast_radius:  2
Switch at curTick count:10000
warn: membus.master is deprecated. `master` is now called `mem_side_ports`
warn: No dot file generated. Please install pydot to generate the dot file and pdf.
info: Entering event queue @ 14022978860457.  Starting simulation...
info: Entering event queue @ 14022978870457.  Starting simulation...
warn: PowerState: Already in the requested power state, request ignored
Switched CPUS @ tick 14022978870457
switching cpus
**** REAL SIMULATION ****
info: Entering event queue @ 14022978871113.  Starting simulation...
14026312193790: Event_285: system.switch_cpus3 progress event, total committed:39171580, progress insts committed: 39171580, IPC: 03.91324
14026312193790: Event_284: system.switch_cpus2 progress event, total committed:24679690, progress insts committed: 24679690, IPC: 002.4655
14026312193790: Event_283: system.switch_cpus1 progress event, total committed:11558337, progress insts committed: 11558337, IPC: 01.15468
14026312193790: Event_282: system.switch_cpus0 progress event, total committed:7382312, progress insts committed: 7382312, IPC: 0.737493
14029645527123: Event_282: system.switch_cpus0 progress event, total committed:14999331, progress insts committed: 7617019, IPC: 00.76094
14029645527123: Event_283: system.switch_cpus1 progress event, total committed:24794056, progress insts committed: 13235719, IPC: 01.32225
14029645527123: Event_284: system.switch_cpus2 progress event, total committed:49584350, progress insts committed: 24904660, IPC: 02.48798
14029645527123: Event_285: system.switch_cpus3 progress event, total committed:80403622, progress insts committed: 41232042, IPC: 04.11908
14032978860456: Event_285: system.switch_cpus3 progress event, total committed:116285904, progress insts committed: 35882282, IPC: 03.58464
14032978860456: Event_284: system.switch_cpus2 progress event, total committed:75749039, progress insts committed: 26164689, IPC: 02.61385
14032978860456: Event_283: system.switch_cpus1 progress event, total committed:37411802, progress insts committed: 12617746, IPC: 01.26051
14032978860456: Event_282: system.switch_cpus0 progress event, total committed:22597612, progress insts committed: 7598281, IPC: 0.759068
14036312193789: Event_282: system.switch_cpus0 progress event, total committed:30235776, progress insts committed: 7638164, IPC: 0.763053
14036312193789: Event_283: system.switch_cpus1 progress event, total committed:49993250, progress insts committed: 12581448, IPC: 01.25689
14036312193789: Event_284: system.switch_cpus2 progress event, total committed:101066426, progress insts committed: 25317387, IPC: 02.52921
14036312193789: Event_285: system.switch_cpus3 progress event, total committed:150635839, progress insts committed: 34349935, IPC: 03.43156
14039645527122: Event_285: system.switch_cpus3 progress event, total committed:183964620, progress insts committed: 33328781, IPC: 03.32955
14039645527122: Event_284: system.switch_cpus2 progress event, total committed:124036487, progress insts committed: 22970061, IPC: 02.29471
14039645527122: Event_283: system.switch_cpus1 progress event, total committed:63127594, progress insts committed: 13134344, IPC: 01.31212
14039645527122: Event_282: system.switch_cpus0 progress event, total committed:37777878, progress insts committed: 7542102, IPC: 0.753456
14042978860455: Event_282: system.switch_cpus0 progress event, total committed:45385730, progress insts committed: 7607852, IPC: 0.760024
14042978860455: Event_283: system.switch_cpus1 progress event, total committed:75771918, progress insts committed: 12644324, IPC: 01.26317
14042978860455: Event_284: system.switch_cpus2 progress event, total committed:149753913, progress insts committed: 25717426, IPC: 02.56917
14042978860455: Event_285: system.switch_cpus3 progress event, total committed:215865540, progress insts committed: 31900920, IPC: 003.1869
14046312193788: Event_285: system.switch_cpus3 progress event, total committed:250452711, progress insts committed: 34587171, IPC: 03.45526
14046312193788: Event_284: system.switch_cpus2 progress event, total committed:174900903, progress insts committed: 25146990, IPC: 02.51218
14046312193788: Event_283: system.switch_cpus1 progress event, total committed:88414263, progress insts committed: 12642345, IPC: 01.26297
14046312193788: Event_282: system.switch_cpus0 progress event, total committed:52991491, progress insts committed: 7605761, IPC: 0.759816
14049645527121: Event_282: system.switch_cpus0 progress event, total committed:60587910, progress insts committed: 7596419, IPC: 0.758882
14049645527121: Event_283: system.switch_cpus1 progress event, total committed:101668142, progress insts committed: 13253879, IPC: 01.32406
14049645527121: Event_284: system.switch_cpus2 progress event, total committed:199489372, progress insts committed: 24588469, IPC: 02.45639
14049645527121: Event_285: system.switch_cpus3 progress event, total committed:285614443, progress insts committed: 35161732, IPC: 03.51266
14052978860454: Event_285: system.switch_cpus3 progress event, total committed:321896952, progress insts committed: 36282509, IPC: 03.62462
14052978860454: Event_284: system.switch_cpus2 progress event, total committed:221184621, progress insts committed: 21695249, IPC: 02.16736
14052978860454: Event_283: system.switch_cpus1 progress event, total committed:114183445, progress insts committed: 12515303, IPC: 01.25028
14052978860454: Event_282: system.switch_cpus0 progress event, total committed:68221537, progress insts committed: 7633627, IPC: 0.762599
14056312193787: Event_282: system.switch_cpus0 progress event, total committed:75768408, progress insts committed: 7546871, IPC: 0.753932
14056312193787: Event_283: system.switch_cpus1 progress event, total committed:126874647, progress insts committed: 12691202, IPC: 01.26785
14056312193787: Event_284: system.switch_cpus2 progress event, total committed:242406572, progress insts committed: 21221951, IPC: 02.12007
14056312193787: Event_285: system.switch_cpus3 progress event, total committed:357102769, progress insts committed: 35205817, IPC: 03.51706
14059645527120: Event_285: system.switch_cpus3 progress event, total committed:396287631, progress insts committed: 39184862, IPC: 03.91457
14059645527120: Event_284: system.switch_cpus2 progress event, total committed:262988989, progress insts committed: 20582417, IPC: 02.05618
14059645527120: Event_283: system.switch_cpus1 progress event, total committed:139922846, progress insts committed: 13048199, IPC: 01.30352
14059645527120: Event_282: system.switch_cpus0 progress event, total committed:83302236, progress insts committed: 7533828, IPC: 0.752629
14062978860453: Event_282: system.switch_cpus0 progress event, total committed:90882947, progress insts committed: 7580711, IPC: 0.757313
14062978860453: Event_283: system.switch_cpus1 progress event, total committed:152445838, progress insts committed: 12522992, IPC: 01.25105
14062978860453: Event_284: system.switch_cpus2 progress event, total committed:284041472, progress insts committed: 21052483, IPC: 02.10314
14062978860453: Event_285: system.switch_cpus3 progress event, total committed:434131664, progress insts committed: 37844033, IPC: 03.78062
14066312193786: Event_285: system.switch_cpus3 progress event, total committed:474335368, progress insts committed: 40203704, IPC: 04.01635
14066312193786: Event_284: system.switch_cpus2 progress event, total committed:306545435, progress insts committed: 22503963, IPC: 02.24815
14066312193786: Event_283: system.switch_cpus1 progress event, total committed:165249759, progress insts committed: 12803921, IPC: 01.27911
14066312193786: Event_282: system.switch_cpus0 progress event, total committed:98489705, progress insts committed: 7606758, IPC: 0.759915
Exiting @ tick 14067252432900 because a thread reached the max instruction count
