Command line:
./runscript_pride.sh mix20 RFM10.BR2.4C 4 2017 --rh_defense --rh_mitigation=RFM --rh_rfm_per_trefi=10 --rh_rfm_blast_radius=2 --rh_rfm_maxacts_per_trefi=79
Global frequency set at 1000000000000 ticks per second
RFM details - rfm_act_threshold: 7, blast_radius: 2, delay_per_rfm: 175000 ps. sample_rate: 0.125000
RH Defense config: RFM, Bus Delay: 0, rfms_per_trefi: 10, rfm_act_threshold: 7, blast_radius: 2,rfm_delay_per_act: 45000 ps.
DRAM config: RowsPerBank: 65536, BanksPerRank: 32, RanksPerChannel: 1
warn: Sockets disabled, not accepting gdb connections
warn: CoherentXBar system.cpu0.mmucache.mmubus has no snooping ports attached!
warn: CoherentXBar system.cpu1.mmucache.mmubus has no snooping ports attached!
warn: CoherentXBar system.cpu2.mmucache.mmubus has no snooping ports attached!
warn: CoherentXBar system.cpu3.mmucache.mmubus has no snooping ports attached!
warn: Checkpoints for file descriptors currently do not work.
warn: Checkpoints for file descriptors currently do not work.
warn: Checkpoints for file descriptors currently do not work.
warn: Checkpoints for file descriptors currently do not work.
gem5 Simulator System.  http://gem5.org
gem5 is copyrighted software; use the --copyright option for details.

gem5 version 20.1.0.5
gem5 compiled Jul 12 2024 12:42:38
gem5 started Jul 22 2024 19:04:38
gem5 executing on a07dda8b130c, pid 90081
command line: /home/user/PrIDE/performance/gem5/build/X86/gem5.opt --outdir=/home/user/PrIDE/performance/gem5/stats/pride_multiprogram_16GBmem_250Mn.SPEC2017.C4/RFM10.BR2.4C/mix20 /home/user/PrIDE/performance/gem5/configs/example/se_rq_spec_config_multicore.py --redirects /lib64=/home/utils/gcc-6.2.0/lib64 --benchmark=mix20 --benchmark_stdout=/home/user/PrIDE/performance/gem5/stats/pride_multiprogram_16GBmem_250Mn.SPEC2017.C4/RFM10.BR2.4C/mix20/mix20.out --benchmark_stderr=/home/user/PrIDE/performance/gem5/stats/pride_multiprogram_16GBmem_250Mn.SPEC2017.C4/RFM10.BR2.4C/mix20/mix20.err --spec-version=2017 --rh_defense --rh_mitigation=RFM --rh_rfm_per_trefi=10 --rh_rfm_blast_radius=2 --rh_rfm_maxacts_per_trefi=79 --num-cpus=4 --mem-size=16GB --mem-type=DDR5_2400_32x4 --mem-ranks=1 --checkpoint-dir=/home/user/PrIDE/performance/gem5/cpts/multiprogram_16GBmem_25Bn.SPEC2017.C4/mix20-1-ref-x86 --checkpoint-restore=25000000000 --at-instruction --cpu-type DerivO3CPU --caches --l2cache --l1d_size=32kB --l1i_size=32kB --l2_size=256kB --l1d_assoc=8 --l1i_assoc=8 --l2_assoc=16 --maxinsts=250000000 --prog-interval=300Hz

info: Standard input is not a terminal, disabling listeners.
Benchmark- 0   deepsjeng
Selected benchmark
--> deepsjeng
CMD: ['/opt/spec2017/benchspec/CPU/531.deepsjeng_r/run/run_base_refrate_gem5_se-m64.0000/deepsjeng_r_base.gem5_se-m64', '/opt/spec2017/benchspec/CPU/531.deepsjeng_r/run/run_base_refrate_gem5_se-m64.0000/ref.txt']
CWD: /opt/spec2017/benchspec/CPU/531.deepsjeng_r/run/run_base_refrate_gem5_se-m64.0000/
Process stdout file: /home/user/PrIDE/performance/gem5/stats/pride_multiprogram_16GBmem_250Mn.SPEC2017.C4/RFM10.BR2.4C/mix20/mix20.out_0
Process stderr file: /home/user/PrIDE/performance/gem5/stats/pride_multiprogram_16GBmem_250Mn.SPEC2017.C4/RFM10.BR2.4C/mix20/mix20.err_0
Benchmark- 1   mcf
Selected benchmark
--> mcf
CMD: ['/opt/spec2017/benchspec/CPU/505.mcf_r/run/run_base_refrate_gem5_se-m64.0000/mcf_r_base.gem5_se-m64', '/opt/spec2017/benchspec/CPU/505.mcf_r/run/run_base_refrate_gem5_se-m64.0000/inp.in']
CWD: /opt/spec2017/benchspec/CPU/505.mcf_r/run/run_base_refrate_gem5_se-m64.0000/
Process stdout file: /home/user/PrIDE/performance/gem5/stats/pride_multiprogram_16GBmem_250Mn.SPEC2017.C4/RFM10.BR2.4C/mix20/mix20.out_1
Process stderr file: /home/user/PrIDE/performance/gem5/stats/pride_multiprogram_16GBmem_250Mn.SPEC2017.C4/RFM10.BR2.4C/mix20/mix20.err_1
Benchmark- 2   namd
Selected benchmark
--> namd
CMD: ['/opt/spec2017/benchspec/CPU/508.namd_r/run/run_base_refrate_gem5_se-m64.0000/namd_r_base.gem5_se-m64', '--input', '/opt/spec2017/benchspec/CPU/508.namd_r/run/run_base_refrate_gem5_se-m64.0000/apoa1.input', '--output', '/opt/spec2017/benchspec/CPU/508.namd_r/run/run_base_refrate_gem5_se-m64.0000/apoa1.ref.output', '--iterations', '65']
CWD: /opt/spec2017/benchspec/CPU/508.namd_r/run/run_base_refrate_gem5_se-m64.0000/
Process stdout file: /home/user/PrIDE/performance/gem5/stats/pride_multiprogram_16GBmem_250Mn.SPEC2017.C4/RFM10.BR2.4C/mix20/mix20.out_2
Process stderr file: /home/user/PrIDE/performance/gem5/stats/pride_multiprogram_16GBmem_250Mn.SPEC2017.C4/RFM10.BR2.4C/mix20/mix20.err_2
Benchmark- 3   roms
Selected benchmark
--> roms
CMD: ['/opt/spec2017/benchspec/CPU/554.roms_r/run/run_base_refrate_gem5_se-m64.0000/roms_r_base.gem5_se-m64']
CWD: /opt/spec2017/benchspec/CPU/554.roms_r/run/run_base_refrate_gem5_se-m64.0000/
Process stdout file: /home/user/PrIDE/performance/gem5/stats/pride_multiprogram_16GBmem_250Mn.SPEC2017.C4/RFM10.BR2.4C/mix20/mix20.out_3
Process stderr file: /home/user/PrIDE/performance/gem5/stats/pride_multiprogram_16GBmem_250Mn.SPEC2017.C4/RFM10.BR2.4C/mix20/mix20.err_3
Workload-0: 
['/opt/spec2017/benchspec/CPU/531.deepsjeng_r/run/run_base_refrate_gem5_se-m64.0000/deepsjeng_r_base.gem5_se-m64', '/opt/spec2017/benchspec/CPU/531.deepsjeng_r/run/run_base_refrate_gem5_se-m64.0000/ref.txt']
Workload-1: 
['/opt/spec2017/benchspec/CPU/505.mcf_r/run/run_base_refrate_gem5_se-m64.0000/mcf_r_base.gem5_se-m64', '/opt/spec2017/benchspec/CPU/505.mcf_r/run/run_base_refrate_gem5_se-m64.0000/inp.in']
Workload-2: 
['/opt/spec2017/benchspec/CPU/508.namd_r/run/run_base_refrate_gem5_se-m64.0000/namd_r_base.gem5_se-m64', '--input', '/opt/spec2017/benchspec/CPU/508.namd_r/run/run_base_refrate_gem5_se-m64.0000/apoa1.input', '--output', '/opt/spec2017/benchspec/CPU/508.namd_r/run/run_base_refrate_gem5_se-m64.0000/apoa1.ref.output', '--iterations', '65']
Workload-3: 
['/opt/spec2017/benchspec/CPU/554.roms_r/run/run_base_refrate_gem5_se-m64.0000/roms_r_base.gem5_se-m64']
defense_enable:  True  detector:  MG  mitigation:  RFM  threshold:  800
mg_entries:  1700
rfm_maxacts_per_trefi:  79 rfm_per_trefi:  10 rfm_blast_radius:  2
Switch at curTick count:10000
warn: membus.master is deprecated. `master` is now called `mem_side_ports`
warn: No dot file generated. Please install pydot to generate the dot file and pdf.
info: Entering event queue @ 13945158484398.  Starting simulation...
warn: PowerState: Already in the requested power state, request ignored
Switched CPUS @ tick 13945158494398
switching cpus
**** REAL SIMULATION ****
info: Entering event queue @ 13945158494398.  Starting simulation...
13948491817731: Event_285: system.switch_cpus3 progress event, total committed:13466721, progress insts committed: 13466721, IPC: 01.34533
13948491817731: Event_284: system.switch_cpus2 progress event, total committed:32434736, progress insts committed: 32434736, IPC: 03.24023
13948491817731: Event_283: system.switch_cpus1 progress event, total committed:11204265, progress insts committed: 11204265, IPC: 01.11931
13948491817731: Event_282: system.switch_cpus0 progress event, total committed:21343102, progress insts committed: 21343102, IPC: 02.13218
13951825151064: Event_282: system.switch_cpus0 progress event, total committed:43699073, progress insts committed: 22355971, IPC: 02.23336
13951825151064: Event_283: system.switch_cpus1 progress event, total committed:22813229, progress insts committed: 11608964, IPC: 01.15974
13951825151064: Event_284: system.switch_cpus2 progress event, total committed:64507352, progress insts committed: 32072616, IPC: 03.20405
13951825151064: Event_285: system.switch_cpus3 progress event, total committed:29713039, progress insts committed: 16246318, IPC: 01.62301
13955158484397: Event_285: system.switch_cpus3 progress event, total committed:40878633, progress insts committed: 11165594, IPC: 01.11544
13955158484397: Event_284: system.switch_cpus2 progress event, total committed:95990301, progress insts committed: 31482949, IPC: 03.14515
13955158484397: Event_283: system.switch_cpus1 progress event, total committed:34344953, progress insts committed: 11531724, IPC: 01.15202
13955158484397: Event_282: system.switch_cpus0 progress event, total committed:65505020, progress insts committed: 21805947, IPC: 02.17841
13958491817730: Event_282: system.switch_cpus0 progress event, total committed:87627277, progress insts committed: 22122257, IPC: 02.21001
13958491817730: Event_283: system.switch_cpus1 progress event, total committed:44975587, progress insts committed: 10630634, IPC: 0001.062
13958491817730: Event_284: system.switch_cpus2 progress event, total committed:127311263, progress insts committed: 31320962, IPC: 03.12896
13958491817730: Event_285: system.switch_cpus3 progress event, total committed:48303028, progress insts committed: 7424395, IPC: 0.741697
13961825151063: Event_285: system.switch_cpus3 progress event, total committed:56304367, progress insts committed: 8001339, IPC: 0.799334
13961825151063: Event_284: system.switch_cpus2 progress event, total committed:159732073, progress insts committed: 32420810, IPC: 03.23884
13961825151063: Event_283: system.switch_cpus1 progress event, total committed:56408416, progress insts committed: 11432829, IPC: 01.14214
13961825151063: Event_282: system.switch_cpus0 progress event, total committed:109807916, progress insts committed: 22180639, IPC: 02.21585
13965158484396: Event_282: system.switch_cpus0 progress event, total committed:132212843, progress insts committed: 22404927, IPC: 02.23825
13965158484396: Event_283: system.switch_cpus1 progress event, total committed:67858641, progress insts committed: 11450225, IPC: 01.14388
13965158484396: Event_284: system.switch_cpus2 progress event, total committed:191644346, progress insts committed: 31912273, IPC: 03.18804
13965158484396: Event_285: system.switch_cpus3 progress event, total committed:64391880, progress insts committed: 8087513, IPC: 0.807943
13968491817729: Event_285: system.switch_cpus3 progress event, total committed:69049997, progress insts committed: 4658117, IPC: 0.465346
13968491817729: Event_284: system.switch_cpus2 progress event, total committed:222577539, progress insts committed: 30933193, IPC: 03.09023
13968491817729: Event_283: system.switch_cpus1 progress event, total committed:78811578, progress insts committed: 10952937, IPC: 001.0942
13968491817729: Event_282: system.switch_cpus0 progress event, total committed:153407317, progress insts committed: 21194474, IPC: 02.11733
13971825151062: Event_282: system.switch_cpus0 progress event, total committed:174144441, progress insts committed: 20737124, IPC: 02.07164
13971825151062: Event_283: system.switch_cpus1 progress event, total committed:89346413, progress insts committed: 10534835, IPC: 01.05243
13971825151062: Event_284: system.switch_cpus2 progress event, total committed:252206935, progress insts committed: 29629396, IPC: 02.95998
13971825151062: Event_285: system.switch_cpus3 progress event, total committed:73369160, progress insts committed: 4319163, IPC: 0.431484
13975158484395: Event_285: system.switch_cpus3 progress event, total committed:77671266, progress insts committed: 4302106, IPC: 00.42978
13975158484395: Event_284: system.switch_cpus2 progress event, total committed:281837543, progress insts committed: 29630608, IPC: 002.9601
13975158484395: Event_283: system.switch_cpus1 progress event, total committed:99920649, progress insts committed: 10574236, IPC: 01.05637
13975158484395: Event_282: system.switch_cpus0 progress event, total committed:195047233, progress insts committed: 20902792, IPC: 02.08819
Exiting @ tick 13976821982871 because a thread reached the max instruction count
