Command line:
./runscript_pride.sh wrf RFM5.BR1.4C 4 2017 --rh_defense --rh_mitigation=RFM --rh_rfm_per_trefi=5 --rh_rfm_blast_radius=1 --rh_rfm_maxacts_per_trefi=79
Global frequency set at 1000000000000 ticks per second
RFM details - rfm_act_threshold: 15, blast_radius: 1, delay_per_rfm: 175000 ps. sample_rate: 0.062500
RH Defense config: RFM, Bus Delay: 0, rfms_per_trefi: 5, rfm_act_threshold: 15, blast_radius: 1,rfm_delay_per_act: 45000 ps.
DRAM config: RowsPerBank: 65536, BanksPerRank: 32, RanksPerChannel: 1
warn: Sockets disabled, not accepting gdb connections
warn: CoherentXBar system.cpu0.mmucache.mmubus has no snooping ports attached!
warn: CoherentXBar system.cpu1.mmucache.mmubus has no snooping ports attached!
warn: CoherentXBar system.cpu2.mmucache.mmubus has no snooping ports attached!
warn: CoherentXBar system.cpu3.mmucache.mmubus has no snooping ports attached!
warn: Checkpoints for file descriptors currently do not work.
warn: Checkpoints for file descriptors currently do not work.
warn: Checkpoints for file descriptors currently do not work.
warn: Checkpoints for file descriptors currently do not work.
gem5 Simulator System.  http://gem5.org
gem5 is copyrighted software; use the --copyright option for details.

gem5 version 20.1.0.5
gem5 compiled Jul 12 2024 12:42:38
gem5 started Jul 17 2024 16:42:02
gem5 executing on a07dda8b130c, pid 91085
command line: /home/user/PrIDE/performance/gem5/build/X86/gem5.opt --outdir=/home/user/PrIDE/performance/gem5/stats/pride_multiprogram_16GBmem_250Mn.SPEC2017.C4/RFM5.BR1.4C/wrf /home/user/PrIDE/performance/gem5/configs/example/se_rq_spec_config_multicore.py --redirects /lib64=/home/utils/gcc-6.2.0/lib64 --benchmark=wrf --benchmark_stdout=/home/user/PrIDE/performance/gem5/stats/pride_multiprogram_16GBmem_250Mn.SPEC2017.C4/RFM5.BR1.4C/wrf/wrf.out --benchmark_stderr=/home/user/PrIDE/performance/gem5/stats/pride_multiprogram_16GBmem_250Mn.SPEC2017.C4/RFM5.BR1.4C/wrf/wrf.err --spec-version=2017 --rh_defense --rh_mitigation=RFM --rh_rfm_per_trefi=5 --rh_rfm_blast_radius=1 --rh_rfm_maxacts_per_trefi=79 --num-cpus=4 --mem-size=16GB --mem-type=DDR5_2400_32x4 --mem-ranks=1 --checkpoint-dir=/home/user/PrIDE/performance/gem5/cpts/multiprogram_16GBmem_25Bn.SPEC2017.C4/wrf-1-ref-x86 --checkpoint-restore=25000000000 --at-instruction --cpu-type DerivO3CPU --caches --l2cache --l1d_size=32kB --l1i_size=32kB --l2_size=256kB --l1d_assoc=8 --l1i_assoc=8 --l2_assoc=16 --maxinsts=250000000 --prog-interval=300Hz

info: Standard input is not a terminal, disabling listeners.
Benchmark- 0   wrf
Selected benchmark
--> wrf
CMD: ['/opt/spec2017/benchspec/CPU/521.wrf_r/run/run_base_refrate_gem5_se-m64.0000/wrf_r_base.gem5_se-m64']
CWD: /opt/spec2017/benchspec/CPU/521.wrf_r/run/run_base_refrate_gem5_se-m64.0000/
Process stdout file: /home/user/PrIDE/performance/gem5/stats/pride_multiprogram_16GBmem_250Mn.SPEC2017.C4/RFM5.BR1.4C/wrf/wrf.out_0
Process stderr file: /home/user/PrIDE/performance/gem5/stats/pride_multiprogram_16GBmem_250Mn.SPEC2017.C4/RFM5.BR1.4C/wrf/wrf.err_0
Benchmark- 1   wrf
Selected benchmark
--> wrf
CMD: ['/opt/spec2017/benchspec/CPU/521.wrf_r/run/run_base_refrate_gem5_se-m64.0000/wrf_r_base.gem5_se-m64']
CWD: /opt/spec2017/benchspec/CPU/521.wrf_r/run/run_base_refrate_gem5_se-m64.0000/
Process stdout file: /home/user/PrIDE/performance/gem5/stats/pride_multiprogram_16GBmem_250Mn.SPEC2017.C4/RFM5.BR1.4C/wrf/wrf.out_1
Process stderr file: /home/user/PrIDE/performance/gem5/stats/pride_multiprogram_16GBmem_250Mn.SPEC2017.C4/RFM5.BR1.4C/wrf/wrf.err_1
Benchmark- 2   wrf
Selected benchmark
--> wrf
CMD: ['/opt/spec2017/benchspec/CPU/521.wrf_r/run/run_base_refrate_gem5_se-m64.0000/wrf_r_base.gem5_se-m64']
CWD: /opt/spec2017/benchspec/CPU/521.wrf_r/run/run_base_refrate_gem5_se-m64.0000/
Process stdout file: /home/user/PrIDE/performance/gem5/stats/pride_multiprogram_16GBmem_250Mn.SPEC2017.C4/RFM5.BR1.4C/wrf/wrf.out_2
Process stderr file: /home/user/PrIDE/performance/gem5/stats/pride_multiprogram_16GBmem_250Mn.SPEC2017.C4/RFM5.BR1.4C/wrf/wrf.err_2
Benchmark- 3   wrf
Selected benchmark
--> wrf
CMD: ['/opt/spec2017/benchspec/CPU/521.wrf_r/run/run_base_refrate_gem5_se-m64.0000/wrf_r_base.gem5_se-m64']
CWD: /opt/spec2017/benchspec/CPU/521.wrf_r/run/run_base_refrate_gem5_se-m64.0000/
Process stdout file: /home/user/PrIDE/performance/gem5/stats/pride_multiprogram_16GBmem_250Mn.SPEC2017.C4/RFM5.BR1.4C/wrf/wrf.out_3
Process stderr file: /home/user/PrIDE/performance/gem5/stats/pride_multiprogram_16GBmem_250Mn.SPEC2017.C4/RFM5.BR1.4C/wrf/wrf.err_3
Workload-0: 
['/opt/spec2017/benchspec/CPU/521.wrf_r/run/run_base_refrate_gem5_se-m64.0000/wrf_r_base.gem5_se-m64']
Workload-1: 
['/opt/spec2017/benchspec/CPU/521.wrf_r/run/run_base_refrate_gem5_se-m64.0000/wrf_r_base.gem5_se-m64']
Workload-2: 
['/opt/spec2017/benchspec/CPU/521.wrf_r/run/run_base_refrate_gem5_se-m64.0000/wrf_r_base.gem5_se-m64']
Workload-3: 
['/opt/spec2017/benchspec/CPU/521.wrf_r/run/run_base_refrate_gem5_se-m64.0000/wrf_r_base.gem5_se-m64']
defense_enable:  True  detector:  MG  mitigation:  RFM  threshold:  800
mg_entries:  1700
rfm_maxacts_per_trefi:  79 rfm_per_trefi:  5 rfm_blast_radius:  1
Switch at curTick count:10000
warn: membus.master is deprecated. `master` is now called `mem_side_ports`
warn: No dot file generated. Please install pydot to generate the dot file and pdf.
info: Entering event queue @ 18146314371483.  Starting simulation...
warn: PowerState: Already in the requested power state, request ignored
Switched CPUS @ tick 18146314381483
switching cpus
**** REAL SIMULATION ****
info: Entering event queue @ 18146314381483.  Starting simulation...
warn: MOVNTDQ: Ignoring non-temporal hint, modeling as cacheable!
18149647704816: Event_285: system.switch_cpus3 progress event, total committed:27392036, progress insts committed: 27392036, IPC: 02.73646
18149647704816: Event_284: system.switch_cpus2 progress event, total committed:27388519, progress insts committed: 27388519, IPC: 02.73611
18149647704816: Event_283: system.switch_cpus1 progress event, total committed:27385047, progress insts committed: 27385047, IPC: 02.73577
18149647704816: Event_282: system.switch_cpus0 progress event, total committed:27384466, progress insts committed: 27384466, IPC: 02.73571
18152981038149: Event_282: system.switch_cpus0 progress event, total committed:59635188, progress insts committed: 32250722, IPC: 03.22185
18152981038149: Event_283: system.switch_cpus1 progress event, total committed:59626086, progress insts committed: 32241039, IPC: 03.22088
18152981038149: Event_284: system.switch_cpus2 progress event, total committed:59736753, progress insts committed: 32348234, IPC: 03.23159
18152981038149: Event_285: system.switch_cpus3 progress event, total committed:59777245, progress insts committed: 32385209, IPC: 03.23528
18156314371482: Event_285: system.switch_cpus3 progress event, total committed:90917873, progress insts committed: 31140628, IPC: 03.11095
18156314371482: Event_284: system.switch_cpus2 progress event, total committed:90877778, progress insts committed: 31141025, IPC: 03.11099
18156314371482: Event_283: system.switch_cpus1 progress event, total committed:90553344, progress insts committed: 30927258, IPC: 03.08963
18156314371482: Event_282: system.switch_cpus0 progress event, total committed:90692094, progress insts committed: 31056906, IPC: 03.10258
18159647704815: Event_282: system.switch_cpus0 progress event, total committed:123375499, progress insts committed: 32683405, IPC: 03.26507
18159647704815: Event_283: system.switch_cpus1 progress event, total committed:123194795, progress insts committed: 32641451, IPC: 03.26088
18159647704815: Event_284: system.switch_cpus2 progress event, total committed:123609877, progress insts committed: 32732099, IPC: 03.26994
18159647704815: Event_285: system.switch_cpus3 progress event, total committed:123805193, progress insts committed: 32887320, IPC: 03.28544
18162981038148: Event_285: system.switch_cpus3 progress event, total committed:154905160, progress insts committed: 31099967, IPC: 03.10689
18162981038148: Event_284: system.switch_cpus2 progress event, total committed:154657236, progress insts committed: 31047359, IPC: 03.10163
18162981038148: Event_283: system.switch_cpus1 progress event, total committed:154366187, progress insts committed: 31171392, IPC: 03.11402
18162981038148: Event_282: system.switch_cpus0 progress event, total committed:154484316, progress insts committed: 31108817, IPC: 03.10777
18166314371481: Event_282: system.switch_cpus0 progress event, total committed:187632584, progress insts committed: 33148268, IPC: 03.31151
18166314371481: Event_283: system.switch_cpus1 progress event, total committed:187360693, progress insts committed: 32994506, IPC: 03.29615
18166314371481: Event_284: system.switch_cpus2 progress event, total committed:187927170, progress insts committed: 33269934, IPC: 03.32367
18166314371481: Event_285: system.switch_cpus3 progress event, total committed:188309944, progress insts committed: 33404784, IPC: 03.33714
18169647704814: Event_285: system.switch_cpus3 progress event, total committed:220477528, progress insts committed: 32167584, IPC: 03.21354
18169647704814: Event_284: system.switch_cpus2 progress event, total committed:219932885, progress insts committed: 32005715, IPC: 03.19737
18169647704814: Event_283: system.switch_cpus1 progress event, total committed:219518509, progress insts committed: 32157816, IPC: 03.21257
18169647704814: Event_282: system.switch_cpus0 progress event, total committed:219674090, progress insts committed: 32041506, IPC: 03.20095
18172981038147: Event_282: system.switch_cpus0 progress event, total committed:251713928, progress insts committed: 32039838, IPC: 03.20078
18172981038147: Event_283: system.switch_cpus1 progress event, total committed:251510084, progress insts committed: 31991575, IPC: 03.19596
18172981038147: Event_284: system.switch_cpus2 progress event, total committed:252334572, progress insts committed: 32401687, IPC: 03.23693
18172981038147: Event_285: system.switch_cpus3 progress event, total committed:253334388, progress insts committed: 32856860, IPC: 003.2824
18176314371480: Event_285: system.switch_cpus3 progress event, total committed:285432626, progress insts committed: 32098238, IPC: 03.20661
18176314371480: Event_284: system.switch_cpus2 progress event, total committed:284892208, progress insts committed: 32557636, IPC: 03.25251
18176314371480: Event_283: system.switch_cpus1 progress event, total committed:284182280, progress insts committed: 32672196, IPC: 03.26395
18176314371480: Event_282: system.switch_cpus0 progress event, total committed:284442006, progress insts committed: 32728078, IPC: 03.26953
18179647704813: Event_282: system.switch_cpus0 progress event, total committed:315761798, progress insts committed: 31319792, IPC: 03.12885
18179647704813: Event_283: system.switch_cpus1 progress event, total committed:315443910, progress insts committed: 31261630, IPC: 03.12304
18179647704813: Event_284: system.switch_cpus2 progress event, total committed:317010696, progress insts committed: 32118488, IPC: 03.20864
18179647704813: Event_285: system.switch_cpus3 progress event, total committed:318082736, progress insts committed: 32650110, IPC: 03.26175
18182981038146: Event_285: system.switch_cpus3 progress event, total committed:350704546, progress insts committed: 32621810, IPC: 03.25892
18182981038146: Event_284: system.switch_cpus2 progress event, total committed:349975455, progress insts committed: 32964759, IPC: 03.29318
18182981038146: Event_283: system.switch_cpus1 progress event, total committed:348432742, progress insts committed: 32988832, IPC: 03.29558
18182981038146: Event_282: system.switch_cpus0 progress event, total committed:348695023, progress insts committed: 32933225, IPC: 03.29003
18186314371479: Event_282: system.switch_cpus0 progress event, total committed:380339895, progress insts committed: 31644872, IPC: 03.16132
18186314371479: Event_283: system.switch_cpus1 progress event, total committed:380265688, progress insts committed: 31832946, IPC: 03.18011
18186314371479: Event_284: system.switch_cpus2 progress event, total committed:381339389, progress insts committed: 31363934, IPC: 03.13326
18186314371479: Event_285: system.switch_cpus3 progress event, total committed:383284496, progress insts committed: 32579950, IPC: 03.25474
18189647704812: Event_285: system.switch_cpus3 progress event, total committed:416303789, progress insts committed: 33019293, IPC: 03.29863
18189647704812: Event_284: system.switch_cpus2 progress event, total committed:414743551, progress insts committed: 33404162, IPC: 03.33708
18189647704812: Event_283: system.switch_cpus1 progress event, total committed:413008258, progress insts committed: 32742570, IPC: 03.27098
18189647704812: Event_282: system.switch_cpus0 progress event, total committed:413271431, progress insts committed: 32931536, IPC: 03.28986
18192981038145: Event_282: system.switch_cpus0 progress event, total committed:430244235, progress insts committed: 16972804, IPC: 01.69558
18192981038145: Event_283: system.switch_cpus1 progress event, total committed:430211194, progress insts committed: 17202936, IPC: 01.71857
18192981038145: Event_284: system.switch_cpus2 progress event, total committed:430520536, progress insts committed: 15776985, IPC: 01.57612
18192981038145: Event_285: system.switch_cpus3 progress event, total committed:430897678, progress insts committed: 14593889, IPC: 01.45793
18196314371478: Event_285: system.switch_cpus3 progress event, total committed:439718329, progress insts committed: 8820651, IPC: 0.881183
18196314371478: Event_284: system.switch_cpus2 progress event, total committed:438453220, progress insts committed: 7932684, IPC: 0.792475
18196314371478: Event_283: system.switch_cpus1 progress event, total committed:437467333, progress insts committed: 7256139, IPC: 0.724888
18196314371478: Event_282: system.switch_cpus0 progress event, total committed:437618714, progress insts committed: 7374479, IPC: 00.73671
18199647704811: Event_282: system.switch_cpus0 progress event, total committed:454666565, progress insts committed: 17047851, IPC: 01.70308
18199647704811: Event_283: system.switch_cpus1 progress event, total committed:454644748, progress insts committed: 17177415, IPC: 01.71602
18199647704811: Event_284: system.switch_cpus2 progress event, total committed:454766943, progress insts committed: 16313723, IPC: 01.62974
18199647704811: Event_285: system.switch_cpus3 progress event, total committed:454921503, progress insts committed: 15203174, IPC: 001.5188
18202981038144: Event_285: system.switch_cpus3 progress event, total committed:455943800, progress insts committed: 1022297, IPC: 0.102127
18202981038144: Event_284: system.switch_cpus2 progress event, total committed:455764133, progress insts committed: 997190, IPC: 0.0996193
18202981038144: Event_283: system.switch_cpus1 progress event, total committed:455641045, progress insts committed: 996297, IPC: 0.0995301
18202981038144: Event_282: system.switch_cpus0 progress event, total committed:455676730, progress insts committed: 1010165, IPC: 0.100915
Exiting @ tick 18204624786699 because a thread reached the max instruction count
