Command line:
./runscript_pride.sh namd AE.BASELINE.1C 1 2017
Global frequency set at 1000000000000 ticks per second
DRAM config: RowsPerBank: 65536, BanksPerRank: 32, RanksPerChannel: 1
warn: Sockets disabled, not accepting gdb connections
warn: CoherentXBar system.cpu.mmucache.mmubus has no snooping ports attached!
warn: Checkpoints for file descriptors currently do not work.
gem5 Simulator System.  http://gem5.org
gem5 is copyrighted software; use the --copyright option for details.

gem5 version 20.1.0.5
gem5 compiled Jul 12 2024 12:42:38
gem5 started Jul 31 2024 03:21:18
gem5 executing on a07dda8b130c, pid 225544
command line: /home/user/PrIDE/performance/gem5/build/X86/gem5.opt --outdir=/home/user/PrIDE/performance/gem5/stats/pride_multiprogram_16GBmem_250Mn.SPEC2017.C1/AE.BASELINE.1C/namd /home/user/PrIDE/performance/gem5/configs/example/se_rq_spec_config_multicore.py --redirects /lib64=/home/utils/gcc-6.2.0/lib64 --benchmark=namd --benchmark_stdout=/home/user/PrIDE/performance/gem5/stats/pride_multiprogram_16GBmem_250Mn.SPEC2017.C1/AE.BASELINE.1C/namd/namd.out --benchmark_stderr=/home/user/PrIDE/performance/gem5/stats/pride_multiprogram_16GBmem_250Mn.SPEC2017.C1/AE.BASELINE.1C/namd/namd.err --spec-version=2017 --num-cpus=1 --mem-size=16GB --mem-type=DDR5_2400_32x4 --mem-ranks=1 --mem-channels=1 --checkpoint-dir=/home/user/PrIDE/performance/gem5/cpts-DDR5/multiprogram_16GBmem_25Bn.SPEC2017.C1/namd-1-ref-x86 --checkpoint-restore=25000000000 --at-instruction --cpu-type DerivO3CPU --caches --l2cache --l1d_size=32kB --l1i_size=32kB --l2_size=256kB --l3_size=4MB --l1d_assoc=8 --l1i_assoc=8 --l2_assoc=16 --l3_assoc=16 --cpu-clock=3GHz --sys-clock=3GHz --maxinsts=250000000 --prog-interval=300Hz

info: Standard input is not a terminal, disabling listeners.
Benchmark- 0   namd
Selected benchmark
--> namd
CMD: ['/opt/spec2017/benchspec/CPU/508.namd_r/run/run_base_refrate_gem5_se-m64.0000/namd_r_base.gem5_se-m64', '--input', '/opt/spec2017/benchspec/CPU/508.namd_r/run/run_base_refrate_gem5_se-m64.0000/apoa1.input', '--output', '/opt/spec2017/benchspec/CPU/508.namd_r/run/run_base_refrate_gem5_se-m64.0000/apoa1.ref.output', '--iterations', '65']
CWD: /opt/spec2017/benchspec/CPU/508.namd_r/run/run_base_refrate_gem5_se-m64.0000/
Process stdout file: /home/user/PrIDE/performance/gem5/stats/pride_multiprogram_16GBmem_250Mn.SPEC2017.C1/AE.BASELINE.1C/namd/namd.out_0
Process stderr file: /home/user/PrIDE/performance/gem5/stats/pride_multiprogram_16GBmem_250Mn.SPEC2017.C1/AE.BASELINE.1C/namd/namd.err_0
Workload-0: 
['/opt/spec2017/benchspec/CPU/508.namd_r/run/run_base_refrate_gem5_se-m64.0000/namd_r_base.gem5_se-m64', '--input', '/opt/spec2017/benchspec/CPU/508.namd_r/run/run_base_refrate_gem5_se-m64.0000/apoa1.input', '--output', '/opt/spec2017/benchspec/CPU/508.namd_r/run/run_base_refrate_gem5_se-m64.0000/apoa1.ref.output', '--iterations', '65']
defense_enable:  False  detector:  MG  mitigation:  RRS  threshold:  800
mg_entries:  1700
rrs_tuples:  3400 rrs_swap_delay:  2740ns rit_acc_delay:  1.25ns
Switch at curTick count:10000
warn: membus.master is deprecated. `master` is now called `mem_side_ports`
warn: No dot file generated. Please install pydot to generate the dot file and pdf.
info: Entering event queue @ 13945158483732.  Starting simulation...
warn: PowerState: Already in the requested power state, request ignored
Switched CPUS @ tick 13945158493732
switching cpus
**** REAL SIMULATION ****
info: Entering event queue @ 13945158493732.  Starting simulation...
13948491817065: Event_93: system.switch_cpus progress event, total committed:34198343, progress insts committed: 34198343, IPC: 03.41641
13951825150398: Event_93: system.switch_cpus progress event, total committed:69281958, progress insts committed: 35083615, IPC: 03.50485
13955158483731: Event_93: system.switch_cpus progress event, total committed:104114639, progress insts committed: 34832681, IPC: 03.47978
13958491817064: Event_93: system.switch_cpus progress event, total committed:139868906, progress insts committed: 35754267, IPC: 03.57185
13961825150397: Event_93: system.switch_cpus progress event, total committed:175846366, progress insts committed: 35977460, IPC: 03.59415
13965158483730: Event_93: system.switch_cpus progress event, total committed:211872790, progress insts committed: 36026424, IPC: 03.59904
13968491817063: Event_93: system.switch_cpus progress event, total committed:247749763, progress insts committed: 35876973, IPC: 03.58411
13971825150396: Event_93: system.switch_cpus progress event, total committed:283790321, progress insts committed: 36040558, IPC: 03.60045
Exiting @ tick 13973065764516 because a thread reached the max instruction count
