Command line:
./runscript_pride.sh povray RFM10.BR2.4C 4 2017 --rh_defense --rh_mitigation=RFM --rh_rfm_per_trefi=10 --rh_rfm_blast_radius=2 --rh_rfm_maxacts_per_trefi=79
Global frequency set at 1000000000000 ticks per second
RFM details - rfm_act_threshold: 7, blast_radius: 2, delay_per_rfm: 175000 ps. sample_rate: 0.125000
RH Defense config: RFM, Bus Delay: 0, rfms_per_trefi: 10, rfm_act_threshold: 7, blast_radius: 2,rfm_delay_per_act: 45000 ps.
DRAM config: RowsPerBank: 65536, BanksPerRank: 32, RanksPerChannel: 1
warn: Sockets disabled, not accepting gdb connections
warn: CoherentXBar system.cpu0.mmucache.mmubus has no snooping ports attached!
warn: CoherentXBar system.cpu1.mmucache.mmubus has no snooping ports attached!
warn: CoherentXBar system.cpu2.mmucache.mmubus has no snooping ports attached!
warn: CoherentXBar system.cpu3.mmucache.mmubus has no snooping ports attached!
warn: Checkpoints for file descriptors currently do not work.
warn: Checkpoints for file descriptors currently do not work.
warn: Checkpoints for file descriptors currently do not work.
warn: Checkpoints for file descriptors currently do not work.
gem5 Simulator System.  http://gem5.org
gem5 is copyrighted software; use the --copyright option for details.

gem5 version 20.1.0.5
gem5 compiled Jul 12 2024 12:42:38
gem5 started Aug  1 2024 18:47:15
gem5 executing on a07dda8b130c, pid 251235
command line: /home/user/PrIDE/performance/gem5/build/X86/gem5.opt --outdir=/home/user/PrIDE/performance/gem5/stats/pride_multiprogram_16GBmem_250Mn.SPEC2017.C4/RFM10.BR2.4C/povray /home/user/PrIDE/performance/gem5/configs/example/se_rq_spec_config_multicore.py --redirects /lib64=/home/utils/gcc-6.2.0/lib64 --benchmark=povray --benchmark_stdout=/home/user/PrIDE/performance/gem5/stats/pride_multiprogram_16GBmem_250Mn.SPEC2017.C4/RFM10.BR2.4C/povray/povray.out --benchmark_stderr=/home/user/PrIDE/performance/gem5/stats/pride_multiprogram_16GBmem_250Mn.SPEC2017.C4/RFM10.BR2.4C/povray/povray.err --spec-version=2017 --rh_defense --rh_mitigation=RFM --rh_rfm_per_trefi=10 --rh_rfm_blast_radius=2 --rh_rfm_maxacts_per_trefi=79 --num-cpus=4 --mem-size=16GB --mem-type=DDR5_2400_32x4 --mem-ranks=1 --mem-channels=1 --checkpoint-dir=/home/user/PrIDE/performance/gem5/cpts-DDR5/multiprogram_16GBmem_25Bn.SPEC2017.C4/povray-1-ref-x86 --checkpoint-restore=25000000000 --at-instruction --cpu-type DerivO3CPU --caches --l2cache --l1d_size=32kB --l1i_size=32kB --l2_size=256kB --l3_size=4MB --l1d_assoc=8 --l1i_assoc=8 --l2_assoc=16 --l3_assoc=16 --cpu-clock=3GHz --sys-clock=3GHz --maxinsts=250000000 --prog-interval=300Hz

info: Standard input is not a terminal, disabling listeners.
Benchmark- 0   povray
Selected benchmark
--> povray
CMD: ['/opt/spec2017/benchspec/CPU/511.povray_r/run/run_base_refrate_gem5_se-m64.0000/povray_r_base.gem5_se-m64', '/opt/spec2017/benchspec/CPU/511.povray_r/run/run_base_refrate_gem5_se-m64.0000/SPEC-benchmark-ref.ini']
CWD: /opt/spec2017/benchspec/CPU/511.povray_r/run/run_base_refrate_gem5_se-m64.0000/
Process stdout file: /home/user/PrIDE/performance/gem5/stats/pride_multiprogram_16GBmem_250Mn.SPEC2017.C4/RFM10.BR2.4C/povray/povray.out_0
Process stderr file: /home/user/PrIDE/performance/gem5/stats/pride_multiprogram_16GBmem_250Mn.SPEC2017.C4/RFM10.BR2.4C/povray/povray.err_0
Benchmark- 1   povray
Selected benchmark
--> povray
CMD: ['/opt/spec2017/benchspec/CPU/511.povray_r/run/run_base_refrate_gem5_se-m64.0000/povray_r_base.gem5_se-m64', '/opt/spec2017/benchspec/CPU/511.povray_r/run/run_base_refrate_gem5_se-m64.0000/SPEC-benchmark-ref.ini']
CWD: /opt/spec2017/benchspec/CPU/511.povray_r/run/run_base_refrate_gem5_se-m64.0000/
Process stdout file: /home/user/PrIDE/performance/gem5/stats/pride_multiprogram_16GBmem_250Mn.SPEC2017.C4/RFM10.BR2.4C/povray/povray.out_1
Process stderr file: /home/user/PrIDE/performance/gem5/stats/pride_multiprogram_16GBmem_250Mn.SPEC2017.C4/RFM10.BR2.4C/povray/povray.err_1
Benchmark- 2   povray
Selected benchmark
--> povray
CMD: ['/opt/spec2017/benchspec/CPU/511.povray_r/run/run_base_refrate_gem5_se-m64.0000/povray_r_base.gem5_se-m64', '/opt/spec2017/benchspec/CPU/511.povray_r/run/run_base_refrate_gem5_se-m64.0000/SPEC-benchmark-ref.ini']
CWD: /opt/spec2017/benchspec/CPU/511.povray_r/run/run_base_refrate_gem5_se-m64.0000/
Process stdout file: /home/user/PrIDE/performance/gem5/stats/pride_multiprogram_16GBmem_250Mn.SPEC2017.C4/RFM10.BR2.4C/povray/povray.out_2
Process stderr file: /home/user/PrIDE/performance/gem5/stats/pride_multiprogram_16GBmem_250Mn.SPEC2017.C4/RFM10.BR2.4C/povray/povray.err_2
Benchmark- 3   povray
Selected benchmark
--> povray
CMD: ['/opt/spec2017/benchspec/CPU/511.povray_r/run/run_base_refrate_gem5_se-m64.0000/povray_r_base.gem5_se-m64', '/opt/spec2017/benchspec/CPU/511.povray_r/run/run_base_refrate_gem5_se-m64.0000/SPEC-benchmark-ref.ini']
CWD: /opt/spec2017/benchspec/CPU/511.povray_r/run/run_base_refrate_gem5_se-m64.0000/
Process stdout file: /home/user/PrIDE/performance/gem5/stats/pride_multiprogram_16GBmem_250Mn.SPEC2017.C4/RFM10.BR2.4C/povray/povray.out_3
Process stderr file: /home/user/PrIDE/performance/gem5/stats/pride_multiprogram_16GBmem_250Mn.SPEC2017.C4/RFM10.BR2.4C/povray/povray.err_3
Workload-0: 
['/opt/spec2017/benchspec/CPU/511.povray_r/run/run_base_refrate_gem5_se-m64.0000/povray_r_base.gem5_se-m64', '/opt/spec2017/benchspec/CPU/511.povray_r/run/run_base_refrate_gem5_se-m64.0000/SPEC-benchmark-ref.ini']
Workload-1: 
['/opt/spec2017/benchspec/CPU/511.povray_r/run/run_base_refrate_gem5_se-m64.0000/povray_r_base.gem5_se-m64', '/opt/spec2017/benchspec/CPU/511.povray_r/run/run_base_refrate_gem5_se-m64.0000/SPEC-benchmark-ref.ini']
Workload-2: 
['/opt/spec2017/benchspec/CPU/511.povray_r/run/run_base_refrate_gem5_se-m64.0000/povray_r_base.gem5_se-m64', '/opt/spec2017/benchspec/CPU/511.povray_r/run/run_base_refrate_gem5_se-m64.0000/SPEC-benchmark-ref.ini']
Workload-3: 
['/opt/spec2017/benchspec/CPU/511.povray_r/run/run_base_refrate_gem5_se-m64.0000/povray_r_base.gem5_se-m64', '/opt/spec2017/benchspec/CPU/511.povray_r/run/run_base_refrate_gem5_se-m64.0000/SPEC-benchmark-ref.ini']
defense_enable:  True  detector:  MG  mitigation:  RFM  threshold:  800
mg_entries:  1700
rfm_maxacts_per_trefi:  79 rfm_per_trefi:  10 rfm_blast_radius:  2
Switch at curTick count:10000
warn: membus.master is deprecated. `master` is now called `mem_side_ports`
warn: No dot file generated. Please install pydot to generate the dot file and pdf.
info: Entering event queue @ 17895005580168.  Starting simulation...
info: Entering event queue @ 17895005590168.  Starting simulation...
warn: PowerState: Already in the requested power state, request ignored
Switched CPUS @ tick 17895005590168
switching cpus
**** REAL SIMULATION ****
info: Entering event queue @ 17895005590824.  Starting simulation...
17898338913501: Event_285: system.switch_cpus3 progress event, total committed:44434160, progress insts committed: 44434160, IPC: 04.43897
17898338913501: Event_284: system.switch_cpus2 progress event, total committed:44434329, progress insts committed: 44434329, IPC: 04.43899
17898338913501: Event_283: system.switch_cpus1 progress event, total committed:44432972, progress insts committed: 44432972, IPC: 04.43885
17898338913501: Event_282: system.switch_cpus0 progress event, total committed:44431799, progress insts committed: 44431799, IPC: 04.43874
17901672246834: Event_282: system.switch_cpus0 progress event, total committed:89796123, progress insts committed: 45364324, IPC: 004.5319
17901672246834: Event_283: system.switch_cpus1 progress event, total committed:89796137, progress insts committed: 45363165, IPC: 04.53178
17901672246834: Event_284: system.switch_cpus2 progress event, total committed:89796437, progress insts committed: 45362108, IPC: 04.53167
17901672246834: Event_285: system.switch_cpus3 progress event, total committed:89796406, progress insts committed: 45362246, IPC: 04.53169
17905005580167: Event_285: system.switch_cpus3 progress event, total committed:135301906, progress insts committed: 45505500, IPC: 0004.546
17905005580167: Event_284: system.switch_cpus2 progress event, total committed:135301753, progress insts committed: 45505316, IPC: 04.54598
17905005580167: Event_283: system.switch_cpus1 progress event, total committed:135302185, progress insts committed: 45506048, IPC: 04.54605
17905005580167: Event_282: system.switch_cpus0 progress event, total committed:135301379, progress insts committed: 45505256, IPC: 04.54598
17908338913500: Event_282: system.switch_cpus0 progress event, total committed:180774861, progress insts committed: 45473482, IPC: 004.5428
17908338913500: Event_283: system.switch_cpus1 progress event, total committed:180773168, progress insts committed: 45470983, IPC: 04.54255
17908338913500: Event_284: system.switch_cpus2 progress event, total committed:180774858, progress insts committed: 45473105, IPC: 04.54276
17908338913500: Event_285: system.switch_cpus3 progress event, total committed:180775770, progress insts committed: 45473864, IPC: 04.54284
17911672246833: Event_285: system.switch_cpus3 progress event, total committed:226435806, progress insts committed: 45660036, IPC: 04.56144
17911672246833: Event_284: system.switch_cpus2 progress event, total committed:226435017, progress insts committed: 45660159, IPC: 04.56145
17911672246833: Event_283: system.switch_cpus1 progress event, total committed:226432626, progress insts committed: 45659458, IPC: 04.56138
17911672246833: Event_282: system.switch_cpus0 progress event, total committed:226434712, progress insts committed: 45659851, IPC: 04.56142
17915005580166: Event_282: system.switch_cpus0 progress event, total committed:272135257, progress insts committed: 45700545, IPC: 04.56548
17915005580166: Event_283: system.switch_cpus1 progress event, total committed:272135257, progress insts committed: 45702631, IPC: 04.56569
17915005580166: Event_284: system.switch_cpus2 progress event, total committed:272136954, progress insts committed: 45701937, IPC: 04.56562
17915005580166: Event_285: system.switch_cpus3 progress event, total committed:272138095, progress insts committed: 45702289, IPC: 04.56566
17918338913499: Event_285: system.switch_cpus3 progress event, total committed:317911283, progress insts committed: 45773188, IPC: 04.57274
17918338913499: Event_284: system.switch_cpus2 progress event, total committed:317910831, progress insts committed: 45773877, IPC: 04.57281
17918338913499: Event_283: system.switch_cpus1 progress event, total committed:317909688, progress insts committed: 45774431, IPC: 04.57287
17918338913499: Event_282: system.switch_cpus0 progress event, total committed:317909263, progress insts committed: 45774006, IPC: 04.57282
17921672246832: Event_282: system.switch_cpus0 progress event, total committed:362967901, progress insts committed: 45058638, IPC: 04.50136
17921672246832: Event_283: system.switch_cpus1 progress event, total committed:362967983, progress insts committed: 45058295, IPC: 04.50132
17921672246832: Event_284: system.switch_cpus2 progress event, total committed:362968383, progress insts committed: 45057552, IPC: 04.50125
17921672246832: Event_285: system.switch_cpus3 progress event, total committed:362968356, progress insts committed: 45057073, IPC: 004.5012
17925005580165: Event_285: system.switch_cpus3 progress event, total committed:408078603, progress insts committed: 45110247, IPC: 04.50651
17925005580165: Event_284: system.switch_cpus2 progress event, total committed:408078539, progress insts committed: 45110156, IPC: 004.5065
17925005580165: Event_283: system.switch_cpus1 progress event, total committed:408078526, progress insts committed: 45110543, IPC: 04.50654
17925005580165: Event_282: system.switch_cpus0 progress event, total committed:408078532, progress insts committed: 45110631, IPC: 04.50655
Exiting @ tick 17928135595656 because a thread reached the max instruction count
