Command line:
./runscript_pride.sh mix10 RFM1.BR1.4C 4 2017 --rh_defense --rh_mitigation=RFM --rh_rfm_per_trefi=1 --rh_rfm_blast_radius=1 --rh_rfm_maxacts_per_trefi=79
Global frequency set at 1000000000000 ticks per second
RFM details - rfm_act_threshold: 79, blast_radius: 1, delay_per_rfm: 175000 ps. sample_rate: 0.012500
RH Defense config: RFM, Bus Delay: 0, rfms_per_trefi: 1, rfm_act_threshold: 79, blast_radius: 1,rfm_delay_per_act: 45000 ps.
DRAM config: RowsPerBank: 65536, BanksPerRank: 32, RanksPerChannel: 1
warn: Sockets disabled, not accepting gdb connections
warn: CoherentXBar system.cpu0.mmucache.mmubus has no snooping ports attached!
warn: CoherentXBar system.cpu1.mmucache.mmubus has no snooping ports attached!
warn: CoherentXBar system.cpu2.mmucache.mmubus has no snooping ports attached!
warn: CoherentXBar system.cpu3.mmucache.mmubus has no snooping ports attached!
warn: Checkpoints for file descriptors currently do not work.
warn: Checkpoints for file descriptors currently do not work.
warn: Checkpoints for file descriptors currently do not work.
warn: Checkpoints for file descriptors currently do not work.
gem5 Simulator System.  http://gem5.org
gem5 is copyrighted software; use the --copyright option for details.

gem5 version 20.1.0.5
gem5 compiled Jul 12 2024 12:42:38
gem5 started Jul 31 2024 15:37:59
gem5 executing on a07dda8b130c, pid 238892
command line: /home/user/PrIDE/performance/gem5/build/X86/gem5.opt --outdir=/home/user/PrIDE/performance/gem5/stats/pride_multiprogram_16GBmem_250Mn.SPEC2017.C4/RFM1.BR1.4C/mix10 /home/user/PrIDE/performance/gem5/configs/example/se_rq_spec_config_multicore.py --redirects /lib64=/home/utils/gcc-6.2.0/lib64 --benchmark=mix10 --benchmark_stdout=/home/user/PrIDE/performance/gem5/stats/pride_multiprogram_16GBmem_250Mn.SPEC2017.C4/RFM1.BR1.4C/mix10/mix10.out --benchmark_stderr=/home/user/PrIDE/performance/gem5/stats/pride_multiprogram_16GBmem_250Mn.SPEC2017.C4/RFM1.BR1.4C/mix10/mix10.err --spec-version=2017 --rh_defense --rh_mitigation=RFM --rh_rfm_per_trefi=1 --rh_rfm_blast_radius=1 --rh_rfm_maxacts_per_trefi=79 --num-cpus=4 --mem-size=16GB --mem-type=DDR5_2400_32x4 --mem-ranks=1 --mem-channels=1 --checkpoint-dir=/home/user/PrIDE/performance/gem5/cpts-DDR5/multiprogram_16GBmem_25Bn.SPEC2017.C4/mix10-1-ref-x86 --checkpoint-restore=25000000000 --at-instruction --cpu-type DerivO3CPU --caches --l2cache --l1d_size=32kB --l1i_size=32kB --l2_size=256kB --l3_size=4MB --l1d_assoc=8 --l1i_assoc=8 --l2_assoc=16 --l3_assoc=16 --cpu-clock=3GHz --sys-clock=3GHz --maxinsts=250000000 --prog-interval=300Hz

info: Standard input is not a terminal, disabling listeners.
Benchmark- 0   wrf
Selected benchmark
--> wrf
CMD: ['/opt/spec2017/benchspec/CPU/521.wrf_r/run/run_base_refrate_gem5_se-m64.0000/wrf_r_base.gem5_se-m64']
CWD: /opt/spec2017/benchspec/CPU/521.wrf_r/run/run_base_refrate_gem5_se-m64.0000/
Process stdout file: /home/user/PrIDE/performance/gem5/stats/pride_multiprogram_16GBmem_250Mn.SPEC2017.C4/RFM1.BR1.4C/mix10/mix10.out_0
Process stderr file: /home/user/PrIDE/performance/gem5/stats/pride_multiprogram_16GBmem_250Mn.SPEC2017.C4/RFM1.BR1.4C/mix10/mix10.err_0
Benchmark- 1   povray
Selected benchmark
--> povray
CMD: ['/opt/spec2017/benchspec/CPU/511.povray_r/run/run_base_refrate_gem5_se-m64.0000/povray_r_base.gem5_se-m64', '/opt/spec2017/benchspec/CPU/511.povray_r/run/run_base_refrate_gem5_se-m64.0000/SPEC-benchmark-ref.ini']
CWD: /opt/spec2017/benchspec/CPU/511.povray_r/run/run_base_refrate_gem5_se-m64.0000/
Process stdout file: /home/user/PrIDE/performance/gem5/stats/pride_multiprogram_16GBmem_250Mn.SPEC2017.C4/RFM1.BR1.4C/mix10/mix10.out_1
Process stderr file: /home/user/PrIDE/performance/gem5/stats/pride_multiprogram_16GBmem_250Mn.SPEC2017.C4/RFM1.BR1.4C/mix10/mix10.err_1
Benchmark- 2   mcf
Selected benchmark
--> mcf
CMD: ['/opt/spec2017/benchspec/CPU/505.mcf_r/run/run_base_refrate_gem5_se-m64.0000/mcf_r_base.gem5_se-m64', '/opt/spec2017/benchspec/CPU/505.mcf_r/run/run_base_refrate_gem5_se-m64.0000/inp.in']
CWD: /opt/spec2017/benchspec/CPU/505.mcf_r/run/run_base_refrate_gem5_se-m64.0000/
Process stdout file: /home/user/PrIDE/performance/gem5/stats/pride_multiprogram_16GBmem_250Mn.SPEC2017.C4/RFM1.BR1.4C/mix10/mix10.out_2
Process stderr file: /home/user/PrIDE/performance/gem5/stats/pride_multiprogram_16GBmem_250Mn.SPEC2017.C4/RFM1.BR1.4C/mix10/mix10.err_2
Benchmark- 3   nab
Selected benchmark
--> nab
CMD: ['/opt/spec2017/benchspec/CPU/544.nab_r/run/run_base_refrate_gem5_se-m64.0000/nab_r_base.gem5_se-m64', '1am0', '1122214447', '122']
CWD: /opt/spec2017/benchspec/CPU/544.nab_r/run/run_base_refrate_gem5_se-m64.0000/
Process stdout file: /home/user/PrIDE/performance/gem5/stats/pride_multiprogram_16GBmem_250Mn.SPEC2017.C4/RFM1.BR1.4C/mix10/mix10.out_3
Process stderr file: /home/user/PrIDE/performance/gem5/stats/pride_multiprogram_16GBmem_250Mn.SPEC2017.C4/RFM1.BR1.4C/mix10/mix10.err_3
Workload-0: 
['/opt/spec2017/benchspec/CPU/521.wrf_r/run/run_base_refrate_gem5_se-m64.0000/wrf_r_base.gem5_se-m64']
Workload-1: 
['/opt/spec2017/benchspec/CPU/511.povray_r/run/run_base_refrate_gem5_se-m64.0000/povray_r_base.gem5_se-m64', '/opt/spec2017/benchspec/CPU/511.povray_r/run/run_base_refrate_gem5_se-m64.0000/SPEC-benchmark-ref.ini']
Workload-2: 
['/opt/spec2017/benchspec/CPU/505.mcf_r/run/run_base_refrate_gem5_se-m64.0000/mcf_r_base.gem5_se-m64', '/opt/spec2017/benchspec/CPU/505.mcf_r/run/run_base_refrate_gem5_se-m64.0000/inp.in']
Workload-3: 
['/opt/spec2017/benchspec/CPU/544.nab_r/run/run_base_refrate_gem5_se-m64.0000/nab_r_base.gem5_se-m64', '1am0', '1122214447', '122']
defense_enable:  True  detector:  MG  mitigation:  RFM  threshold:  800
mg_entries:  1700
rfm_maxacts_per_trefi:  79 rfm_per_trefi:  1 rfm_blast_radius:  1
Switch at curTick count:10000
warn: membus.master is deprecated. `master` is now called `mem_side_ports`
warn: No dot file generated. Please install pydot to generate the dot file and pdf.
info: Entering event queue @ 16815150906111.  Starting simulation...
info: Entering event queue @ 16815150916111.  Starting simulation...
warn: PowerState: Already in the requested power state, request ignored
Switched CPUS @ tick 16815150916111
switching cpus
**** REAL SIMULATION ****
info: Entering event queue @ 16815150916434.  Starting simulation...
warn: MOVNTDQ: Ignoring non-temporal hint, modeling as cacheable!
16818484239444: Event_285: system.switch_cpus3 progress event, total committed:28331667, progress insts committed: 28331667, IPC: 02.83033
16818484239444: Event_284: system.switch_cpus2 progress event, total committed:11644153, progress insts committed: 11644153, IPC: 01.16325
16818484239444: Event_283: system.switch_cpus1 progress event, total committed:44459606, progress insts committed: 44459606, IPC: 04.44151
16818484239444: Event_282: system.switch_cpus0 progress event, total committed:36777499, progress insts committed: 36777499, IPC: 03.67407
16821817572777: Event_282: system.switch_cpus0 progress event, total committed:74114778, progress insts committed: 37337279, IPC: 03.72999
16821817572777: Event_283: system.switch_cpus1 progress event, total committed:89621041, progress insts committed: 45161435, IPC: 04.51163
16821817572777: Event_284: system.switch_cpus2 progress event, total committed:23990721, progress insts committed: 12346568, IPC: 01.23342
16821817572777: Event_285: system.switch_cpus3 progress event, total committed:57663814, progress insts committed: 29332147, IPC: 02.93028
16825150906110: Event_285: system.switch_cpus3 progress event, total committed:86940864, progress insts committed: 29277050, IPC: 02.92478
16825150906110: Event_284: system.switch_cpus2 progress event, total committed:36730193, progress insts committed: 12739472, IPC: 01.27267
16825150906110: Event_283: system.switch_cpus1 progress event, total committed:134814943, progress insts committed: 45193902, IPC: 04.51487
16825150906110: Event_282: system.switch_cpus0 progress event, total committed:111581591, progress insts committed: 37466813, IPC: 03.74293
16828484239443: Event_282: system.switch_cpus0 progress event, total committed:149303780, progress insts committed: 37722189, IPC: 03.76845
16828484239443: Event_283: system.switch_cpus1 progress event, total committed:180065997, progress insts committed: 45251054, IPC: 04.52058
16828484239443: Event_284: system.switch_cpus2 progress event, total committed:49568536, progress insts committed: 12838343, IPC: 01.28255
16828484239443: Event_285: system.switch_cpus3 progress event, total committed:116382858, progress insts committed: 29441994, IPC: 02.94126
16831817572776: Event_285: system.switch_cpus3 progress event, total committed:145770237, progress insts committed: 29387379, IPC: 002.9358
16831817572776: Event_284: system.switch_cpus2 progress event, total committed:61715649, progress insts committed: 12147113, IPC: 001.2135
16831817572776: Event_283: system.switch_cpus1 progress event, total committed:225331982, progress insts committed: 45265985, IPC: 04.52207
16831817572776: Event_282: system.switch_cpus0 progress event, total committed:178032153, progress insts committed: 28728373, IPC: 02.86996
16835150906109: Event_282: system.switch_cpus0 progress event, total committed:201342465, progress insts committed: 23310312, IPC: 002.3287
16835150906109: Event_283: system.switch_cpus1 progress event, total committed:270872902, progress insts committed: 45540920, IPC: 04.54954
16835150906109: Event_284: system.switch_cpus2 progress event, total committed:74112314, progress insts committed: 12396665, IPC: 01.23843
16835150906109: Event_285: system.switch_cpus3 progress event, total committed:175016342, progress insts committed: 29246105, IPC: 02.92169
16838484239442: Event_285: system.switch_cpus3 progress event, total committed:203719609, progress insts committed: 28703267, IPC: 02.86746
16838484239442: Event_284: system.switch_cpus2 progress event, total committed:86588269, progress insts committed: 12475955, IPC: 01.24635
16838484239442: Event_283: system.switch_cpus1 progress event, total committed:316751747, progress insts committed: 45878845, IPC: 004.5833
16838484239442: Event_282: system.switch_cpus0 progress event, total committed:223384422, progress insts committed: 22041957, IPC: 02.20199
16841817572775: Event_282: system.switch_cpus0 progress event, total committed:226157449, progress insts committed: 2773027, IPC: 0.277025
16841817572775: Event_283: system.switch_cpus1 progress event, total committed:360861978, progress insts committed: 44110231, IPC: 04.40661
16841817572775: Event_284: system.switch_cpus2 progress event, total committed:98384713, progress insts committed: 11796444, IPC: 01.17846
16841817572775: Event_285: system.switch_cpus3 progress event, total committed:232080483, progress insts committed: 28360874, IPC: 02.83325
16845150906108: Event_285: system.switch_cpus3 progress event, total committed:259870513, progress insts committed: 27790030, IPC: 02.77622
16845150906108: Event_284: system.switch_cpus2 progress event, total committed:109409396, progress insts committed: 11024683, IPC: 01.10137
16845150906108: Event_283: system.switch_cpus1 progress event, total committed:405900705, progress insts committed: 45038727, IPC: 04.49937
16845150906108: Event_282: system.switch_cpus0 progress event, total committed:228108867, progress insts committed: 1951418, IPC: 0.194947
Exiting @ tick 16848450245439 because a thread reached the max instruction count
