Command line:
./runscript_pride.sh namd RFM5.BR1.4C 4 2017 --rh_defense --rh_mitigation=RFM --rh_rfm_per_trefi=5 --rh_rfm_blast_radius=1 --rh_rfm_maxacts_per_trefi=79
Global frequency set at 1000000000000 ticks per second
RFM details - rfm_act_threshold: 15, blast_radius: 1, delay_per_rfm: 175000 ps. sample_rate: 0.062500
RH Defense config: RFM, Bus Delay: 0, rfms_per_trefi: 5, rfm_act_threshold: 15, blast_radius: 1,rfm_delay_per_act: 45000 ps.
DRAM config: RowsPerBank: 65536, BanksPerRank: 32, RanksPerChannel: 1
warn: Sockets disabled, not accepting gdb connections
warn: CoherentXBar system.cpu0.mmucache.mmubus has no snooping ports attached!
warn: CoherentXBar system.cpu1.mmucache.mmubus has no snooping ports attached!
warn: CoherentXBar system.cpu2.mmucache.mmubus has no snooping ports attached!
warn: CoherentXBar system.cpu3.mmucache.mmubus has no snooping ports attached!
warn: Checkpoints for file descriptors currently do not work.
warn: Checkpoints for file descriptors currently do not work.
warn: Checkpoints for file descriptors currently do not work.
warn: Checkpoints for file descriptors currently do not work.
gem5 Simulator System.  http://gem5.org
gem5 is copyrighted software; use the --copyright option for details.

gem5 version 20.1.0.5
gem5 compiled Jul 12 2024 12:42:38
gem5 started Jul 31 2024 17:53:01
gem5 executing on a07dda8b130c, pid 241637
command line: /home/user/PrIDE/performance/gem5/build/X86/gem5.opt --outdir=/home/user/PrIDE/performance/gem5/stats/pride_multiprogram_16GBmem_250Mn.SPEC2017.C4/RFM5.BR1.4C/namd /home/user/PrIDE/performance/gem5/configs/example/se_rq_spec_config_multicore.py --redirects /lib64=/home/utils/gcc-6.2.0/lib64 --benchmark=namd --benchmark_stdout=/home/user/PrIDE/performance/gem5/stats/pride_multiprogram_16GBmem_250Mn.SPEC2017.C4/RFM5.BR1.4C/namd/namd.out --benchmark_stderr=/home/user/PrIDE/performance/gem5/stats/pride_multiprogram_16GBmem_250Mn.SPEC2017.C4/RFM5.BR1.4C/namd/namd.err --spec-version=2017 --rh_defense --rh_mitigation=RFM --rh_rfm_per_trefi=5 --rh_rfm_blast_radius=1 --rh_rfm_maxacts_per_trefi=79 --num-cpus=4 --mem-size=16GB --mem-type=DDR5_2400_32x4 --mem-ranks=1 --mem-channels=1 --checkpoint-dir=/home/user/PrIDE/performance/gem5/cpts-DDR5/multiprogram_16GBmem_25Bn.SPEC2017.C4/namd-1-ref-x86 --checkpoint-restore=25000000000 --at-instruction --cpu-type DerivO3CPU --caches --l2cache --l1d_size=32kB --l1i_size=32kB --l2_size=256kB --l3_size=4MB --l1d_assoc=8 --l1i_assoc=8 --l2_assoc=16 --l3_assoc=16 --cpu-clock=3GHz --sys-clock=3GHz --maxinsts=250000000 --prog-interval=300Hz

info: Standard input is not a terminal, disabling listeners.
Benchmark- 0   namd
Selected benchmark
--> namd
CMD: ['/opt/spec2017/benchspec/CPU/508.namd_r/run/run_base_refrate_gem5_se-m64.0000/namd_r_base.gem5_se-m64', '--input', '/opt/spec2017/benchspec/CPU/508.namd_r/run/run_base_refrate_gem5_se-m64.0000/apoa1.input', '--output', '/opt/spec2017/benchspec/CPU/508.namd_r/run/run_base_refrate_gem5_se-m64.0000/apoa1.ref.output', '--iterations', '65']
CWD: /opt/spec2017/benchspec/CPU/508.namd_r/run/run_base_refrate_gem5_se-m64.0000/
Process stdout file: /home/user/PrIDE/performance/gem5/stats/pride_multiprogram_16GBmem_250Mn.SPEC2017.C4/RFM5.BR1.4C/namd/namd.out_0
Process stderr file: /home/user/PrIDE/performance/gem5/stats/pride_multiprogram_16GBmem_250Mn.SPEC2017.C4/RFM5.BR1.4C/namd/namd.err_0
Benchmark- 1   namd
Selected benchmark
--> namd
CMD: ['/opt/spec2017/benchspec/CPU/508.namd_r/run/run_base_refrate_gem5_se-m64.0000/namd_r_base.gem5_se-m64', '--input', '/opt/spec2017/benchspec/CPU/508.namd_r/run/run_base_refrate_gem5_se-m64.0000/apoa1.input', '--output', '/opt/spec2017/benchspec/CPU/508.namd_r/run/run_base_refrate_gem5_se-m64.0000/apoa1.ref.output', '--iterations', '65']
CWD: /opt/spec2017/benchspec/CPU/508.namd_r/run/run_base_refrate_gem5_se-m64.0000/
Process stdout file: /home/user/PrIDE/performance/gem5/stats/pride_multiprogram_16GBmem_250Mn.SPEC2017.C4/RFM5.BR1.4C/namd/namd.out_1
Process stderr file: /home/user/PrIDE/performance/gem5/stats/pride_multiprogram_16GBmem_250Mn.SPEC2017.C4/RFM5.BR1.4C/namd/namd.err_1
Benchmark- 2   namd
Selected benchmark
--> namd
CMD: ['/opt/spec2017/benchspec/CPU/508.namd_r/run/run_base_refrate_gem5_se-m64.0000/namd_r_base.gem5_se-m64', '--input', '/opt/spec2017/benchspec/CPU/508.namd_r/run/run_base_refrate_gem5_se-m64.0000/apoa1.input', '--output', '/opt/spec2017/benchspec/CPU/508.namd_r/run/run_base_refrate_gem5_se-m64.0000/apoa1.ref.output', '--iterations', '65']
CWD: /opt/spec2017/benchspec/CPU/508.namd_r/run/run_base_refrate_gem5_se-m64.0000/
Process stdout file: /home/user/PrIDE/performance/gem5/stats/pride_multiprogram_16GBmem_250Mn.SPEC2017.C4/RFM5.BR1.4C/namd/namd.out_2
Process stderr file: /home/user/PrIDE/performance/gem5/stats/pride_multiprogram_16GBmem_250Mn.SPEC2017.C4/RFM5.BR1.4C/namd/namd.err_2
Benchmark- 3   namd
Selected benchmark
--> namd
CMD: ['/opt/spec2017/benchspec/CPU/508.namd_r/run/run_base_refrate_gem5_se-m64.0000/namd_r_base.gem5_se-m64', '--input', '/opt/spec2017/benchspec/CPU/508.namd_r/run/run_base_refrate_gem5_se-m64.0000/apoa1.input', '--output', '/opt/spec2017/benchspec/CPU/508.namd_r/run/run_base_refrate_gem5_se-m64.0000/apoa1.ref.output', '--iterations', '65']
CWD: /opt/spec2017/benchspec/CPU/508.namd_r/run/run_base_refrate_gem5_se-m64.0000/
Process stdout file: /home/user/PrIDE/performance/gem5/stats/pride_multiprogram_16GBmem_250Mn.SPEC2017.C4/RFM5.BR1.4C/namd/namd.out_3
Process stderr file: /home/user/PrIDE/performance/gem5/stats/pride_multiprogram_16GBmem_250Mn.SPEC2017.C4/RFM5.BR1.4C/namd/namd.err_3
Workload-0: 
['/opt/spec2017/benchspec/CPU/508.namd_r/run/run_base_refrate_gem5_se-m64.0000/namd_r_base.gem5_se-m64', '--input', '/opt/spec2017/benchspec/CPU/508.namd_r/run/run_base_refrate_gem5_se-m64.0000/apoa1.input', '--output', '/opt/spec2017/benchspec/CPU/508.namd_r/run/run_base_refrate_gem5_se-m64.0000/apoa1.ref.output', '--iterations', '65']
Workload-1: 
['/opt/spec2017/benchspec/CPU/508.namd_r/run/run_base_refrate_gem5_se-m64.0000/namd_r_base.gem5_se-m64', '--input', '/opt/spec2017/benchspec/CPU/508.namd_r/run/run_base_refrate_gem5_se-m64.0000/apoa1.input', '--output', '/opt/spec2017/benchspec/CPU/508.namd_r/run/run_base_refrate_gem5_se-m64.0000/apoa1.ref.output', '--iterations', '65']
Workload-2: 
['/opt/spec2017/benchspec/CPU/508.namd_r/run/run_base_refrate_gem5_se-m64.0000/namd_r_base.gem5_se-m64', '--input', '/opt/spec2017/benchspec/CPU/508.namd_r/run/run_base_refrate_gem5_se-m64.0000/apoa1.input', '--output', '/opt/spec2017/benchspec/CPU/508.namd_r/run/run_base_refrate_gem5_se-m64.0000/apoa1.ref.output', '--iterations', '65']
Workload-3: 
['/opt/spec2017/benchspec/CPU/508.namd_r/run/run_base_refrate_gem5_se-m64.0000/namd_r_base.gem5_se-m64', '--input', '/opt/spec2017/benchspec/CPU/508.namd_r/run/run_base_refrate_gem5_se-m64.0000/apoa1.input', '--output', '/opt/spec2017/benchspec/CPU/508.namd_r/run/run_base_refrate_gem5_se-m64.0000/apoa1.ref.output', '--iterations', '65']
defense_enable:  True  detector:  MG  mitigation:  RFM  threshold:  800
mg_entries:  1700
rfm_maxacts_per_trefi:  79 rfm_per_trefi:  5 rfm_blast_radius:  1
Switch at curTick count:10000
warn: membus.master is deprecated. `master` is now called `mem_side_ports`
warn: No dot file generated. Please install pydot to generate the dot file and pdf.
info: Entering event queue @ 13945158483732.  Starting simulation...
warn: PowerState: Already in the requested power state, request ignored
Switched CPUS @ tick 13945158493732
switching cpus
**** REAL SIMULATION ****
info: Entering event queue @ 13945158493732.  Starting simulation...
13948491817065: Event_285: system.switch_cpus3 progress event, total committed:33708647, progress insts committed: 33708647, IPC: 03.36749
13948491817065: Event_284: system.switch_cpus2 progress event, total committed:33741957, progress insts committed: 33741957, IPC: 03.37082
13948491817065: Event_283: system.switch_cpus1 progress event, total committed:33699607, progress insts committed: 33699607, IPC: 03.36659
13948491817065: Event_282: system.switch_cpus0 progress event, total committed:33699468, progress insts committed: 33699468, IPC: 03.36658
13951825150398: Event_282: system.switch_cpus0 progress event, total committed:68025220, progress insts committed: 34325752, IPC: 03.42914
13951825150398: Event_283: system.switch_cpus1 progress event, total committed:68069261, progress insts committed: 34369654, IPC: 03.43353
13951825150398: Event_284: system.switch_cpus2 progress event, total committed:68159025, progress insts committed: 34417068, IPC: 03.43827
13951825150398: Event_285: system.switch_cpus3 progress event, total committed:68158940, progress insts committed: 34450293, IPC: 03.44158
13955158483731: Event_285: system.switch_cpus3 progress event, total committed:102506656, progress insts committed: 34347716, IPC: 03.43134
13955158483731: Event_284: system.switch_cpus2 progress event, total committed:102604887, progress insts committed: 34445862, IPC: 03.44114
13955158483731: Event_283: system.switch_cpus1 progress event, total committed:102485571, progress insts committed: 34416310, IPC: 03.43819
13955158483731: Event_282: system.switch_cpus0 progress event, total committed:102485647, progress insts committed: 34460427, IPC: 003.4426
13958491817064: Event_282: system.switch_cpus0 progress event, total committed:137433704, progress insts committed: 34948057, IPC: 03.49131
13958491817064: Event_283: system.switch_cpus1 progress event, total committed:137433592, progress insts committed: 34948021, IPC: 03.49131
13958491817064: Event_284: system.switch_cpus2 progress event, total committed:137736276, progress insts committed: 35131389, IPC: 03.50963
13958491817064: Event_285: system.switch_cpus3 progress event, total committed:137579812, progress insts committed: 35073156, IPC: 03.50381
13961825150397: Event_285: system.switch_cpus3 progress event, total committed:172835626, progress insts committed: 35255814, IPC: 03.52206
13961825150397: Event_284: system.switch_cpus2 progress event, total committed:172873889, progress insts committed: 35137613, IPC: 03.51025
13961825150397: Event_283: system.switch_cpus1 progress event, total committed:172577751, progress insts committed: 35144159, IPC: 003.5109
13961825150397: Event_282: system.switch_cpus0 progress event, total committed:172558166, progress insts committed: 35124462, IPC: 03.50893
13965158483730: Event_282: system.switch_cpus0 progress event, total committed:207040693, progress insts committed: 34482527, IPC: 003.4448
13965158483730: Event_283: system.switch_cpus1 progress event, total committed:207010758, progress insts committed: 34433007, IPC: 03.43986
13965158483730: Event_284: system.switch_cpus2 progress event, total committed:207325122, progress insts committed: 34451233, IPC: 03.44168
13965158483730: Event_285: system.switch_cpus3 progress event, total committed:207325519, progress insts committed: 34489893, IPC: 03.44554
13968491817063: Event_285: system.switch_cpus3 progress event, total committed:242367333, progress insts committed: 35041814, IPC: 03.50068
13968491817063: Event_284: system.switch_cpus2 progress event, total committed:242367383, progress insts committed: 35042261, IPC: 03.50072
13968491817063: Event_283: system.switch_cpus1 progress event, total committed:242113924, progress insts committed: 35103166, IPC: 03.50681
13968491817063: Event_282: system.switch_cpus0 progress event, total committed:242168905, progress insts committed: 35128212, IPC: 03.50931
13971825150396: Event_282: system.switch_cpus0 progress event, total committed:276802293, progress insts committed: 34633388, IPC: 03.45988
13971825150396: Event_283: system.switch_cpus1 progress event, total committed:276723942, progress insts committed: 34610018, IPC: 03.45754
13971825150396: Event_284: system.switch_cpus2 progress event, total committed:276869417, progress insts committed: 34502034, IPC: 03.44675
13971825150396: Event_285: system.switch_cpus3 progress event, total committed:276849750, progress insts committed: 34482417, IPC: 03.44479
Exiting @ tick 13973738039568 because a thread reached the max instruction count
