Command line:
./runscript_pride.sh povray RFM1.BR2.4C 4 2017 --rh_defense --rh_mitigation=RFM --rh_rfm_per_trefi=1 --rh_rfm_blast_radius=2 --rh_rfm_maxacts_per_trefi=79
Global frequency set at 1000000000000 ticks per second
RFM details - rfm_act_threshold: 79, blast_radius: 2, delay_per_rfm: 175000 ps. sample_rate: 0.012500
RH Defense config: RFM, Bus Delay: 0, rfms_per_trefi: 1, rfm_act_threshold: 79, blast_radius: 2,rfm_delay_per_act: 45000 ps.
DRAM config: RowsPerBank: 65536, BanksPerRank: 32, RanksPerChannel: 1
warn: Sockets disabled, not accepting gdb connections
warn: CoherentXBar system.cpu0.mmucache.mmubus has no snooping ports attached!
warn: CoherentXBar system.cpu1.mmucache.mmubus has no snooping ports attached!
warn: CoherentXBar system.cpu2.mmucache.mmubus has no snooping ports attached!
warn: CoherentXBar system.cpu3.mmucache.mmubus has no snooping ports attached!
warn: Checkpoints for file descriptors currently do not work.
warn: Checkpoints for file descriptors currently do not work.
warn: Checkpoints for file descriptors currently do not work.
warn: Checkpoints for file descriptors currently do not work.
gem5 Simulator System.  http://gem5.org
gem5 is copyrighted software; use the --copyright option for details.

gem5 version 20.1.0.5
gem5 compiled Jul 12 2024 12:42:38
gem5 started Jul 22 2024 13:34:34
gem5 executing on a07dda8b130c, pid 87810
command line: /home/user/PrIDE/performance/gem5/build/X86/gem5.opt --outdir=/home/user/PrIDE/performance/gem5/stats/pride_multiprogram_16GBmem_250Mn.SPEC2017.C4/RFM1.BR2.4C/povray /home/user/PrIDE/performance/gem5/configs/example/se_rq_spec_config_multicore.py --redirects /lib64=/home/utils/gcc-6.2.0/lib64 --benchmark=povray --benchmark_stdout=/home/user/PrIDE/performance/gem5/stats/pride_multiprogram_16GBmem_250Mn.SPEC2017.C4/RFM1.BR2.4C/povray/povray.out --benchmark_stderr=/home/user/PrIDE/performance/gem5/stats/pride_multiprogram_16GBmem_250Mn.SPEC2017.C4/RFM1.BR2.4C/povray/povray.err --spec-version=2017 --rh_defense --rh_mitigation=RFM --rh_rfm_per_trefi=1 --rh_rfm_blast_radius=2 --rh_rfm_maxacts_per_trefi=79 --num-cpus=4 --mem-size=16GB --mem-type=DDR5_2400_32x4 --mem-ranks=1 --checkpoint-dir=/home/user/PrIDE/performance/gem5/cpts/multiprogram_16GBmem_25Bn.SPEC2017.C4/povray-1-ref-x86 --checkpoint-restore=25000000000 --at-instruction --cpu-type DerivO3CPU --caches --l2cache --l1d_size=32kB --l1i_size=32kB --l2_size=256kB --l1d_assoc=8 --l1i_assoc=8 --l2_assoc=16 --maxinsts=250000000 --prog-interval=300Hz

info: Standard input is not a terminal, disabling listeners.
Benchmark- 0   povray
Selected benchmark
--> povray
CMD: ['/opt/spec2017/benchspec/CPU/511.povray_r/run/run_base_refrate_gem5_se-m64.0000/povray_r_base.gem5_se-m64', '/opt/spec2017/benchspec/CPU/511.povray_r/run/run_base_refrate_gem5_se-m64.0000/SPEC-benchmark-ref.ini']
CWD: /opt/spec2017/benchspec/CPU/511.povray_r/run/run_base_refrate_gem5_se-m64.0000/
Process stdout file: /home/user/PrIDE/performance/gem5/stats/pride_multiprogram_16GBmem_250Mn.SPEC2017.C4/RFM1.BR2.4C/povray/povray.out_0
Process stderr file: /home/user/PrIDE/performance/gem5/stats/pride_multiprogram_16GBmem_250Mn.SPEC2017.C4/RFM1.BR2.4C/povray/povray.err_0
Benchmark- 1   povray
Selected benchmark
--> povray
CMD: ['/opt/spec2017/benchspec/CPU/511.povray_r/run/run_base_refrate_gem5_se-m64.0000/povray_r_base.gem5_se-m64', '/opt/spec2017/benchspec/CPU/511.povray_r/run/run_base_refrate_gem5_se-m64.0000/SPEC-benchmark-ref.ini']
CWD: /opt/spec2017/benchspec/CPU/511.povray_r/run/run_base_refrate_gem5_se-m64.0000/
Process stdout file: /home/user/PrIDE/performance/gem5/stats/pride_multiprogram_16GBmem_250Mn.SPEC2017.C4/RFM1.BR2.4C/povray/povray.out_1
Process stderr file: /home/user/PrIDE/performance/gem5/stats/pride_multiprogram_16GBmem_250Mn.SPEC2017.C4/RFM1.BR2.4C/povray/povray.err_1
Benchmark- 2   povray
Selected benchmark
--> povray
CMD: ['/opt/spec2017/benchspec/CPU/511.povray_r/run/run_base_refrate_gem5_se-m64.0000/povray_r_base.gem5_se-m64', '/opt/spec2017/benchspec/CPU/511.povray_r/run/run_base_refrate_gem5_se-m64.0000/SPEC-benchmark-ref.ini']
CWD: /opt/spec2017/benchspec/CPU/511.povray_r/run/run_base_refrate_gem5_se-m64.0000/
Process stdout file: /home/user/PrIDE/performance/gem5/stats/pride_multiprogram_16GBmem_250Mn.SPEC2017.C4/RFM1.BR2.4C/povray/povray.out_2
Process stderr file: /home/user/PrIDE/performance/gem5/stats/pride_multiprogram_16GBmem_250Mn.SPEC2017.C4/RFM1.BR2.4C/povray/povray.err_2
Benchmark- 3   povray
Selected benchmark
--> povray
CMD: ['/opt/spec2017/benchspec/CPU/511.povray_r/run/run_base_refrate_gem5_se-m64.0000/povray_r_base.gem5_se-m64', '/opt/spec2017/benchspec/CPU/511.povray_r/run/run_base_refrate_gem5_se-m64.0000/SPEC-benchmark-ref.ini']
CWD: /opt/spec2017/benchspec/CPU/511.povray_r/run/run_base_refrate_gem5_se-m64.0000/
Process stdout file: /home/user/PrIDE/performance/gem5/stats/pride_multiprogram_16GBmem_250Mn.SPEC2017.C4/RFM1.BR2.4C/povray/povray.out_3
Process stderr file: /home/user/PrIDE/performance/gem5/stats/pride_multiprogram_16GBmem_250Mn.SPEC2017.C4/RFM1.BR2.4C/povray/povray.err_3
Workload-0: 
['/opt/spec2017/benchspec/CPU/511.povray_r/run/run_base_refrate_gem5_se-m64.0000/povray_r_base.gem5_se-m64', '/opt/spec2017/benchspec/CPU/511.povray_r/run/run_base_refrate_gem5_se-m64.0000/SPEC-benchmark-ref.ini']
Workload-1: 
['/opt/spec2017/benchspec/CPU/511.povray_r/run/run_base_refrate_gem5_se-m64.0000/povray_r_base.gem5_se-m64', '/opt/spec2017/benchspec/CPU/511.povray_r/run/run_base_refrate_gem5_se-m64.0000/SPEC-benchmark-ref.ini']
Workload-2: 
['/opt/spec2017/benchspec/CPU/511.povray_r/run/run_base_refrate_gem5_se-m64.0000/povray_r_base.gem5_se-m64', '/opt/spec2017/benchspec/CPU/511.povray_r/run/run_base_refrate_gem5_se-m64.0000/SPEC-benchmark-ref.ini']
Workload-3: 
['/opt/spec2017/benchspec/CPU/511.povray_r/run/run_base_refrate_gem5_se-m64.0000/povray_r_base.gem5_se-m64', '/opt/spec2017/benchspec/CPU/511.povray_r/run/run_base_refrate_gem5_se-m64.0000/SPEC-benchmark-ref.ini']
defense_enable:  True  detector:  MG  mitigation:  RFM  threshold:  800
mg_entries:  1700
rfm_maxacts_per_trefi:  79 rfm_per_trefi:  1 rfm_blast_radius:  2
Switch at curTick count:10000
warn: membus.master is deprecated. `master` is now called `mem_side_ports`
warn: No dot file generated. Please install pydot to generate the dot file and pdf.
info: Entering event queue @ 17895005562186.  Starting simulation...
info: Entering event queue @ 17895005572186.  Starting simulation...
warn: PowerState: Already in the requested power state, request ignored
Switched CPUS @ tick 17895005572186
switching cpus
**** REAL SIMULATION ****
info: Entering event queue @ 17895005572509.  Starting simulation...
17898338895519: Event_285: system.switch_cpus3 progress event, total committed:44485736, progress insts committed: 44485736, IPC: 04.44413
17898338895519: Event_284: system.switch_cpus2 progress event, total committed:44486578, progress insts committed: 44486578, IPC: 04.44421
17898338895519: Event_283: system.switch_cpus1 progress event, total committed:44487119, progress insts committed: 44487119, IPC: 04.44426
17898338895519: Event_282: system.switch_cpus0 progress event, total committed:44486951, progress insts committed: 44486951, IPC: 04.44425
17901672228852: Event_282: system.switch_cpus0 progress event, total committed:89850183, progress insts committed: 45363232, IPC: 04.53179
17901672228852: Event_283: system.switch_cpus1 progress event, total committed:89849754, progress insts committed: 45362635, IPC: 04.53173
17901672228852: Event_284: system.switch_cpus2 progress event, total committed:89857825, progress insts committed: 45371247, IPC: 04.53259
17901672228852: Event_285: system.switch_cpus3 progress event, total committed:89857400, progress insts committed: 45371664, IPC: 04.53263
17905005562185: Event_285: system.switch_cpus3 progress event, total committed:135362708, progress insts committed: 45505308, IPC: 04.54598
17905005562185: Event_284: system.switch_cpus2 progress event, total committed:135361741, progress insts committed: 45503916, IPC: 04.54584
17905005562185: Event_283: system.switch_cpus1 progress event, total committed:135357182, progress insts committed: 45507428, IPC: 04.54619
17905005562185: Event_282: system.switch_cpus0 progress event, total committed:135356729, progress insts committed: 45506546, IPC: 004.5461
17908338895518: Event_282: system.switch_cpus0 progress event, total committed:180828905, progress insts committed: 45472176, IPC: 04.54267
17908338895518: Event_283: system.switch_cpus1 progress event, total committed:180827914, progress insts committed: 45470732, IPC: 04.54253
17908338895518: Event_284: system.switch_cpus2 progress event, total committed:180830835, progress insts committed: 45469094, IPC: 04.54236
17908338895518: Event_285: system.switch_cpus3 progress event, total committed:180830476, progress insts committed: 45467768, IPC: 04.54223
17911672228851: Event_285: system.switch_cpus3 progress event, total committed:226504245, progress insts committed: 45673769, IPC: 04.56281
17911672228851: Event_284: system.switch_cpus2 progress event, total committed:226499142, progress insts committed: 45668307, IPC: 04.56226
17911672228851: Event_283: system.switch_cpus1 progress event, total committed:226501793, progress insts committed: 45673879, IPC: 04.56282
17911672228851: Event_282: system.switch_cpus0 progress event, total committed:226490570, progress insts committed: 45661665, IPC: 004.5616
17915005562184: Event_282: system.switch_cpus0 progress event, total committed:272192542, progress insts committed: 45701972, IPC: 04.56563
17915005562184: Event_283: system.switch_cpus1 progress event, total committed:272193208, progress insts committed: 45691415, IPC: 04.56457
17915005562184: Event_284: system.switch_cpus2 progress event, total committed:272203619, progress insts committed: 45704477, IPC: 04.56588
17915005562184: Event_285: system.switch_cpus3 progress event, total committed:272203127, progress insts committed: 45698882, IPC: 04.56532
17918338895517: Event_285: system.switch_cpus3 progress event, total committed:317977665, progress insts committed: 45774538, IPC: 04.57288
17918338895517: Event_284: system.switch_cpus2 progress event, total committed:317977848, progress insts committed: 45774229, IPC: 04.57285
17918338895517: Event_283: system.switch_cpus1 progress event, total committed:317963821, progress insts committed: 45770613, IPC: 04.57248
17918338895517: Event_282: system.switch_cpus0 progress event, total committed:317964097, progress insts committed: 45771555, IPC: 04.57258
17921672228850: Event_282: system.switch_cpus0 progress event, total committed:363019992, progress insts committed: 45055895, IPC: 04.50108
17921672228850: Event_283: system.switch_cpus1 progress event, total committed:363019342, progress insts committed: 45055521, IPC: 04.50105
17921672228850: Event_284: system.switch_cpus2 progress event, total committed:363035893, progress insts committed: 45058045, IPC: 004.5013
17921672228850: Event_285: system.switch_cpus3 progress event, total committed:363036008, progress insts committed: 45058343, IPC: 04.50133
17925005562183: Event_285: system.switch_cpus3 progress event, total committed:408136973, progress insts committed: 45100965, IPC: 04.50559
17925005562183: Event_284: system.switch_cpus2 progress event, total committed:408136986, progress insts committed: 45101093, IPC: 004.5056
17925005562183: Event_283: system.switch_cpus1 progress event, total committed:408123331, progress insts committed: 45103989, IPC: 04.50589
17925005562183: Event_282: system.switch_cpus0 progress event, total committed:408123420, progress insts committed: 45103428, IPC: 04.50583
Exiting @ tick 17928131202387 because a thread reached the max instruction count
