Command line:
./runscript_pride.sh mix7 RFM2.BR1.4C 4 2017 --rh_defense --rh_mitigation=RFM --rh_rfm_per_trefi=2 --rh_rfm_blast_radius=1 --rh_rfm_maxacts_per_trefi=79
Global frequency set at 1000000000000 ticks per second
RFM details - rfm_act_threshold: 39, blast_radius: 1, delay_per_rfm: 175000 ps. sample_rate: 0.025000
RH Defense config: RFM, Bus Delay: 0, rfms_per_trefi: 2, rfm_act_threshold: 39, blast_radius: 1,rfm_delay_per_act: 45000 ps.
DRAM config: RowsPerBank: 65536, BanksPerRank: 32, RanksPerChannel: 1
warn: Sockets disabled, not accepting gdb connections
warn: CoherentXBar system.cpu0.mmucache.mmubus has no snooping ports attached!
warn: CoherentXBar system.cpu1.mmucache.mmubus has no snooping ports attached!
warn: CoherentXBar system.cpu2.mmucache.mmubus has no snooping ports attached!
warn: CoherentXBar system.cpu3.mmucache.mmubus has no snooping ports attached!
warn: Checkpoints for file descriptors currently do not work.
warn: Checkpoints for file descriptors currently do not work.
warn: Checkpoints for file descriptors currently do not work.
warn: Checkpoints for file descriptors currently do not work.
gem5 Simulator System.  http://gem5.org
gem5 is copyrighted software; use the --copyright option for details.

gem5 version 20.1.0.5
gem5 compiled Jul 12 2024 12:42:38
gem5 started Jul 17 2024 15:42:02
gem5 executing on a07dda8b130c, pid 90773
command line: /home/user/PrIDE/performance/gem5/build/X86/gem5.opt --outdir=/home/user/PrIDE/performance/gem5/stats/pride_multiprogram_16GBmem_250Mn.SPEC2017.C4/RFM2.BR1.4C/mix7 /home/user/PrIDE/performance/gem5/configs/example/se_rq_spec_config_multicore.py --redirects /lib64=/home/utils/gcc-6.2.0/lib64 --benchmark=mix7 --benchmark_stdout=/home/user/PrIDE/performance/gem5/stats/pride_multiprogram_16GBmem_250Mn.SPEC2017.C4/RFM2.BR1.4C/mix7/mix7.out --benchmark_stderr=/home/user/PrIDE/performance/gem5/stats/pride_multiprogram_16GBmem_250Mn.SPEC2017.C4/RFM2.BR1.4C/mix7/mix7.err --spec-version=2017 --rh_defense --rh_mitigation=RFM --rh_rfm_per_trefi=2 --rh_rfm_blast_radius=1 --rh_rfm_maxacts_per_trefi=79 --num-cpus=4 --mem-size=16GB --mem-type=DDR5_2400_32x4 --mem-ranks=1 --checkpoint-dir=/home/user/PrIDE/performance/gem5/cpts/multiprogram_16GBmem_25Bn.SPEC2017.C4/mix7-1-ref-x86 --checkpoint-restore=25000000000 --at-instruction --cpu-type DerivO3CPU --caches --l2cache --l1d_size=32kB --l1i_size=32kB --l2_size=256kB --l1d_assoc=8 --l1i_assoc=8 --l2_assoc=16 --maxinsts=250000000 --prog-interval=300Hz

info: Standard input is not a terminal, disabling listeners.
Benchmark- 0   povray
Selected benchmark
--> povray
CMD: ['/opt/spec2017/benchspec/CPU/511.povray_r/run/run_base_refrate_gem5_se-m64.0000/povray_r_base.gem5_se-m64', '/opt/spec2017/benchspec/CPU/511.povray_r/run/run_base_refrate_gem5_se-m64.0000/SPEC-benchmark-ref.ini']
CWD: /opt/spec2017/benchspec/CPU/511.povray_r/run/run_base_refrate_gem5_se-m64.0000/
Process stdout file: /home/user/PrIDE/performance/gem5/stats/pride_multiprogram_16GBmem_250Mn.SPEC2017.C4/RFM2.BR1.4C/mix7/mix7.out_0
Process stderr file: /home/user/PrIDE/performance/gem5/stats/pride_multiprogram_16GBmem_250Mn.SPEC2017.C4/RFM2.BR1.4C/mix7/mix7.err_0
Benchmark- 1   roms
Selected benchmark
--> roms
CMD: ['/opt/spec2017/benchspec/CPU/554.roms_r/run/run_base_refrate_gem5_se-m64.0000/roms_r_base.gem5_se-m64']
CWD: /opt/spec2017/benchspec/CPU/554.roms_r/run/run_base_refrate_gem5_se-m64.0000/
Process stdout file: /home/user/PrIDE/performance/gem5/stats/pride_multiprogram_16GBmem_250Mn.SPEC2017.C4/RFM2.BR1.4C/mix7/mix7.out_1
Process stderr file: /home/user/PrIDE/performance/gem5/stats/pride_multiprogram_16GBmem_250Mn.SPEC2017.C4/RFM2.BR1.4C/mix7/mix7.err_1
Benchmark- 2   nab
Selected benchmark
--> nab
CMD: ['/opt/spec2017/benchspec/CPU/544.nab_r/run/run_base_refrate_gem5_se-m64.0000/nab_r_base.gem5_se-m64', '1am0', '1122214447', '122']
CWD: /opt/spec2017/benchspec/CPU/544.nab_r/run/run_base_refrate_gem5_se-m64.0000/
Process stdout file: /home/user/PrIDE/performance/gem5/stats/pride_multiprogram_16GBmem_250Mn.SPEC2017.C4/RFM2.BR1.4C/mix7/mix7.out_2
Process stderr file: /home/user/PrIDE/performance/gem5/stats/pride_multiprogram_16GBmem_250Mn.SPEC2017.C4/RFM2.BR1.4C/mix7/mix7.err_2
Benchmark- 3   bwaves
Selected benchmark
--> bwaves
CMD: ['/opt/spec2017/benchspec/CPU/503.bwaves_r/run/run_base_refrate_gem5_se-m64.0000/bwaves_r_base.gem5_se-m64', '/opt/spec2017/benchspec/CPU/503.bwaves_r/run/run_base_refrate_gem5_se-m64.0000/bwaves_1']
CWD: /opt/spec2017/benchspec/CPU/503.bwaves_r/run/run_base_refrate_gem5_se-m64.0000/
Process stdout file: /home/user/PrIDE/performance/gem5/stats/pride_multiprogram_16GBmem_250Mn.SPEC2017.C4/RFM2.BR1.4C/mix7/mix7.out_3
Process stderr file: /home/user/PrIDE/performance/gem5/stats/pride_multiprogram_16GBmem_250Mn.SPEC2017.C4/RFM2.BR1.4C/mix7/mix7.err_3
Workload-0: 
['/opt/spec2017/benchspec/CPU/511.povray_r/run/run_base_refrate_gem5_se-m64.0000/povray_r_base.gem5_se-m64', '/opt/spec2017/benchspec/CPU/511.povray_r/run/run_base_refrate_gem5_se-m64.0000/SPEC-benchmark-ref.ini']
Workload-1: 
['/opt/spec2017/benchspec/CPU/554.roms_r/run/run_base_refrate_gem5_se-m64.0000/roms_r_base.gem5_se-m64']
Workload-2: 
['/opt/spec2017/benchspec/CPU/544.nab_r/run/run_base_refrate_gem5_se-m64.0000/nab_r_base.gem5_se-m64', '1am0', '1122214447', '122']
Workload-3: 
['/opt/spec2017/benchspec/CPU/503.bwaves_r/run/run_base_refrate_gem5_se-m64.0000/bwaves_r_base.gem5_se-m64', '/opt/spec2017/benchspec/CPU/503.bwaves_r/run/run_base_refrate_gem5_se-m64.0000/bwaves_1']
defense_enable:  True  detector:  MG  mitigation:  RFM  threshold:  800
mg_entries:  1700
rfm_maxacts_per_trefi:  79 rfm_per_trefi:  2 rfm_blast_radius:  1
Switch at curTick count:10000
warn: membus.master is deprecated. `master` is now called `mem_side_ports`
warn: No dot file generated. Please install pydot to generate the dot file and pdf.
info: Entering event queue @ 15651257077332.  Starting simulation...
info: Entering event queue @ 15651257087332.  Starting simulation...
warn: PowerState: Already in the requested power state, request ignored
Switched CPUS @ tick 15651257087332
switching cpus
**** REAL SIMULATION ****
info: Entering event queue @ 15651257087655.  Starting simulation...
15654590410665: Event_285: system.switch_cpus3 progress event, total committed:39501464, progress insts committed: 39501464, IPC: 003.9462
15654590410665: Event_284: system.switch_cpus2 progress event, total committed:26614458, progress insts committed: 26614458, IPC: 02.65878
15654590410665: Event_283: system.switch_cpus1 progress event, total committed:8854444, progress insts committed: 8854444, IPC: 0.884559
15654590410665: Event_282: system.switch_cpus0 progress event, total committed:45157610, progress insts committed: 45157610, IPC: 04.51125
15657923743998: Event_282: system.switch_cpus0 progress event, total committed:89237980, progress insts committed: 44080370, IPC: 04.40363
15657923743998: Event_283: system.switch_cpus1 progress event, total committed:17743807, progress insts committed: 8889363, IPC: 0.888047
15657923743998: Event_284: system.switch_cpus2 progress event, total committed:55275271, progress insts committed: 28660813, IPC: 02.86322
15657923743998: Event_285: system.switch_cpus3 progress event, total committed:78925101, progress insts committed: 39423637, IPC: 03.93842
15661257077331: Event_285: system.switch_cpus3 progress event, total committed:118876634, progress insts committed: 39951533, IPC: 03.99116
15661257077331: Event_284: system.switch_cpus2 progress event, total committed:83715914, progress insts committed: 28440643, IPC: 02.84122
15661257077331: Event_283: system.switch_cpus1 progress event, total committed:26747592, progress insts committed: 9003785, IPC: 0.899478
15661257077331: Event_282: system.switch_cpus0 progress event, total committed:134250340, progress insts committed: 45012360, IPC: 04.49673
15664590410664: Event_282: system.switch_cpus0 progress event, total committed:179361821, progress insts committed: 45111481, IPC: 04.50664
15664590410664: Event_283: system.switch_cpus1 progress event, total committed:37092124, progress insts committed: 10344532, IPC: 01.03342
15664590410664: Event_284: system.switch_cpus2 progress event, total committed:108951676, progress insts committed: 25235762, IPC: 02.52105
15664590410664: Event_285: system.switch_cpus3 progress event, total committed:156470384, progress insts committed: 37593750, IPC: 03.75562
15667923743997: Event_285: system.switch_cpus3 progress event, total committed:186973151, progress insts committed: 30502767, IPC: 03.04723
15667923743997: Event_284: system.switch_cpus2 progress event, total committed:132552618, progress insts committed: 23600942, IPC: 02.35773
15667923743997: Event_283: system.switch_cpus1 progress event, total committed:46075894, progress insts committed: 8983770, IPC: 0.897479
15667923743997: Event_282: system.switch_cpus0 progress event, total committed:224263588, progress insts committed: 44901767, IPC: 04.48569
15671257077330: Event_282: system.switch_cpus0 progress event, total committed:269421191, progress insts committed: 45157603, IPC: 04.51124
15671257077330: Event_283: system.switch_cpus1 progress event, total committed:57843103, progress insts committed: 11767209, IPC: 01.17554
15671257077330: Event_284: system.switch_cpus2 progress event, total committed:157663877, progress insts committed: 25111259, IPC: 02.50861
15671257077330: Event_285: system.switch_cpus3 progress event, total committed:228555668, progress insts committed: 41582517, IPC: 04.15409
15674590410663: Event_285: system.switch_cpus3 progress event, total committed:267609071, progress insts committed: 39053403, IPC: 03.90143
15674590410663: Event_284: system.switch_cpus2 progress event, total committed:185469941, progress insts committed: 27806064, IPC: 02.77783
15674590410663: Event_283: system.switch_cpus1 progress event, total committed:82659889, progress insts committed: 24816786, IPC: 002.4792
15674590410663: Event_282: system.switch_cpus0 progress event, total committed:314643885, progress insts committed: 45222694, IPC: 04.51775
15677923743996: Event_282: system.switch_cpus0 progress event, total committed:359874458, progress insts committed: 45230573, IPC: 04.51853
15677923743996: Event_283: system.switch_cpus1 progress event, total committed:107796554, progress insts committed: 25136665, IPC: 02.51115
15677923743996: Event_284: system.switch_cpus2 progress event, total committed:213600079, progress insts committed: 28130138, IPC: 002.8102
15677923743996: Event_285: system.switch_cpus3 progress event, total committed:307969124, progress insts committed: 40360053, IPC: 04.03197
15681257077329: Event_285: system.switch_cpus3 progress event, total committed:348424501, progress insts committed: 40455377, IPC: 04.04149
15681257077329: Event_284: system.switch_cpus2 progress event, total committed:241284788, progress insts committed: 27684709, IPC: 002.7657
15681257077329: Event_283: system.switch_cpus1 progress event, total committed:132544275, progress insts committed: 24747721, IPC: 002.4723
15681257077329: Event_282: system.switch_cpus0 progress event, total committed:405213664, progress insts committed: 45339206, IPC: 04.52939
Exiting @ tick 15684574118274 because a thread reached the max instruction count
