Command line:
./runscript_pride.sh mix7 RFM10.BR2.4C 4 2017 --rh_defense --rh_mitigation=RFM --rh_rfm_per_trefi=10 --rh_rfm_blast_radius=2 --rh_rfm_maxacts_per_trefi=79
Global frequency set at 1000000000000 ticks per second
RFM details - rfm_act_threshold: 7, blast_radius: 2, delay_per_rfm: 175000 ps. sample_rate: 0.125000
RH Defense config: RFM, Bus Delay: 0, rfms_per_trefi: 10, rfm_act_threshold: 7, blast_radius: 2,rfm_delay_per_act: 45000 ps.
DRAM config: RowsPerBank: 65536, BanksPerRank: 32, RanksPerChannel: 1
warn: Sockets disabled, not accepting gdb connections
warn: CoherentXBar system.cpu0.mmucache.mmubus has no snooping ports attached!
warn: CoherentXBar system.cpu1.mmucache.mmubus has no snooping ports attached!
warn: CoherentXBar system.cpu2.mmucache.mmubus has no snooping ports attached!
warn: CoherentXBar system.cpu3.mmucache.mmubus has no snooping ports attached!
warn: Checkpoints for file descriptors currently do not work.
warn: Checkpoints for file descriptors currently do not work.
warn: Checkpoints for file descriptors currently do not work.
warn: Checkpoints for file descriptors currently do not work.
gem5 Simulator System.  http://gem5.org
gem5 is copyrighted software; use the --copyright option for details.

gem5 version 20.1.0.5
gem5 compiled Jul 12 2024 12:42:38
gem5 started Aug  1 2024 19:22:15
gem5 executing on a07dda8b130c, pid 251528
command line: /home/user/PrIDE/performance/gem5/build/X86/gem5.opt --outdir=/home/user/PrIDE/performance/gem5/stats/pride_multiprogram_16GBmem_250Mn.SPEC2017.C4/RFM10.BR2.4C/mix7 /home/user/PrIDE/performance/gem5/configs/example/se_rq_spec_config_multicore.py --redirects /lib64=/home/utils/gcc-6.2.0/lib64 --benchmark=mix7 --benchmark_stdout=/home/user/PrIDE/performance/gem5/stats/pride_multiprogram_16GBmem_250Mn.SPEC2017.C4/RFM10.BR2.4C/mix7/mix7.out --benchmark_stderr=/home/user/PrIDE/performance/gem5/stats/pride_multiprogram_16GBmem_250Mn.SPEC2017.C4/RFM10.BR2.4C/mix7/mix7.err --spec-version=2017 --rh_defense --rh_mitigation=RFM --rh_rfm_per_trefi=10 --rh_rfm_blast_radius=2 --rh_rfm_maxacts_per_trefi=79 --num-cpus=4 --mem-size=16GB --mem-type=DDR5_2400_32x4 --mem-ranks=1 --mem-channels=1 --checkpoint-dir=/home/user/PrIDE/performance/gem5/cpts-DDR5/multiprogram_16GBmem_25Bn.SPEC2017.C4/mix7-1-ref-x86 --checkpoint-restore=25000000000 --at-instruction --cpu-type DerivO3CPU --caches --l2cache --l1d_size=32kB --l1i_size=32kB --l2_size=256kB --l3_size=4MB --l1d_assoc=8 --l1i_assoc=8 --l2_assoc=16 --l3_assoc=16 --cpu-clock=3GHz --sys-clock=3GHz --maxinsts=250000000 --prog-interval=300Hz

info: Standard input is not a terminal, disabling listeners.
Benchmark- 0   povray
Selected benchmark
--> povray
CMD: ['/opt/spec2017/benchspec/CPU/511.povray_r/run/run_base_refrate_gem5_se-m64.0000/povray_r_base.gem5_se-m64', '/opt/spec2017/benchspec/CPU/511.povray_r/run/run_base_refrate_gem5_se-m64.0000/SPEC-benchmark-ref.ini']
CWD: /opt/spec2017/benchspec/CPU/511.povray_r/run/run_base_refrate_gem5_se-m64.0000/
Process stdout file: /home/user/PrIDE/performance/gem5/stats/pride_multiprogram_16GBmem_250Mn.SPEC2017.C4/RFM10.BR2.4C/mix7/mix7.out_0
Process stderr file: /home/user/PrIDE/performance/gem5/stats/pride_multiprogram_16GBmem_250Mn.SPEC2017.C4/RFM10.BR2.4C/mix7/mix7.err_0
Benchmark- 1   roms
Selected benchmark
--> roms
CMD: ['/opt/spec2017/benchspec/CPU/554.roms_r/run/run_base_refrate_gem5_se-m64.0000/roms_r_base.gem5_se-m64']
CWD: /opt/spec2017/benchspec/CPU/554.roms_r/run/run_base_refrate_gem5_se-m64.0000/
Process stdout file: /home/user/PrIDE/performance/gem5/stats/pride_multiprogram_16GBmem_250Mn.SPEC2017.C4/RFM10.BR2.4C/mix7/mix7.out_1
Process stderr file: /home/user/PrIDE/performance/gem5/stats/pride_multiprogram_16GBmem_250Mn.SPEC2017.C4/RFM10.BR2.4C/mix7/mix7.err_1
Benchmark- 2   nab
Selected benchmark
--> nab
CMD: ['/opt/spec2017/benchspec/CPU/544.nab_r/run/run_base_refrate_gem5_se-m64.0000/nab_r_base.gem5_se-m64', '1am0', '1122214447', '122']
CWD: /opt/spec2017/benchspec/CPU/544.nab_r/run/run_base_refrate_gem5_se-m64.0000/
Process stdout file: /home/user/PrIDE/performance/gem5/stats/pride_multiprogram_16GBmem_250Mn.SPEC2017.C4/RFM10.BR2.4C/mix7/mix7.out_2
Process stderr file: /home/user/PrIDE/performance/gem5/stats/pride_multiprogram_16GBmem_250Mn.SPEC2017.C4/RFM10.BR2.4C/mix7/mix7.err_2
Benchmark- 3   bwaves
Selected benchmark
--> bwaves
CMD: ['/opt/spec2017/benchspec/CPU/503.bwaves_r/run/run_base_refrate_gem5_se-m64.0000/bwaves_r_base.gem5_se-m64', '/opt/spec2017/benchspec/CPU/503.bwaves_r/run/run_base_refrate_gem5_se-m64.0000/bwaves_1']
CWD: /opt/spec2017/benchspec/CPU/503.bwaves_r/run/run_base_refrate_gem5_se-m64.0000/
Process stdout file: /home/user/PrIDE/performance/gem5/stats/pride_multiprogram_16GBmem_250Mn.SPEC2017.C4/RFM10.BR2.4C/mix7/mix7.out_3
Process stderr file: /home/user/PrIDE/performance/gem5/stats/pride_multiprogram_16GBmem_250Mn.SPEC2017.C4/RFM10.BR2.4C/mix7/mix7.err_3
Workload-0: 
['/opt/spec2017/benchspec/CPU/511.povray_r/run/run_base_refrate_gem5_se-m64.0000/povray_r_base.gem5_se-m64', '/opt/spec2017/benchspec/CPU/511.povray_r/run/run_base_refrate_gem5_se-m64.0000/SPEC-benchmark-ref.ini']
Workload-1: 
['/opt/spec2017/benchspec/CPU/554.roms_r/run/run_base_refrate_gem5_se-m64.0000/roms_r_base.gem5_se-m64']
Workload-2: 
['/opt/spec2017/benchspec/CPU/544.nab_r/run/run_base_refrate_gem5_se-m64.0000/nab_r_base.gem5_se-m64', '1am0', '1122214447', '122']
Workload-3: 
['/opt/spec2017/benchspec/CPU/503.bwaves_r/run/run_base_refrate_gem5_se-m64.0000/bwaves_r_base.gem5_se-m64', '/opt/spec2017/benchspec/CPU/503.bwaves_r/run/run_base_refrate_gem5_se-m64.0000/bwaves_1']
defense_enable:  True  detector:  MG  mitigation:  RFM  threshold:  800
mg_entries:  1700
rfm_maxacts_per_trefi:  79 rfm_per_trefi:  10 rfm_blast_radius:  2
Switch at curTick count:10000
warn: membus.master is deprecated. `master` is now called `mem_side_ports`
warn: No dot file generated. Please install pydot to generate the dot file and pdf.
info: Entering event queue @ 15651257118291.  Starting simulation...
info: Entering event queue @ 15651257128291.  Starting simulation...
warn: PowerState: Already in the requested power state, request ignored
Switched CPUS @ tick 15651257128291
switching cpus
**** REAL SIMULATION ****
info: Entering event queue @ 15651257128947.  Starting simulation...
15654590451624: Event_285: system.switch_cpus3 progress event, total committed:39299846, progress insts committed: 39299846, IPC: 03.92605
15654590451624: Event_284: system.switch_cpus2 progress event, total committed:25949356, progress insts committed: 25949356, IPC: 02.59234
15654590451624: Event_283: system.switch_cpus1 progress event, total committed:8479306, progress insts committed: 8479306, IPC: 0.847083
15654590451624: Event_282: system.switch_cpus0 progress event, total committed:45069135, progress insts committed: 45069135, IPC: 04.50241
15657923784957: Event_282: system.switch_cpus0 progress event, total committed:89219230, progress insts committed: 44150095, IPC: 04.41059
15657923784957: Event_283: system.switch_cpus1 progress event, total committed:16834526, progress insts committed: 8355220, IPC: 0.834686
15657923784957: Event_284: system.switch_cpus2 progress event, total committed:54199471, progress insts committed: 28250115, IPC: 02.82219
15657923784957: Event_285: system.switch_cpus3 progress event, total committed:78369460, progress insts committed: 39069614, IPC: 03.90305
15661257118290: Event_285: system.switch_cpus3 progress event, total committed:118272613, progress insts committed: 39903153, IPC: 03.98632
15661257118290: Event_284: system.switch_cpus2 progress event, total committed:82297235, progress insts committed: 28097764, IPC: 02.80697
15661257118290: Event_283: system.switch_cpus1 progress event, total committed:25317700, progress insts committed: 8483174, IPC: 0.847469
15661257118290: Event_282: system.switch_cpus0 progress event, total committed:134233086, progress insts committed: 45013856, IPC: 04.49688
15664590451623: Event_282: system.switch_cpus0 progress event, total committed:179351034, progress insts committed: 45117948, IPC: 04.50728
15664590451623: Event_283: system.switch_cpus1 progress event, total committed:34909531, progress insts committed: 9591831, IPC: 0.958224
15664590451623: Event_284: system.switch_cpus2 progress event, total committed:107138846, progress insts committed: 24841611, IPC: 02.48168
15664590451623: Event_285: system.switch_cpus3 progress event, total committed:156307301, progress insts committed: 38034688, IPC: 03.79967
15667923784956: Event_285: system.switch_cpus3 progress event, total committed:182473082, progress insts committed: 26165781, IPC: 02.61396
15667923784956: Event_284: system.switch_cpus2 progress event, total committed:128958721, progress insts committed: 21819875, IPC: 02.17981
15667923784956: Event_283: system.switch_cpus1 progress event, total committed:42670150, progress insts committed: 7760619, IPC: 0.775286
15667923784956: Event_282: system.switch_cpus0 progress event, total committed:224251756, progress insts committed: 44900722, IPC: 04.48558
15671257118289: Event_282: system.switch_cpus0 progress event, total committed:269411917, progress insts committed: 45160161, IPC: 004.5115
15671257118289: Event_283: system.switch_cpus1 progress event, total committed:50581040, progress insts committed: 7910890, IPC: 0.790298
15671257118289: Event_284: system.switch_cpus2 progress event, total committed:151700702, progress insts committed: 22741981, IPC: 02.27192
15671257118289: Event_285: system.switch_cpus3 progress event, total committed:224139926, progress insts committed: 41666844, IPC: 04.16252
15674590451622: Event_285: system.switch_cpus3 progress event, total committed:262386549, progress insts committed: 38246623, IPC: 03.82084
15674590451622: Event_284: system.switch_cpus2 progress event, total committed:177592995, progress insts committed: 25892293, IPC: 02.58664
15674590451622: Event_283: system.switch_cpus1 progress event, total committed:69025311, progress insts committed: 18444271, IPC: 01.84258
15674590451622: Event_282: system.switch_cpus0 progress event, total committed:314641583, progress insts committed: 45229666, IPC: 04.51844
15677923784955: Event_282: system.switch_cpus0 progress event, total committed:359877181, progress insts committed: 45235598, IPC: 04.51904
15677923784955: Event_283: system.switch_cpus1 progress event, total committed:95609677, progress insts committed: 26584366, IPC: 02.65578
15677923784955: Event_284: system.switch_cpus2 progress event, total committed:205724286, progress insts committed: 28131291, IPC: 02.81032
15677923784955: Event_285: system.switch_cpus3 progress event, total committed:302591416, progress insts committed: 40204867, IPC: 04.01647
15681257118288: Event_285: system.switch_cpus3 progress event, total committed:343097152, progress insts committed: 40505736, IPC: 04.04652
15681257118288: Event_284: system.switch_cpus2 progress event, total committed:233334831, progress insts committed: 27610545, IPC: 02.75829
15681257118288: Event_283: system.switch_cpus1 progress event, total committed:121934677, progress insts committed: 26325000, IPC: 02.62987
15681257118288: Event_282: system.switch_cpus0 progress event, total committed:405217678, progress insts committed: 45340497, IPC: 04.52952
Exiting @ tick 15684573423636 because a thread reached the max instruction count
