Command line:
./runscript_pride.sh mix13 RFM5.BR1.4C 4 2017 --rh_defense --rh_mitigation=RFM --rh_rfm_per_trefi=5 --rh_rfm_blast_radius=1 --rh_rfm_maxacts_per_trefi=79
Global frequency set at 1000000000000 ticks per second
RFM details - rfm_act_threshold: 15, blast_radius: 1, delay_per_rfm: 175000 ps. sample_rate: 0.062500
RH Defense config: RFM, Bus Delay: 0, rfms_per_trefi: 5, rfm_act_threshold: 15, blast_radius: 1,rfm_delay_per_act: 45000 ps.
DRAM config: RowsPerBank: 65536, BanksPerRank: 32, RanksPerChannel: 1
warn: Sockets disabled, not accepting gdb connections
warn: CoherentXBar system.cpu0.mmucache.mmubus has no snooping ports attached!
warn: CoherentXBar system.cpu1.mmucache.mmubus has no snooping ports attached!
warn: CoherentXBar system.cpu2.mmucache.mmubus has no snooping ports attached!
warn: CoherentXBar system.cpu3.mmucache.mmubus has no snooping ports attached!
warn: Checkpoints for file descriptors currently do not work.
warn: Checkpoints for file descriptors currently do not work.
warn: Checkpoints for file descriptors currently do not work.
warn: Checkpoints for file descriptors currently do not work.
gem5 Simulator System.  http://gem5.org
gem5 is copyrighted software; use the --copyright option for details.

gem5 version 20.1.0.5
gem5 compiled Jul 12 2024 12:42:38
gem5 started Jul 31 2024 18:18:01
gem5 executing on a07dda8b130c, pid 241980
command line: /home/user/PrIDE/performance/gem5/build/X86/gem5.opt --outdir=/home/user/PrIDE/performance/gem5/stats/pride_multiprogram_16GBmem_250Mn.SPEC2017.C4/RFM5.BR1.4C/mix13 /home/user/PrIDE/performance/gem5/configs/example/se_rq_spec_config_multicore.py --redirects /lib64=/home/utils/gcc-6.2.0/lib64 --benchmark=mix13 --benchmark_stdout=/home/user/PrIDE/performance/gem5/stats/pride_multiprogram_16GBmem_250Mn.SPEC2017.C4/RFM5.BR1.4C/mix13/mix13.out --benchmark_stderr=/home/user/PrIDE/performance/gem5/stats/pride_multiprogram_16GBmem_250Mn.SPEC2017.C4/RFM5.BR1.4C/mix13/mix13.err --spec-version=2017 --rh_defense --rh_mitigation=RFM --rh_rfm_per_trefi=5 --rh_rfm_blast_radius=1 --rh_rfm_maxacts_per_trefi=79 --num-cpus=4 --mem-size=16GB --mem-type=DDR5_2400_32x4 --mem-ranks=1 --mem-channels=1 --checkpoint-dir=/home/user/PrIDE/performance/gem5/cpts-DDR5/multiprogram_16GBmem_25Bn.SPEC2017.C4/mix13-1-ref-x86 --checkpoint-restore=25000000000 --at-instruction --cpu-type DerivO3CPU --caches --l2cache --l1d_size=32kB --l1i_size=32kB --l2_size=256kB --l3_size=4MB --l1d_assoc=8 --l1i_assoc=8 --l2_assoc=16 --l3_assoc=16 --cpu-clock=3GHz --sys-clock=3GHz --maxinsts=250000000 --prog-interval=300Hz

info: Standard input is not a terminal, disabling listeners.
Benchmark- 0   lbm
Selected benchmark
--> lbm
CMD: ['/opt/spec2017/benchspec/CPU/519.lbm_r/run/run_base_refrate_gem5_se-m64.0000/lbm_r_base.gem5_se-m64', '3000', 'reference.dat', '0', '0', '/opt/spec2017/benchspec/CPU/519.lbm_r/run/run_base_refrate_gem5_se-m64.0000/100_100_130_ldc.of']
CWD: /opt/spec2017/benchspec/CPU/519.lbm_r/run/run_base_refrate_gem5_se-m64.0000/
Process stdout file: /home/user/PrIDE/performance/gem5/stats/pride_multiprogram_16GBmem_250Mn.SPEC2017.C4/RFM5.BR1.4C/mix13/mix13.out_0
Process stderr file: /home/user/PrIDE/performance/gem5/stats/pride_multiprogram_16GBmem_250Mn.SPEC2017.C4/RFM5.BR1.4C/mix13/mix13.err_0
Benchmark- 1   mcf
Selected benchmark
--> mcf
CMD: ['/opt/spec2017/benchspec/CPU/505.mcf_r/run/run_base_refrate_gem5_se-m64.0000/mcf_r_base.gem5_se-m64', '/opt/spec2017/benchspec/CPU/505.mcf_r/run/run_base_refrate_gem5_se-m64.0000/inp.in']
CWD: /opt/spec2017/benchspec/CPU/505.mcf_r/run/run_base_refrate_gem5_se-m64.0000/
Process stdout file: /home/user/PrIDE/performance/gem5/stats/pride_multiprogram_16GBmem_250Mn.SPEC2017.C4/RFM5.BR1.4C/mix13/mix13.out_1
Process stderr file: /home/user/PrIDE/performance/gem5/stats/pride_multiprogram_16GBmem_250Mn.SPEC2017.C4/RFM5.BR1.4C/mix13/mix13.err_1
Benchmark- 2   wrf
Selected benchmark
--> wrf
CMD: ['/opt/spec2017/benchspec/CPU/521.wrf_r/run/run_base_refrate_gem5_se-m64.0000/wrf_r_base.gem5_se-m64']
CWD: /opt/spec2017/benchspec/CPU/521.wrf_r/run/run_base_refrate_gem5_se-m64.0000/
Process stdout file: /home/user/PrIDE/performance/gem5/stats/pride_multiprogram_16GBmem_250Mn.SPEC2017.C4/RFM5.BR1.4C/mix13/mix13.out_2
Process stderr file: /home/user/PrIDE/performance/gem5/stats/pride_multiprogram_16GBmem_250Mn.SPEC2017.C4/RFM5.BR1.4C/mix13/mix13.err_2
Benchmark- 3   exchange2
Selected benchmark
--> exchange2
CMD: ['/opt/spec2017/benchspec/CPU/548.exchange2_r/run/run_base_refrate_gem5_se-m64.0000/exchange2_r_base.gem5_se-m64', '6']
CWD: /opt/spec2017/benchspec/CPU/548.exchange2_r/run/run_base_refrate_gem5_se-m64.0000/
Process stdout file: /home/user/PrIDE/performance/gem5/stats/pride_multiprogram_16GBmem_250Mn.SPEC2017.C4/RFM5.BR1.4C/mix13/mix13.out_3
Process stderr file: /home/user/PrIDE/performance/gem5/stats/pride_multiprogram_16GBmem_250Mn.SPEC2017.C4/RFM5.BR1.4C/mix13/mix13.err_3
Workload-0: 
['/opt/spec2017/benchspec/CPU/519.lbm_r/run/run_base_refrate_gem5_se-m64.0000/lbm_r_base.gem5_se-m64', '3000', 'reference.dat', '0', '0', '/opt/spec2017/benchspec/CPU/519.lbm_r/run/run_base_refrate_gem5_se-m64.0000/100_100_130_ldc.of']
Workload-1: 
['/opt/spec2017/benchspec/CPU/505.mcf_r/run/run_base_refrate_gem5_se-m64.0000/mcf_r_base.gem5_se-m64', '/opt/spec2017/benchspec/CPU/505.mcf_r/run/run_base_refrate_gem5_se-m64.0000/inp.in']
Workload-2: 
['/opt/spec2017/benchspec/CPU/521.wrf_r/run/run_base_refrate_gem5_se-m64.0000/wrf_r_base.gem5_se-m64']
Workload-3: 
['/opt/spec2017/benchspec/CPU/548.exchange2_r/run/run_base_refrate_gem5_se-m64.0000/exchange2_r_base.gem5_se-m64', '6']
defense_enable:  True  detector:  MG  mitigation:  RFM  threshold:  800
mg_entries:  1700
rfm_maxacts_per_trefi:  79 rfm_per_trefi:  5 rfm_blast_radius:  1
Switch at curTick count:10000
warn: membus.master is deprecated. `master` is now called `mem_side_ports`
warn: No dot file generated. Please install pydot to generate the dot file and pdf.
info: Entering event queue @ 13719052595952.  Starting simulation...
info: Entering event queue @ 13719052605952.  Starting simulation...
warn: PowerState: Already in the requested power state, request ignored
Switched CPUS @ tick 13719052605952
switching cpus
**** REAL SIMULATION ****
info: Entering event queue @ 13719052606275.  Starting simulation...
13722385929285: Event_285: system.switch_cpus3 progress event, total committed:34795894, progress insts committed: 34795894, IPC: 03.47611
13722385929285: Event_284: system.switch_cpus2 progress event, total committed:6671117, progress insts committed: 6671117, IPC: 0.666445
13722385929285: Event_283: system.switch_cpus1 progress event, total committed:7060242, progress insts committed: 7060242, IPC: 0.705318
13722385929285: Event_282: system.switch_cpus0 progress event, total committed:7738070, progress insts committed: 7738070, IPC: 0.773033
13725719262618: Event_282: system.switch_cpus0 progress event, total committed:14575953, progress insts committed: 6837883, IPC: 0.683105
13725719262618: Event_283: system.switch_cpus1 progress event, total committed:14118815, progress insts committed: 7058573, IPC: 0.705151
13725719262618: Event_284: system.switch_cpus2 progress event, total committed:12116277, progress insts committed: 5445160, IPC: 0.543971
13725719262618: Event_285: system.switch_cpus3 progress event, total committed:71820092, progress insts committed: 37024198, IPC: 03.69872
13729052595951: Event_285: system.switch_cpus3 progress event, total committed:110533499, progress insts committed: 38713407, IPC: 03.86747
13729052595951: Event_284: system.switch_cpus2 progress event, total committed:17183585, progress insts committed: 5067308, IPC: 0.506224
13729052595951: Event_283: system.switch_cpus1 progress event, total committed:20742308, progress insts committed: 6623493, IPC: 0.661687
13729052595951: Event_282: system.switch_cpus0 progress event, total committed:20889421, progress insts committed: 6313468, IPC: 0.630715
13732385929284: Event_282: system.switch_cpus0 progress event, total committed:27423576, progress insts committed: 6534155, IPC: 0.652762
13732385929284: Event_283: system.switch_cpus1 progress event, total committed:27943533, progress insts committed: 7201225, IPC: 0.719402
13732385929284: Event_284: system.switch_cpus2 progress event, total committed:23009449, progress insts committed: 5825864, IPC: 0.582004
13732385929284: Event_285: system.switch_cpus3 progress event, total committed:151909307, progress insts committed: 41375808, IPC: 04.13344
13735719262617: Event_285: system.switch_cpus3 progress event, total committed:190922527, progress insts committed: 39013220, IPC: 03.89742
13735719262617: Event_284: system.switch_cpus2 progress event, total committed:28332593, progress insts committed: 5323144, IPC: 0.531782
13735719262617: Event_283: system.switch_cpus1 progress event, total committed:34460590, progress insts committed: 6517057, IPC: 0.651054
13735719262617: Event_282: system.switch_cpus0 progress event, total committed:34154606, progress insts committed: 6731030, IPC: 00.67243
13739052595950: Event_282: system.switch_cpus0 progress event, total committed:40796436, progress insts committed: 6641830, IPC: 0.663519
13739052595950: Event_283: system.switch_cpus1 progress event, total committed:42053750, progress insts committed: 7593160, IPC: 0.758557
13739052595950: Event_284: system.switch_cpus2 progress event, total committed:33499699, progress insts committed: 5167106, IPC: 0.516194
13739052595950: Event_285: system.switch_cpus3 progress event, total committed:227987498, progress insts committed: 37064971, IPC: 03.70279
13742385929283: Event_285: system.switch_cpus3 progress event, total committed:267103826, progress insts committed: 39116328, IPC: 03.90772
13742385929283: Event_284: system.switch_cpus2 progress event, total committed:39146422, progress insts committed: 5646723, IPC: 0.564108
13742385929283: Event_283: system.switch_cpus1 progress event, total committed:48046493, progress insts committed: 5992743, IPC: 0.598675
13742385929283: Event_282: system.switch_cpus0 progress event, total committed:47638225, progress insts committed: 6841789, IPC: 0.683495
warn: MOVNTDQ: Ignoring non-temporal hint, modeling as cacheable!
13745719262616: Event_282: system.switch_cpus0 progress event, total committed:54097106, progress insts committed: 6458881, IPC: 0.645242
13745719262616: Event_283: system.switch_cpus1 progress event, total committed:55664574, progress insts committed: 7618081, IPC: 0.761046
13745719262616: Event_284: system.switch_cpus2 progress event, total committed:41664711, progress insts committed: 2518289, IPC: 0.251577
13745719262616: Event_285: system.switch_cpus3 progress event, total committed:303038485, progress insts committed: 35934659, IPC: 03.58987
13749052595949: Event_285: system.switch_cpus3 progress event, total committed:342616741, progress insts committed: 39578256, IPC: 03.95387
13749052595949: Event_284: system.switch_cpus2 progress event, total committed:44660226, progress insts committed: 2995515, IPC: 0.299252
13749052595949: Event_283: system.switch_cpus1 progress event, total committed:63060503, progress insts committed: 7395929, IPC: 0.738853
13749052595949: Event_282: system.switch_cpus0 progress event, total committed:61103332, progress insts committed: 7006226, IPC: 0.699922
13752385929282: Event_282: system.switch_cpus0 progress event, total committed:67743047, progress insts committed: 6639715, IPC: 0.663308
13752385929282: Event_283: system.switch_cpus1 progress event, total committed:69219397, progress insts committed: 6158894, IPC: 0.615274
13752385929282: Event_284: system.switch_cpus2 progress event, total committed:48757782, progress insts committed: 4097556, IPC: 0.409346
13752385929282: Event_285: system.switch_cpus3 progress event, total committed:381094160, progress insts committed: 38477419, IPC: 03.84389
13755719262615: Event_285: system.switch_cpus3 progress event, total committed:416871345, progress insts committed: 35777185, IPC: 03.57414
13755719262615: Event_284: system.switch_cpus2 progress event, total committed:53016798, progress insts committed: 4259016, IPC: 0.425476
13755719262615: Event_283: system.switch_cpus1 progress event, total committed:76486550, progress insts committed: 7267153, IPC: 0.725989
13755719262615: Event_282: system.switch_cpus0 progress event, total committed:73900122, progress insts committed: 6157075, IPC: 0.615092
13759052595948: Event_282: system.switch_cpus0 progress event, total committed:80405774, progress insts committed: 6505652, IPC: 0.649915
13759052595948: Event_283: system.switch_cpus1 progress event, total committed:82933793, progress insts committed: 6447243, IPC: 00.64408
13759052595948: Event_284: system.switch_cpus2 progress event, total committed:57181312, progress insts committed: 4164514, IPC: 0.416035
13759052595948: Event_285: system.switch_cpus3 progress event, total committed:452893179, progress insts committed: 36021834, IPC: 03.59858
Exiting @ tick 13761384282225 because a thread reached the max instruction count
