Command line:
./runscript_pride.sh mix21 RFM10.BR2.4C 4 2017 --rh_defense --rh_mitigation=RFM --rh_rfm_per_trefi=10 --rh_rfm_blast_radius=2 --rh_rfm_maxacts_per_trefi=79
Global frequency set at 1000000000000 ticks per second
RFM details - rfm_act_threshold: 7, blast_radius: 2, delay_per_rfm: 175000 ps. sample_rate: 0.125000
RH Defense config: RFM, Bus Delay: 0, rfms_per_trefi: 10, rfm_act_threshold: 7, blast_radius: 2,rfm_delay_per_act: 45000 ps.
DRAM config: RowsPerBank: 65536, BanksPerRank: 32, RanksPerChannel: 1
warn: Sockets disabled, not accepting gdb connections
warn: CoherentXBar system.cpu0.mmucache.mmubus has no snooping ports attached!
warn: CoherentXBar system.cpu1.mmucache.mmubus has no snooping ports attached!
warn: CoherentXBar system.cpu2.mmucache.mmubus has no snooping ports attached!
warn: CoherentXBar system.cpu3.mmucache.mmubus has no snooping ports attached!
warn: Checkpoints for file descriptors currently do not work.
warn: Checkpoints for file descriptors currently do not work.
warn: Checkpoints for file descriptors currently do not work.
warn: Checkpoints for file descriptors currently do not work.
gem5 Simulator System.  http://gem5.org
gem5 is copyrighted software; use the --copyright option for details.

gem5 version 20.1.0.5
gem5 compiled Jul 12 2024 12:42:38
gem5 started Jul 22 2024 19:09:38
gem5 executing on a07dda8b130c, pid 90101
command line: /home/user/PrIDE/performance/gem5/build/X86/gem5.opt --outdir=/home/user/PrIDE/performance/gem5/stats/pride_multiprogram_16GBmem_250Mn.SPEC2017.C4/RFM10.BR2.4C/mix21 /home/user/PrIDE/performance/gem5/configs/example/se_rq_spec_config_multicore.py --redirects /lib64=/home/utils/gcc-6.2.0/lib64 --benchmark=mix21 --benchmark_stdout=/home/user/PrIDE/performance/gem5/stats/pride_multiprogram_16GBmem_250Mn.SPEC2017.C4/RFM10.BR2.4C/mix21/mix21.out --benchmark_stderr=/home/user/PrIDE/performance/gem5/stats/pride_multiprogram_16GBmem_250Mn.SPEC2017.C4/RFM10.BR2.4C/mix21/mix21.err --spec-version=2017 --rh_defense --rh_mitigation=RFM --rh_rfm_per_trefi=10 --rh_rfm_blast_radius=2 --rh_rfm_maxacts_per_trefi=79 --num-cpus=4 --mem-size=16GB --mem-type=DDR5_2400_32x4 --mem-ranks=1 --checkpoint-dir=/home/user/PrIDE/performance/gem5/cpts/multiprogram_16GBmem_25Bn.SPEC2017.C4/mix21-1-ref-x86 --checkpoint-restore=25000000000 --at-instruction --cpu-type DerivO3CPU --caches --l2cache --l1d_size=32kB --l1i_size=32kB --l2_size=256kB --l1d_assoc=8 --l1i_assoc=8 --l2_assoc=16 --maxinsts=250000000 --prog-interval=300Hz

info: Standard input is not a terminal, disabling listeners.
Benchmark- 0   povray
Selected benchmark
--> povray
CMD: ['/opt/spec2017/benchspec/CPU/511.povray_r/run/run_base_refrate_gem5_se-m64.0000/povray_r_base.gem5_se-m64', '/opt/spec2017/benchspec/CPU/511.povray_r/run/run_base_refrate_gem5_se-m64.0000/SPEC-benchmark-ref.ini']
CWD: /opt/spec2017/benchspec/CPU/511.povray_r/run/run_base_refrate_gem5_se-m64.0000/
Process stdout file: /home/user/PrIDE/performance/gem5/stats/pride_multiprogram_16GBmem_250Mn.SPEC2017.C4/RFM10.BR2.4C/mix21/mix21.out_0
Process stderr file: /home/user/PrIDE/performance/gem5/stats/pride_multiprogram_16GBmem_250Mn.SPEC2017.C4/RFM10.BR2.4C/mix21/mix21.err_0
Benchmark- 1   namd
Selected benchmark
--> namd
CMD: ['/opt/spec2017/benchspec/CPU/508.namd_r/run/run_base_refrate_gem5_se-m64.0000/namd_r_base.gem5_se-m64', '--input', '/opt/spec2017/benchspec/CPU/508.namd_r/run/run_base_refrate_gem5_se-m64.0000/apoa1.input', '--output', '/opt/spec2017/benchspec/CPU/508.namd_r/run/run_base_refrate_gem5_se-m64.0000/apoa1.ref.output', '--iterations', '65']
CWD: /opt/spec2017/benchspec/CPU/508.namd_r/run/run_base_refrate_gem5_se-m64.0000/
Process stdout file: /home/user/PrIDE/performance/gem5/stats/pride_multiprogram_16GBmem_250Mn.SPEC2017.C4/RFM10.BR2.4C/mix21/mix21.out_1
Process stderr file: /home/user/PrIDE/performance/gem5/stats/pride_multiprogram_16GBmem_250Mn.SPEC2017.C4/RFM10.BR2.4C/mix21/mix21.err_1
Benchmark- 2   nab
Selected benchmark
--> nab
CMD: ['/opt/spec2017/benchspec/CPU/544.nab_r/run/run_base_refrate_gem5_se-m64.0000/nab_r_base.gem5_se-m64', '1am0', '1122214447', '122']
CWD: /opt/spec2017/benchspec/CPU/544.nab_r/run/run_base_refrate_gem5_se-m64.0000/
Process stdout file: /home/user/PrIDE/performance/gem5/stats/pride_multiprogram_16GBmem_250Mn.SPEC2017.C4/RFM10.BR2.4C/mix21/mix21.out_2
Process stderr file: /home/user/PrIDE/performance/gem5/stats/pride_multiprogram_16GBmem_250Mn.SPEC2017.C4/RFM10.BR2.4C/mix21/mix21.err_2
Benchmark- 3   roms
Selected benchmark
--> roms
CMD: ['/opt/spec2017/benchspec/CPU/554.roms_r/run/run_base_refrate_gem5_se-m64.0000/roms_r_base.gem5_se-m64']
CWD: /opt/spec2017/benchspec/CPU/554.roms_r/run/run_base_refrate_gem5_se-m64.0000/
Process stdout file: /home/user/PrIDE/performance/gem5/stats/pride_multiprogram_16GBmem_250Mn.SPEC2017.C4/RFM10.BR2.4C/mix21/mix21.out_3
Process stderr file: /home/user/PrIDE/performance/gem5/stats/pride_multiprogram_16GBmem_250Mn.SPEC2017.C4/RFM10.BR2.4C/mix21/mix21.err_3
Workload-0: 
['/opt/spec2017/benchspec/CPU/511.povray_r/run/run_base_refrate_gem5_se-m64.0000/povray_r_base.gem5_se-m64', '/opt/spec2017/benchspec/CPU/511.povray_r/run/run_base_refrate_gem5_se-m64.0000/SPEC-benchmark-ref.ini']
Workload-1: 
['/opt/spec2017/benchspec/CPU/508.namd_r/run/run_base_refrate_gem5_se-m64.0000/namd_r_base.gem5_se-m64', '--input', '/opt/spec2017/benchspec/CPU/508.namd_r/run/run_base_refrate_gem5_se-m64.0000/apoa1.input', '--output', '/opt/spec2017/benchspec/CPU/508.namd_r/run/run_base_refrate_gem5_se-m64.0000/apoa1.ref.output', '--iterations', '65']
Workload-2: 
['/opt/spec2017/benchspec/CPU/544.nab_r/run/run_base_refrate_gem5_se-m64.0000/nab_r_base.gem5_se-m64', '1am0', '1122214447', '122']
Workload-3: 
['/opt/spec2017/benchspec/CPU/554.roms_r/run/run_base_refrate_gem5_se-m64.0000/roms_r_base.gem5_se-m64']
defense_enable:  True  detector:  MG  mitigation:  RFM  threshold:  800
mg_entries:  1700
rfm_maxacts_per_trefi:  79 rfm_per_trefi:  10 rfm_blast_radius:  2
Switch at curTick count:10000
warn: membus.master is deprecated. `master` is now called `mem_side_ports`
warn: No dot file generated. Please install pydot to generate the dot file and pdf.
info: Entering event queue @ 13945158483732.  Starting simulation...
info: Entering event queue @ 13945158493732.  Starting simulation...
warn: PowerState: Already in the requested power state, request ignored
Switched CPUS @ tick 13945158493732
switching cpus
**** REAL SIMULATION ****
info: Entering event queue @ 13945158494055.  Starting simulation...
13948491817065: Event_285: system.switch_cpus3 progress event, total committed:14866053, progress insts committed: 14866053, IPC: 01.48512
13948491817065: Event_284: system.switch_cpus2 progress event, total committed:40881214, progress insts committed: 40881214, IPC: 04.08403
13948491817065: Event_283: system.switch_cpus1 progress event, total committed:33243478, progress insts committed: 33243478, IPC: 03.32102
13948491817065: Event_282: system.switch_cpus0 progress event, total committed:44713010, progress insts committed: 44713010, IPC: 04.46683
13951825150398: Event_282: system.switch_cpus0 progress event, total committed:90597625, progress insts committed: 45884615, IPC: 04.58387
13951825150398: Event_283: system.switch_cpus1 progress event, total committed:66517167, progress insts committed: 33273689, IPC: 03.32404
13951825150398: Event_284: system.switch_cpus2 progress event, total committed:84504966, progress insts committed: 43623752, IPC: 04.35801
13951825150398: Event_285: system.switch_cpus3 progress event, total committed:30822155, progress insts committed: 15956102, IPC: 01.59401
13955158483731: Event_285: system.switch_cpus3 progress event, total committed:42086283, progress insts committed: 11264128, IPC: 01.12529
13955158483731: Event_284: system.switch_cpus2 progress event, total committed:126130012, progress insts committed: 41625046, IPC: 04.15834
13955158483731: Event_283: system.switch_cpus1 progress event, total committed:98864363, progress insts committed: 32347196, IPC: 03.23148
13955158483731: Event_282: system.switch_cpus0 progress event, total committed:134596328, progress insts committed: 43998703, IPC: 04.39547
13958491817064: Event_282: system.switch_cpus0 progress event, total committed:179633621, progress insts committed: 45037293, IPC: 04.49923
13958491817064: Event_283: system.switch_cpus1 progress event, total committed:130908894, progress insts committed: 32044531, IPC: 03.20125
13958491817064: Event_284: system.switch_cpus2 progress event, total committed:168206119, progress insts committed: 42076107, IPC: 004.2034
13958491817064: Event_285: system.switch_cpus3 progress event, total committed:50121376, progress insts committed: 8035093, IPC: 0.802706
13961825150397: Event_285: system.switch_cpus3 progress event, total committed:58868753, progress insts committed: 8747377, IPC: 0.873863
13961825150397: Event_284: system.switch_cpus2 progress event, total committed:212506978, progress insts committed: 44300859, IPC: 04.42566
13961825150397: Event_283: system.switch_cpus1 progress event, total committed:164353325, progress insts committed: 33444431, IPC: 003.3411
13961825150397: Event_282: system.switch_cpus0 progress event, total committed:224753387, progress insts committed: 45119766, IPC: 04.50746
13965158483730: Event_282: system.switch_cpus0 progress event, total committed:269628205, progress insts committed: 44874818, IPC: 04.48299
13965158483730: Event_283: system.switch_cpus1 progress event, total committed:197097461, progress insts committed: 32744136, IPC: 03.27114
13965158483730: Event_284: system.switch_cpus2 progress event, total committed:255902258, progress insts committed: 43395280, IPC: 04.33519
13965158483730: Event_285: system.switch_cpus3 progress event, total committed:66387340, progress insts committed: 7518587, IPC: 0.751107
13968491817063: Event_285: system.switch_cpus3 progress event, total committed:71322307, progress insts committed: 4934967, IPC: 0.493003
13968491817063: Event_284: system.switch_cpus2 progress event, total committed:297233120, progress insts committed: 41330862, IPC: 04.12895
13968491817063: Event_283: system.switch_cpus1 progress event, total committed:229100869, progress insts committed: 32003408, IPC: 03.19714
13968491817063: Event_282: system.switch_cpus0 progress event, total committed:314827156, progress insts committed: 45198951, IPC: 04.51538
13971825150396: Event_282: system.switch_cpus0 progress event, total committed:360059066, progress insts committed: 45231910, IPC: 04.51867
13971825150396: Event_283: system.switch_cpus1 progress event, total committed:260039155, progress insts committed: 30938286, IPC: 03.09073
13971825150396: Event_284: system.switch_cpus2 progress event, total committed:338371823, progress insts committed: 41138703, IPC: 04.10976
13971825150396: Event_285: system.switch_cpus3 progress event, total committed:76020740, progress insts committed: 4698433, IPC: 0.469373
13975158483729: Event_285: system.switch_cpus3 progress event, total committed:81985574, progress insts committed: 5964834, IPC: 0.595887
13975158483729: Event_284: system.switch_cpus2 progress event, total committed:380359714, progress insts committed: 41987891, IPC: 04.19459
13975158483729: Event_283: system.switch_cpus1 progress event, total committed:291526181, progress insts committed: 31487026, IPC: 03.14555
13975158483729: Event_282: system.switch_cpus0 progress event, total committed:405299030, progress insts committed: 45239964, IPC: 04.51947
Exiting @ tick 13975690950369 because a thread reached the max instruction count
