Command line:
./runscript_pride.sh deepsjeng RFM5.BR2.4C 4 2017 --rh_defense --rh_mitigation=RFM --rh_rfm_per_trefi=5 --rh_rfm_blast_radius=2 --rh_rfm_maxacts_per_trefi=79
Global frequency set at 1000000000000 ticks per second
RFM details - rfm_act_threshold: 15, blast_radius: 2, delay_per_rfm: 175000 ps. sample_rate: 0.062500
RH Defense config: RFM, Bus Delay: 0, rfms_per_trefi: 5, rfm_act_threshold: 15, blast_radius: 2,rfm_delay_per_act: 45000 ps.
DRAM config: RowsPerBank: 65536, BanksPerRank: 32, RanksPerChannel: 1
warn: Sockets disabled, not accepting gdb connections
warn: CoherentXBar system.cpu0.mmucache.mmubus has no snooping ports attached!
warn: CoherentXBar system.cpu1.mmucache.mmubus has no snooping ports attached!
warn: CoherentXBar system.cpu2.mmucache.mmubus has no snooping ports attached!
warn: CoherentXBar system.cpu3.mmucache.mmubus has no snooping ports attached!
warn: Checkpoints for file descriptors currently do not work.
warn: Checkpoints for file descriptors currently do not work.
warn: Checkpoints for file descriptors currently do not work.
warn: Checkpoints for file descriptors currently do not work.
gem5 Simulator System.  http://gem5.org
gem5 is copyrighted software; use the --copyright option for details.

gem5 version 20.1.0.5
gem5 compiled Jul 12 2024 12:42:38
gem5 started Aug  1 2024 18:07:14
gem5 executing on a07dda8b130c, pid 250778
command line: /home/user/PrIDE/performance/gem5/build/X86/gem5.opt --outdir=/home/user/PrIDE/performance/gem5/stats/pride_multiprogram_16GBmem_250Mn.SPEC2017.C4/RFM5.BR2.4C/deepsjeng /home/user/PrIDE/performance/gem5/configs/example/se_rq_spec_config_multicore.py --redirects /lib64=/home/utils/gcc-6.2.0/lib64 --benchmark=deepsjeng --benchmark_stdout=/home/user/PrIDE/performance/gem5/stats/pride_multiprogram_16GBmem_250Mn.SPEC2017.C4/RFM5.BR2.4C/deepsjeng/deepsjeng.out --benchmark_stderr=/home/user/PrIDE/performance/gem5/stats/pride_multiprogram_16GBmem_250Mn.SPEC2017.C4/RFM5.BR2.4C/deepsjeng/deepsjeng.err --spec-version=2017 --rh_defense --rh_mitigation=RFM --rh_rfm_per_trefi=5 --rh_rfm_blast_radius=2 --rh_rfm_maxacts_per_trefi=79 --num-cpus=4 --mem-size=16GB --mem-type=DDR5_2400_32x4 --mem-ranks=1 --mem-channels=1 --checkpoint-dir=/home/user/PrIDE/performance/gem5/cpts-DDR5/multiprogram_16GBmem_25Bn.SPEC2017.C4/deepsjeng-1-ref-x86 --checkpoint-restore=25000000000 --at-instruction --cpu-type DerivO3CPU --caches --l2cache --l1d_size=32kB --l1i_size=32kB --l2_size=256kB --l3_size=4MB --l1d_assoc=8 --l1i_assoc=8 --l2_assoc=16 --l3_assoc=16 --cpu-clock=3GHz --sys-clock=3GHz --maxinsts=250000000 --prog-interval=300Hz

info: Standard input is not a terminal, disabling listeners.
Benchmark- 0   deepsjeng
Selected benchmark
--> deepsjeng
CMD: ['/opt/spec2017/benchspec/CPU/531.deepsjeng_r/run/run_base_refrate_gem5_se-m64.0000/deepsjeng_r_base.gem5_se-m64', '/opt/spec2017/benchspec/CPU/531.deepsjeng_r/run/run_base_refrate_gem5_se-m64.0000/ref.txt']
CWD: /opt/spec2017/benchspec/CPU/531.deepsjeng_r/run/run_base_refrate_gem5_se-m64.0000/
Process stdout file: /home/user/PrIDE/performance/gem5/stats/pride_multiprogram_16GBmem_250Mn.SPEC2017.C4/RFM5.BR2.4C/deepsjeng/deepsjeng.out_0
Process stderr file: /home/user/PrIDE/performance/gem5/stats/pride_multiprogram_16GBmem_250Mn.SPEC2017.C4/RFM5.BR2.4C/deepsjeng/deepsjeng.err_0
Benchmark- 1   deepsjeng
Selected benchmark
--> deepsjeng
CMD: ['/opt/spec2017/benchspec/CPU/531.deepsjeng_r/run/run_base_refrate_gem5_se-m64.0000/deepsjeng_r_base.gem5_se-m64', '/opt/spec2017/benchspec/CPU/531.deepsjeng_r/run/run_base_refrate_gem5_se-m64.0000/ref.txt']
CWD: /opt/spec2017/benchspec/CPU/531.deepsjeng_r/run/run_base_refrate_gem5_se-m64.0000/
Process stdout file: /home/user/PrIDE/performance/gem5/stats/pride_multiprogram_16GBmem_250Mn.SPEC2017.C4/RFM5.BR2.4C/deepsjeng/deepsjeng.out_1
Process stderr file: /home/user/PrIDE/performance/gem5/stats/pride_multiprogram_16GBmem_250Mn.SPEC2017.C4/RFM5.BR2.4C/deepsjeng/deepsjeng.err_1
Benchmark- 2   deepsjeng
Selected benchmark
--> deepsjeng
CMD: ['/opt/spec2017/benchspec/CPU/531.deepsjeng_r/run/run_base_refrate_gem5_se-m64.0000/deepsjeng_r_base.gem5_se-m64', '/opt/spec2017/benchspec/CPU/531.deepsjeng_r/run/run_base_refrate_gem5_se-m64.0000/ref.txt']
CWD: /opt/spec2017/benchspec/CPU/531.deepsjeng_r/run/run_base_refrate_gem5_se-m64.0000/
Process stdout file: /home/user/PrIDE/performance/gem5/stats/pride_multiprogram_16GBmem_250Mn.SPEC2017.C4/RFM5.BR2.4C/deepsjeng/deepsjeng.out_2
Process stderr file: /home/user/PrIDE/performance/gem5/stats/pride_multiprogram_16GBmem_250Mn.SPEC2017.C4/RFM5.BR2.4C/deepsjeng/deepsjeng.err_2
Benchmark- 3   deepsjeng
Selected benchmark
--> deepsjeng
CMD: ['/opt/spec2017/benchspec/CPU/531.deepsjeng_r/run/run_base_refrate_gem5_se-m64.0000/deepsjeng_r_base.gem5_se-m64', '/opt/spec2017/benchspec/CPU/531.deepsjeng_r/run/run_base_refrate_gem5_se-m64.0000/ref.txt']
CWD: /opt/spec2017/benchspec/CPU/531.deepsjeng_r/run/run_base_refrate_gem5_se-m64.0000/
Process stdout file: /home/user/PrIDE/performance/gem5/stats/pride_multiprogram_16GBmem_250Mn.SPEC2017.C4/RFM5.BR2.4C/deepsjeng/deepsjeng.out_3
Process stderr file: /home/user/PrIDE/performance/gem5/stats/pride_multiprogram_16GBmem_250Mn.SPEC2017.C4/RFM5.BR2.4C/deepsjeng/deepsjeng.err_3
Workload-0: 
['/opt/spec2017/benchspec/CPU/531.deepsjeng_r/run/run_base_refrate_gem5_se-m64.0000/deepsjeng_r_base.gem5_se-m64', '/opt/spec2017/benchspec/CPU/531.deepsjeng_r/run/run_base_refrate_gem5_se-m64.0000/ref.txt']
Workload-1: 
['/opt/spec2017/benchspec/CPU/531.deepsjeng_r/run/run_base_refrate_gem5_se-m64.0000/deepsjeng_r_base.gem5_se-m64', '/opt/spec2017/benchspec/CPU/531.deepsjeng_r/run/run_base_refrate_gem5_se-m64.0000/ref.txt']
Workload-2: 
['/opt/spec2017/benchspec/CPU/531.deepsjeng_r/run/run_base_refrate_gem5_se-m64.0000/deepsjeng_r_base.gem5_se-m64', '/opt/spec2017/benchspec/CPU/531.deepsjeng_r/run/run_base_refrate_gem5_se-m64.0000/ref.txt']
Workload-3: 
['/opt/spec2017/benchspec/CPU/531.deepsjeng_r/run/run_base_refrate_gem5_se-m64.0000/deepsjeng_r_base.gem5_se-m64', '/opt/spec2017/benchspec/CPU/531.deepsjeng_r/run/run_base_refrate_gem5_se-m64.0000/ref.txt']
defense_enable:  True  detector:  MG  mitigation:  RFM  threshold:  800
mg_entries:  1700
rfm_maxacts_per_trefi:  79 rfm_per_trefi:  5 rfm_blast_radius:  2
Switch at curTick count:10000
warn: membus.master is deprecated. `master` is now called `mem_side_ports`
warn: No dot file generated. Please install pydot to generate the dot file and pdf.
info: Entering event queue @ 16546382661060.  Starting simulation...
info: Entering event queue @ 16546382671060.  Starting simulation...
warn: PowerState: Already in the requested power state, request ignored
Switched CPUS @ tick 16546382671060
switching cpus
**** REAL SIMULATION ****
info: Entering event queue @ 16546382671716.  Starting simulation...
16549715994393: Event_285: system.switch_cpus3 progress event, total committed:22295522, progress insts committed: 22295522, IPC: 02.22732
16549715994393: Event_284: system.switch_cpus2 progress event, total committed:22294789, progress insts committed: 22294789, IPC: 02.22725
16549715994393: Event_283: system.switch_cpus1 progress event, total committed:22294805, progress insts committed: 22294805, IPC: 02.22725
16549715994393: Event_282: system.switch_cpus0 progress event, total committed:22294793, progress insts committed: 22294793, IPC: 02.22725
16553049327726: Event_282: system.switch_cpus0 progress event, total committed:44821989, progress insts committed: 22527196, IPC: 02.25047
16553049327726: Event_283: system.switch_cpus1 progress event, total committed:44822005, progress insts committed: 22527200, IPC: 02.25047
16553049327726: Event_284: system.switch_cpus2 progress event, total committed:44822096, progress insts committed: 22527307, IPC: 02.25048
16553049327726: Event_285: system.switch_cpus3 progress event, total committed:44822016, progress insts committed: 22526494, IPC: 002.2504
16556382661059: Event_285: system.switch_cpus3 progress event, total committed:67179495, progress insts committed: 22357479, IPC: 02.23351
16556382661059: Event_284: system.switch_cpus2 progress event, total committed:67179426, progress insts committed: 22357330, IPC: 002.2335
16556382661059: Event_283: system.switch_cpus1 progress event, total committed:67179537, progress insts committed: 22357532, IPC: 02.23352
16556382661059: Event_282: system.switch_cpus0 progress event, total committed:67179528, progress insts committed: 22357539, IPC: 02.23352
16559715994392: Event_282: system.switch_cpus0 progress event, total committed:89571131, progress insts committed: 22391603, IPC: 02.23692
16559715994392: Event_283: system.switch_cpus1 progress event, total committed:89571160, progress insts committed: 22391623, IPC: 02.23692
16559715994392: Event_284: system.switch_cpus2 progress event, total committed:89545642, progress insts committed: 22366216, IPC: 02.23438
16559715994392: Event_285: system.switch_cpus3 progress event, total committed:89545671, progress insts committed: 22366176, IPC: 02.23438
16563049327725: Event_285: system.switch_cpus3 progress event, total committed:111241009, progress insts committed: 21695338, IPC: 02.16736
16563049327725: Event_284: system.switch_cpus2 progress event, total committed:111241009, progress insts committed: 21695367, IPC: 02.16737
16563049327725: Event_283: system.switch_cpus1 progress event, total committed:111241009, progress insts committed: 21669849, IPC: 02.16482
16563049327725: Event_282: system.switch_cpus0 progress event, total committed:111241009, progress insts committed: 21669878, IPC: 02.16482
16566382661058: Event_282: system.switch_cpus0 progress event, total committed:132560405, progress insts committed: 21319396, IPC: 02.12981
16566382661058: Event_283: system.switch_cpus1 progress event, total committed:132560375, progress insts committed: 21319366, IPC: 002.1298
16566382661058: Event_284: system.switch_cpus2 progress event, total committed:132596318, progress insts committed: 21355309, IPC: 002.1334
16566382661058: Event_285: system.switch_cpus3 progress event, total committed:132596248, progress insts committed: 21355239, IPC: 02.13339
16569715994391: Event_285: system.switch_cpus3 progress event, total committed:154284068, progress insts committed: 21687820, IPC: 02.16661
16569715994391: Event_284: system.switch_cpus2 progress event, total committed:154255011, progress insts committed: 21658693, IPC: 002.1637
16569715994391: Event_283: system.switch_cpus1 progress event, total committed:154240892, progress insts committed: 21680517, IPC: 02.16588
16569715994391: Event_282: system.switch_cpus0 progress event, total committed:154240930, progress insts committed: 21680525, IPC: 02.16588
16573049327724: Event_282: system.switch_cpus0 progress event, total committed:176085553, progress insts committed: 21844623, IPC: 02.18228
16573049327724: Event_283: system.switch_cpus1 progress event, total committed:176085543, progress insts committed: 21844651, IPC: 02.18228
16573049327724: Event_284: system.switch_cpus2 progress event, total committed:176020399, progress insts committed: 21765388, IPC: 02.17436
16573049327724: Event_285: system.switch_cpus3 progress event, total committed:176112062, progress insts committed: 21827994, IPC: 02.18062
16576382661057: Event_285: system.switch_cpus3 progress event, total committed:197550881, progress insts committed: 21438819, IPC: 02.14174
16576382661057: Event_284: system.switch_cpus2 progress event, total committed:197481946, progress insts committed: 21461547, IPC: 02.14401
16576382661057: Event_283: system.switch_cpus1 progress event, total committed:197531820, progress insts committed: 21446277, IPC: 02.14248
16576382661057: Event_282: system.switch_cpus0 progress event, total committed:197601552, progress insts committed: 21515999, IPC: 02.14945
16579715994390: Event_282: system.switch_cpus0 progress event, total committed:219514451, progress insts committed: 21912899, IPC: 002.1891
16579715994390: Event_283: system.switch_cpus1 progress event, total committed:219443029, progress insts committed: 21911209, IPC: 02.18893
16579715994390: Event_284: system.switch_cpus2 progress event, total committed:219413376, progress insts committed: 21931430, IPC: 02.19095
16579715994390: Event_285: system.switch_cpus3 progress event, total committed:219485671, progress insts committed: 21934790, IPC: 02.19129
16583049327723: Event_285: system.switch_cpus3 progress event, total committed:241529320, progress insts committed: 22043649, IPC: 02.20216
16583049327723: Event_284: system.switch_cpus2 progress event, total committed:241454872, progress insts committed: 22041496, IPC: 02.20195
16583049327723: Event_283: system.switch_cpus1 progress event, total committed:241453434, progress insts committed: 22010405, IPC: 02.19884
16583049327723: Event_282: system.switch_cpus0 progress event, total committed:241504185, progress insts committed: 21989734, IPC: 02.19677
16586382661056: Event_282: system.switch_cpus0 progress event, total committed:263576738, progress insts committed: 22072553, IPC: 02.20505
16586382661056: Event_283: system.switch_cpus1 progress event, total committed:263534278, progress insts committed: 22080844, IPC: 02.20588
16586382661056: Event_284: system.switch_cpus2 progress event, total committed:263537302, progress insts committed: 22082430, IPC: 02.20603
16586382661056: Event_285: system.switch_cpus3 progress event, total committed:263595051, progress insts committed: 22065731, IPC: 02.20437
16589715994389: Event_285: system.switch_cpus3 progress event, total committed:285631060, progress insts committed: 22036009, IPC: 002.2014
16589715994389: Event_284: system.switch_cpus2 progress event, total committed:285553763, progress insts committed: 22016461, IPC: 02.19944
16589715994389: Event_283: system.switch_cpus1 progress event, total committed:285538855, progress insts committed: 22004577, IPC: 02.19826
16589715994389: Event_282: system.switch_cpus0 progress event, total committed:285588064, progress insts committed: 22011326, IPC: 02.19893
16593049327722: Event_282: system.switch_cpus0 progress event, total committed:308257683, progress insts committed: 22669619, IPC: 02.26469
16593049327722: Event_283: system.switch_cpus1 progress event, total committed:308154560, progress insts committed: 22615705, IPC: 02.25931
16593049327722: Event_284: system.switch_cpus2 progress event, total committed:308216992, progress insts committed: 22663229, IPC: 02.26406
16593049327722: Event_285: system.switch_cpus3 progress event, total committed:308307467, progress insts committed: 22676407, IPC: 02.26537
16596382661055: Event_285: system.switch_cpus3 progress event, total committed:330999691, progress insts committed: 22692224, IPC: 02.26695
16596382661055: Event_284: system.switch_cpus2 progress event, total committed:330879611, progress insts committed: 22662619, IPC: 0002.264
16596382661055: Event_283: system.switch_cpus1 progress event, total committed:330855519, progress insts committed: 22700959, IPC: 02.26783
16596382661055: Event_282: system.switch_cpus0 progress event, total committed:330949134, progress insts committed: 22691451, IPC: 02.26688
16599715994388: Event_282: system.switch_cpus0 progress event, total committed:352884947, progress insts committed: 21935813, IPC: 02.19139
16599715994388: Event_283: system.switch_cpus1 progress event, total committed:352774700, progress insts committed: 21919181, IPC: 02.18973
16599715994388: Event_284: system.switch_cpus2 progress event, total committed:352856357, progress insts committed: 21976746, IPC: 02.19548
16599715994388: Event_285: system.switch_cpus3 progress event, total committed:352966855, progress insts committed: 21967164, IPC: 02.19452
16603049327721: Event_285: system.switch_cpus3 progress event, total committed:374637976, progress insts committed: 21671121, IPC: 02.16494
16603049327721: Event_284: system.switch_cpus2 progress event, total committed:374484566, progress insts committed: 21628209, IPC: 02.16066
16603049327721: Event_283: system.switch_cpus1 progress event, total committed:374487838, progress insts committed: 21713138, IPC: 02.16914
16603049327721: Event_282: system.switch_cpus0 progress event, total committed:374538696, progress insts committed: 21653749, IPC: 02.16321
16606382661054: Event_282: system.switch_cpus0 progress event, total committed:396482349, progress insts committed: 21943653, IPC: 02.19217
16606382661054: Event_283: system.switch_cpus1 progress event, total committed:396482452, progress insts committed: 21994614, IPC: 02.19726
16606382661054: Event_284: system.switch_cpus2 progress event, total committed:396395998, progress insts committed: 21911432, IPC: 02.18895
16606382661054: Event_285: system.switch_cpus3 progress event, total committed:396612603, progress insts committed: 21974627, IPC: 02.19527
Exiting @ tick 16607537132373 because a thread reached the max instruction count
