Command line:
./runscript_pride.sh leela RFM10.BR2.4C 4 2017 --rh_defense --rh_mitigation=RFM --rh_rfm_per_trefi=10 --rh_rfm_blast_radius=2 --rh_rfm_maxacts_per_trefi=79
Global frequency set at 1000000000000 ticks per second
RFM details - rfm_act_threshold: 7, blast_radius: 2, delay_per_rfm: 175000 ps. sample_rate: 0.125000
RH Defense config: RFM, Bus Delay: 0, rfms_per_trefi: 10, rfm_act_threshold: 7, blast_radius: 2,rfm_delay_per_act: 45000 ps.
DRAM config: RowsPerBank: 65536, BanksPerRank: 32, RanksPerChannel: 1
warn: Sockets disabled, not accepting gdb connections
warn: CoherentXBar system.cpu0.mmucache.mmubus has no snooping ports attached!
warn: CoherentXBar system.cpu1.mmucache.mmubus has no snooping ports attached!
warn: CoherentXBar system.cpu2.mmucache.mmubus has no snooping ports attached!
warn: CoherentXBar system.cpu3.mmucache.mmubus has no snooping ports attached!
warn: Checkpoints for file descriptors currently do not work.
warn: Checkpoints for file descriptors currently do not work.
warn: Checkpoints for file descriptors currently do not work.
warn: Checkpoints for file descriptors currently do not work.
gem5 Simulator System.  http://gem5.org
gem5 is copyrighted software; use the --copyright option for details.

gem5 version 20.1.0.5
gem5 compiled Jul 12 2024 12:42:38
gem5 started Aug  1 2024 19:02:15
gem5 executing on a07dda8b130c, pid 251355
command line: /home/user/PrIDE/performance/gem5/build/X86/gem5.opt --outdir=/home/user/PrIDE/performance/gem5/stats/pride_multiprogram_16GBmem_250Mn.SPEC2017.C4/RFM10.BR2.4C/leela /home/user/PrIDE/performance/gem5/configs/example/se_rq_spec_config_multicore.py --redirects /lib64=/home/utils/gcc-6.2.0/lib64 --benchmark=leela --benchmark_stdout=/home/user/PrIDE/performance/gem5/stats/pride_multiprogram_16GBmem_250Mn.SPEC2017.C4/RFM10.BR2.4C/leela/leela.out --benchmark_stderr=/home/user/PrIDE/performance/gem5/stats/pride_multiprogram_16GBmem_250Mn.SPEC2017.C4/RFM10.BR2.4C/leela/leela.err --spec-version=2017 --rh_defense --rh_mitigation=RFM --rh_rfm_per_trefi=10 --rh_rfm_blast_radius=2 --rh_rfm_maxacts_per_trefi=79 --num-cpus=4 --mem-size=16GB --mem-type=DDR5_2400_32x4 --mem-ranks=1 --mem-channels=1 --checkpoint-dir=/home/user/PrIDE/performance/gem5/cpts-DDR5/multiprogram_16GBmem_25Bn.SPEC2017.C4/leela-1-ref-x86 --checkpoint-restore=25000000000 --at-instruction --cpu-type DerivO3CPU --caches --l2cache --l1d_size=32kB --l1i_size=32kB --l2_size=256kB --l3_size=4MB --l1d_assoc=8 --l1i_assoc=8 --l2_assoc=16 --l3_assoc=16 --cpu-clock=3GHz --sys-clock=3GHz --maxinsts=250000000 --prog-interval=300Hz

info: Standard input is not a terminal, disabling listeners.
Benchmark- 0   leela
Selected benchmark
--> leela
CMD: ['/opt/spec2017/benchspec/CPU/541.leela_r/run/run_base_refrate_gem5_se-m64.0000/leela_r_base.gem5_se-m64', '/opt/spec2017/benchspec/CPU/541.leela_r/run/run_base_refrate_gem5_se-m64.0000/ref.sgf']
CWD: /opt/spec2017/benchspec/CPU/541.leela_r/run/run_base_refrate_gem5_se-m64.0000/
Process stdout file: /home/user/PrIDE/performance/gem5/stats/pride_multiprogram_16GBmem_250Mn.SPEC2017.C4/RFM10.BR2.4C/leela/leela.out_0
Process stderr file: /home/user/PrIDE/performance/gem5/stats/pride_multiprogram_16GBmem_250Mn.SPEC2017.C4/RFM10.BR2.4C/leela/leela.err_0
Benchmark- 1   leela
Selected benchmark
--> leela
CMD: ['/opt/spec2017/benchspec/CPU/541.leela_r/run/run_base_refrate_gem5_se-m64.0000/leela_r_base.gem5_se-m64', '/opt/spec2017/benchspec/CPU/541.leela_r/run/run_base_refrate_gem5_se-m64.0000/ref.sgf']
CWD: /opt/spec2017/benchspec/CPU/541.leela_r/run/run_base_refrate_gem5_se-m64.0000/
Process stdout file: /home/user/PrIDE/performance/gem5/stats/pride_multiprogram_16GBmem_250Mn.SPEC2017.C4/RFM10.BR2.4C/leela/leela.out_1
Process stderr file: /home/user/PrIDE/performance/gem5/stats/pride_multiprogram_16GBmem_250Mn.SPEC2017.C4/RFM10.BR2.4C/leela/leela.err_1
Benchmark- 2   leela
Selected benchmark
--> leela
CMD: ['/opt/spec2017/benchspec/CPU/541.leela_r/run/run_base_refrate_gem5_se-m64.0000/leela_r_base.gem5_se-m64', '/opt/spec2017/benchspec/CPU/541.leela_r/run/run_base_refrate_gem5_se-m64.0000/ref.sgf']
CWD: /opt/spec2017/benchspec/CPU/541.leela_r/run/run_base_refrate_gem5_se-m64.0000/
Process stdout file: /home/user/PrIDE/performance/gem5/stats/pride_multiprogram_16GBmem_250Mn.SPEC2017.C4/RFM10.BR2.4C/leela/leela.out_2
Process stderr file: /home/user/PrIDE/performance/gem5/stats/pride_multiprogram_16GBmem_250Mn.SPEC2017.C4/RFM10.BR2.4C/leela/leela.err_2
Benchmark- 3   leela
Selected benchmark
--> leela
CMD: ['/opt/spec2017/benchspec/CPU/541.leela_r/run/run_base_refrate_gem5_se-m64.0000/leela_r_base.gem5_se-m64', '/opt/spec2017/benchspec/CPU/541.leela_r/run/run_base_refrate_gem5_se-m64.0000/ref.sgf']
CWD: /opt/spec2017/benchspec/CPU/541.leela_r/run/run_base_refrate_gem5_se-m64.0000/
Process stdout file: /home/user/PrIDE/performance/gem5/stats/pride_multiprogram_16GBmem_250Mn.SPEC2017.C4/RFM10.BR2.4C/leela/leela.out_3
Process stderr file: /home/user/PrIDE/performance/gem5/stats/pride_multiprogram_16GBmem_250Mn.SPEC2017.C4/RFM10.BR2.4C/leela/leela.err_3
Workload-0: 
['/opt/spec2017/benchspec/CPU/541.leela_r/run/run_base_refrate_gem5_se-m64.0000/leela_r_base.gem5_se-m64', '/opt/spec2017/benchspec/CPU/541.leela_r/run/run_base_refrate_gem5_se-m64.0000/ref.sgf']
Workload-1: 
['/opt/spec2017/benchspec/CPU/541.leela_r/run/run_base_refrate_gem5_se-m64.0000/leela_r_base.gem5_se-m64', '/opt/spec2017/benchspec/CPU/541.leela_r/run/run_base_refrate_gem5_se-m64.0000/ref.sgf']
Workload-2: 
['/opt/spec2017/benchspec/CPU/541.leela_r/run/run_base_refrate_gem5_se-m64.0000/leela_r_base.gem5_se-m64', '/opt/spec2017/benchspec/CPU/541.leela_r/run/run_base_refrate_gem5_se-m64.0000/ref.sgf']
Workload-3: 
['/opt/spec2017/benchspec/CPU/541.leela_r/run/run_base_refrate_gem5_se-m64.0000/leela_r_base.gem5_se-m64', '/opt/spec2017/benchspec/CPU/541.leela_r/run/run_base_refrate_gem5_se-m64.0000/ref.sgf']
defense_enable:  True  detector:  MG  mitigation:  RFM  threshold:  800
mg_entries:  1700
rfm_maxacts_per_trefi:  79 rfm_per_trefi:  10 rfm_blast_radius:  2
Switch at curTick count:10000
warn: membus.master is deprecated. `master` is now called `mem_side_ports`
warn: No dot file generated. Please install pydot to generate the dot file and pdf.
info: Entering event queue @ 18573644891205.  Starting simulation...
info: Entering event queue @ 18573644901205.  Starting simulation...
warn: PowerState: Already in the requested power state, request ignored
Switched CPUS @ tick 18573644901205
switching cpus
**** REAL SIMULATION ****
info: Entering event queue @ 18573644901528.  Starting simulation...
warn: MOVNTDQ: Ignoring non-temporal hint, modeling as cacheable!
18576978224538: Event_285: system.switch_cpus3 progress event, total committed:18571287, progress insts committed: 18571287, IPC: 01.85527
18576978224538: Event_284: system.switch_cpus2 progress event, total committed:18571307, progress insts committed: 18571307, IPC: 01.85527
18576978224538: Event_283: system.switch_cpus1 progress event, total committed:18571326, progress insts committed: 18571326, IPC: 01.85528
18576978224538: Event_282: system.switch_cpus0 progress event, total committed:18571287, progress insts committed: 18571287, IPC: 01.85527
18580311557871: Event_282: system.switch_cpus0 progress event, total committed:38289740, progress insts committed: 19718453, IPC: 01.96987
18580311557871: Event_283: system.switch_cpus1 progress event, total committed:38289729, progress insts committed: 19718403, IPC: 01.96987
18580311557871: Event_284: system.switch_cpus2 progress event, total committed:38291981, progress insts committed: 19720674, IPC: 001.9701
18580311557871: Event_285: system.switch_cpus3 progress event, total committed:38292040, progress insts committed: 19720753, IPC: 001.9701
18583644891204: Event_285: system.switch_cpus3 progress event, total committed:58064314, progress insts committed: 19772274, IPC: 01.97525
18583644891204: Event_284: system.switch_cpus2 progress event, total committed:58064236, progress insts committed: 19772255, IPC: 01.97525
18583644891204: Event_283: system.switch_cpus1 progress event, total committed:58064375, progress insts committed: 19774646, IPC: 01.97549
18583644891204: Event_282: system.switch_cpus0 progress event, total committed:58064265, progress insts committed: 19774525, IPC: 01.97548
18586978224537: Event_282: system.switch_cpus0 progress event, total committed:77939164, progress insts committed: 19874899, IPC: 001.9855
18586978224537: Event_283: system.switch_cpus1 progress event, total committed:77939182, progress insts committed: 19874807, IPC: 01.98549
18586978224537: Event_284: system.switch_cpus2 progress event, total committed:77933589, progress insts committed: 19869353, IPC: 01.98495
18586978224537: Event_285: system.switch_cpus3 progress event, total committed:77933593, progress insts committed: 19869279, IPC: 01.98494
18590311557870: Event_285: system.switch_cpus3 progress event, total committed:97948341, progress insts committed: 20014748, IPC: 01.99947
18590311557870: Event_284: system.switch_cpus2 progress event, total committed:97948435, progress insts committed: 20014846, IPC: 01.99948
18590311557870: Event_283: system.switch_cpus1 progress event, total committed:97952305, progress insts committed: 20013123, IPC: 01.99931
18590311557870: Event_282: system.switch_cpus0 progress event, total committed:97952321, progress insts committed: 20013157, IPC: 01.99931
18593644891203: Event_282: system.switch_cpus0 progress event, total committed:114853006, progress insts committed: 16900685, IPC: 01.68838
18593644891203: Event_283: system.switch_cpus1 progress event, total committed:114853063, progress insts committed: 16900758, IPC: 01.68839
18593644891203: Event_284: system.switch_cpus2 progress event, total committed:114845290, progress insts committed: 16896855, IPC: 0001.688
18593644891203: Event_285: system.switch_cpus3 progress event, total committed:114843411, progress insts committed: 16895070, IPC: 01.68782
18596978224536: Event_285: system.switch_cpus3 progress event, total committed:134836183, progress insts committed: 19992772, IPC: 01.99728
18596978224536: Event_284: system.switch_cpus2 progress event, total committed:134834650, progress insts committed: 19989360, IPC: 01.99694
18596978224536: Event_283: system.switch_cpus1 progress event, total committed:134833697, progress insts committed: 19980634, IPC: 01.99607
18596978224536: Event_282: system.switch_cpus0 progress event, total committed:134833751, progress insts committed: 19980745, IPC: 01.99608
18600311557869: Event_282: system.switch_cpus0 progress event, total committed:154675148, progress insts committed: 19841397, IPC: 01.98216
18600311557869: Event_283: system.switch_cpus1 progress event, total committed:154678133, progress insts committed: 19844436, IPC: 01.98246
18600311557869: Event_284: system.switch_cpus2 progress event, total committed:154674826, progress insts committed: 19840176, IPC: 01.98203
18600311557869: Event_285: system.switch_cpus3 progress event, total committed:154684293, progress insts committed: 19848110, IPC: 01.98283
18603644891202: Event_285: system.switch_cpus3 progress event, total committed:174654427, progress insts committed: 19970134, IPC: 01.99502
18603644891202: Event_284: system.switch_cpus2 progress event, total committed:174654587, progress insts committed: 19979761, IPC: 01.99598
18603644891202: Event_283: system.switch_cpus1 progress event, total committed:174639205, progress insts committed: 19961072, IPC: 01.99411
18603644891202: Event_282: system.switch_cpus0 progress event, total committed:174639077, progress insts committed: 19963929, IPC: 001.9944
18606978224535: Event_282: system.switch_cpus0 progress event, total committed:194574914, progress insts committed: 19935837, IPC: 01.99159
18606978224535: Event_283: system.switch_cpus1 progress event, total committed:194574948, progress insts committed: 19935743, IPC: 01.99158
18606978224535: Event_284: system.switch_cpus2 progress event, total committed:194585670, progress insts committed: 19931083, IPC: 01.99112
18606978224535: Event_285: system.switch_cpus3 progress event, total committed:194586655, progress insts committed: 19932228, IPC: 01.99123
18610311557868: Event_285: system.switch_cpus3 progress event, total committed:214465152, progress insts committed: 19878497, IPC: 01.98586
18610311557868: Event_284: system.switch_cpus2 progress event, total committed:214461643, progress insts committed: 19875973, IPC: 01.98561
18610311557868: Event_283: system.switch_cpus1 progress event, total committed:214452484, progress insts committed: 19877536, IPC: 01.98577
18610311557868: Event_282: system.switch_cpus0 progress event, total committed:214452403, progress insts committed: 19877489, IPC: 01.98576
18613644891201: Event_282: system.switch_cpus0 progress event, total committed:234439782, progress insts committed: 19987379, IPC: 01.99674
18613644891201: Event_283: system.switch_cpus1 progress event, total committed:234439840, progress insts committed: 19987356, IPC: 01.99674
18613644891201: Event_284: system.switch_cpus2 progress event, total committed:234449694, progress insts committed: 19988051, IPC: 01.99681
18613644891201: Event_285: system.switch_cpus3 progress event, total committed:234452463, progress insts committed: 19987311, IPC: 01.99673
18616978224534: Event_285: system.switch_cpus3 progress event, total committed:254522893, progress insts committed: 20070430, IPC: 02.00504
18616978224534: Event_284: system.switch_cpus2 progress event, total committed:254515073, progress insts committed: 20065379, IPC: 02.00453
18616978224534: Event_283: system.switch_cpus1 progress event, total committed:254511460, progress insts committed: 20071620, IPC: 02.00515
18616978224534: Event_282: system.switch_cpus0 progress event, total committed:254511052, progress insts committed: 20071270, IPC: 02.00512
18620311557867: Event_282: system.switch_cpus0 progress event, total committed:274431110, progress insts committed: 19920058, IPC: 01.99001
18620311557867: Event_283: system.switch_cpus1 progress event, total committed:274430593, progress insts committed: 19919133, IPC: 01.98992
18620311557867: Event_284: system.switch_cpus2 progress event, total committed:274441848, progress insts committed: 19926775, IPC: 01.99068
18620311557867: Event_285: system.switch_cpus3 progress event, total committed:274437548, progress insts committed: 19914655, IPC: 01.98947
18623644891200: Event_285: system.switch_cpus3 progress event, total committed:294430051, progress insts committed: 19992503, IPC: 01.99725
18623644891200: Event_284: system.switch_cpus2 progress event, total committed:294431308, progress insts committed: 19989460, IPC: 01.99695
18623644891200: Event_283: system.switch_cpus1 progress event, total committed:294415819, progress insts committed: 19985226, IPC: 01.99652
18623644891200: Event_282: system.switch_cpus0 progress event, total committed:294417433, progress insts committed: 19986323, IPC: 01.99663
18626978224533: Event_282: system.switch_cpus0 progress event, total committed:314405342, progress insts committed: 19987909, IPC: 01.99679
18626978224533: Event_283: system.switch_cpus1 progress event, total committed:314393889, progress insts committed: 19978070, IPC: 01.99581
18626978224533: Event_284: system.switch_cpus2 progress event, total committed:314414432, progress insts committed: 19983124, IPC: 01.99631
18626978224533: Event_285: system.switch_cpus3 progress event, total committed:314416462, progress insts committed: 19986411, IPC: 01.99664
18630311557866: Event_285: system.switch_cpus3 progress event, total committed:334329635, progress insts committed: 19913173, IPC: 01.98933
18630311557866: Event_284: system.switch_cpus2 progress event, total committed:334321523, progress insts committed: 19907091, IPC: 01.98872
18630311557866: Event_283: system.switch_cpus1 progress event, total committed:334307339, progress insts committed: 19913450, IPC: 01.98935
18630311557866: Event_282: system.switch_cpus0 progress event, total committed:334306234, progress insts committed: 19900892, IPC: 001.9881
18633644891199: Event_282: system.switch_cpus0 progress event, total committed:354260807, progress insts committed: 19954573, IPC: 01.99346
18633644891199: Event_283: system.switch_cpus1 progress event, total committed:354261589, progress insts committed: 19954250, IPC: 01.99343
18633644891199: Event_284: system.switch_cpus2 progress event, total committed:354288816, progress insts committed: 19967293, IPC: 01.99473
18633644891199: Event_285: system.switch_cpus3 progress event, total committed:354287832, progress insts committed: 19958197, IPC: 01.99382
18636978224532: Event_285: system.switch_cpus3 progress event, total committed:374312080, progress insts committed: 20024248, IPC: 02.00042
18636978224532: Event_284: system.switch_cpus2 progress event, total committed:374315691, progress insts committed: 20026875, IPC: 02.00068
18636978224532: Event_283: system.switch_cpus1 progress event, total committed:374297729, progress insts committed: 20036140, IPC: 02.00161
18636978224532: Event_282: system.switch_cpus0 progress event, total committed:374292001, progress insts committed: 20031194, IPC: 02.00112
18640311557865: Event_282: system.switch_cpus0 progress event, total committed:394128078, progress insts committed: 19836077, IPC: 01.98162
18640311557865: Event_283: system.switch_cpus1 progress event, total committed:394135861, progress insts committed: 19838132, IPC: 01.98183
18640311557865: Event_284: system.switch_cpus2 progress event, total committed:394148029, progress insts committed: 19832338, IPC: 01.98125
18640311557865: Event_285: system.switch_cpus3 progress event, total committed:394153466, progress insts committed: 19841386, IPC: 01.98215
18643644891198: Event_285: system.switch_cpus3 progress event, total committed:414064270, progress insts committed: 19910804, IPC: 01.98909
18643644891198: Event_284: system.switch_cpus2 progress event, total committed:414055589, progress insts committed: 19907560, IPC: 01.98877
18643644891198: Event_283: system.switch_cpus1 progress event, total committed:414043529, progress insts committed: 19907668, IPC: 01.98878
18643644891198: Event_282: system.switch_cpus0 progress event, total committed:414026925, progress insts committed: 19898847, IPC: 01.98789
18646978224531: Event_282: system.switch_cpus0 progress event, total committed:434029036, progress insts committed: 20002111, IPC: 01.99821
18646978224531: Event_283: system.switch_cpus1 progress event, total committed:434027701, progress insts committed: 19984172, IPC: 01.99642
18646978224531: Event_284: system.switch_cpus2 progress event, total committed:434050272, progress insts committed: 19994683, IPC: 01.99747
18646978224531: Event_285: system.switch_cpus3 progress event, total committed:434058025, progress insts committed: 19993755, IPC: 01.99738
18650311557864: Event_285: system.switch_cpus3 progress event, total committed:454044130, progress insts committed: 19986105, IPC: 01.99661
18650311557864: Event_284: system.switch_cpus2 progress event, total committed:454027801, progress insts committed: 19977529, IPC: 01.99576
18650311557864: Event_283: system.switch_cpus1 progress event, total committed:454011189, progress insts committed: 19983488, IPC: 01.99635
18650311557864: Event_282: system.switch_cpus0 progress event, total committed:454010003, progress insts committed: 19980967, IPC: 001.9961
Exiting @ tick 18651279169881 because a thread reached the max instruction count
