Use of uninitialized value $base_ipc_wname in hash element at getdata.pl line 1057.
Use of uninitialized value $base_ipc_wname in hash element at getdata.pl line 1057.
Use of uninitialized value $base_ipc_wname in hash element at getdata.pl line 1057.
Use of uninitialized value $base_ipc_wname in hash element at getdata.pl line 1057.
Use of uninitialized value $base_ipc_wname in hash element at getdata.pl line 1057.
Use of uninitialized value $base_ipc_wname in hash element at getdata.pl line 1057.
Use of uninitialized value $base_ipc_wname in hash element at getdata.pl line 1057.
Use of uninitialized value $base_ipc_wname in hash element at getdata.pl line 1057.
Use of uninitialized value $base_ipc_wname in hash element at getdata.pl line 1057.
Use of uninitialized value $base_ipc_wname in hash element at getdata.pl line 1057.
Use of uninitialized value $base_ipc_wname in hash element at getdata.pl line 1057.
Use of uninitialized value $base_ipc_wname in hash element at getdata.pl line 1057.
Use of uninitialized value $base_ipc_wname in hash element at getdata.pl line 1057.
Use of uninitialized value $base_ipc_wname in hash element at getdata.pl line 1057.
Use of uninitialized value $base_ipc_wname in hash element at getdata.pl line 1057.
Use of uninitialized value $base_ipc_wname in hash element at getdata.pl line 1057.
Use of uninitialized value $base_ipc_wname in hash element at getdata.pl line 1057.
Use of uninitialized value $base_ipc_wname in hash element at getdata.pl line 1057.
Use of uninitialized value $base_ipc_wname in hash element at getdata.pl line 1057.
Use of uninitialized value $base_ipc_wname in hash element at getdata.pl line 1057.
Use of uninitialized value $base_ipc_wname in hash element at getdata.pl line 1057.
Use of uninitialized value $base_ipc_wname in hash element at getdata.pl line 1057.
Use of uninitialized value $base_ipc_wname in hash element at getdata.pl line 1057.
Use of uninitialized value $base_ipc_wname in hash element at getdata.pl line 1057.
Use of uninitialized value $base_ipc_wname in hash element at getdata.pl line 1057.
Use of uninitialized value $base_ipc_wname in hash element at getdata.pl line 1057.
Use of uninitialized value $base_ipc_wname in hash element at getdata.pl line 1057.
Use of uninitialized value $base_ipc_wname in hash element at getdata.pl line 1057.
Use of uninitialized value $base_ipc_wname in hash element at getdata.pl line 1057.
Use of uninitialized value $base_ipc_wname in hash element at getdata.pl line 1057.
Use of uninitialized value $base_ipc_wname in hash element at getdata.pl line 1057.
Use of uninitialized value $base_ipc_wname in hash element at getdata.pl line 1057.
Use of uninitialized value $base_ipc_wname in hash element at getdata.pl line 1057.
Use of uninitialized value $base_ipc_wname in hash element at getdata.pl line 1057.
Use of uninitialized value $base_ipc_wname in hash element at getdata.pl line 1057.
Use of uninitialized value $base_ipc_wname in hash element at getdata.pl line 1057.
Use of uninitialized value $base_ipc_wname in hash element at getdata.pl line 1057.
Use of uninitialized value $base_ipc_wname in hash element at getdata.pl line 1057.
Use of uninitialized value $base_ipc_wname in hash element at getdata.pl line 1057.
Use of uninitialized value $base_ipc_wname in hash element at getdata.pl line 1057.
Use of uninitialized value $base_ipc_wname in hash element at getdata.pl line 1057.
Use of uninitialized value $base_ipc_wname in hash element at getdata.pl line 1057.
Use of uninitialized value $base_ipc_wname in hash element at getdata.pl line 1057.
Use of uninitialized value $base_ipc_wname in hash element at getdata.pl line 1057.
Use of uninitialized value $base_ipc_wname in hash element at getdata.pl line 1057.
Use of uninitialized value $base_ipc_wname in hash element at getdata.pl line 1057.
Use of uninitialized value $base_ipc_wname in hash element at getdata.pl line 1057.
Use of uninitialized value $base_ipc_wname in hash element at getdata.pl line 1057.
Use of uninitialized value $base_ipc_wname in hash element at getdata.pl line 1057.
Use of uninitialized value $base_ipc_wname in hash element at getdata.pl line 1057.
Use of uninitialized value $base_ipc_wname in hash element at getdata.pl line 1057.
Use of uninitialized value $base_ipc_wname in hash element at getdata.pl line 1057.
Use of uninitialized value $base_ipc_wname in hash element at getdata.pl line 1057.
Use of uninitialized value $base_ipc_wname in hash element at getdata.pl line 1057.
Use of uninitialized value $base_ipc_wname in hash element at getdata.pl line 1057.
Use of uninitialized value $base_ipc_wname in hash element at getdata.pl line 1057.
Use of uninitialized value $base_ipc_wname in hash element at getdata.pl line 1057.
Use of uninitialized value $base_ipc_wname in hash element at getdata.pl line 1057.
Use of uninitialized value $base_ipc_wname in hash element at getdata.pl line 1057.
Use of uninitialized value $base_ipc_wname in hash element at getdata.pl line 1057.

               Expts	17.C4/AE.BASELINE.4C	C2017.C4/RFM1.BR2.4C	C2017.C4/RFM2.BR2.4C	C2017.C4/RFM5.BR2.4C	2017.C4/RFM10.BR2.4C	

             blender	       1.000 	       0.998 	       0.998 	       0.957 	       0.815 	
                 lbm	       1.000 	       1.000 	       0.991 	       0.860 	       0.669 	
                roms	       1.000 	       1.016 	       0.997 	       0.940 	       0.832 	
                 mcf	       1.000 	       0.996 	       0.999 	       0.997 	       0.953 	
           cactuBSSN	       1.000 	       1.014 	       1.005 	       0.972 	       0.901 	
                  xz	       1.000 	       1.000 	       1.000 	       0.999 	       0.999 	
           deepsjeng	       1.000 	       1.000 	       1.000 	       1.000 	       1.000 	
             imagick	       1.000 	       1.000 	       1.000 	       0.998 	       0.994 	
                 nab	       1.000 	       1.000 	       1.000 	       1.000 	       1.000 	
                namd	       1.000 	       1.000 	       1.000 	       1.000 	       1.000 	
               leela	       1.000 	       1.000 	       1.000 	       1.000 	       0.999 	
                 wrf	       1.000 	       1.000 	       0.998 	       0.988 	       0.953 	
              povray	       1.000 	       1.000 	       1.000 	       1.000 	       1.000 	
           exchange2	       1.000 	       1.000 	       1.000 	       1.000 	       1.000 	
               mix11	       1.000 	       0.999 	       0.996 	       0.947 	       0.834 	
               mix13	       1.000 	       0.999 	       0.997 	       0.950 	       0.856 	
                mix6	       1.000 	       1.000 	       0.999 	       0.967 	       0.906 	
               mix15	       1.000 	       1.000 	       0.999 	       0.995 	       0.978 	
                mix4	       1.000 	       1.000 	       1.000 	       1.000 	       0.999 	
               mix12	       1.000 	       1.000 	       0.999 	       0.995 	       0.974 	
               mix10	       1.000 	       1.000 	       1.000 	       1.000 	       0.997 	
                mix1	       1.000 	       1.000 	       1.000 	       0.997 	       0.988 	
                mix7	       1.000 	       1.000 	       0.999 	       0.995 	       0.977 	
                mix3	       1.000 	       1.000 	       1.000 	       1.000 	       0.999 	
               mix19	       1.000 	       1.000 	       1.000 	       1.000 	       0.996 	
               mix20	       1.000 	       1.000 	       0.999 	       0.995 	       0.972 	
               mix21	       1.000 	       1.000 	       1.000 	       0.997 	       0.988 	
               mix24	       1.000 	       1.000 	       1.000 	       1.000 	       1.000 	

               Gmean	       1.000 	       1.001 	       0.999 	       0.983 	       0.946 	
