Command line:
./runscript_pride.sh blender RFM1.BR1.4C 4 2017 --rh_defense --rh_mitigation=RFM --rh_rfm_per_trefi=1 --rh_rfm_blast_radius=1 --rh_rfm_maxacts_per_trefi=79
Global frequency set at 1000000000000 ticks per second
RFM details - rfm_act_threshold: 79, blast_radius: 1, delay_per_rfm: 175000 ps. sample_rate: 0.012500
RH Defense config: RFM, Bus Delay: 0, rfms_per_trefi: 1, rfm_act_threshold: 79, blast_radius: 1,rfm_delay_per_act: 45000 ps.
DRAM config: RowsPerBank: 65536, BanksPerRank: 32, RanksPerChannel: 1
warn: Sockets disabled, not accepting gdb connections
warn: CoherentXBar system.cpu0.mmucache.mmubus has no snooping ports attached!
warn: CoherentXBar system.cpu1.mmucache.mmubus has no snooping ports attached!
warn: CoherentXBar system.cpu2.mmucache.mmubus has no snooping ports attached!
warn: CoherentXBar system.cpu3.mmucache.mmubus has no snooping ports attached!
warn: Checkpoints for file descriptors currently do not work.
warn: Checkpoints for file descriptors currently do not work.
warn: Checkpoints for file descriptors currently do not work.
warn: Checkpoints for file descriptors currently do not work.
gem5 Simulator System.  http://gem5.org
gem5 is copyrighted software; use the --copyright option for details.

gem5 version 20.1.0.5
gem5 compiled Jul 12 2024 12:42:38
gem5 started Jul 17 2024 13:32:00
gem5 executing on a07dda8b130c, pid 89637
command line: /home/user/PrIDE/performance/gem5/build/X86/gem5.opt --outdir=/home/user/PrIDE/performance/gem5/stats/pride_multiprogram_16GBmem_250Mn.SPEC2017.C4/RFM1.BR1.4C/blender /home/user/PrIDE/performance/gem5/configs/example/se_rq_spec_config_multicore.py --redirects /lib64=/home/utils/gcc-6.2.0/lib64 --benchmark=blender --benchmark_stdout=/home/user/PrIDE/performance/gem5/stats/pride_multiprogram_16GBmem_250Mn.SPEC2017.C4/RFM1.BR1.4C/blender/blender.out --benchmark_stderr=/home/user/PrIDE/performance/gem5/stats/pride_multiprogram_16GBmem_250Mn.SPEC2017.C4/RFM1.BR1.4C/blender/blender.err --spec-version=2017 --rh_defense --rh_mitigation=RFM --rh_rfm_per_trefi=1 --rh_rfm_blast_radius=1 --rh_rfm_maxacts_per_trefi=79 --num-cpus=4 --mem-size=16GB --mem-type=DDR5_2400_32x4 --mem-ranks=1 --checkpoint-dir=/home/user/PrIDE/performance/gem5/cpts/multiprogram_16GBmem_25Bn.SPEC2017.C4/blender-1-ref-x86 --checkpoint-restore=25000000000 --at-instruction --cpu-type DerivO3CPU --caches --l2cache --l1d_size=32kB --l1i_size=32kB --l2_size=256kB --l1d_assoc=8 --l1i_assoc=8 --l2_assoc=16 --maxinsts=250000000 --prog-interval=300Hz

info: Standard input is not a terminal, disabling listeners.
Benchmark- 0   blender
Selected benchmark
--> blender
CMD: ['/opt/spec2017/benchspec/CPU/526.blender_r/run/run_base_refrate_gem5_se-m64.0000/blender_r_base.gem5_se-m64', '/opt/spec2017/benchspec/CPU/526.blender_r/run/run_base_refrate_gem5_se-m64.0000/sh3_no_char.blend', '--render-output', 'sh3_no_char_', '--threads', '1', '-b', '-F', 'RAWTGA', '-s', '849', '-e', '849', '-a']
CWD: /opt/spec2017/benchspec/CPU/526.blender_r/run/run_base_refrate_gem5_se-m64.0000/
Process stdout file: /home/user/PrIDE/performance/gem5/stats/pride_multiprogram_16GBmem_250Mn.SPEC2017.C4/RFM1.BR1.4C/blender/blender.out_0
Process stderr file: /home/user/PrIDE/performance/gem5/stats/pride_multiprogram_16GBmem_250Mn.SPEC2017.C4/RFM1.BR1.4C/blender/blender.err_0
Benchmark- 1   blender
Selected benchmark
--> blender
CMD: ['/opt/spec2017/benchspec/CPU/526.blender_r/run/run_base_refrate_gem5_se-m64.0000/blender_r_base.gem5_se-m64', '/opt/spec2017/benchspec/CPU/526.blender_r/run/run_base_refrate_gem5_se-m64.0000/sh3_no_char.blend', '--render-output', 'sh3_no_char_', '--threads', '1', '-b', '-F', 'RAWTGA', '-s', '849', '-e', '849', '-a']
CWD: /opt/spec2017/benchspec/CPU/526.blender_r/run/run_base_refrate_gem5_se-m64.0000/
Process stdout file: /home/user/PrIDE/performance/gem5/stats/pride_multiprogram_16GBmem_250Mn.SPEC2017.C4/RFM1.BR1.4C/blender/blender.out_1
Process stderr file: /home/user/PrIDE/performance/gem5/stats/pride_multiprogram_16GBmem_250Mn.SPEC2017.C4/RFM1.BR1.4C/blender/blender.err_1
Benchmark- 2   blender
Selected benchmark
--> blender
CMD: ['/opt/spec2017/benchspec/CPU/526.blender_r/run/run_base_refrate_gem5_se-m64.0000/blender_r_base.gem5_se-m64', '/opt/spec2017/benchspec/CPU/526.blender_r/run/run_base_refrate_gem5_se-m64.0000/sh3_no_char.blend', '--render-output', 'sh3_no_char_', '--threads', '1', '-b', '-F', 'RAWTGA', '-s', '849', '-e', '849', '-a']
CWD: /opt/spec2017/benchspec/CPU/526.blender_r/run/run_base_refrate_gem5_se-m64.0000/
Process stdout file: /home/user/PrIDE/performance/gem5/stats/pride_multiprogram_16GBmem_250Mn.SPEC2017.C4/RFM1.BR1.4C/blender/blender.out_2
Process stderr file: /home/user/PrIDE/performance/gem5/stats/pride_multiprogram_16GBmem_250Mn.SPEC2017.C4/RFM1.BR1.4C/blender/blender.err_2
Benchmark- 3   blender
Selected benchmark
--> blender
CMD: ['/opt/spec2017/benchspec/CPU/526.blender_r/run/run_base_refrate_gem5_se-m64.0000/blender_r_base.gem5_se-m64', '/opt/spec2017/benchspec/CPU/526.blender_r/run/run_base_refrate_gem5_se-m64.0000/sh3_no_char.blend', '--render-output', 'sh3_no_char_', '--threads', '1', '-b', '-F', 'RAWTGA', '-s', '849', '-e', '849', '-a']
CWD: /opt/spec2017/benchspec/CPU/526.blender_r/run/run_base_refrate_gem5_se-m64.0000/
Process stdout file: /home/user/PrIDE/performance/gem5/stats/pride_multiprogram_16GBmem_250Mn.SPEC2017.C4/RFM1.BR1.4C/blender/blender.out_3
Process stderr file: /home/user/PrIDE/performance/gem5/stats/pride_multiprogram_16GBmem_250Mn.SPEC2017.C4/RFM1.BR1.4C/blender/blender.err_3
Workload-0: 
['/opt/spec2017/benchspec/CPU/526.blender_r/run/run_base_refrate_gem5_se-m64.0000/blender_r_base.gem5_se-m64', '/opt/spec2017/benchspec/CPU/526.blender_r/run/run_base_refrate_gem5_se-m64.0000/sh3_no_char.blend', '--render-output', 'sh3_no_char_', '--threads', '1', '-b', '-F', 'RAWTGA', '-s', '849', '-e', '849', '-a']
Workload-1: 
['/opt/spec2017/benchspec/CPU/526.blender_r/run/run_base_refrate_gem5_se-m64.0000/blender_r_base.gem5_se-m64', '/opt/spec2017/benchspec/CPU/526.blender_r/run/run_base_refrate_gem5_se-m64.0000/sh3_no_char.blend', '--render-output', 'sh3_no_char_', '--threads', '1', '-b', '-F', 'RAWTGA', '-s', '849', '-e', '849', '-a']
Workload-2: 
['/opt/spec2017/benchspec/CPU/526.blender_r/run/run_base_refrate_gem5_se-m64.0000/blender_r_base.gem5_se-m64', '/opt/spec2017/benchspec/CPU/526.blender_r/run/run_base_refrate_gem5_se-m64.0000/sh3_no_char.blend', '--render-output', 'sh3_no_char_', '--threads', '1', '-b', '-F', 'RAWTGA', '-s', '849', '-e', '849', '-a']
Workload-3: 
['/opt/spec2017/benchspec/CPU/526.blender_r/run/run_base_refrate_gem5_se-m64.0000/blender_r_base.gem5_se-m64', '/opt/spec2017/benchspec/CPU/526.blender_r/run/run_base_refrate_gem5_se-m64.0000/sh3_no_char.blend', '--render-output', 'sh3_no_char_', '--threads', '1', '-b', '-F', 'RAWTGA', '-s', '849', '-e', '849', '-a']
defense_enable:  True  detector:  MG  mitigation:  RFM  threshold:  800
mg_entries:  1700
rfm_maxacts_per_trefi:  79 rfm_per_trefi:  1 rfm_blast_radius:  1
Switch at curTick count:10000
warn: membus.master is deprecated. `master` is now called `mem_side_ports`
warn: No dot file generated. Please install pydot to generate the dot file and pdf.
info: Entering event queue @ 18219162244023.  Starting simulation...
info: Entering event queue @ 18219162254023.  Starting simulation...
warn: PowerState: Already in the requested power state, request ignored
Switched CPUS @ tick 18219162254023
switching cpus
**** REAL SIMULATION ****
info: Entering event queue @ 18219162255012.  Starting simulation...
18222495577356: Event_285: system.switch_cpus3 progress event, total committed:5434951, progress insts committed: 5434951, IPC: 0.542952
18222495577356: Event_284: system.switch_cpus2 progress event, total committed:5458848, progress insts committed: 5458848, IPC: 0.545339
18222495577356: Event_283: system.switch_cpus1 progress event, total committed:5434904, progress insts committed: 5434904, IPC: 0.542947
18222495577356: Event_282: system.switch_cpus0 progress event, total committed:5458939, progress insts committed: 5458939, IPC: 0.545348
18225828910689: Event_282: system.switch_cpus0 progress event, total committed:10932709, progress insts committed: 5473770, IPC: 00.54683
18225828910689: Event_283: system.switch_cpus1 progress event, total committed:10877276, progress insts committed: 5442372, IPC: 0.543693
18225828910689: Event_284: system.switch_cpus2 progress event, total committed:10932732, progress insts committed: 5473884, IPC: 0.546841
18225828910689: Event_285: system.switch_cpus3 progress event, total committed:10877291, progress insts committed: 5442340, IPC: 00.54369
18229162244022: Event_285: system.switch_cpus3 progress event, total committed:16160894, progress insts committed: 5283603, IPC: 0.527832
18229162244022: Event_284: system.switch_cpus2 progress event, total committed:16240049, progress insts committed: 5307317, IPC: 0.530201
18229162244022: Event_283: system.switch_cpus1 progress event, total committed:16160879, progress insts committed: 5283603, IPC: 0.527832
18229162244022: Event_282: system.switch_cpus0 progress event, total committed:16239912, progress insts committed: 5307203, IPC: 00.53019
18232495577355: Event_282: system.switch_cpus0 progress event, total committed:21516662, progress insts committed: 5276750, IPC: 0.527147
18232495577355: Event_283: system.switch_cpus1 progress event, total committed:21414621, progress insts committed: 5253742, IPC: 0.524849
18232495577355: Event_284: system.switch_cpus2 progress event, total committed:21516669, progress insts committed: 5276620, IPC: 0.527134
18232495577355: Event_285: system.switch_cpus3 progress event, total committed:21414428, progress insts committed: 5253534, IPC: 0.524828
18235828910688: Event_285: system.switch_cpus3 progress event, total committed:26753897, progress insts committed: 5339469, IPC: 0.533413
18235828910688: Event_284: system.switch_cpus2 progress event, total committed:26888660, progress insts committed: 5371991, IPC: 0.536662
18235828910688: Event_283: system.switch_cpus1 progress event, total committed:26754059, progress insts committed: 5339438, IPC: 00.53341
18235828910688: Event_282: system.switch_cpus0 progress event, total committed:26888660, progress insts committed: 5371998, IPC: 0.536663
18239162244021: Event_282: system.switch_cpus0 progress event, total committed:32326416, progress insts committed: 5437756, IPC: 0.543232
18239162244021: Event_283: system.switch_cpus1 progress event, total committed:32165543, progress insts committed: 5411484, IPC: 0.540607
18239162244021: Event_284: system.switch_cpus2 progress event, total committed:32326416, progress insts committed: 5437756, IPC: 0.543232
18239162244021: Event_285: system.switch_cpus3 progress event, total committed:32165668, progress insts committed: 5411771, IPC: 0.540636
18242495577354: Event_285: system.switch_cpus3 progress event, total committed:37738042, progress insts committed: 5572374, IPC: 00.55668
18242495577354: Event_284: system.switch_cpus2 progress event, total committed:37929013, progress insts committed: 5602597, IPC: 0.559699
18242495577354: Event_283: system.switch_cpus1 progress event, total committed:37738019, progress insts committed: 5572476, IPC: 00.55669
18242495577354: Event_282: system.switch_cpus0 progress event, total committed:37928888, progress insts committed: 5602472, IPC: 0.559687
18245828910687: Event_282: system.switch_cpus0 progress event, total committed:42233331, progress insts committed: 4304443, IPC: 0.430014
18245828910687: Event_283: system.switch_cpus1 progress event, total committed:42081129, progress insts committed: 4343110, IPC: 0.433877
18245828910687: Event_284: system.switch_cpus2 progress event, total committed:42206436, progress insts committed: 4277423, IPC: 0.427315
18245828910687: Event_285: system.switch_cpus3 progress event, total committed:42082031, progress insts committed: 4343989, IPC: 0.433965
18249162244020: Event_285: system.switch_cpus3 progress event, total committed:44510501, progress insts committed: 2428470, IPC: 0.242604
18249162244020: Event_284: system.switch_cpus2 progress event, total committed:44677083, progress insts committed: 2470647, IPC: 0.246818
18249162244020: Event_283: system.switch_cpus1 progress event, total committed:44545026, progress insts committed: 2463897, IPC: 0.246143
18249162244020: Event_282: system.switch_cpus0 progress event, total committed:44687262, progress insts committed: 2453931, IPC: 0.245148
18252495577353: Event_282: system.switch_cpus0 progress event, total committed:47149597, progress insts committed: 2462335, IPC: 0.245987
18252495577353: Event_283: system.switch_cpus1 progress event, total committed:47024257, progress insts committed: 2479231, IPC: 0.247675
18252495577353: Event_284: system.switch_cpus2 progress event, total committed:47157316, progress insts committed: 2480233, IPC: 0.247775
18252495577353: Event_285: system.switch_cpus3 progress event, total committed:46977496, progress insts committed: 2466995, IPC: 0.246453
18255828910686: Event_285: system.switch_cpus3 progress event, total committed:49426511, progress insts committed: 2449015, IPC: 0.244657
18255828910686: Event_284: system.switch_cpus2 progress event, total committed:49595407, progress insts committed: 2438091, IPC: 0.243565
18255828910686: Event_283: system.switch_cpus1 progress event, total committed:49459327, progress insts committed: 2435070, IPC: 0.243263
18255828910686: Event_282: system.switch_cpus0 progress event, total committed:49616751, progress insts committed: 2467154, IPC: 0.246469
18259162244019: Event_282: system.switch_cpus0 progress event, total committed:52087127, progress insts committed: 2470376, IPC: 0.246791
18259162244019: Event_283: system.switch_cpus1 progress event, total committed:51917442, progress insts committed: 2458115, IPC: 0.245566
18259162244019: Event_284: system.switch_cpus2 progress event, total committed:52023221, progress insts committed: 2427814, IPC: 0.242539
18259162244019: Event_285: system.switch_cpus3 progress event, total committed:51855536, progress insts committed: 2429025, IPC: 00.24266
18262495577352: Event_285: system.switch_cpus3 progress event, total committed:54289327, progress insts committed: 2433791, IPC: 0.243136
18262495577352: Event_284: system.switch_cpus2 progress event, total committed:54459941, progress insts committed: 2436720, IPC: 0.243428
18262495577352: Event_283: system.switch_cpus1 progress event, total committed:54368356, progress insts committed: 2450914, IPC: 0.244846
18262495577352: Event_282: system.switch_cpus0 progress event, total committed:54538096, progress insts committed: 2450969, IPC: 0.244852
18265828910685: Event_282: system.switch_cpus0 progress event, total committed:56986421, progress insts committed: 2448325, IPC: 0.244588
18265828910685: Event_283: system.switch_cpus1 progress event, total committed:56815137, progress insts committed: 2446781, IPC: 0.244433
18265828910685: Event_284: system.switch_cpus2 progress event, total committed:56890332, progress insts committed: 2430391, IPC: 0.242796
18265828910685: Event_285: system.switch_cpus3 progress event, total committed:56727156, progress insts committed: 2437829, IPC: 0.243539
18269162244018: Event_285: system.switch_cpus3 progress event, total committed:59195776, progress insts committed: 2468620, IPC: 0.246615
18269162244018: Event_284: system.switch_cpus2 progress event, total committed:59358241, progress insts committed: 2467909, IPC: 0.246544
18269162244018: Event_283: system.switch_cpus1 progress event, total committed:59303392, progress insts committed: 2488255, IPC: 0.248577
18269162244018: Event_282: system.switch_cpus0 progress event, total committed:59430676, progress insts committed: 2444255, IPC: 0.244181
18272495577351: Event_282: system.switch_cpus0 progress event, total committed:61822901, progress insts committed: 2392225, IPC: 0.238983
18272495577351: Event_283: system.switch_cpus1 progress event, total committed:61693586, progress insts committed: 2390194, IPC: 00.23878
18272495577351: Event_284: system.switch_cpus2 progress event, total committed:61742487, progress insts committed: 2384246, IPC: 0.238186
18272495577351: Event_285: system.switch_cpus3 progress event, total committed:61589376, progress insts committed: 2393600, IPC: 0.239121
18275828910684: Event_285: system.switch_cpus3 progress event, total committed:64002336, progress insts committed: 2412960, IPC: 0.241055
18275828910684: Event_284: system.switch_cpus2 progress event, total committed:64143681, progress insts committed: 2401194, IPC: 0.239879
18275828910684: Event_283: system.switch_cpus1 progress event, total committed:64098021, progress insts committed: 2404435, IPC: 0.240203
18275828910684: Event_282: system.switch_cpus0 progress event, total committed:64225411, progress insts committed: 2402510, IPC: 0.240011
18279162244017: Event_282: system.switch_cpus0 progress event, total committed:66602371, progress insts committed: 2376960, IPC: 0.237458
18279162244017: Event_283: system.switch_cpus1 progress event, total committed:66506086, progress insts committed: 2408065, IPC: 0.240566
18279162244017: Event_284: system.switch_cpus2 progress event, total committed:66585076, progress insts committed: 2441395, IPC: 0.243895
18279162244017: Event_285: system.switch_cpus3 progress event, total committed:66449121, progress insts committed: 2446785, IPC: 0.244434
18282495577350: Event_285: system.switch_cpus3 progress event, total committed:68895411, progress insts committed: 2446290, IPC: 0.244384
18282495577350: Event_284: system.switch_cpus2 progress event, total committed:69022786, progress insts committed: 2437710, IPC: 0.243527
18282495577350: Event_283: system.switch_cpus1 progress event, total committed:68918001, progress insts committed: 2411915, IPC: 00.24095
18282495577350: Event_282: system.switch_cpus0 progress event, total committed:69058367, progress insts committed: 2455996, IPC: 0.245354
18285828910683: Event_282: system.switch_cpus0 progress event, total committed:71507521, progress insts committed: 2449154, IPC: 00.24467
18285828910683: Event_283: system.switch_cpus1 progress event, total committed:71372207, progress insts committed: 2454206, IPC: 0.245175
18285828910683: Event_284: system.switch_cpus2 progress event, total committed:71478481, progress insts committed: 2455695, IPC: 0.245324
18285828910683: Event_285: system.switch_cpus3 progress event, total committed:71320691, progress insts committed: 2425280, IPC: 0.242285
18289162244016: Event_285: system.switch_cpus3 progress event, total committed:73741681, progress insts committed: 2420990, IPC: 0.241857
18289162244016: Event_284: system.switch_cpus2 progress event, total committed:73930161, progress insts committed: 2451680, IPC: 0.244923
18289162244016: Event_283: system.switch_cpus1 progress event, total committed:73804472, progress insts committed: 2432265, IPC: 0.242983
18289162244016: Event_282: system.switch_cpus0 progress event, total committed:73960191, progress insts committed: 2452670, IPC: 0.245022
18292495577349: Event_282: system.switch_cpus0 progress event, total committed:76342188, progress insts committed: 2381997, IPC: 0.237962
18292495577349: Event_283: system.switch_cpus1 progress event, total committed:76256596, progress insts committed: 2452124, IPC: 0.244967
18292495577349: Event_284: system.switch_cpus2 progress event, total committed:76359841, progress insts committed: 2429680, IPC: 0.242725
18292495577349: Event_285: system.switch_cpus3 progress event, total committed:76159041, progress insts committed: 2417360, IPC: 0.241494
18295828910682: Event_285: system.switch_cpus3 progress event, total committed:78627162, progress insts committed: 2468121, IPC: 0.246565
18295828910682: Event_284: system.switch_cpus2 progress event, total committed:78817681, progress insts committed: 2457840, IPC: 0.245538
18295828910682: Event_283: system.switch_cpus1 progress event, total committed:78737312, progress insts committed: 2480716, IPC: 0.247824
18295828910682: Event_282: system.switch_cpus0 progress event, total committed:78800851, progress insts committed: 2458663, IPC: 00.24562
18299162244015: Event_282: system.switch_cpus0 progress event, total committed:85214602, progress insts committed: 6413751, IPC: 0.640734
18299162244015: Event_283: system.switch_cpus1 progress event, total committed:84921633, progress insts committed: 6184321, IPC: 0.617814
18299162244015: Event_284: system.switch_cpus2 progress event, total committed:85214010, progress insts committed: 6396329, IPC: 0.638993
18299162244015: Event_285: system.switch_cpus3 progress event, total committed:84736614, progress insts committed: 6109452, IPC: 0.610334
18302495577348: Event_285: system.switch_cpus3 progress event, total committed:90363318, progress insts committed: 5626704, IPC: 0.562108
18302495577348: Event_284: system.switch_cpus2 progress event, total committed:90961465, progress insts committed: 5747455, IPC: 0.574171
18302495577348: Event_283: system.switch_cpus1 progress event, total committed:90549861, progress insts committed: 5628228, IPC: 00.56226
18302495577348: Event_282: system.switch_cpus0 progress event, total committed:90962043, progress insts committed: 5747441, IPC: 0.574169
18305828910681: Event_282: system.switch_cpus0 progress event, total committed:96698568, progress insts committed: 5736525, IPC: 0.573079
18305828910681: Event_283: system.switch_cpus1 progress event, total committed:96162234, progress insts committed: 5612373, IPC: 0.560676
18305828910681: Event_284: system.switch_cpus2 progress event, total committed:96698560, progress insts committed: 5737095, IPC: 0.573136
18305828910681: Event_285: system.switch_cpus3 progress event, total committed:95994003, progress insts committed: 5630685, IPC: 0.562505
18309162244014: Event_285: system.switch_cpus3 progress event, total committed:101610543, progress insts committed: 5616540, IPC: 0.561092
18309162244014: Event_284: system.switch_cpus2 progress event, total committed:102423194, progress insts committed: 5724634, IPC: 0.571891
18309162244014: Event_283: system.switch_cpus1 progress event, total committed:101796482, progress insts committed: 5634248, IPC: 0.562861
18309162244014: Event_282: system.switch_cpus0 progress event, total committed:102423077, progress insts committed: 5724509, IPC: 0.571878
18312495577347: Event_282: system.switch_cpus0 progress event, total committed:107996317, progress insts committed: 5573240, IPC: 0.556767
18312495577347: Event_283: system.switch_cpus1 progress event, total committed:107223716, progress insts committed: 5427234, IPC: 0.542181
18312495577347: Event_284: system.switch_cpus2 progress event, total committed:107996317, progress insts committed: 5573123, IPC: 0.556755
18312495577347: Event_285: system.switch_cpus3 progress event, total committed:107042598, progress insts committed: 5432055, IPC: 0.542662
18315828910680: Event_285: system.switch_cpus3 progress event, total committed:112498090, progress insts committed: 5455492, IPC: 0.545004
18315828910680: Event_284: system.switch_cpus2 progress event, total committed:113570446, progress insts committed: 5574129, IPC: 0.556855
18315828910680: Event_283: system.switch_cpus1 progress event, total committed:112686679, progress insts committed: 5462963, IPC: 00.54575
18315828910680: Event_282: system.switch_cpus0 progress event, total committed:113570446, progress insts committed: 5574129, IPC: 0.556855
18319162244013: Event_282: system.switch_cpus0 progress event, total committed:119171753, progress insts committed: 5601307, IPC: 0.559571
18319162244013: Event_283: system.switch_cpus1 progress event, total committed:118154206, progress insts committed: 5467527, IPC: 0.546206
18319162244013: Event_284: system.switch_cpus2 progress event, total committed:119171813, progress insts committed: 5601367, IPC: 0.559577
18319162244013: Event_285: system.switch_cpus3 progress event, total committed:117978310, progress insts committed: 5480220, IPC: 0.547474
18322495577346: Event_285: system.switch_cpus3 progress event, total committed:120394073, progress insts committed: 2415763, IPC: 0.241335
18322495577346: Event_284: system.switch_cpus2 progress event, total committed:120443581, progress insts committed: 1271768, IPC: 00.12705
18322495577346: Event_283: system.switch_cpus1 progress event, total committed:120401354, progress insts committed: 2247148, IPC: 00.22449
18322495577346: Event_282: system.switch_cpus0 progress event, total committed:120443581, progress insts committed: 1271828, IPC: 0.127056
18325828910679: Event_282: system.switch_cpus0 progress event, total committed:120599565, progress insts committed: 155984, IPC: 0.0155828
18325828910679: Event_283: system.switch_cpus1 progress event, total committed:120554762, progress insts committed: 153408, IPC: 0.0153255
18325828910679: Event_284: system.switch_cpus2 progress event, total committed:120599562, progress insts committed: 155981, IPC: 0.0155825
18325828910679: Event_285: system.switch_cpus3 progress event, total committed:120547691, progress insts committed: 153618, IPC: 0.0153464
18329162244012: Event_285: system.switch_cpus3 progress event, total committed:120701613, progress insts committed: 153922, IPC: 0.0153768
18329162244012: Event_284: system.switch_cpus2 progress event, total committed:120757203, progress insts committed: 157641, IPC: 0.0157483
18329162244012: Event_283: system.switch_cpus1 progress event, total committed:120708149, progress insts committed: 153387, IPC: 0.0153234
18329162244012: Event_282: system.switch_cpus0 progress event, total committed:120757209, progress insts committed: 157644, IPC: 0.0157486
18332495577345: Event_282: system.switch_cpus0 progress event, total committed:120915462, progress insts committed: 158253, IPC: 0.0158095
18332495577345: Event_283: system.switch_cpus1 progress event, total committed:120860969, progress insts committed: 152820, IPC: 0.0152667
18332495577345: Event_284: system.switch_cpus2 progress event, total committed:120915462, progress insts committed: 158259, IPC: 0.0158101
18332495577345: Event_285: system.switch_cpus3 progress event, total committed:120854294, progress insts committed: 152681, IPC: 0.0152528
18335828910678: Event_285: system.switch_cpus3 progress event, total committed:121008542, progress insts committed: 154248, IPC: 0.0154094
18335828910678: Event_284: system.switch_cpus2 progress event, total committed:121072528, progress insts committed: 157066, IPC: 0.0156909
18335828910678: Event_283: system.switch_cpus1 progress event, total committed:121014389, progress insts committed: 153420, IPC: 0.0153267
18335828910678: Event_282: system.switch_cpus0 progress event, total committed:121072528, progress insts committed: 157066, IPC: 0.0156909
18339162244011: Event_282: system.switch_cpus0 progress event, total committed:121226622, progress insts committed: 154094, IPC: 0.015394
18339162244011: Event_283: system.switch_cpus1 progress event, total committed:121164872, progress insts committed: 150483, IPC: 0.0150333
18339162244011: Event_284: system.switch_cpus2 progress event, total committed:121226622, progress insts committed: 154094, IPC: 0.015394
18339162244011: Event_285: system.switch_cpus3 progress event, total committed:121158795, progress insts committed: 150253, IPC: 0.0150103
18342495577344: Event_285: system.switch_cpus3 progress event, total committed:121313898, progress insts committed: 155103, IPC: 0.0154948
18342495577344: Event_284: system.switch_cpus2 progress event, total committed:121391749, progress insts committed: 165127, IPC: 0.0164962
18342495577344: Event_283: system.switch_cpus1 progress event, total committed:121320498, progress insts committed: 155626, IPC: 0.015547
18342495577344: Event_282: system.switch_cpus0 progress event, total committed:121391749, progress insts committed: 165127, IPC: 0.0164962
18345828910677: Event_282: system.switch_cpus0 progress event, total committed:121567180, progress insts committed: 175431, IPC: 0.0175256
18345828910677: Event_283: system.switch_cpus1 progress event, total committed:121487004, progress insts committed: 166506, IPC: 0.0166339
18345828910677: Event_284: system.switch_cpus2 progress event, total committed:121567180, progress insts committed: 175431, IPC: 0.0175256
18345828910677: Event_285: system.switch_cpus3 progress event, total committed:121481181, progress insts committed: 167283, IPC: 0.0167116
18349162244010: Event_285: system.switch_cpus3 progress event, total committed:121650033, progress insts committed: 168852, IPC: 0.0168683
18349162244010: Event_284: system.switch_cpus2 progress event, total committed:121744555, progress insts committed: 177375, IPC: 0.0177198
18349162244010: Event_283: system.switch_cpus1 progress event, total committed:121656972, progress insts committed: 169968, IPC: 0.0169798
18349162244010: Event_282: system.switch_cpus0 progress event, total committed:121744555, progress insts committed: 177375, IPC: 0.0177198
18352495577343: Event_282: system.switch_cpus0 progress event, total committed:121918576, progress insts committed: 174021, IPC: 0.0173847
18352495577343: Event_283: system.switch_cpus1 progress event, total committed:121824837, progress insts committed: 167865, IPC: 0.0167697
18352495577343: Event_284: system.switch_cpus2 progress event, total committed:121918576, progress insts committed: 174021, IPC: 0.0173847
18352495577343: Event_285: system.switch_cpus3 progress event, total committed:121818474, progress insts committed: 168441, IPC: 0.0168273
18355828910676: Event_285: system.switch_cpus3 progress event, total committed:121989801, progress insts committed: 171327, IPC: 0.0171156
18355828910676: Event_284: system.switch_cpus2 progress event, total committed:122092480, progress insts committed: 173904, IPC: 0.017373
18355828910676: Event_283: system.switch_cpus1 progress event, total committed:121996578, progress insts committed: 171741, IPC: 0.0171569
18355828910676: Event_282: system.switch_cpus0 progress event, total committed:122092480, progress insts committed: 173904, IPC: 0.017373
18359162244009: Event_282: system.switch_cpus0 progress event, total committed:122268277, progress insts committed: 175797, IPC: 0.0175621
18359162244009: Event_283: system.switch_cpus1 progress event, total committed:122166321, progress insts committed: 169743, IPC: 0.0169573
18359162244009: Event_284: system.switch_cpus2 progress event, total committed:122268277, progress insts committed: 175797, IPC: 0.0175621
18359162244009: Event_285: system.switch_cpus3 progress event, total committed:122158704, progress insts committed: 168903, IPC: 0.0168734
18362495577342: Event_285: system.switch_cpus3 progress event, total committed:122327310, progress insts committed: 168606, IPC: 0.0168437
18362495577342: Event_284: system.switch_cpus2 progress event, total committed:122443228, progress insts committed: 174951, IPC: 0.0174776
18362495577342: Event_283: system.switch_cpus1 progress event, total committed:122334408, progress insts committed: 168087, IPC: 0.0167919
18362495577342: Event_282: system.switch_cpus0 progress event, total committed:122443225, progress insts committed: 174948, IPC: 0.0174773
18365828910675: Event_282: system.switch_cpus0 progress event, total committed:122618041, progress insts committed: 174816, IPC: 0.0174641
18365828910675: Event_283: system.switch_cpus1 progress event, total committed:122504520, progress insts committed: 170112, IPC: 0.0169942
18365828910675: Event_284: system.switch_cpus2 progress event, total committed:122618044, progress insts committed: 174816, IPC: 0.0174641
18365828910675: Event_285: system.switch_cpus3 progress event, total committed:122497578, progress insts committed: 170268, IPC: 0.0170098
18369162244008: Event_285: system.switch_cpus3 progress event, total committed:122668653, progress insts committed: 171075, IPC: 0.0170904
18369162244008: Event_284: system.switch_cpus2 progress event, total committed:122796106, progress insts committed: 178062, IPC: 0.0177884
18369162244008: Event_283: system.switch_cpus1 progress event, total committed:122676486, progress insts committed: 171966, IPC: 0.0171794
18369162244008: Event_282: system.switch_cpus0 progress event, total committed:122796106, progress insts committed: 178065, IPC: 0.0177887
18372495577341: Event_282: system.switch_cpus0 progress event, total committed:122971240, progress insts committed: 175134, IPC: 0.0174959
18372495577341: Event_283: system.switch_cpus1 progress event, total committed:122846121, progress insts committed: 169635, IPC: 0.0169465
18372495577341: Event_284: system.switch_cpus2 progress event, total committed:122971243, progress insts committed: 175137, IPC: 0.0174962
18372495577341: Event_285: system.switch_cpus3 progress event, total committed:122838993, progress insts committed: 170340, IPC: 0.017017
18375828910674: Event_285: system.switch_cpus3 progress event, total committed:123005031, progress insts committed: 166038, IPC: 0.0165872
18375828910674: Event_284: system.switch_cpus2 progress event, total committed:123143821, progress insts committed: 172578, IPC: 0.0172405
18375828910674: Event_283: system.switch_cpus1 progress event, total committed:123011787, progress insts committed: 165666, IPC: 00.01655
18375828910674: Event_282: system.switch_cpus0 progress event, total committed:123143821, progress insts committed: 172581, IPC: 0.0172408
18379162244007: Event_282: system.switch_cpus0 progress event, total committed:123309652, progress insts committed: 165831, IPC: 0.0165665
18379162244007: Event_283: system.switch_cpus1 progress event, total committed:123175668, progress insts committed: 163881, IPC: 0.0163717
18379162244007: Event_284: system.switch_cpus2 progress event, total committed:123309652, progress insts committed: 165831, IPC: 0.0165665
18379162244007: Event_285: system.switch_cpus3 progress event, total committed:123167175, progress insts committed: 162144, IPC: 0.0161982
18382495577340: Event_285: system.switch_cpus3 progress event, total committed:123269565, progress insts committed: 102390, IPC: 0.0102288
18382495577340: Event_284: system.switch_cpus2 progress event, total committed:125016138, progress insts committed: 1706486, IPC: 0.170478
18382495577340: Event_283: system.switch_cpus1 progress event, total committed:123274995, progress insts committed: 99327, IPC: 0.00992277
18382495577340: Event_282: system.switch_cpus0 progress event, total committed:125019497, progress insts committed: 1709845, IPC: 0.170814
18385828910673: Event_282: system.switch_cpus0 progress event, total committed:126376338, progress insts committed: 1356841, IPC: 0.135548
18385828910673: Event_283: system.switch_cpus1 progress event, total committed:124150403, progress insts committed: 875408, IPC: 0.0874533
18385828910673: Event_284: system.switch_cpus2 progress event, total committed:126368573, progress insts committed: 1352435, IPC: 0.135108
18385828910673: Event_285: system.switch_cpus3 progress event, total committed:124026653, progress insts committed: 757088, IPC: 0.0756331
18389162244006: Event_285: system.switch_cpus3 progress event, total committed:125357093, progress insts committed: 1330440, IPC: 0.132911
18389162244006: Event_284: system.switch_cpus2 progress event, total committed:127718778, progress insts committed: 1350205, IPC: 0.134885
18389162244006: Event_283: system.switch_cpus1 progress event, total committed:125479283, progress insts committed: 1328880, IPC: 0.132755
18389162244006: Event_282: system.switch_cpus0 progress event, total committed:127726953, progress insts committed: 1350615, IPC: 0.134926
18392495577339: Event_282: system.switch_cpus0 progress event, total committed:129095178, progress insts committed: 1368225, IPC: 0.136686
18392495577339: Event_283: system.switch_cpus1 progress event, total committed:126808914, progress insts committed: 1329631, IPC: 00.13283
18392495577339: Event_284: system.switch_cpus2 progress event, total committed:129086778, progress insts committed: 1368000, IPC: 0.136663
18392495577339: Event_285: system.switch_cpus3 progress event, total committed:126686513, progress insts committed: 1329420, IPC: 0.132809
18395828910672: Event_285: system.switch_cpus3 progress event, total committed:127991258, progress insts committed: 1304745, IPC: 0.130344
18395828910672: Event_284: system.switch_cpus2 progress event, total committed:130391417, progress insts committed: 1304639, IPC: 0.130333
18395828910672: Event_283: system.switch_cpus1 progress event, total committed:128113523, progress insts committed: 1304609, IPC: 00.13033
18395828910672: Event_282: system.switch_cpus0 progress event, total committed:130399578, progress insts committed: 1304400, IPC: 00.13031
18399162244005: Event_282: system.switch_cpus0 progress event, total committed:131692218, progress insts committed: 1292640, IPC: 0.129135
18399162244005: Event_283: system.switch_cpus1 progress event, total committed:129446648, progress insts committed: 1333125, IPC: 0.133179
18399162244005: Event_284: system.switch_cpus2 progress event, total committed:131681988, progress insts committed: 1290571, IPC: 0.128928
18399162244005: Event_285: system.switch_cpus3 progress event, total committed:129323618, progress insts committed: 1332360, IPC: 0.133103
18402495577338: Event_285: system.switch_cpus3 progress event, total committed:130662458, progress insts committed: 1338840, IPC: 00.13375
18402495577338: Event_284: system.switch_cpus2 progress event, total committed:132999873, progress insts committed: 1317885, IPC: 0.131657
18402495577338: Event_283: system.switch_cpus1 progress event, total committed:130781122, progress insts committed: 1334474, IPC: 0.133314
18402495577338: Event_282: system.switch_cpus0 progress event, total committed:133010538, progress insts committed: 1318320, IPC: 000.1317
warn: MOVNTDQ: Ignoring non-temporal hint, modeling as cacheable!
18405828910671: Event_282: system.switch_cpus0 progress event, total committed:133910812, progress insts committed: 900274, IPC: 0.0899374
18405828910671: Event_283: system.switch_cpus1 progress event, total committed:132470483, progress insts committed: 1689361, IPC: 0.168767
18405828910671: Event_284: system.switch_cpus2 progress event, total committed:133908700, progress insts committed: 908827, IPC: 0.0907918
18405828910671: Event_285: system.switch_cpus3 progress event, total committed:132350138, progress insts committed: 1687680, IPC: 0.168599
18409162244004: Event_285: system.switch_cpus3 progress event, total committed:133926723, progress insts committed: 1576585, IPC: 0.157501
18409162244004: Event_284: system.switch_cpus2 progress event, total committed:134430166, progress insts committed: 521466, IPC: 0.0520945
18409162244004: Event_283: system.switch_cpus1 progress event, total committed:133950204, progress insts committed: 1479721, IPC: 0.147824
18409162244004: Event_282: system.switch_cpus0 progress event, total committed:134432278, progress insts committed: 521466, IPC: 0.0520945
18412495577337: Event_282: system.switch_cpus0 progress event, total committed:135097294, progress insts committed: 665016, IPC: 0.0664351
18412495577337: Event_283: system.switch_cpus1 progress event, total committed:134616513, progress insts committed: 666309, IPC: 0.0665643
18412495577337: Event_284: system.switch_cpus2 progress event, total committed:135095158, progress insts committed: 664992, IPC: 0.0664327
18412495577337: Event_285: system.switch_cpus3 progress event, total committed:134593032, progress insts committed: 666309, IPC: 0.0665643
18415828910670: Event_285: system.switch_cpus3 progress event, total committed:135163299, progress insts committed: 570267, IPC: 0.0569697
18415828910670: Event_284: system.switch_cpus2 progress event, total committed:136160166, progress insts committed: 1065008, IPC: 0.106394
18415828910670: Event_283: system.switch_cpus1 progress event, total committed:135186813, progress insts committed: 570300, IPC: 0.056973
18415828910670: Event_282: system.switch_cpus0 progress event, total committed:136170141, progress insts committed: 1072847, IPC: 0.107177
18419162244003: Event_282: system.switch_cpus0 progress event, total committed:138040731, progress insts committed: 1870590, IPC: 0.186872
18419162244003: Event_283: system.switch_cpus1 progress event, total committed:135756521, progress insts committed: 569708, IPC: 0.0569138
18419162244003: Event_284: system.switch_cpus2 progress event, total committed:138030816, progress insts committed: 1870650, IPC: 0.186878
18419162244003: Event_285: system.switch_cpus3 progress event, total committed:135649976, progress insts committed: 486677, IPC: 0.048619
18422495577336: Event_285: system.switch_cpus3 progress event, total committed:136937335, progress insts committed: 1287359, IPC: 0.128607
18422495577336: Event_284: system.switch_cpus2 progress event, total committed:139258296, progress insts committed: 1227480, IPC: 0.122625
18422495577336: Event_283: system.switch_cpus1 progress event, total committed:137044080, progress insts committed: 1287559, IPC: 0.128627
18422495577336: Event_282: system.switch_cpus0 progress event, total committed:139266831, progress insts committed: 1226100, IPC: 0.122487
18425828910669: Event_282: system.switch_cpus0 progress event, total committed:140475576, progress insts committed: 1208745, IPC: 0.120754
18425828910669: Event_283: system.switch_cpus1 progress event, total committed:138295051, progress insts committed: 1250971, IPC: 0.124972
18425828910669: Event_284: system.switch_cpus2 progress event, total committed:140467896, progress insts committed: 1209600, IPC: 0.120839
18425828910669: Event_285: system.switch_cpus3 progress event, total committed:138194366, progress insts committed: 1257031, IPC: 0.125577
18429162244002: Event_285: system.switch_cpus3 progress event, total committed:139429376, progress insts committed: 1235010, IPC: 0.123377
18429162244002: Event_284: system.switch_cpus2 progress event, total committed:141709491, progress insts committed: 1241595, IPC: 0.124035
18429162244002: Event_283: system.switch_cpus1 progress event, total committed:139527008, progress insts committed: 1231957, IPC: 0.123073
18429162244002: Event_282: system.switch_cpus0 progress event, total committed:141716091, progress insts committed: 1240515, IPC: 0.123927
18432495577335: Event_282: system.switch_cpus0 progress event, total committed:143038010, progress insts committed: 1321919, IPC: 00.13206
18432495577335: Event_283: system.switch_cpus1 progress event, total committed:140763911, progress insts committed: 1236903, IPC: 0.123567
18432495577335: Event_284: system.switch_cpus2 progress event, total committed:143031456, progress insts committed: 1321965, IPC: 0.132064
18432495577335: Event_285: system.switch_cpus3 progress event, total committed:140662856, progress insts committed: 1233480, IPC: 0.123225
18435828910668: Event_285: system.switch_cpus3 progress event, total committed:141982226, progress insts committed: 1319370, IPC: 0.131805
18435828910668: Event_284: system.switch_cpus2 progress event, total committed:144380616, progress insts committed: 1349160, IPC: 0.134781
18435828910668: Event_283: system.switch_cpus1 progress event, total committed:142089371, progress insts committed: 1325460, IPC: 0.132413
18435828910668: Event_282: system.switch_cpus0 progress event, total committed:144387936, progress insts committed: 1349926, IPC: 0.134858
18439162244001: Event_282: system.switch_cpus0 progress event, total committed:145748886, progress insts committed: 1360950, IPC: 0.135959
18439162244001: Event_283: system.switch_cpus1 progress event, total committed:143448116, progress insts committed: 1358745, IPC: 0.135739
18439162244001: Event_284: system.switch_cpus2 progress event, total committed:145740936, progress insts committed: 1360320, IPC: 0.135896
18439162244001: Event_285: system.switch_cpus3 progress event, total committed:143340056, progress insts committed: 1357830, IPC: 0.135647
18442495577334: Event_285: system.switch_cpus3 progress event, total committed:145295786, progress insts committed: 1955730, IPC: 0.195377
18442495577334: Event_284: system.switch_cpus2 progress event, total committed:146286673, progress insts committed: 545737, IPC: 0.0545191
18442495577334: Event_283: system.switch_cpus1 progress event, total committed:145402631, progress insts committed: 1954515, IPC: 0.195256
18442495577334: Event_282: system.switch_cpus0 progress event, total committed:146288323, progress insts committed: 539437, IPC: 0.0538898
18445828910667: Event_282: system.switch_cpus0 progress event, total committed:146900275, progress insts committed: 611952, IPC: 0.061134
18445828910667: Event_283: system.switch_cpus1 progress event, total committed:146425656, progress insts committed: 1023025, IPC: 000.1022
18445828910667: Event_284: system.switch_cpus2 progress event, total committed:146898625, progress insts committed: 611952, IPC: 0.061134
18445828910667: Event_285: system.switch_cpus3 progress event, total committed:146405538, progress insts committed: 1109752, IPC: 0.110864
18449162244000: Event_285: system.switch_cpus3 progress event, total committed:147076995, progress insts committed: 671457, IPC: 0.0670786
18449162244000: Event_284: system.switch_cpus2 progress event, total committed:147570109, progress insts committed: 671484, IPC: 0.0670813
18449162244000: Event_283: system.switch_cpus1 progress event, total committed:147097143, progress insts committed: 671487, IPC: 0.0670816
18449162244000: Event_282: system.switch_cpus0 progress event, total committed:147571759, progress insts committed: 671484, IPC: 0.0670813
18452495577333: Event_282: system.switch_cpus0 progress event, total committed:149602975, progress insts committed: 2031216, IPC: 0.202918
18452495577333: Event_283: system.switch_cpus1 progress event, total committed:147618444, progress insts committed: 521301, IPC: 0.052078
18452495577333: Event_284: system.switch_cpus2 progress event, total committed:149593913, progress insts committed: 2023804, IPC: 0.202178
18452495577333: Event_285: system.switch_cpus3 progress event, total committed:147598296, progress insts committed: 521301, IPC: 0.052078
18455828910666: Event_285: system.switch_cpus3 progress event, total committed:148948595, progress insts committed: 1350299, IPC: 0.134895
18455828910666: Event_284: system.switch_cpus2 progress event, total committed:151710697, progress insts committed: 2116784, IPC: 0.211467
18455828910666: Event_283: system.switch_cpus1 progress event, total committed:149056682, progress insts committed: 1438238, IPC: 00.14368
18455828910666: Event_282: system.switch_cpus0 progress event, total committed:151719915, progress insts committed: 2116940, IPC: 0.211482
18459162243999: Event_282: system.switch_cpus0 progress event, total committed:153271803, progress insts committed: 1551888, IPC: 0.155034
18459162243999: Event_283: system.switch_cpus1 progress event, total committed:150805562, progress insts committed: 1748880, IPC: 0.174713
18459162243999: Event_284: system.switch_cpus2 progress event, total committed:153263884, progress insts committed: 1553187, IPC: 0.155163
18459162243999: Event_285: system.switch_cpus3 progress event, total committed:150697373, progress insts committed: 1748778, IPC: 0.174703
18462495577332: Event_285: system.switch_cpus3 progress event, total committed:152346114, progress insts committed: 1648741, IPC: 0.164709
18462495577332: Event_284: system.switch_cpus2 progress event, total committed:154723204, progress insts committed: 1459320, IPC: 0.145786
18462495577332: Event_283: system.switch_cpus1 progress event, total committed:152438589, progress insts committed: 1633027, IPC: 0.163139
18462495577332: Event_282: system.switch_cpus0 progress event, total committed:154731004, progress insts committed: 1459201, IPC: 0.145774
18465828910665: Event_282: system.switch_cpus0 progress event, total committed:156012739, progress insts committed: 1281735, IPC: 0.128045
18465828910665: Event_283: system.switch_cpus1 progress event, total committed:153720189, progress insts committed: 1281600, IPC: 0.128032
18465828910665: Event_284: system.switch_cpus2 progress event, total committed:156004924, progress insts committed: 1281720, IPC: 0.128044
18465828910665: Event_285: system.switch_cpus3 progress event, total committed:153627714, progress insts committed: 1281600, IPC: 0.128032
18469162243998: Event_285: system.switch_cpus3 progress event, total committed:154999883, progress insts committed: 1372169, IPC: 00.13708
18469162243998: Event_284: system.switch_cpus2 progress event, total committed:157377619, progress insts committed: 1372695, IPC: 0.137132
18469162243998: Event_283: system.switch_cpus1 progress event, total committed:155092479, progress insts committed: 1372290, IPC: 0.137092
18469162243998: Event_282: system.switch_cpus0 progress event, total committed:157385284, progress insts committed: 1372545, IPC: 0.137117
18472495577331: Event_282: system.switch_cpus0 progress event, total committed:158745964, progress insts committed: 1360680, IPC: 0.135932
18472495577331: Event_283: system.switch_cpus1 progress event, total committed:156452769, progress insts committed: 1360290, IPC: 0.135893
18472495577331: Event_284: system.switch_cpus2 progress event, total committed:158738284, progress insts committed: 1360665, IPC: 00.13593
18472495577331: Event_285: system.switch_cpus3 progress event, total committed:156360324, progress insts committed: 1360441, IPC: 0.135908
18475828910664: Event_285: system.switch_cpus3 progress event, total committed:158438979, progress insts committed: 2078655, IPC: 0.207658
18475828910664: Event_284: system.switch_cpus2 progress event, total committed:159172373, progress insts committed: 434089, IPC: 0.0433655
18475828910664: Event_283: system.switch_cpus1 progress event, total committed:158531664, progress insts committed: 2078895, IPC: 0.207682
18475828910664: Event_282: system.switch_cpus0 progress event, total committed:159173924, progress insts committed: 427960, IPC: 0.0427532
18479162243997: Event_282: system.switch_cpus0 progress event, total committed:159777593, progress insts committed: 603669, IPC: 0.0603065
18479162243997: Event_283: system.switch_cpus1 progress event, total committed:159317992, progress insts committed: 786328, IPC: 0.0785542
18479162243997: Event_284: system.switch_cpus2 progress event, total committed:159776042, progress insts committed: 603669, IPC: 0.0603065
18479162243997: Event_285: system.switch_cpus3 progress event, total committed:159300748, progress insts committed: 861769, IPC: 0.0860907
18482495577330: Event_285: system.switch_cpus3 progress event, total committed:159922435, progress insts committed: 621687, IPC: 0.0621065
18482495577330: Event_284: system.switch_cpus2 progress event, total committed:160397729, progress insts committed: 621687, IPC: 0.0621065
18482495577330: Event_283: system.switch_cpus1 progress event, total committed:159939679, progress insts committed: 621687, IPC: 0.0621065
18482495577330: Event_282: system.switch_cpus0 progress event, total committed:160399280, progress insts committed: 621687, IPC: 0.0621065
18485828910663: Event_282: system.switch_cpus0 progress event, total committed:162408193, progress insts committed: 2008913, IPC: 00.20069
18485828910663: Event_283: system.switch_cpus1 progress event, total committed:160513846, progress insts committed: 574167, IPC: 0.0573593
18485828910663: Event_284: system.switch_cpus2 progress event, total committed:162400711, progress insts committed: 2002982, IPC: 0.200098
18485828910663: Event_285: system.switch_cpus3 progress event, total committed:160496602, progress insts committed: 574167, IPC: 0.0573593
18489162243996: Event_285: system.switch_cpus3 progress event, total committed:162571441, progress insts committed: 2074839, IPC: 0.207276
18489162243996: Event_284: system.switch_cpus2 progress event, total committed:164903156, progress insts committed: 2502445, IPC: 0.249994
18489162243996: Event_283: system.switch_cpus1 progress event, total committed:162657217, progress insts committed: 2143371, IPC: 0.214123
18489162243996: Event_282: system.switch_cpus0 progress event, total committed:164924276, progress insts committed: 2516083, IPC: 0.251357
18492495577329: Event_282: system.switch_cpus0 progress event, total committed:167369796, progress insts committed: 2445520, IPC: 0.244307
18492495577329: Event_283: system.switch_cpus1 progress event, total committed:165156696, progress insts committed: 2499479, IPC: 0.249698
18492495577329: Event_284: system.switch_cpus2 progress event, total committed:167395818, progress insts committed: 2492662, IPC: 0.249017
18492495577329: Event_285: system.switch_cpus3 progress event, total committed:165045336, progress insts committed: 2473895, IPC: 0.247142
18495828910662: Event_285: system.switch_cpus3 progress event, total committed:167461431, progress insts committed: 2416095, IPC: 0.241368
18495828910662: Event_284: system.switch_cpus2 progress event, total committed:169839622, progress insts committed: 2443804, IPC: 0.244136
18495828910662: Event_283: system.switch_cpus1 progress event, total committed:167608152, progress insts committed: 2451456, IPC: 000.2449
18495828910662: Event_282: system.switch_cpus0 progress event, total committed:169812566, progress insts committed: 2442770, IPC: 0.244033
18499162243995: Event_282: system.switch_cpus0 progress event, total committed:172270791, progress insts committed: 2458225, IPC: 0.245577
18499162243995: Event_283: system.switch_cpus1 progress event, total committed:170087497, progress insts committed: 2479345, IPC: 0.247687
18499162243995: Event_284: system.switch_cpus2 progress event, total committed:172323096, progress insts committed: 2483474, IPC: 0.248099
18499162243995: Event_285: system.switch_cpus3 progress event, total committed:169893751, progress insts committed: 2432320, IPC: 0.242989
18502495577328: Event_285: system.switch_cpus3 progress event, total committed:172421272, progress insts committed: 2527521, IPC: 0.252499
18502495577328: Event_284: system.switch_cpus2 progress event, total committed:176596525, progress insts committed: 4273429, IPC: 0.426916
18502495577328: Event_283: system.switch_cpus1 progress event, total committed:172622231, progress insts committed: 2534734, IPC: 00.25322
18502495577328: Event_282: system.switch_cpus0 progress event, total committed:176553430, progress insts committed: 4282639, IPC: 0.427836
18505828910661: Event_282: system.switch_cpus0 progress event, total committed:181419333, progress insts committed: 4865903, IPC: 0.486104
18505828910661: Event_283: system.switch_cpus1 progress event, total committed:177597597, progress insts committed: 4975366, IPC: 0.497039
18505828910661: Event_284: system.switch_cpus2 progress event, total committed:181465796, progress insts committed: 4869271, IPC: 00.48644
18505828910661: Event_285: system.switch_cpus3 progress event, total committed:177226717, progress insts committed: 4805445, IPC: 0.480064
18509162243994: Event_285: system.switch_cpus3 progress event, total committed:182949282, progress insts committed: 5722565, IPC: 0.571684
18509162243994: Event_284: system.switch_cpus2 progress event, total committed:187178434, progress insts committed: 5712638, IPC: 0.570693
18509162243994: Event_283: system.switch_cpus1 progress event, total committed:183300701, progress insts committed: 5703104, IPC: 00.56974
18509162243994: Event_282: system.switch_cpus0 progress event, total committed:187134583, progress insts committed: 5715250, IPC: 0.570953
18512495577327: Event_282: system.switch_cpus0 progress event, total committed:192873081, progress insts committed: 5738498, IPC: 0.573276
18512495577327: Event_283: system.switch_cpus1 progress event, total committed:189013193, progress insts committed: 5712492, IPC: 0.570678
18512495577327: Event_284: system.switch_cpus2 progress event, total committed:192923217, progress insts committed: 5744783, IPC: 0.573904
18512495577327: Event_285: system.switch_cpus3 progress event, total committed:188652089, progress insts committed: 5702807, IPC: 00.56971
18515828910660: Event_285: system.switch_cpus3 progress event, total committed:193857770, progress insts committed: 5205681, IPC: 0.520048
18515828910660: Event_284: system.switch_cpus2 progress event, total committed:196596777, progress insts committed: 3673560, IPC: 0.366989
18515828910660: Event_283: system.switch_cpus1 progress event, total committed:194212205, progress insts committed: 5199012, IPC: 0.519381
18515828910660: Event_282: system.switch_cpus0 progress event, total committed:196568833, progress insts committed: 3695752, IPC: 0.369206
18519162243993: Event_282: system.switch_cpus0 progress event, total committed:198973928, progress insts committed: 2405095, IPC: 0.240269
18519162243993: Event_283: system.switch_cpus1 progress event, total committed:196775352, progress insts committed: 2563147, IPC: 0.256058
18519162243993: Event_284: system.switch_cpus2 progress event, total committed:199007753, progress insts committed: 2410976, IPC: 0.240857
18519162243993: Event_285: system.switch_cpus3 progress event, total committed:196538309, progress insts committed: 2680539, IPC: 0.267786
18522495577326: Event_285: system.switch_cpus3 progress event, total committed:198873301, progress insts committed: 2334992, IPC: 0.233266
18522495577326: Event_284: system.switch_cpus2 progress event, total committed:201316014, progress insts committed: 2308261, IPC: 0.230595
18522495577326: Event_283: system.switch_cpus1 progress event, total committed:199096297, progress insts committed: 2320945, IPC: 0.231862
18522495577326: Event_282: system.switch_cpus0 progress event, total committed:201296967, progress insts committed: 2323039, IPC: 0.232072
18525828910659: Event_282: system.switch_cpus0 progress event, total committed:203613292, progress insts committed: 2316325, IPC: 0.231401
18525828910659: Event_283: system.switch_cpus1 progress event, total committed:201390237, progress insts committed: 2293940, IPC: 0.229165
18525828910659: Event_284: system.switch_cpus2 progress event, total committed:203621927, progress insts committed: 2305913, IPC: 0.230361
18525828910659: Event_285: system.switch_cpus3 progress event, total committed:201180313, progress insts committed: 2307012, IPC: 00.23047
18529162243992: Event_285: system.switch_cpus3 progress event, total committed:203477355, progress insts committed: 2297042, IPC: 0.229474
18529162243992: Event_284: system.switch_cpus2 progress event, total committed:205942153, progress insts committed: 2320226, IPC: 0.231791
18529162243992: Event_283: system.switch_cpus1 progress event, total committed:203689174, progress insts committed: 2298937, IPC: 0.229664
18529162243992: Event_282: system.switch_cpus0 progress event, total committed:205931047, progress insts committed: 2317755, IPC: 0.231544
18532495577325: Event_282: system.switch_cpus0 progress event, total committed:209718796, progress insts committed: 3787749, IPC: 0.378396
18532495577325: Event_283: system.switch_cpus1 progress event, total committed:206043677, progress insts committed: 2354503, IPC: 0.235215
18532495577325: Event_284: system.switch_cpus2 progress event, total committed:209762905, progress insts committed: 3820752, IPC: 0.381693
18532495577325: Event_285: system.switch_cpus3 progress event, total committed:205843052, progress insts committed: 2365697, IPC: 0.236333
18535828910658: Event_285: system.switch_cpus3 progress event, total committed:209914728, progress insts committed: 4071676, IPC: 00.40676
18535828910658: Event_284: system.switch_cpus2 progress event, total committed:214261144, progress insts committed: 4498239, IPC: 0.449374
18535828910658: Event_283: system.switch_cpus1 progress event, total committed:210370134, progress insts committed: 4326457, IPC: 0.432213
18535828910658: Event_282: system.switch_cpus0 progress event, total committed:214226205, progress insts committed: 4507409, IPC: 00.45029
18539162243991: Event_282: system.switch_cpus0 progress event, total committed:219316540, progress insts committed: 5090335, IPC: 0.508524
18539162243991: Event_283: system.switch_cpus1 progress event, total committed:215481917, progress insts committed: 5111783, IPC: 0.510667
18539162243991: Event_284: system.switch_cpus2 progress event, total committed:219348130, progress insts committed: 5086986, IPC: 00.50819
18539162243991: Event_285: system.switch_cpus3 progress event, total committed:215043480, progress insts committed: 5128752, IPC: 0.512362
18542495577324: Event_285: system.switch_cpus3 progress event, total committed:220252203, progress insts committed: 5208723, IPC: 0.520351
18542495577324: Event_284: system.switch_cpus2 progress event, total committed:224417501, progress insts committed: 5069371, IPC: 00.50643
18542495577324: Event_283: system.switch_cpus1 progress event, total committed:220699305, progress insts committed: 5217388, IPC: 0.521217
18542495577324: Event_282: system.switch_cpus0 progress event, total committed:224395226, progress insts committed: 5078686, IPC: 0.507361
18545828910657: Event_282: system.switch_cpus0 progress event, total committed:227170137, progress insts committed: 2774911, IPC: 0.277214
18545828910657: Event_283: system.switch_cpus1 progress event, total committed:224680446, progress insts committed: 3981141, IPC: 0.397716
18545828910657: Event_284: system.switch_cpus2 progress event, total committed:227210621, progress insts committed: 2793120, IPC: 0.279033
18545828910657: Event_285: system.switch_cpus3 progress event, total committed:224392921, progress insts committed: 4140718, IPC: 0.413658
18549162243990: Event_285: system.switch_cpus3 progress event, total committed:226842841, progress insts committed: 2449920, IPC: 0.244747
18549162243990: Event_284: system.switch_cpus2 progress event, total committed:229693023, progress insts committed: 2482402, IPC: 0.247992
18549162243990: Event_283: system.switch_cpus1 progress event, total committed:227122941, progress insts committed: 2442495, IPC: 0.244005
18549162243990: Event_282: system.switch_cpus0 progress event, total committed:229621161, progress insts committed: 2451024, IPC: 0.244857
18552495577323: Event_282: system.switch_cpus0 progress event, total committed:232081239, progress insts committed: 2460078, IPC: 0.245762
18552495577323: Event_283: system.switch_cpus1 progress event, total committed:229588587, progress insts committed: 2465646, IPC: 0.246318
18552495577323: Event_284: system.switch_cpus2 progress event, total committed:232144891, progress insts committed: 2451868, IPC: 0.244942
18552495577323: Event_285: system.switch_cpus3 progress event, total committed:229260606, progress insts committed: 2417765, IPC: 0.241535
18555828910656: Event_285: system.switch_cpus3 progress event, total committed:231677066, progress insts committed: 2416460, IPC: 0.241404
18555828910656: Event_284: system.switch_cpus2 progress event, total committed:234547401, progress insts committed: 2402510, IPC: 0.240011
18555828910656: Event_283: system.switch_cpus1 progress event, total committed:232048297, progress insts committed: 2459710, IPC: 0.245725
18555828910656: Event_282: system.switch_cpus0 progress event, total committed:234500266, progress insts committed: 2419027, IPC: 0.241661
18559162243989: Event_282: system.switch_cpus0 progress event, total committed:236922796, progress insts committed: 2422530, IPC: 0.242011
18559162243989: Event_283: system.switch_cpus1 progress event, total committed:234456971, progress insts committed: 2408674, IPC: 0.240627
18559162243989: Event_284: system.switch_cpus2 progress event, total committed:236932747, progress insts committed: 2385346, IPC: 0.238296
18559162243989: Event_285: system.switch_cpus3 progress event, total committed:234076221, progress insts committed: 2399155, IPC: 0.239676
18562495577322: Event_285: system.switch_cpus3 progress event, total committed:236608751, progress insts committed: 2532530, IPC: 0000.253
18562495577322: Event_284: system.switch_cpus2 progress event, total committed:241936787, progress insts committed: 5004040, IPC: 0.499904
18562495577322: Event_283: system.switch_cpus1 progress event, total committed:237009356, progress insts committed: 2552385, IPC: 0.254983
18562495577322: Event_282: system.switch_cpus0 progress event, total committed:241944509, progress insts committed: 5021713, IPC: 0.501669
18565828910655: Event_282: system.switch_cpus0 progress event, total committed:247029866, progress insts committed: 5085357, IPC: 0.508027
18565828910655: Event_283: system.switch_cpus1 progress event, total committed:242834562, progress insts committed: 5825206, IPC: 0.581938
18565828910655: Event_284: system.switch_cpus2 progress event, total committed:247020848, progress insts committed: 5084061, IPC: 0.507898
18565828910655: Event_285: system.switch_cpus3 progress event, total committed:242186268, progress insts committed: 5577517, IPC: 0.557194
18569162243988: Event_285: system.switch_cpus3 progress event, total committed:247782017, progress insts committed: 5595749, IPC: 0.559015
18569162243988: Event_284: system.switch_cpus2 progress event, total committed:252704123, progress insts committed: 5683275, IPC: 0.567759
18569162243988: Event_283: system.switch_cpus1 progress event, total committed:248434267, progress insts committed: 5599705, IPC: 0.559411
18569162243988: Event_282: system.switch_cpus0 progress event, total committed:252704531, progress insts committed: 5674665, IPC: 0.566899
18572495577321: Event_282: system.switch_cpus0 progress event, total committed:257425506, progress insts committed: 4720975, IPC: 0.471625
18572495577321: Event_283: system.switch_cpus1 progress event, total committed:254114520, progress insts committed: 5680253, IPC: 0.567457
18572495577321: Event_284: system.switch_cpus2 progress event, total committed:257425489, progress insts committed: 4721366, IPC: 0.471664
18572495577321: Event_285: system.switch_cpus3 progress event, total committed:253436742, progress insts committed: 5654725, IPC: 0.564907
18575828910654: Event_285: system.switch_cpus3 progress event, total committed:257414882, progress insts committed: 3978140, IPC: 0.397416
18575828910654: Event_284: system.switch_cpus2 progress event, total committed:257615712, progress insts committed: 190223, IPC: 0.0190033
18575828910654: Event_283: system.switch_cpus1 progress event, total committed:257441711, progress insts committed: 3327191, IPC: 0.332386
18575828910654: Event_282: system.switch_cpus0 progress event, total committed:257615668, progress insts committed: 190162, IPC: 0.0189972
18579162243987: Event_282: system.switch_cpus0 progress event, total committed:257780877, progress insts committed: 165209, IPC: 0.0165044
18579162243987: Event_283: system.switch_cpus1 progress event, total committed:257605982, progress insts committed: 164271, IPC: 0.0164107
18579162243987: Event_284: system.switch_cpus2 progress event, total committed:257780979, progress insts committed: 165267, IPC: 0.0165102
18579162243987: Event_285: system.switch_cpus3 progress event, total committed:257580152, progress insts committed: 165270, IPC: 0.0165105
18582495577320: Event_285: system.switch_cpus3 progress event, total committed:257736470, progress insts committed: 156318, IPC: 0.0156162
18582495577320: Event_284: system.switch_cpus2 progress event, total committed:257943117, progress insts committed: 162138, IPC: 0.0161976
18582495577320: Event_283: system.switch_cpus1 progress event, total committed:257759456, progress insts committed: 153474, IPC: 0.0153321
18582495577320: Event_282: system.switch_cpus0 progress event, total committed:257942865, progress insts committed: 161988, IPC: 0.0161826
18585828910653: Event_282: system.switch_cpus0 progress event, total committed:258115635, progress insts committed: 172770, IPC: 0.0172597
18585828910653: Event_283: system.switch_cpus1 progress event, total committed:257916542, progress insts committed: 157086, IPC: 0.0156929
18585828910653: Event_284: system.switch_cpus2 progress event, total committed:258115653, progress insts committed: 172536, IPC: 0.0172363
18585828910653: Event_285: system.switch_cpus3 progress event, total committed:257891450, progress insts committed: 154980, IPC: 0.0154825
18589162243986: Event_285: system.switch_cpus3 progress event, total committed:258059150, progress insts committed: 167700, IPC: 0.0167532
18589162243986: Event_284: system.switch_cpus2 progress event, total committed:258285570, progress insts committed: 169917, IPC: 0.0169747
18589162243986: Event_283: system.switch_cpus1 progress event, total committed:258084566, progress insts committed: 168024, IPC: 0.0167856
18589162243986: Event_282: system.switch_cpus0 progress event, total committed:258285555, progress insts committed: 169920, IPC: 0.016975
18592495577319: Event_282: system.switch_cpus0 progress event, total committed:258637754, progress insts committed: 352199, IPC: 0.0351847
18592495577319: Event_283: system.switch_cpus1 progress event, total committed:258240596, progress insts committed: 156030, IPC: 0.0155874
18592495577319: Event_284: system.switch_cpus2 progress event, total committed:258638352, progress insts committed: 352782, IPC: 0.0352429
18592495577319: Event_285: system.switch_cpus3 progress event, total committed:258213065, progress insts committed: 153915, IPC: 0.0153761
18595828910652: Event_285: system.switch_cpus3 progress event, total committed:258335954, progress insts committed: 122889, IPC: 0.0122766
18595828910652: Event_284: system.switch_cpus2 progress event, total committed:260957874, progress insts committed: 2319522, IPC: 00.23172
18595828910652: Event_283: system.switch_cpus1 progress event, total committed:258362870, progress insts committed: 122274, IPC: 0.0122152
18595828910652: Event_282: system.switch_cpus0 progress event, total committed:260957094, progress insts committed: 2319340, IPC: 0.231702
18599162243985: Event_282: system.switch_cpus0 progress event, total committed:262586907, progress insts committed: 1629813, IPC: 0.162818
18599162243985: Event_283: system.switch_cpus1 progress event, total committed:259288439, progress insts committed: 925569, IPC: 0.0924643
18599162243985: Event_284: system.switch_cpus2 progress event, total committed:262587105, progress insts committed: 1629231, IPC: 00.16276
18599162243985: Event_285: system.switch_cpus3 progress event, total committed:258769048, progress insts committed: 433094, IPC: 0.0432661
18602495577318: Event_285: system.switch_cpus3 progress event, total committed:260985614, progress insts committed: 2216566, IPC: 0.221435
18602495577318: Event_284: system.switch_cpus2 progress event, total committed:263225032, progress insts committed: 637927, IPC: 0.0637289
18602495577318: Event_283: system.switch_cpus1 progress event, total committed:261431639, progress insts committed: 2143200, IPC: 0.214106
18602495577318: Event_282: system.switch_cpus0 progress event, total committed:263223112, progress insts committed: 636205, IPC: 0.0635569
18605828910651: Event_282: system.switch_cpus0 progress event, total committed:264611497, progress insts committed: 1388385, IPC: 000.1387
18605828910651: Event_283: system.switch_cpus1 progress event, total committed:262594388, progress insts committed: 1162749, IPC: 0.116159
18605828910651: Event_284: system.switch_cpus2 progress event, total committed:264614632, progress insts committed: 1389600, IPC: 0.138821
18605828910651: Event_285: system.switch_cpus3 progress event, total committed:262483529, progress insts committed: 1497915, IPC: 0.149642
18609162243984: Event_285: system.switch_cpus3 progress event, total committed:262910474, progress insts committed: 426945, IPC: 0.0426518
18609162243984: Event_284: system.switch_cpus2 progress event, total committed:266348272, progress insts committed: 1733640, IPC: 0.173191
18609162243984: Event_283: system.switch_cpus1 progress event, total committed:263280342, progress insts committed: 685954, IPC: 0.0685268
18609162243984: Event_282: system.switch_cpus0 progress event, total committed:266341777, progress insts committed: 1730280, IPC: 0.172855
18612495577317: Event_282: system.switch_cpus0 progress event, total committed:266949731, progress insts committed: 607954, IPC: 0.0607346
18612495577317: Event_283: system.switch_cpus1 progress event, total committed:265002882, progress insts committed: 1722540, IPC: 0.172082
18612495577317: Event_284: system.switch_cpus2 progress event, total committed:266951348, progress insts committed: 603076, IPC: 0.0602473
18612495577317: Event_285: system.switch_cpus3 progress event, total committed:264597177, progress insts committed: 1686703, IPC: 0.168502
18615828910650: Event_285: system.switch_cpus3 progress event, total committed:265987167, progress insts committed: 1389990, IPC: 00.13886
18615828910650: Event_284: system.switch_cpus2 progress event, total committed:267917023, progress insts committed: 965675, IPC: 0.0964709
18615828910650: Event_283: system.switch_cpus1 progress event, total committed:266397402, progress insts committed: 1394520, IPC: 0.139313
18615828910650: Event_282: system.switch_cpus0 progress event, total committed:267910183, progress insts committed: 960452, IPC: 0.0959492
18619162243983: Event_282: system.switch_cpus0 progress event, total committed:269731348, progress insts committed: 1821165, IPC: 0.181934
18619162243983: Event_283: system.switch_cpus1 progress event, total committed:266957344, progress insts committed: 559942, IPC: 0.0559382
18619162243983: Event_284: system.switch_cpus2 progress event, total committed:269736028, progress insts committed: 1819005, IPC: 0.181719
18619162243983: Event_285: system.switch_cpus3 progress event, total committed:266860702, progress insts committed: 873535, IPC: 0.0872661
18622495577316: Event_285: system.switch_cpus3 progress event, total committed:267809317, progress insts committed: 948615, IPC: 0.0947666
18622495577316: Event_284: system.switch_cpus2 progress event, total committed:270932189, progress insts committed: 1196161, IPC: 0.119496
18622495577316: Event_283: system.switch_cpus1 progress event, total committed:268239408, progress insts committed: 1282064, IPC: 0.128078
18622495577316: Event_282: system.switch_cpus0 progress event, total committed:270931400, progress insts committed: 1200052, IPC: 0.119885
18625828910649: Event_282: system.switch_cpus0 progress event, total committed:271518229, progress insts committed: 586829, IPC: 0.0586242
18625828910649: Event_283: system.switch_cpus1 progress event, total committed:270124173, progress insts committed: 1884765, IPC: 0.188288
18625828910649: Event_284: system.switch_cpus2 progress event, total committed:271522794, progress insts committed: 590605, IPC: 0.0590014
18625828910649: Event_285: system.switch_cpus3 progress event, total committed:269686383, progress insts committed: 1877066, IPC: 0.187519
18629162243982: Event_285: system.switch_cpus3 progress event, total committed:271012981, progress insts committed: 1326598, IPC: 0.132527
18629162243982: Event_284: system.switch_cpus2 progress event, total committed:273768389, progress insts committed: 2245595, IPC: 0.224335
18629162243982: Event_283: system.switch_cpus1 progress event, total committed:271106545, progress insts committed: 982372, IPC: 0.098139
18629162243982: Event_282: system.switch_cpus0 progress event, total committed:273748039, progress insts committed: 2229810, IPC: 0.222758
18632495577315: Event_282: system.switch_cpus0 progress event, total committed:276319289, progress insts committed: 2571250, IPC: 0.256868
18632495577315: Event_283: system.switch_cpus1 progress event, total committed:272968070, progress insts committed: 1861525, IPC: 0.185966
18632495577315: Event_284: system.switch_cpus2 progress event, total committed:276319395, progress insts committed: 2551006, IPC: 0.254845
18632495577315: Event_285: system.switch_cpus3 progress event, total committed:272520169, progress insts committed: 1507188, IPC: 0.150568
18635828910648: Event_285: system.switch_cpus3 progress event, total committed:275001879, progress insts committed: 2481710, IPC: 0.247923
18635828910648: Event_284: system.switch_cpus2 progress event, total committed:280524479, progress insts committed: 4205084, IPC: 0.420088
18635828910648: Event_283: system.switch_cpus1 progress event, total committed:275448790, progress insts committed: 2480720, IPC: 0.247824
18635828910648: Event_282: system.switch_cpus0 progress event, total committed:280514088, progress insts committed: 4194799, IPC: 00.41906
18639162243981: Event_282: system.switch_cpus0 progress event, total committed:285065498, progress insts committed: 4551410, IPC: 0.454686
18639162243981: Event_283: system.switch_cpus1 progress event, total committed:278112279, progress insts committed: 2663489, IPC: 0.266083
18639162243981: Event_284: system.switch_cpus2 progress event, total committed:285074302, progress insts committed: 4549823, IPC: 0.454527
18639162243981: Event_285: system.switch_cpus3 progress event, total committed:277676360, progress insts committed: 2674481, IPC: 0.267181
18642495577314: Event_285: system.switch_cpus3 progress event, total committed:283791091, progress insts committed: 6114731, IPC: 0.610862
18642495577314: Event_284: system.switch_cpus2 progress event, total committed:289466037, progress insts committed: 4391735, IPC: 0.438734
18642495577314: Event_283: system.switch_cpus1 progress event, total committed:284540323, progress insts committed: 6428044, IPC: 0.642162
18642495577314: Event_282: system.switch_cpus0 progress event, total committed:289447062, progress insts committed: 4381564, IPC: 0.437718
18645828910647: Event_282: system.switch_cpus0 progress event, total committed:292032502, progress insts committed: 2585440, IPC: 0.258285
18645828910647: Event_283: system.switch_cpus1 progress event, total committed:288753447, progress insts committed: 4213124, IPC: 0.420891
18645828910647: Event_284: system.switch_cpus2 progress event, total committed:292074496, progress insts committed: 2608459, IPC: 0.260585
18645828910647: Event_285: system.switch_cpus3 progress event, total committed:288340632, progress insts committed: 4549541, IPC: 0.454499
18649162243980: Event_285: system.switch_cpus3 progress event, total committed:290692102, progress insts committed: 2351470, IPC: 0.234912
18649162243980: Event_284: system.switch_cpus2 progress event, total committed:294391892, progress insts committed: 2317396, IPC: 0.231508
18649162243980: Event_283: system.switch_cpus1 progress event, total committed:291083577, progress insts committed: 2330130, IPC: 00.23278
18649162243980: Event_282: system.switch_cpus0 progress event, total committed:294358428, progress insts committed: 2325926, IPC: 00.23236
18652495577313: Event_282: system.switch_cpus0 progress event, total committed:299273313, progress insts committed: 4914885, IPC: 0.490997
18652495577313: Event_283: system.switch_cpus1 progress event, total committed:293530087, progress insts committed: 2446510, IPC: 0.244406
18652495577313: Event_284: system.switch_cpus2 progress event, total committed:299302126, progress insts committed: 4910234, IPC: 0.490532
18652495577313: Event_285: system.switch_cpus3 progress event, total committed:293115732, progress insts committed: 2423630, IPC: 0.242121
18655828910646: Event_285: system.switch_cpus3 progress event, total committed:297383343, progress insts committed: 4267611, IPC: 0.426334
18655828910646: Event_284: system.switch_cpus2 progress event, total committed:303707281, progress insts committed: 4405155, IPC: 0.440075
18655828910646: Event_283: system.switch_cpus1 progress event, total committed:298116269, progress insts committed: 4586182, IPC: 00.45816
18655828910646: Event_282: system.switch_cpus0 progress event, total committed:303693273, progress insts committed: 4419960, IPC: 0.441554
18659162243979: Event_282: system.switch_cpus0 progress event, total committed:306461326, progress insts committed: 2768053, IPC: 0.276528
18659162243979: Event_283: system.switch_cpus1 progress event, total committed:302563043, progress insts committed: 4446774, IPC: 0.444233
18659162243979: Event_284: system.switch_cpus2 progress event, total committed:306558570, progress insts committed: 2851289, IPC: 0.284844
18659162243979: Event_285: system.switch_cpus3 progress event, total committed:301848354, progress insts committed: 4465011, IPC: 0.446055
18662495577312: Event_285: system.switch_cpus3 progress event, total committed:305057570, progress insts committed: 3209216, IPC: 0.320601
18662495577312: Event_284: system.switch_cpus2 progress event, total committed:309133619, progress insts committed: 2575049, IPC: 0.257247
18662495577312: Event_283: system.switch_cpus1 progress event, total committed:305491450, progress insts committed: 2928407, IPC: 0.292548
18662495577312: Event_282: system.switch_cpus0 progress event, total committed:309013939, progress insts committed: 2552613, IPC: 0.255006
18665828910645: Event_282: system.switch_cpus0 progress event, total committed:313587166, progress insts committed: 4573227, IPC: 0.456865
18665828910645: Event_283: system.switch_cpus1 progress event, total committed:308010318, progress insts committed: 2518868, IPC: 0.251635
18665828910645: Event_284: system.switch_cpus2 progress event, total committed:313746871, progress insts committed: 4613252, IPC: 0.460864
18665828910645: Event_285: system.switch_cpus3 progress event, total committed:307591479, progress insts committed: 2533909, IPC: 0.253138
18669162243978: Event_285: system.switch_cpus3 progress event, total committed:310345380, progress insts committed: 2753901, IPC: 0.275115
18669162243978: Event_284: system.switch_cpus2 progress event, total committed:318317152, progress insts committed: 4570281, IPC: 0.456571
18669162243978: Event_283: system.switch_cpus1 progress event, total committed:312180885, progress insts committed: 4170567, IPC: 00.41664
18669162243978: Event_282: system.switch_cpus0 progress event, total committed:318163999, progress insts committed: 4576833, IPC: 0.457226
18672495577311: Event_282: system.switch_cpus0 progress event, total committed:320728350, progress insts committed: 2564351, IPC: 0.256179
18672495577311: Event_283: system.switch_cpus1 progress event, total committed:317536419, progress insts committed: 5355534, IPC: 0.535018
18672495577311: Event_284: system.switch_cpus2 progress event, total committed:320734649, progress insts committed: 2417497, IPC: 0.241508
18672495577311: Event_285: system.switch_cpus3 progress event, total committed:316814911, progress insts committed: 6469531, IPC: 0.646306
18675828910644: Event_285: system.switch_cpus3 progress event, total committed:320649673, progress insts committed: 3834762, IPC: 0.383093
18675828910644: Event_284: system.switch_cpus2 progress event, total committed:320903989, progress insts committed: 169340, IPC: 0.0169171
18675828910644: Event_283: system.switch_cpus1 progress event, total committed:320676497, progress insts committed: 3140078, IPC: 0.313694
18675828910644: Event_282: system.switch_cpus0 progress event, total committed:320898691, progress insts committed: 170341, IPC: 0.0170171
18679162243977: Event_282: system.switch_cpus0 progress event, total committed:321073756, progress insts committed: 175065, IPC: 0.017489
18679162243977: Event_283: system.switch_cpus1 progress event, total committed:320834356, progress insts committed: 157859, IPC: 0.0157701
18679162243977: Event_284: system.switch_cpus2 progress event, total committed:321080062, progress insts committed: 176073, IPC: 0.0175897
18679162243977: Event_285: system.switch_cpus3 progress event, total committed:320809687, progress insts committed: 160014, IPC: 0.0159854
18682495577310: Event_285: system.switch_cpus3 progress event, total committed:320932308, progress insts committed: 122621, IPC: 0.0122498
18682495577310: Event_284: system.switch_cpus2 progress event, total committed:322026485, progress insts committed: 946423, IPC: 0.0945477
18682495577310: Event_283: system.switch_cpus1 progress event, total committed:320961906, progress insts committed: 127550, IPC: 0.0127422
18682495577310: Event_282: system.switch_cpus0 progress event, total committed:321931235, progress insts committed: 857479, IPC: 0.0856622
18685828910643: Event_282: system.switch_cpus0 progress event, total committed:323460352, progress insts committed: 1529117, IPC: 0.152759
18685828910643: Event_283: system.switch_cpus1 progress event, total committed:321098529, progress insts committed: 136623, IPC: 0.0136486
18685828910643: Event_284: system.switch_cpus2 progress event, total committed:323529638, progress insts committed: 1503153, IPC: 0.150165
18685828910643: Event_285: system.switch_cpus3 progress event, total committed:321068460, progress insts committed: 136152, IPC: 0.0136016
18689162243976: Event_285: system.switch_cpus3 progress event, total committed:321331855, progress insts committed: 263395, IPC: 0.0263132
18689162243976: Event_284: system.switch_cpus2 progress event, total committed:324967972, progress insts committed: 1438334, IPC: 00.14369
18689162243976: Event_283: system.switch_cpus1 progress event, total committed:321810700, progress insts committed: 712171, IPC: 0.0711459
18689162243976: Event_282: system.switch_cpus0 progress event, total committed:324894817, progress insts committed: 1434465, IPC: 0.143303
18692495577309: Event_282: system.switch_cpus0 progress event, total committed:326104015, progress insts committed: 1209198, IPC: 0.120799
18692495577309: Event_283: system.switch_cpus1 progress event, total committed:323208412, progress insts committed: 1397712, IPC: 0.139631
18692495577309: Event_284: system.switch_cpus2 progress event, total committed:326174053, progress insts committed: 1206081, IPC: 0.120487
18692495577309: Event_285: system.switch_cpus3 progress event, total committed:323091706, progress insts committed: 1759851, IPC: 0.175809
18695828910642: Event_285: system.switch_cpus3 progress event, total committed:324121287, progress insts committed: 1029581, IPC: 0.102855
18695828910642: Event_284: system.switch_cpus2 progress event, total committed:327577795, progress insts committed: 1403742, IPC: 0.140234
18695828910642: Event_283: system.switch_cpus1 progress event, total committed:324568917, progress insts committed: 1360505, IPC: 0.135914
18695828910642: Event_282: system.switch_cpus0 progress event, total committed:327569809, progress insts committed: 1465794, IPC: 0.146433
18699162243975: Event_282: system.switch_cpus0 progress event, total committed:329361524, progress insts committed: 1791715, IPC: 0.178992
18699162243975: Event_283: system.switch_cpus1 progress event, total committed:326169796, progress insts committed: 1600879, IPC: 0.159928
18699162243975: Event_284: system.switch_cpus2 progress event, total committed:329394735, progress insts committed: 1816940, IPC: 0.181512
18699162243975: Event_285: system.switch_cpus3 progress event, total committed:325559994, progress insts committed: 1438707, IPC: 0.143727
18702495577308: Event_285: system.switch_cpus3 progress event, total committed:327560277, progress insts committed: 2000283, IPC: 0.199828
18702495577308: Event_284: system.switch_cpus2 progress event, total committed:332874760, progress insts committed: 3480025, IPC: 0.347654
18702495577308: Event_283: system.switch_cpus1 progress event, total committed:327783894, progress insts committed: 1614098, IPC: 0.161248
18702495577308: Event_282: system.switch_cpus0 progress event, total committed:332831586, progress insts committed: 3470062, IPC: 0.346659
18705828910641: Event_282: system.switch_cpus0 progress event, total committed:336919485, progress insts committed: 4087899, IPC: 0.408381
18705828910641: Event_283: system.switch_cpus1 progress event, total committed:330409704, progress insts committed: 2625810, IPC: 0.262318
18705828910641: Event_284: system.switch_cpus2 progress event, total committed:336935215, progress insts committed: 4060455, IPC: 0.405639
18705828910641: Event_285: system.switch_cpus3 progress event, total committed:329804186, progress insts committed: 2243909, IPC: 0.224167
18709162243974: Event_285: system.switch_cpus3 progress event, total committed:334532333, progress insts committed: 4728147, IPC: 0.472342
18709162243974: Event_284: system.switch_cpus2 progress event, total committed:339452015, progress insts committed: 2516800, IPC: 0.251428
18709162243974: Event_283: system.switch_cpus1 progress event, total committed:335544505, progress insts committed: 5134801, IPC: 0.512967
18709162243974: Event_282: system.switch_cpus0 progress event, total committed:339426106, progress insts committed: 2506621, IPC: 0.250411
18712495577307: Event_282: system.switch_cpus0 progress event, total committed:344663702, progress insts committed: 5237596, IPC: 0.523236
18712495577307: Event_283: system.switch_cpus1 progress event, total committed:338603740, progress insts committed: 3059235, IPC: 0.305618
18712495577307: Event_284: system.switch_cpus2 progress event, total committed:344686472, progress insts committed: 5234457, IPC: 0.522922
18712495577307: Event_285: system.switch_cpus3 progress event, total committed:338035436, progress insts committed: 3503103, IPC: 00.34996
18715828910640: Event_285: system.switch_cpus3 progress event, total committed:342109912, progress insts committed: 4074476, IPC: 00.40704
18715828910640: Event_284: system.switch_cpus2 progress event, total committed:347302763, progress insts committed: 2616291, IPC: 0.261367
18715828910640: Event_283: system.switch_cpus1 progress event, total committed:343065734, progress insts committed: 4461994, IPC: 0.445753
18715828910640: Event_282: system.switch_cpus0 progress event, total committed:347293637, progress insts committed: 2629935, IPC: 0.262731
18719162243973: Event_282: system.switch_cpus0 progress event, total committed:352857997, progress insts committed: 5564360, IPC: 00.55588
18719162243973: Event_283: system.switch_cpus1 progress event, total committed:346344932, progress insts committed: 3279198, IPC: 0.327592
18719162243973: Event_284: system.switch_cpus2 progress event, total committed:352859743, progress insts committed: 5556980, IPC: 0.555142
18719162243973: Event_285: system.switch_cpus3 progress event, total committed:345750558, progress insts committed: 3640646, IPC: 0.363701
18722495577306: Event_285: system.switch_cpus3 progress event, total committed:350199751, progress insts committed: 4449193, IPC: 0.444474
18722495577306: Event_284: system.switch_cpus2 progress event, total committed:353051315, progress insts committed: 191572, IPC: 0.019138
18722495577306: Event_283: system.switch_cpus1 progress event, total committed:351200780, progress insts committed: 4855848, IPC: 0.485099
18722495577306: Event_282: system.switch_cpus0 progress event, total committed:353050370, progress insts committed: 192373, IPC: 0.0192181
18725828910639: Event_282: system.switch_cpus0 progress event, total committed:354347866, progress insts committed: 1297496, IPC: 00.12962
18725828910639: Event_283: system.switch_cpus1 progress event, total committed:352938912, progress insts committed: 1738132, IPC: 0.173639
18725828910639: Event_284: system.switch_cpus2 progress event, total committed:354373845, progress insts committed: 1322530, IPC: 0.132121
18725828910639: Event_285: system.switch_cpus3 progress event, total committed:352901700, progress insts committed: 2701949, IPC: 0.269925
18729162243972: Event_285: system.switch_cpus3 progress event, total committed:353028115, progress insts committed: 126415, IPC: 0.0126289
18729162243972: Event_284: system.switch_cpus2 progress event, total committed:356173989, progress insts committed: 1800144, IPC: 0.179834
18729162243972: Event_283: system.switch_cpus1 progress event, total committed:353064298, progress insts committed: 125386, IPC: 0.0125261
18729162243972: Event_282: system.switch_cpus0 progress event, total committed:356151279, progress insts committed: 1803413, IPC: 0.180161
18732495577305: Event_282: system.switch_cpus0 progress event, total committed:358003177, progress insts committed: 1851898, IPC: 0.185005
18732495577305: Event_283: system.switch_cpus1 progress event, total committed:354288489, progress insts committed: 1224191, IPC: 0.122297
18732495577305: Event_284: system.switch_cpus2 progress event, total committed:357989710, progress insts committed: 1815721, IPC: 0.181391
18732495577305: Event_285: system.switch_cpus3 progress event, total committed:353803155, progress insts committed: 775040, IPC: 0.0774265
18735828910638: Event_285: system.switch_cpus3 progress event, total committed:355516514, progress insts committed: 1713359, IPC: 0.171165
18735828910638: Event_284: system.switch_cpus2 progress event, total committed:361913917, progress insts committed: 3924207, IPC: 0.392028
18735828910638: Event_283: system.switch_cpus1 progress event, total committed:356202869, progress insts committed: 1914380, IPC: 0.191247
18735828910638: Event_282: system.switch_cpus0 progress event, total committed:361949278, progress insts committed: 3946101, IPC: 0.394215
18739162243971: Event_282: system.switch_cpus0 progress event, total committed:366033279, progress insts committed: 4084001, IPC: 0.407992
18739162243971: Event_283: system.switch_cpus1 progress event, total committed:359148744, progress insts committed: 2945875, IPC: 0.294293
18739162243971: Event_284: system.switch_cpus2 progress event, total committed:366025634, progress insts committed: 4111717, IPC: 0.410761
18739162243971: Event_285: system.switch_cpus3 progress event, total committed:357783245, progress insts committed: 2266731, IPC: 0.226446
18742495577304: Event_285: system.switch_cpus3 progress event, total committed:362421403, progress insts committed: 4638158, IPC: 0.463352
18742495577304: Event_284: system.switch_cpus2 progress event, total committed:369741167, progress insts committed: 3715533, IPC: 0.371182
18742495577304: Event_283: system.switch_cpus1 progress event, total committed:364324850, progress insts committed: 5176106, IPC: 0.517093
18742495577304: Event_282: system.switch_cpus0 progress event, total committed:369741131, progress insts committed: 3707852, IPC: 0.370414
18745828910637: Event_282: system.switch_cpus0 progress event, total committed:370889634, progress insts committed: 1148503, IPC: 0.114735
18745828910637: Event_283: system.switch_cpus1 progress event, total committed:366737874, progress insts committed: 2413024, IPC: 0.241061
18745828910637: Event_284: system.switch_cpus2 progress event, total committed:370903329, progress insts committed: 1162162, IPC: 000.1161
18745828910637: Event_285: system.switch_cpus3 progress event, total committed:366100989, progress insts committed: 3679586, IPC: 0.367591
18749162243970: Event_285: system.switch_cpus3 progress event, total committed:369732720, progress insts committed: 3631731, IPC: 00.36281
18749162243970: Event_284: system.switch_cpus2 progress event, total committed:376176647, progress insts committed: 5273318, IPC: 0.526804
18749162243970: Event_283: system.switch_cpus1 progress event, total committed:369790402, progress insts committed: 3052528, IPC: 0.304948
18749162243970: Event_282: system.switch_cpus0 progress event, total committed:376177421, progress insts committed: 5287787, IPC: 00.52825
18752495577303: Event_282: system.switch_cpus0 progress event, total committed:384550881, progress insts committed: 8373460, IPC: 0.836509
18752495577303: Event_283: system.switch_cpus1 progress event, total committed:371440214, progress insts committed: 1649812, IPC: 0.164816
18752495577303: Event_284: system.switch_cpus2 progress event, total committed:384496217, progress insts committed: 8319570, IPC: 0.831125
18752495577303: Event_285: system.switch_cpus3 progress event, total committed:370732799, progress insts committed: 1000079, IPC: 0.0999079
18755828910636: Event_285: system.switch_cpus3 progress event, total committed:376099821, progress insts committed: 5367022, IPC: 0.536165
18755828910636: Event_284: system.switch_cpus2 progress event, total committed:411250577, progress insts committed: 26754360, IPC: 02.67276
18755828910636: Event_283: system.switch_cpus1 progress event, total committed:377833000, progress insts committed: 6392786, IPC: 0.638639
18755828910636: Event_282: system.switch_cpus0 progress event, total committed:411271312, progress insts committed: 26720431, IPC: 02.66937
18759162243969: Event_282: system.switch_cpus0 progress event, total committed:435371446, progress insts committed: 24100134, IPC: 002.4076
18759162243969: Event_283: system.switch_cpus1 progress event, total committed:393020770, progress insts committed: 15187770, IPC: 01.51726
18759162243969: Event_284: system.switch_cpus2 progress event, total committed:435458489, progress insts committed: 24207912, IPC: 02.41837
18759162243969: Event_285: system.switch_cpus3 progress event, total committed:386922947, progress insts committed: 10823126, IPC: 01.08123
Exiting @ tick 18761641287957 because a thread reached the max instruction count
