Command line:
./runscript_pride.sh xz RFM2.BR2.4C 4 2017 --rh_defense --rh_mitigation=RFM --rh_rfm_per_trefi=2 --rh_rfm_blast_radius=2 --rh_rfm_maxacts_per_trefi=79
Global frequency set at 1000000000000 ticks per second
RFM details - rfm_act_threshold: 39, blast_radius: 2, delay_per_rfm: 175000 ps. sample_rate: 0.025000
RH Defense config: RFM, Bus Delay: 0, rfms_per_trefi: 2, rfm_act_threshold: 39, blast_radius: 2,rfm_delay_per_act: 45000 ps.
DRAM config: RowsPerBank: 65536, BanksPerRank: 32, RanksPerChannel: 1
warn: Sockets disabled, not accepting gdb connections
warn: CoherentXBar system.cpu0.mmucache.mmubus has no snooping ports attached!
warn: CoherentXBar system.cpu1.mmucache.mmubus has no snooping ports attached!
warn: CoherentXBar system.cpu2.mmucache.mmubus has no snooping ports attached!
warn: CoherentXBar system.cpu3.mmucache.mmubus has no snooping ports attached!
warn: Checkpoints for file descriptors currently do not work.
warn: Checkpoints for file descriptors currently do not work.
warn: Checkpoints for file descriptors currently do not work.
warn: Checkpoints for file descriptors currently do not work.
gem5 Simulator System.  http://gem5.org
gem5 is copyrighted software; use the --copyright option for details.

gem5 version 20.1.0.5
gem5 compiled Jul 12 2024 12:42:38
gem5 started Jul 22 2024 15:19:35
gem5 executing on a07dda8b130c, pid 88484
command line: /home/user/PrIDE/performance/gem5/build/X86/gem5.opt --outdir=/home/user/PrIDE/performance/gem5/stats/pride_multiprogram_16GBmem_250Mn.SPEC2017.C4/RFM2.BR2.4C/xz /home/user/PrIDE/performance/gem5/configs/example/se_rq_spec_config_multicore.py --redirects /lib64=/home/utils/gcc-6.2.0/lib64 --benchmark=xz --benchmark_stdout=/home/user/PrIDE/performance/gem5/stats/pride_multiprogram_16GBmem_250Mn.SPEC2017.C4/RFM2.BR2.4C/xz/xz.out --benchmark_stderr=/home/user/PrIDE/performance/gem5/stats/pride_multiprogram_16GBmem_250Mn.SPEC2017.C4/RFM2.BR2.4C/xz/xz.err --spec-version=2017 --rh_defense --rh_mitigation=RFM --rh_rfm_per_trefi=2 --rh_rfm_blast_radius=2 --rh_rfm_maxacts_per_trefi=79 --num-cpus=4 --mem-size=16GB --mem-type=DDR5_2400_32x4 --mem-ranks=1 --checkpoint-dir=/home/user/PrIDE/performance/gem5/cpts/multiprogram_16GBmem_25Bn.SPEC2017.C4/xz-1-ref-x86 --checkpoint-restore=25000000000 --at-instruction --cpu-type DerivO3CPU --caches --l2cache --l1d_size=32kB --l1i_size=32kB --l2_size=256kB --l1d_assoc=8 --l1i_assoc=8 --l2_assoc=16 --maxinsts=250000000 --prog-interval=300Hz

info: Standard input is not a terminal, disabling listeners.
Benchmark- 0   xz
Selected benchmark
--> xz
CMD: ['/opt/spec2017/benchspec/CPU/557.xz_r/run/run_base_refrate_gem5_se-m64.0000/xz_r_base.gem5_se-m64', '/opt/spec2017/benchspec/CPU/557.xz_r/run/run_base_refrate_gem5_se-m64.0000/cld.tar.xz', '160', '19cf30ae51eddcbefda78dd06014b4b96281456e078ca7c13e1c0c9e6aaea8dff3efb4ad6b0456697718cede6bd5454852652806a657bb56e07d61128434b474', '59796407', '61004416', '6']
CWD: /opt/spec2017/benchspec/CPU/557.xz_r/run/run_base_refrate_gem5_se-m64.0000/
Process stdout file: /home/user/PrIDE/performance/gem5/stats/pride_multiprogram_16GBmem_250Mn.SPEC2017.C4/RFM2.BR2.4C/xz/xz.out_0
Process stderr file: /home/user/PrIDE/performance/gem5/stats/pride_multiprogram_16GBmem_250Mn.SPEC2017.C4/RFM2.BR2.4C/xz/xz.err_0
Benchmark- 1   xz
Selected benchmark
--> xz
CMD: ['/opt/spec2017/benchspec/CPU/557.xz_r/run/run_base_refrate_gem5_se-m64.0000/xz_r_base.gem5_se-m64', '/opt/spec2017/benchspec/CPU/557.xz_r/run/run_base_refrate_gem5_se-m64.0000/cld.tar.xz', '160', '19cf30ae51eddcbefda78dd06014b4b96281456e078ca7c13e1c0c9e6aaea8dff3efb4ad6b0456697718cede6bd5454852652806a657bb56e07d61128434b474', '59796407', '61004416', '6']
CWD: /opt/spec2017/benchspec/CPU/557.xz_r/run/run_base_refrate_gem5_se-m64.0000/
Process stdout file: /home/user/PrIDE/performance/gem5/stats/pride_multiprogram_16GBmem_250Mn.SPEC2017.C4/RFM2.BR2.4C/xz/xz.out_1
Process stderr file: /home/user/PrIDE/performance/gem5/stats/pride_multiprogram_16GBmem_250Mn.SPEC2017.C4/RFM2.BR2.4C/xz/xz.err_1
Benchmark- 2   xz
Selected benchmark
--> xz
CMD: ['/opt/spec2017/benchspec/CPU/557.xz_r/run/run_base_refrate_gem5_se-m64.0000/xz_r_base.gem5_se-m64', '/opt/spec2017/benchspec/CPU/557.xz_r/run/run_base_refrate_gem5_se-m64.0000/cld.tar.xz', '160', '19cf30ae51eddcbefda78dd06014b4b96281456e078ca7c13e1c0c9e6aaea8dff3efb4ad6b0456697718cede6bd5454852652806a657bb56e07d61128434b474', '59796407', '61004416', '6']
CWD: /opt/spec2017/benchspec/CPU/557.xz_r/run/run_base_refrate_gem5_se-m64.0000/
Process stdout file: /home/user/PrIDE/performance/gem5/stats/pride_multiprogram_16GBmem_250Mn.SPEC2017.C4/RFM2.BR2.4C/xz/xz.out_2
Process stderr file: /home/user/PrIDE/performance/gem5/stats/pride_multiprogram_16GBmem_250Mn.SPEC2017.C4/RFM2.BR2.4C/xz/xz.err_2
Benchmark- 3   xz
Selected benchmark
--> xz
CMD: ['/opt/spec2017/benchspec/CPU/557.xz_r/run/run_base_refrate_gem5_se-m64.0000/xz_r_base.gem5_se-m64', '/opt/spec2017/benchspec/CPU/557.xz_r/run/run_base_refrate_gem5_se-m64.0000/cld.tar.xz', '160', '19cf30ae51eddcbefda78dd06014b4b96281456e078ca7c13e1c0c9e6aaea8dff3efb4ad6b0456697718cede6bd5454852652806a657bb56e07d61128434b474', '59796407', '61004416', '6']
CWD: /opt/spec2017/benchspec/CPU/557.xz_r/run/run_base_refrate_gem5_se-m64.0000/
Process stdout file: /home/user/PrIDE/performance/gem5/stats/pride_multiprogram_16GBmem_250Mn.SPEC2017.C4/RFM2.BR2.4C/xz/xz.out_3
Process stderr file: /home/user/PrIDE/performance/gem5/stats/pride_multiprogram_16GBmem_250Mn.SPEC2017.C4/RFM2.BR2.4C/xz/xz.err_3
Workload-0: 
['/opt/spec2017/benchspec/CPU/557.xz_r/run/run_base_refrate_gem5_se-m64.0000/xz_r_base.gem5_se-m64', '/opt/spec2017/benchspec/CPU/557.xz_r/run/run_base_refrate_gem5_se-m64.0000/cld.tar.xz', '160', '19cf30ae51eddcbefda78dd06014b4b96281456e078ca7c13e1c0c9e6aaea8dff3efb4ad6b0456697718cede6bd5454852652806a657bb56e07d61128434b474', '59796407', '61004416', '6']
Workload-1: 
['/opt/spec2017/benchspec/CPU/557.xz_r/run/run_base_refrate_gem5_se-m64.0000/xz_r_base.gem5_se-m64', '/opt/spec2017/benchspec/CPU/557.xz_r/run/run_base_refrate_gem5_se-m64.0000/cld.tar.xz', '160', '19cf30ae51eddcbefda78dd06014b4b96281456e078ca7c13e1c0c9e6aaea8dff3efb4ad6b0456697718cede6bd5454852652806a657bb56e07d61128434b474', '59796407', '61004416', '6']
Workload-2: 
['/opt/spec2017/benchspec/CPU/557.xz_r/run/run_base_refrate_gem5_se-m64.0000/xz_r_base.gem5_se-m64', '/opt/spec2017/benchspec/CPU/557.xz_r/run/run_base_refrate_gem5_se-m64.0000/cld.tar.xz', '160', '19cf30ae51eddcbefda78dd06014b4b96281456e078ca7c13e1c0c9e6aaea8dff3efb4ad6b0456697718cede6bd5454852652806a657bb56e07d61128434b474', '59796407', '61004416', '6']
Workload-3: 
['/opt/spec2017/benchspec/CPU/557.xz_r/run/run_base_refrate_gem5_se-m64.0000/xz_r_base.gem5_se-m64', '/opt/spec2017/benchspec/CPU/557.xz_r/run/run_base_refrate_gem5_se-m64.0000/cld.tar.xz', '160', '19cf30ae51eddcbefda78dd06014b4b96281456e078ca7c13e1c0c9e6aaea8dff3efb4ad6b0456697718cede6bd5454852652806a657bb56e07d61128434b474', '59796407', '61004416', '6']
defense_enable:  True  detector:  MG  mitigation:  RFM  threshold:  800
mg_entries:  1700
rfm_maxacts_per_trefi:  79 rfm_per_trefi:  2 rfm_blast_radius:  2
Switch at curTick count:10000
warn: membus.master is deprecated. `master` is now called `mem_side_ports`
warn: No dot file generated. Please install pydot to generate the dot file and pdf.
info: Entering event queue @ 14950446181740.  Starting simulation...
warn: MOVNTDQ: Ignoring non-temporal hint, modeling as cacheable!
info: Entering event queue @ 14950446191740.  Starting simulation...
warn: PowerState: Already in the requested power state, request ignored
Switched CPUS @ tick 14950446191740
switching cpus
**** REAL SIMULATION ****
info: Entering event queue @ 14950446192063.  Starting simulation...
14953779515073: Event_285: system.switch_cpus3 progress event, total committed:16318680, progress insts committed: 16318680, IPC: 01.63024
14953779515073: Event_284: system.switch_cpus2 progress event, total committed:16318680, progress insts committed: 16318680, IPC: 01.63024
14953779515073: Event_283: system.switch_cpus1 progress event, total committed:16318842, progress insts committed: 16318842, IPC: 01.63025
14953779515073: Event_282: system.switch_cpus0 progress event, total committed:16318845, progress insts committed: 16318845, IPC: 01.63025
14957112848406: Event_282: system.switch_cpus0 progress event, total committed:32965463, progress insts committed: 16646618, IPC: 0001.663
14957112848406: Event_283: system.switch_cpus1 progress event, total committed:32965551, progress insts committed: 16646709, IPC: 01.66301
14957112848406: Event_284: system.switch_cpus2 progress event, total committed:32965493, progress insts committed: 16646813, IPC: 01.66302
14957112848406: Event_285: system.switch_cpus3 progress event, total committed:32965438, progress insts committed: 16646758, IPC: 01.66301
14960446181739: Event_285: system.switch_cpus3 progress event, total committed:49683785, progress insts committed: 16718347, IPC: 01.67016
14960446181739: Event_284: system.switch_cpus2 progress event, total committed:49683764, progress insts committed: 16718271, IPC: 01.67016
14960446181739: Event_283: system.switch_cpus1 progress event, total committed:49699455, progress insts committed: 16733904, IPC: 01.67172
14960446181739: Event_282: system.switch_cpus0 progress event, total committed:49699458, progress insts committed: 16733995, IPC: 01.67173
14963779515072: Event_282: system.switch_cpus0 progress event, total committed:66369066, progress insts committed: 16669608, IPC: 01.66529
14963779515072: Event_283: system.switch_cpus1 progress event, total committed:66369084, progress insts committed: 16669629, IPC: 001.6653
14963779515072: Event_284: system.switch_cpus2 progress event, total committed:66363682, progress insts committed: 16679918, IPC: 01.66632
14963779515072: Event_285: system.switch_cpus3 progress event, total committed:66365429, progress insts committed: 16681644, IPC: 001.6665
14967112848405: Event_285: system.switch_cpus3 progress event, total committed:82916122, progress insts committed: 16550693, IPC: 01.65341
14967112848405: Event_284: system.switch_cpus2 progress event, total committed:82916122, progress insts committed: 16552440, IPC: 01.65359
14967112848405: Event_283: system.switch_cpus1 progress event, total committed:82918564, progress insts committed: 16549480, IPC: 01.65329
14967112848405: Event_282: system.switch_cpus0 progress event, total committed:82918564, progress insts committed: 16549498, IPC: 01.65329
14970446181738: Event_282: system.switch_cpus0 progress event, total committed:99521323, progress insts committed: 16602759, IPC: 01.65862
14970446181738: Event_283: system.switch_cpus1 progress event, total committed:99521285, progress insts committed: 16602721, IPC: 01.65861
14970446181738: Event_284: system.switch_cpus2 progress event, total committed:99445601, progress insts committed: 16529479, IPC: 01.65129
14970446181738: Event_285: system.switch_cpus3 progress event, total committed:99445594, progress insts committed: 16529472, IPC: 01.65129
14973779515071: Event_285: system.switch_cpus3 progress event, total committed:115815241, progress insts committed: 16369647, IPC: 01.63533
14973779515071: Event_284: system.switch_cpus2 progress event, total committed:115815197, progress insts committed: 16369596, IPC: 01.63532
14973779515071: Event_283: system.switch_cpus1 progress event, total committed:115931715, progress insts committed: 16410430, IPC: 001.6394
14973779515071: Event_282: system.switch_cpus0 progress event, total committed:115931694, progress insts committed: 16410371, IPC: 001.6394
14977112848404: Event_282: system.switch_cpus0 progress event, total committed:132353723, progress insts committed: 16422029, IPC: 01.64056
14977112848404: Event_283: system.switch_cpus1 progress event, total committed:132353669, progress insts committed: 16421954, IPC: 01.64055
14977112848404: Event_284: system.switch_cpus2 progress event, total committed:132209769, progress insts committed: 16394572, IPC: 01.63782
14977112848404: Event_285: system.switch_cpus3 progress event, total committed:132209730, progress insts committed: 16394489, IPC: 01.63781
14980446181737: Event_285: system.switch_cpus3 progress event, total committed:148609316, progress insts committed: 16399586, IPC: 01.63832
14980446181737: Event_284: system.switch_cpus2 progress event, total committed:148609337, progress insts committed: 16399568, IPC: 01.63832
14980446181737: Event_283: system.switch_cpus1 progress event, total committed:148756486, progress insts committed: 16402817, IPC: 01.63864
14980446181737: Event_282: system.switch_cpus0 progress event, total committed:148758368, progress insts committed: 16404645, IPC: 01.63882
14983779515070: Event_282: system.switch_cpus0 progress event, total committed:165188845, progress insts committed: 16430477, IPC: 001.6414
14983779515070: Event_283: system.switch_cpus1 progress event, total committed:165188878, progress insts committed: 16432392, IPC: 001.6416
14983779515070: Event_284: system.switch_cpus2 progress event, total committed:165016324, progress insts committed: 16406987, IPC: 01.63906
14983779515070: Event_285: system.switch_cpus3 progress event, total committed:165016292, progress insts committed: 16406976, IPC: 01.63906
14987112848403: Event_285: system.switch_cpus3 progress event, total committed:181452930, progress insts committed: 16436638, IPC: 01.64202
14987112848403: Event_284: system.switch_cpus2 progress event, total committed:181452957, progress insts committed: 16436633, IPC: 01.64202
14987112848403: Event_283: system.switch_cpus1 progress event, total committed:181652887, progress insts committed: 16464009, IPC: 01.64475
14987112848403: Event_282: system.switch_cpus0 progress event, total committed:181652864, progress insts committed: 16464019, IPC: 01.64476
14990446181736: Event_282: system.switch_cpus0 progress event, total committed:198046893, progress insts committed: 16394029, IPC: 01.63776
14990446181736: Event_283: system.switch_cpus1 progress event, total committed:198060283, progress insts committed: 16407396, IPC: 001.6391
14990446181736: Event_284: system.switch_cpus2 progress event, total committed:197842988, progress insts committed: 16390031, IPC: 01.63736
14990446181736: Event_285: system.switch_cpus3 progress event, total committed:197842988, progress insts committed: 16390058, IPC: 01.63737
14993779515069: Event_285: system.switch_cpus3 progress event, total committed:214359394, progress insts committed: 16516406, IPC: 01.64999
14993779515069: Event_284: system.switch_cpus2 progress event, total committed:214359340, progress insts committed: 16516352, IPC: 01.64998
14993779515069: Event_283: system.switch_cpus1 progress event, total committed:214635249, progress insts committed: 16574966, IPC: 01.65584
14993779515069: Event_282: system.switch_cpus0 progress event, total committed:214586119, progress insts committed: 16539226, IPC: 01.65227
14997112848402: Event_282: system.switch_cpus0 progress event, total committed:231065850, progress insts committed: 16479731, IPC: 01.64633
14997112848402: Event_283: system.switch_cpus1 progress event, total committed:231154516, progress insts committed: 16519267, IPC: 01.65027
14997112848402: Event_284: system.switch_cpus2 progress event, total committed:230808549, progress insts committed: 16449209, IPC: 01.64328
14997112848402: Event_285: system.switch_cpus3 progress event, total committed:230808580, progress insts committed: 16449186, IPC: 01.64327
15000446181735: Event_285: system.switch_cpus3 progress event, total committed:247390673, progress insts committed: 16582093, IPC: 01.65655
15000446181735: Event_284: system.switch_cpus2 progress event, total committed:247390673, progress insts committed: 16582124, IPC: 01.65655
15000446181735: Event_283: system.switch_cpus1 progress event, total committed:247682053, progress insts committed: 16527537, IPC: 001.6511
15000446181735: Event_282: system.switch_cpus0 progress event, total committed:247598362, progress insts committed: 16532512, IPC: 001.6516
15003779515068: Event_282: system.switch_cpus0 progress event, total committed:264114483, progress insts committed: 16516121, IPC: 01.64996
15003779515068: Event_283: system.switch_cpus1 progress event, total committed:264227023, progress insts committed: 16544970, IPC: 01.65284
15003779515068: Event_284: system.switch_cpus2 progress event, total committed:263776482, progress insts committed: 16385809, IPC: 01.63694
15003779515068: Event_285: system.switch_cpus3 progress event, total committed:263776510, progress insts committed: 16385837, IPC: 01.63695
15007112848401: Event_285: system.switch_cpus3 progress event, total committed:280155597, progress insts committed: 16379087, IPC: 01.63627
15007112848401: Event_284: system.switch_cpus2 progress event, total committed:280155628, progress insts committed: 16379146, IPC: 01.63628
15007112848401: Event_283: system.switch_cpus1 progress event, total committed:280684098, progress insts committed: 16457075, IPC: 01.64406
15007112848401: Event_282: system.switch_cpus0 progress event, total committed:280563597, progress insts committed: 16449114, IPC: 01.64327
15010446181734: Event_282: system.switch_cpus0 progress event, total committed:297146968, progress insts committed: 16583371, IPC: 01.65668
15010446181734: Event_283: system.switch_cpus1 progress event, total committed:297250232, progress insts committed: 16566134, IPC: 01.65496
15010446181734: Event_284: system.switch_cpus2 progress event, total committed:296642420, progress insts committed: 16486792, IPC: 01.64703
15010446181734: Event_285: system.switch_cpus3 progress event, total committed:296642420, progress insts committed: 16486823, IPC: 01.64703
15013779515067: Event_285: system.switch_cpus3 progress event, total committed:313167010, progress insts committed: 16524590, IPC: 01.65081
15013779515067: Event_284: system.switch_cpus2 progress event, total committed:313166970, progress insts committed: 16524550, IPC: 001.6508
15013779515067: Event_283: system.switch_cpus1 progress event, total committed:313802197, progress insts committed: 16551965, IPC: 01.65354
15013779515067: Event_282: system.switch_cpus0 progress event, total committed:313642583, progress insts committed: 16495615, IPC: 01.64791
15017112848400: Event_282: system.switch_cpus0 progress event, total committed:330175493, progress insts committed: 16532910, IPC: 01.65164
15017112848400: Event_283: system.switch_cpus1 progress event, total committed:330333228, progress insts committed: 16531031, IPC: 01.65145
15017112848400: Event_284: system.switch_cpus2 progress event, total committed:329606365, progress insts committed: 16439395, IPC: 001.6423
15017112848400: Event_285: system.switch_cpus3 progress event, total committed:329606328, progress insts committed: 16439318, IPC: 01.64229
15020446181733: Event_285: system.switch_cpus3 progress event, total committed:346082726, progress insts committed: 16476398, IPC: 01.64599
15020446181733: Event_284: system.switch_cpus2 progress event, total committed:346082780, progress insts committed: 16476415, IPC: 01.64599
15020446181733: Event_283: system.switch_cpus1 progress event, total committed:346886250, progress insts committed: 16553022, IPC: 01.65365
15020446181733: Event_282: system.switch_cpus0 progress event, total committed:346747125, progress insts committed: 16571632, IPC: 01.65551
Exiting @ tick 15023652109200 because a thread reached the max instruction count
