Command line:
./runscript_pride.sh namd RFM5.BR2.4C 4 2017 --rh_defense --rh_mitigation=RFM --rh_rfm_per_trefi=5 --rh_rfm_blast_radius=2 --rh_rfm_maxacts_per_trefi=79
Global frequency set at 1000000000000 ticks per second
RFM details - rfm_act_threshold: 15, blast_radius: 2, delay_per_rfm: 175000 ps. sample_rate: 0.062500
RH Defense config: RFM, Bus Delay: 0, rfms_per_trefi: 5, rfm_act_threshold: 15, blast_radius: 2,rfm_delay_per_act: 45000 ps.
DRAM config: RowsPerBank: 65536, BanksPerRank: 32, RanksPerChannel: 1
warn: Sockets disabled, not accepting gdb connections
warn: CoherentXBar system.cpu0.mmucache.mmubus has no snooping ports attached!
warn: CoherentXBar system.cpu1.mmucache.mmubus has no snooping ports attached!
warn: CoherentXBar system.cpu2.mmucache.mmubus has no snooping ports attached!
warn: CoherentXBar system.cpu3.mmucache.mmubus has no snooping ports attached!
warn: Checkpoints for file descriptors currently do not work.
warn: Checkpoints for file descriptors currently do not work.
warn: Checkpoints for file descriptors currently do not work.
warn: Checkpoints for file descriptors currently do not work.
gem5 Simulator System.  http://gem5.org
gem5 is copyrighted software; use the --copyright option for details.

gem5 version 20.1.0.5
gem5 compiled Jul 12 2024 12:42:38
gem5 started Jul 22 2024 16:04:36
gem5 executing on a07dda8b130c, pid 88801
command line: /home/user/PrIDE/performance/gem5/build/X86/gem5.opt --outdir=/home/user/PrIDE/performance/gem5/stats/pride_multiprogram_16GBmem_250Mn.SPEC2017.C4/RFM5.BR2.4C/namd /home/user/PrIDE/performance/gem5/configs/example/se_rq_spec_config_multicore.py --redirects /lib64=/home/utils/gcc-6.2.0/lib64 --benchmark=namd --benchmark_stdout=/home/user/PrIDE/performance/gem5/stats/pride_multiprogram_16GBmem_250Mn.SPEC2017.C4/RFM5.BR2.4C/namd/namd.out --benchmark_stderr=/home/user/PrIDE/performance/gem5/stats/pride_multiprogram_16GBmem_250Mn.SPEC2017.C4/RFM5.BR2.4C/namd/namd.err --spec-version=2017 --rh_defense --rh_mitigation=RFM --rh_rfm_per_trefi=5 --rh_rfm_blast_radius=2 --rh_rfm_maxacts_per_trefi=79 --num-cpus=4 --mem-size=16GB --mem-type=DDR5_2400_32x4 --mem-ranks=1 --checkpoint-dir=/home/user/PrIDE/performance/gem5/cpts/multiprogram_16GBmem_25Bn.SPEC2017.C4/namd-1-ref-x86 --checkpoint-restore=25000000000 --at-instruction --cpu-type DerivO3CPU --caches --l2cache --l1d_size=32kB --l1i_size=32kB --l2_size=256kB --l1d_assoc=8 --l1i_assoc=8 --l2_assoc=16 --maxinsts=250000000 --prog-interval=300Hz

info: Standard input is not a terminal, disabling listeners.
Benchmark- 0   namd
Selected benchmark
--> namd
CMD: ['/opt/spec2017/benchspec/CPU/508.namd_r/run/run_base_refrate_gem5_se-m64.0000/namd_r_base.gem5_se-m64', '--input', '/opt/spec2017/benchspec/CPU/508.namd_r/run/run_base_refrate_gem5_se-m64.0000/apoa1.input', '--output', '/opt/spec2017/benchspec/CPU/508.namd_r/run/run_base_refrate_gem5_se-m64.0000/apoa1.ref.output', '--iterations', '65']
CWD: /opt/spec2017/benchspec/CPU/508.namd_r/run/run_base_refrate_gem5_se-m64.0000/
Process stdout file: /home/user/PrIDE/performance/gem5/stats/pride_multiprogram_16GBmem_250Mn.SPEC2017.C4/RFM5.BR2.4C/namd/namd.out_0
Process stderr file: /home/user/PrIDE/performance/gem5/stats/pride_multiprogram_16GBmem_250Mn.SPEC2017.C4/RFM5.BR2.4C/namd/namd.err_0
Benchmark- 1   namd
Selected benchmark
--> namd
CMD: ['/opt/spec2017/benchspec/CPU/508.namd_r/run/run_base_refrate_gem5_se-m64.0000/namd_r_base.gem5_se-m64', '--input', '/opt/spec2017/benchspec/CPU/508.namd_r/run/run_base_refrate_gem5_se-m64.0000/apoa1.input', '--output', '/opt/spec2017/benchspec/CPU/508.namd_r/run/run_base_refrate_gem5_se-m64.0000/apoa1.ref.output', '--iterations', '65']
CWD: /opt/spec2017/benchspec/CPU/508.namd_r/run/run_base_refrate_gem5_se-m64.0000/
Process stdout file: /home/user/PrIDE/performance/gem5/stats/pride_multiprogram_16GBmem_250Mn.SPEC2017.C4/RFM5.BR2.4C/namd/namd.out_1
Process stderr file: /home/user/PrIDE/performance/gem5/stats/pride_multiprogram_16GBmem_250Mn.SPEC2017.C4/RFM5.BR2.4C/namd/namd.err_1
Benchmark- 2   namd
Selected benchmark
--> namd
CMD: ['/opt/spec2017/benchspec/CPU/508.namd_r/run/run_base_refrate_gem5_se-m64.0000/namd_r_base.gem5_se-m64', '--input', '/opt/spec2017/benchspec/CPU/508.namd_r/run/run_base_refrate_gem5_se-m64.0000/apoa1.input', '--output', '/opt/spec2017/benchspec/CPU/508.namd_r/run/run_base_refrate_gem5_se-m64.0000/apoa1.ref.output', '--iterations', '65']
CWD: /opt/spec2017/benchspec/CPU/508.namd_r/run/run_base_refrate_gem5_se-m64.0000/
Process stdout file: /home/user/PrIDE/performance/gem5/stats/pride_multiprogram_16GBmem_250Mn.SPEC2017.C4/RFM5.BR2.4C/namd/namd.out_2
Process stderr file: /home/user/PrIDE/performance/gem5/stats/pride_multiprogram_16GBmem_250Mn.SPEC2017.C4/RFM5.BR2.4C/namd/namd.err_2
Benchmark- 3   namd
Selected benchmark
--> namd
CMD: ['/opt/spec2017/benchspec/CPU/508.namd_r/run/run_base_refrate_gem5_se-m64.0000/namd_r_base.gem5_se-m64', '--input', '/opt/spec2017/benchspec/CPU/508.namd_r/run/run_base_refrate_gem5_se-m64.0000/apoa1.input', '--output', '/opt/spec2017/benchspec/CPU/508.namd_r/run/run_base_refrate_gem5_se-m64.0000/apoa1.ref.output', '--iterations', '65']
CWD: /opt/spec2017/benchspec/CPU/508.namd_r/run/run_base_refrate_gem5_se-m64.0000/
Process stdout file: /home/user/PrIDE/performance/gem5/stats/pride_multiprogram_16GBmem_250Mn.SPEC2017.C4/RFM5.BR2.4C/namd/namd.out_3
Process stderr file: /home/user/PrIDE/performance/gem5/stats/pride_multiprogram_16GBmem_250Mn.SPEC2017.C4/RFM5.BR2.4C/namd/namd.err_3
Workload-0: 
['/opt/spec2017/benchspec/CPU/508.namd_r/run/run_base_refrate_gem5_se-m64.0000/namd_r_base.gem5_se-m64', '--input', '/opt/spec2017/benchspec/CPU/508.namd_r/run/run_base_refrate_gem5_se-m64.0000/apoa1.input', '--output', '/opt/spec2017/benchspec/CPU/508.namd_r/run/run_base_refrate_gem5_se-m64.0000/apoa1.ref.output', '--iterations', '65']
Workload-1: 
['/opt/spec2017/benchspec/CPU/508.namd_r/run/run_base_refrate_gem5_se-m64.0000/namd_r_base.gem5_se-m64', '--input', '/opt/spec2017/benchspec/CPU/508.namd_r/run/run_base_refrate_gem5_se-m64.0000/apoa1.input', '--output', '/opt/spec2017/benchspec/CPU/508.namd_r/run/run_base_refrate_gem5_se-m64.0000/apoa1.ref.output', '--iterations', '65']
Workload-2: 
['/opt/spec2017/benchspec/CPU/508.namd_r/run/run_base_refrate_gem5_se-m64.0000/namd_r_base.gem5_se-m64', '--input', '/opt/spec2017/benchspec/CPU/508.namd_r/run/run_base_refrate_gem5_se-m64.0000/apoa1.input', '--output', '/opt/spec2017/benchspec/CPU/508.namd_r/run/run_base_refrate_gem5_se-m64.0000/apoa1.ref.output', '--iterations', '65']
Workload-3: 
['/opt/spec2017/benchspec/CPU/508.namd_r/run/run_base_refrate_gem5_se-m64.0000/namd_r_base.gem5_se-m64', '--input', '/opt/spec2017/benchspec/CPU/508.namd_r/run/run_base_refrate_gem5_se-m64.0000/apoa1.input', '--output', '/opt/spec2017/benchspec/CPU/508.namd_r/run/run_base_refrate_gem5_se-m64.0000/apoa1.ref.output', '--iterations', '65']
defense_enable:  True  detector:  MG  mitigation:  RFM  threshold:  800
mg_entries:  1700
rfm_maxacts_per_trefi:  79 rfm_per_trefi:  5 rfm_blast_radius:  2
Switch at curTick count:10000
warn: membus.master is deprecated. `master` is now called `mem_side_ports`
warn: No dot file generated. Please install pydot to generate the dot file and pdf.
info: Entering event queue @ 13945158432117.  Starting simulation...
info: Entering event queue @ 13945158442117.  Starting simulation...
warn: PowerState: Already in the requested power state, request ignored
Switched CPUS @ tick 13945158442117
switching cpus
**** REAL SIMULATION ****
info: Entering event queue @ 13945158442440.  Starting simulation...
13948491765450: Event_285: system.switch_cpus3 progress event, total committed:33741643, progress insts committed: 33741643, IPC: 03.37079
13948491765450: Event_284: system.switch_cpus2 progress event, total committed:33708340, progress insts committed: 33708340, IPC: 03.36746
13948491765450: Event_283: system.switch_cpus1 progress event, total committed:33699300, progress insts committed: 33699300, IPC: 03.36656
13948491765450: Event_282: system.switch_cpus0 progress event, total committed:33699160, progress insts committed: 33699160, IPC: 03.36655
13951825098783: Event_282: system.switch_cpus0 progress event, total committed:68070201, progress insts committed: 34371041, IPC: 03.43367
13951825098783: Event_283: system.switch_cpus1 progress event, total committed:68070094, progress insts committed: 34370794, IPC: 03.43364
13951825098783: Event_284: system.switch_cpus2 progress event, total committed:68163594, progress insts committed: 34455254, IPC: 03.44208
13951825098783: Event_285: system.switch_cpus3 progress event, total committed:68208037, progress insts committed: 34466394, IPC: 03.44319
13955158432116: Event_285: system.switch_cpus3 progress event, total committed:102563768, progress insts committed: 34355731, IPC: 03.43214
13955158432116: Event_284: system.switch_cpus2 progress event, total committed:102563852, progress insts committed: 34400258, IPC: 03.43659
13955158432116: Event_283: system.switch_cpus1 progress event, total committed:102486456, progress insts committed: 34416362, IPC: 03.43819
13955158432116: Event_282: system.switch_cpus0 progress event, total committed:102486559, progress insts committed: 34416358, IPC: 03.43819
13958491765449: Event_282: system.switch_cpus0 progress event, total committed:137464638, progress insts committed: 34978079, IPC: 03.49431
13958491765449: Event_283: system.switch_cpus1 progress event, total committed:137464535, progress insts committed: 34978079, IPC: 03.49431
13958491765449: Event_284: system.switch_cpus2 progress event, total committed:137687893, progress insts committed: 35124041, IPC: 03.50889
13958491765449: Event_285: system.switch_cpus3 progress event, total committed:137671414, progress insts committed: 35107646, IPC: 03.50725
13961825098782: Event_285: system.switch_cpus3 progress event, total committed:172788806, progress insts committed: 35117392, IPC: 03.50823
13961825098782: Event_284: system.switch_cpus2 progress event, total committed:172788735, progress insts committed: 35100842, IPC: 03.50657
13961825098782: Event_283: system.switch_cpus1 progress event, total committed:172611050, progress insts committed: 35146515, IPC: 03.51114
13961825098782: Event_282: system.switch_cpus0 progress event, total committed:172621746, progress insts committed: 35157108, IPC: 003.5122
13965158432115: Event_282: system.switch_cpus0 progress event, total committed:207099688, progress insts committed: 34477942, IPC: 03.44435
13965158432115: Event_283: system.switch_cpus1 progress event, total committed:207039796, progress insts committed: 34428746, IPC: 03.43943
13965158432115: Event_284: system.switch_cpus2 progress event, total committed:207231601, progress insts committed: 34442866, IPC: 03.44084
13965158432115: Event_285: system.switch_cpus3 progress event, total committed:207231626, progress insts committed: 34442820, IPC: 03.44084
13968491765448: Event_285: system.switch_cpus3 progress event, total committed:242229531, progress insts committed: 34997905, IPC: 03.49629
13968491765448: Event_284: system.switch_cpus2 progress event, total committed:242229584, progress insts committed: 34997983, IPC: 003.4963
13968491765448: Event_283: system.switch_cpus1 progress event, total committed:242154890, progress insts committed: 35115094, IPC: 0003.508
13968491765448: Event_282: system.switch_cpus0 progress event, total committed:242228349, progress insts committed: 35128661, IPC: 03.50935
13971825098781: Event_282: system.switch_cpus0 progress event, total committed:276761338, progress insts committed: 34532989, IPC: 03.44985
13971825098781: Event_283: system.switch_cpus1 progress event, total committed:276761174, progress insts committed: 34606284, IPC: 03.45717
13971825098781: Event_284: system.switch_cpus2 progress event, total committed:276761214, progress insts committed: 34531630, IPC: 03.44971
13971825098781: Event_285: system.switch_cpus3 progress event, total committed:276761298, progress insts committed: 34531767, IPC: 03.44972
Exiting @ tick 13973737990950 because a thread reached the max instruction count
