Command line:
./runscript_pride.sh mix7 RFM1.BR2.4C 4 2017 --rh_defense --rh_mitigation=RFM --rh_rfm_per_trefi=1 --rh_rfm_blast_radius=2 --rh_rfm_maxacts_per_trefi=79
Global frequency set at 1000000000000 ticks per second
RFM details - rfm_act_threshold: 79, blast_radius: 2, delay_per_rfm: 175000 ps. sample_rate: 0.012500
RH Defense config: RFM, Bus Delay: 0, rfms_per_trefi: 1, rfm_act_threshold: 79, blast_radius: 2,rfm_delay_per_act: 45000 ps.
DRAM config: RowsPerBank: 65536, BanksPerRank: 32, RanksPerChannel: 1
warn: Sockets disabled, not accepting gdb connections
warn: CoherentXBar system.cpu0.mmucache.mmubus has no snooping ports attached!
warn: CoherentXBar system.cpu1.mmucache.mmubus has no snooping ports attached!
warn: CoherentXBar system.cpu2.mmucache.mmubus has no snooping ports attached!
warn: CoherentXBar system.cpu3.mmucache.mmubus has no snooping ports attached!
warn: Checkpoints for file descriptors currently do not work.
warn: Checkpoints for file descriptors currently do not work.
warn: Checkpoints for file descriptors currently do not work.
warn: Checkpoints for file descriptors currently do not work.
gem5 Simulator System.  http://gem5.org
gem5 is copyrighted software; use the --copyright option for details.

gem5 version 20.1.0.5
gem5 compiled Jul 12 2024 12:42:38
gem5 started Aug  1 2024 16:47:12
gem5 executing on a07dda8b130c, pid 249903
command line: /home/user/PrIDE/performance/gem5/build/X86/gem5.opt --outdir=/home/user/PrIDE/performance/gem5/stats/pride_multiprogram_16GBmem_250Mn.SPEC2017.C4/RFM1.BR2.4C/mix7 /home/user/PrIDE/performance/gem5/configs/example/se_rq_spec_config_multicore.py --redirects /lib64=/home/utils/gcc-6.2.0/lib64 --benchmark=mix7 --benchmark_stdout=/home/user/PrIDE/performance/gem5/stats/pride_multiprogram_16GBmem_250Mn.SPEC2017.C4/RFM1.BR2.4C/mix7/mix7.out --benchmark_stderr=/home/user/PrIDE/performance/gem5/stats/pride_multiprogram_16GBmem_250Mn.SPEC2017.C4/RFM1.BR2.4C/mix7/mix7.err --spec-version=2017 --rh_defense --rh_mitigation=RFM --rh_rfm_per_trefi=1 --rh_rfm_blast_radius=2 --rh_rfm_maxacts_per_trefi=79 --num-cpus=4 --mem-size=16GB --mem-type=DDR5_2400_32x4 --mem-ranks=1 --mem-channels=1 --checkpoint-dir=/home/user/PrIDE/performance/gem5/cpts-DDR5/multiprogram_16GBmem_25Bn.SPEC2017.C4/mix7-1-ref-x86 --checkpoint-restore=25000000000 --at-instruction --cpu-type DerivO3CPU --caches --l2cache --l1d_size=32kB --l1i_size=32kB --l2_size=256kB --l3_size=4MB --l1d_assoc=8 --l1i_assoc=8 --l2_assoc=16 --l3_assoc=16 --cpu-clock=3GHz --sys-clock=3GHz --maxinsts=250000000 --prog-interval=300Hz

info: Standard input is not a terminal, disabling listeners.
Benchmark- 0   povray
Selected benchmark
--> povray
CMD: ['/opt/spec2017/benchspec/CPU/511.povray_r/run/run_base_refrate_gem5_se-m64.0000/povray_r_base.gem5_se-m64', '/opt/spec2017/benchspec/CPU/511.povray_r/run/run_base_refrate_gem5_se-m64.0000/SPEC-benchmark-ref.ini']
CWD: /opt/spec2017/benchspec/CPU/511.povray_r/run/run_base_refrate_gem5_se-m64.0000/
Process stdout file: /home/user/PrIDE/performance/gem5/stats/pride_multiprogram_16GBmem_250Mn.SPEC2017.C4/RFM1.BR2.4C/mix7/mix7.out_0
Process stderr file: /home/user/PrIDE/performance/gem5/stats/pride_multiprogram_16GBmem_250Mn.SPEC2017.C4/RFM1.BR2.4C/mix7/mix7.err_0
Benchmark- 1   roms
Selected benchmark
--> roms
CMD: ['/opt/spec2017/benchspec/CPU/554.roms_r/run/run_base_refrate_gem5_se-m64.0000/roms_r_base.gem5_se-m64']
CWD: /opt/spec2017/benchspec/CPU/554.roms_r/run/run_base_refrate_gem5_se-m64.0000/
Process stdout file: /home/user/PrIDE/performance/gem5/stats/pride_multiprogram_16GBmem_250Mn.SPEC2017.C4/RFM1.BR2.4C/mix7/mix7.out_1
Process stderr file: /home/user/PrIDE/performance/gem5/stats/pride_multiprogram_16GBmem_250Mn.SPEC2017.C4/RFM1.BR2.4C/mix7/mix7.err_1
Benchmark- 2   nab
Selected benchmark
--> nab
CMD: ['/opt/spec2017/benchspec/CPU/544.nab_r/run/run_base_refrate_gem5_se-m64.0000/nab_r_base.gem5_se-m64', '1am0', '1122214447', '122']
CWD: /opt/spec2017/benchspec/CPU/544.nab_r/run/run_base_refrate_gem5_se-m64.0000/
Process stdout file: /home/user/PrIDE/performance/gem5/stats/pride_multiprogram_16GBmem_250Mn.SPEC2017.C4/RFM1.BR2.4C/mix7/mix7.out_2
Process stderr file: /home/user/PrIDE/performance/gem5/stats/pride_multiprogram_16GBmem_250Mn.SPEC2017.C4/RFM1.BR2.4C/mix7/mix7.err_2
Benchmark- 3   bwaves
Selected benchmark
--> bwaves
CMD: ['/opt/spec2017/benchspec/CPU/503.bwaves_r/run/run_base_refrate_gem5_se-m64.0000/bwaves_r_base.gem5_se-m64', '/opt/spec2017/benchspec/CPU/503.bwaves_r/run/run_base_refrate_gem5_se-m64.0000/bwaves_1']
CWD: /opt/spec2017/benchspec/CPU/503.bwaves_r/run/run_base_refrate_gem5_se-m64.0000/
Process stdout file: /home/user/PrIDE/performance/gem5/stats/pride_multiprogram_16GBmem_250Mn.SPEC2017.C4/RFM1.BR2.4C/mix7/mix7.out_3
Process stderr file: /home/user/PrIDE/performance/gem5/stats/pride_multiprogram_16GBmem_250Mn.SPEC2017.C4/RFM1.BR2.4C/mix7/mix7.err_3
Workload-0: 
['/opt/spec2017/benchspec/CPU/511.povray_r/run/run_base_refrate_gem5_se-m64.0000/povray_r_base.gem5_se-m64', '/opt/spec2017/benchspec/CPU/511.povray_r/run/run_base_refrate_gem5_se-m64.0000/SPEC-benchmark-ref.ini']
Workload-1: 
['/opt/spec2017/benchspec/CPU/554.roms_r/run/run_base_refrate_gem5_se-m64.0000/roms_r_base.gem5_se-m64']
Workload-2: 
['/opt/spec2017/benchspec/CPU/544.nab_r/run/run_base_refrate_gem5_se-m64.0000/nab_r_base.gem5_se-m64', '1am0', '1122214447', '122']
Workload-3: 
['/opt/spec2017/benchspec/CPU/503.bwaves_r/run/run_base_refrate_gem5_se-m64.0000/bwaves_r_base.gem5_se-m64', '/opt/spec2017/benchspec/CPU/503.bwaves_r/run/run_base_refrate_gem5_se-m64.0000/bwaves_1']
defense_enable:  True  detector:  MG  mitigation:  RFM  threshold:  800
mg_entries:  1700
rfm_maxacts_per_trefi:  79 rfm_per_trefi:  1 rfm_blast_radius:  2
Switch at curTick count:10000
warn: membus.master is deprecated. `master` is now called `mem_side_ports`
warn: No dot file generated. Please install pydot to generate the dot file and pdf.
info: Entering event queue @ 15651257118291.  Starting simulation...
info: Entering event queue @ 15651257128291.  Starting simulation...
warn: PowerState: Already in the requested power state, request ignored
Switched CPUS @ tick 15651257128291
switching cpus
**** REAL SIMULATION ****
info: Entering event queue @ 15651257128947.  Starting simulation...
15654590451624: Event_285: system.switch_cpus3 progress event, total committed:39526493, progress insts committed: 39526493, IPC: 003.9487
15654590451624: Event_284: system.switch_cpus2 progress event, total committed:26515359, progress insts committed: 26515359, IPC: 02.64888
15654590451624: Event_283: system.switch_cpus1 progress event, total committed:8855881, progress insts committed: 8855881, IPC: 0.884703
15654590451624: Event_282: system.switch_cpus0 progress event, total committed:45173807, progress insts committed: 45173807, IPC: 04.51286
15657923784957: Event_282: system.switch_cpus0 progress event, total committed:89279423, progress insts committed: 44105616, IPC: 04.40615
15657923784957: Event_283: system.switch_cpus1 progress event, total committed:17757557, progress insts committed: 8901676, IPC: 0.889277
15657923784957: Event_284: system.switch_cpus2 progress event, total committed:55211218, progress insts committed: 28695859, IPC: 02.86672
15657923784957: Event_285: system.switch_cpus3 progress event, total committed:78917692, progress insts committed: 39391199, IPC: 03.93518
15661257118290: Event_285: system.switch_cpus3 progress event, total committed:118949643, progress insts committed: 40031951, IPC: 03.99919
15661257118290: Event_284: system.switch_cpus2 progress event, total committed:83736869, progress insts committed: 28525651, IPC: 02.84971
15661257118290: Event_283: system.switch_cpus1 progress event, total committed:26799625, progress insts committed: 9042068, IPC: 0.903303
15661257118290: Event_282: system.switch_cpus0 progress event, total committed:134295694, progress insts committed: 45016271, IPC: 04.49713
15664590451623: Event_282: system.switch_cpus0 progress event, total committed:179414902, progress insts committed: 45119208, IPC: 04.50741
15664590451623: Event_283: system.switch_cpus1 progress event, total committed:37205028, progress insts committed: 10405403, IPC: 001.0395
15664590451623: Event_284: system.switch_cpus2 progress event, total committed:109031854, progress insts committed: 25294985, IPC: 02.52697
15664590451623: Event_285: system.switch_cpus3 progress event, total committed:156486637, progress insts committed: 37536994, IPC: 03.74995
15667923784956: Event_285: system.switch_cpus3 progress event, total committed:187092813, progress insts committed: 30606176, IPC: 03.05756
15667923784956: Event_284: system.switch_cpus2 progress event, total committed:132686594, progress insts committed: 23654740, IPC: 02.36311
15667923784956: Event_283: system.switch_cpus1 progress event, total committed:46228662, progress insts committed: 9023634, IPC: 0.901461
15667923784956: Event_282: system.switch_cpus0 progress event, total committed:224320949, progress insts committed: 44906047, IPC: 04.48611
15671257118289: Event_282: system.switch_cpus0 progress event, total committed:269484815, progress insts committed: 45163866, IPC: 04.51187
15671257118289: Event_283: system.switch_cpus1 progress event, total committed:58918734, progress insts committed: 12690072, IPC: 01.26774
15671257118289: Event_284: system.switch_cpus2 progress event, total committed:157905682, progress insts committed: 25219088, IPC: 02.51939
15671257118289: Event_285: system.switch_cpus3 progress event, total committed:228715935, progress insts committed: 41623122, IPC: 04.15815
15674590451622: Event_285: system.switch_cpus3 progress event, total committed:267654643, progress insts committed: 38938708, IPC: 03.88998
15674590451622: Event_284: system.switch_cpus2 progress event, total committed:185754839, progress insts committed: 27849157, IPC: 02.78213
15674590451622: Event_283: system.switch_cpus1 progress event, total committed:84015793, progress insts committed: 25097059, IPC: 002.5072
15674590451622: Event_282: system.switch_cpus0 progress event, total committed:314711580, progress insts committed: 45226765, IPC: 04.51815
15677923784955: Event_282: system.switch_cpus0 progress event, total committed:359951374, progress insts committed: 45239794, IPC: 04.51946
15677923784955: Event_283: system.switch_cpus1 progress event, total committed:109127175, progress insts committed: 25111382, IPC: 02.50863
15677923784955: Event_284: system.switch_cpus2 progress event, total committed:213919076, progress insts committed: 28164237, IPC: 02.81361
15677923784955: Event_285: system.switch_cpus3 progress event, total committed:308131855, progress insts committed: 40477212, IPC: 04.04367
15681257118288: Event_285: system.switch_cpus3 progress event, total committed:348535941, progress insts committed: 40404086, IPC: 04.03637
15681257118288: Event_284: system.switch_cpus2 progress event, total committed:241650165, progress insts committed: 27731089, IPC: 02.77034
15681257118288: Event_283: system.switch_cpus1 progress event, total committed:133909307, progress insts committed: 24782132, IPC: 02.47573
15681257118288: Event_282: system.switch_cpus0 progress event, total committed:405289110, progress insts committed: 45337736, IPC: 04.52924
Exiting @ tick 15684568335396 because a thread reached the max instruction count
