Command line:
./runscript_pride.sh mix15 RFM5.BR2.4C 4 2017 --rh_defense --rh_mitigation=RFM --rh_rfm_per_trefi=5 --rh_rfm_blast_radius=2 --rh_rfm_maxacts_per_trefi=79
Global frequency set at 1000000000000 ticks per second
RFM details - rfm_act_threshold: 15, blast_radius: 2, delay_per_rfm: 175000 ps. sample_rate: 0.062500
RH Defense config: RFM, Bus Delay: 0, rfms_per_trefi: 5, rfm_act_threshold: 15, blast_radius: 2,rfm_delay_per_act: 45000 ps.
DRAM config: RowsPerBank: 65536, BanksPerRank: 32, RanksPerChannel: 1
warn: Sockets disabled, not accepting gdb connections
warn: CoherentXBar system.cpu0.mmucache.mmubus has no snooping ports attached!
warn: CoherentXBar system.cpu1.mmucache.mmubus has no snooping ports attached!
warn: CoherentXBar system.cpu2.mmucache.mmubus has no snooping ports attached!
warn: CoherentXBar system.cpu3.mmucache.mmubus has no snooping ports attached!
warn: Checkpoints for file descriptors currently do not work.
warn: Checkpoints for file descriptors currently do not work.
warn: Checkpoints for file descriptors currently do not work.
warn: Checkpoints for file descriptors currently do not work.
gem5 Simulator System.  http://gem5.org
gem5 is copyrighted software; use the --copyright option for details.

gem5 version 20.1.0.5
gem5 compiled Jul 12 2024 12:42:38
gem5 started Jul 22 2024 17:24:37
gem5 executing on a07dda8b130c, pid 89518
command line: /home/user/PrIDE/performance/gem5/build/X86/gem5.opt --outdir=/home/user/PrIDE/performance/gem5/stats/pride_multiprogram_16GBmem_250Mn.SPEC2017.C4/RFM5.BR2.4C/mix15 /home/user/PrIDE/performance/gem5/configs/example/se_rq_spec_config_multicore.py --redirects /lib64=/home/utils/gcc-6.2.0/lib64 --benchmark=mix15 --benchmark_stdout=/home/user/PrIDE/performance/gem5/stats/pride_multiprogram_16GBmem_250Mn.SPEC2017.C4/RFM5.BR2.4C/mix15/mix15.out --benchmark_stderr=/home/user/PrIDE/performance/gem5/stats/pride_multiprogram_16GBmem_250Mn.SPEC2017.C4/RFM5.BR2.4C/mix15/mix15.err --spec-version=2017 --rh_defense --rh_mitigation=RFM --rh_rfm_per_trefi=5 --rh_rfm_blast_radius=2 --rh_rfm_maxacts_per_trefi=79 --num-cpus=4 --mem-size=16GB --mem-type=DDR5_2400_32x4 --mem-ranks=1 --checkpoint-dir=/home/user/PrIDE/performance/gem5/cpts/multiprogram_16GBmem_25Bn.SPEC2017.C4/mix15-1-ref-x86 --checkpoint-restore=25000000000 --at-instruction --cpu-type DerivO3CPU --caches --l2cache --l1d_size=32kB --l1i_size=32kB --l2_size=256kB --l1d_assoc=8 --l1i_assoc=8 --l2_assoc=16 --maxinsts=250000000 --prog-interval=300Hz

info: Standard input is not a terminal, disabling listeners.
Benchmark- 0   cactuBSSN
Selected benchmark
--> cactuBSSN
CMD: ['/opt/spec2017/benchspec/CPU/507.cactuBSSN_r/run/run_base_refrate_gem5_se-m64.0000/cactusBSSN_r_base.gem5_se-m64', '/opt/spec2017/benchspec/CPU/507.cactuBSSN_r/run/run_base_refrate_gem5_se-m64.0000/spec_ref.par']
CWD: /opt/spec2017/benchspec/CPU/507.cactuBSSN_r/run/run_base_refrate_gem5_se-m64.0000/
Process stdout file: /home/user/PrIDE/performance/gem5/stats/pride_multiprogram_16GBmem_250Mn.SPEC2017.C4/RFM5.BR2.4C/mix15/mix15.out_0
Process stderr file: /home/user/PrIDE/performance/gem5/stats/pride_multiprogram_16GBmem_250Mn.SPEC2017.C4/RFM5.BR2.4C/mix15/mix15.err_0
Benchmark- 1   xz
Selected benchmark
--> xz
CMD: ['/opt/spec2017/benchspec/CPU/557.xz_r/run/run_base_refrate_gem5_se-m64.0000/xz_r_base.gem5_se-m64', '/opt/spec2017/benchspec/CPU/557.xz_r/run/run_base_refrate_gem5_se-m64.0000/cld.tar.xz', '160', '19cf30ae51eddcbefda78dd06014b4b96281456e078ca7c13e1c0c9e6aaea8dff3efb4ad6b0456697718cede6bd5454852652806a657bb56e07d61128434b474', '59796407', '61004416', '6']
CWD: /opt/spec2017/benchspec/CPU/557.xz_r/run/run_base_refrate_gem5_se-m64.0000/
Process stdout file: /home/user/PrIDE/performance/gem5/stats/pride_multiprogram_16GBmem_250Mn.SPEC2017.C4/RFM5.BR2.4C/mix15/mix15.out_1
Process stderr file: /home/user/PrIDE/performance/gem5/stats/pride_multiprogram_16GBmem_250Mn.SPEC2017.C4/RFM5.BR2.4C/mix15/mix15.err_1
Benchmark- 2   roms
Selected benchmark
--> roms
CMD: ['/opt/spec2017/benchspec/CPU/554.roms_r/run/run_base_refrate_gem5_se-m64.0000/roms_r_base.gem5_se-m64']
CWD: /opt/spec2017/benchspec/CPU/554.roms_r/run/run_base_refrate_gem5_se-m64.0000/
Process stdout file: /home/user/PrIDE/performance/gem5/stats/pride_multiprogram_16GBmem_250Mn.SPEC2017.C4/RFM5.BR2.4C/mix15/mix15.out_2
Process stderr file: /home/user/PrIDE/performance/gem5/stats/pride_multiprogram_16GBmem_250Mn.SPEC2017.C4/RFM5.BR2.4C/mix15/mix15.err_2
Benchmark- 3   namd
Selected benchmark
--> namd
CMD: ['/opt/spec2017/benchspec/CPU/508.namd_r/run/run_base_refrate_gem5_se-m64.0000/namd_r_base.gem5_se-m64', '--input', '/opt/spec2017/benchspec/CPU/508.namd_r/run/run_base_refrate_gem5_se-m64.0000/apoa1.input', '--output', '/opt/spec2017/benchspec/CPU/508.namd_r/run/run_base_refrate_gem5_se-m64.0000/apoa1.ref.output', '--iterations', '65']
CWD: /opt/spec2017/benchspec/CPU/508.namd_r/run/run_base_refrate_gem5_se-m64.0000/
Process stdout file: /home/user/PrIDE/performance/gem5/stats/pride_multiprogram_16GBmem_250Mn.SPEC2017.C4/RFM5.BR2.4C/mix15/mix15.out_3
Process stderr file: /home/user/PrIDE/performance/gem5/stats/pride_multiprogram_16GBmem_250Mn.SPEC2017.C4/RFM5.BR2.4C/mix15/mix15.err_3
Workload-0: 
['/opt/spec2017/benchspec/CPU/507.cactuBSSN_r/run/run_base_refrate_gem5_se-m64.0000/cactusBSSN_r_base.gem5_se-m64', '/opt/spec2017/benchspec/CPU/507.cactuBSSN_r/run/run_base_refrate_gem5_se-m64.0000/spec_ref.par']
Workload-1: 
['/opt/spec2017/benchspec/CPU/557.xz_r/run/run_base_refrate_gem5_se-m64.0000/xz_r_base.gem5_se-m64', '/opt/spec2017/benchspec/CPU/557.xz_r/run/run_base_refrate_gem5_se-m64.0000/cld.tar.xz', '160', '19cf30ae51eddcbefda78dd06014b4b96281456e078ca7c13e1c0c9e6aaea8dff3efb4ad6b0456697718cede6bd5454852652806a657bb56e07d61128434b474', '59796407', '61004416', '6']
Workload-2: 
['/opt/spec2017/benchspec/CPU/554.roms_r/run/run_base_refrate_gem5_se-m64.0000/roms_r_base.gem5_se-m64']
Workload-3: 
['/opt/spec2017/benchspec/CPU/508.namd_r/run/run_base_refrate_gem5_se-m64.0000/namd_r_base.gem5_se-m64', '--input', '/opt/spec2017/benchspec/CPU/508.namd_r/run/run_base_refrate_gem5_se-m64.0000/apoa1.input', '--output', '/opt/spec2017/benchspec/CPU/508.namd_r/run/run_base_refrate_gem5_se-m64.0000/apoa1.ref.output', '--iterations', '65']
defense_enable:  True  detector:  MG  mitigation:  RFM  threshold:  800
mg_entries:  1700
rfm_maxacts_per_trefi:  79 rfm_per_trefi:  5 rfm_blast_radius:  2
Switch at curTick count:10000
warn: membus.master is deprecated. `master` is now called `mem_side_ports`
warn: No dot file generated. Please install pydot to generate the dot file and pdf.
info: Entering event queue @ 13945158483732.  Starting simulation...
info: Entering event queue @ 13945158493732.  Starting simulation...
warn: PowerState: Already in the requested power state, request ignored
Switched CPUS @ tick 13945158493732
switching cpus
**** REAL SIMULATION ****
info: Entering event queue @ 13945158494055.  Starting simulation...
warn: MOVNTDQ: Ignoring non-temporal hint, modeling as cacheable!
13948491817065: Event_285: system.switch_cpus3 progress event, total committed:33181410, progress insts committed: 33181410, IPC: 03.31482
13948491817065: Event_284: system.switch_cpus2 progress event, total committed:14883719, progress insts committed: 14883719, IPC: 01.48688
13948491817065: Event_283: system.switch_cpus1 progress event, total committed:16053376, progress insts committed: 16053376, IPC: 01.60373
13948491817065: Event_282: system.switch_cpus0 progress event, total committed:7206748, progress insts committed: 7206748, IPC: 0.719954
13951825150398: Event_282: system.switch_cpus0 progress event, total committed:14442573, progress insts committed: 7235825, IPC: 0.722859
13951825150398: Event_283: system.switch_cpus1 progress event, total committed:32399055, progress insts committed: 16345679, IPC: 01.63293
13951825150398: Event_284: system.switch_cpus2 progress event, total committed:30646732, progress insts committed: 15763013, IPC: 01.57473
13951825150398: Event_285: system.switch_cpus3 progress event, total committed:65999123, progress insts committed: 32817713, IPC: 03.27849
13955158483731: Event_285: system.switch_cpus3 progress event, total committed:98117058, progress insts committed: 32117935, IPC: 03.20858
13955158483731: Event_284: system.switch_cpus2 progress event, total committed:41756266, progress insts committed: 11109534, IPC: 01.10984
13955158483731: Event_283: system.switch_cpus1 progress event, total committed:48417781, progress insts committed: 16018726, IPC: 01.60027
13955158483731: Event_282: system.switch_cpus0 progress event, total committed:21637540, progress insts committed: 7194967, IPC: 0.718777
13958491817064: Event_282: system.switch_cpus0 progress event, total committed:28824536, progress insts committed: 7186996, IPC: 0.717981
13958491817064: Event_283: system.switch_cpus1 progress event, total committed:64306909, progress insts committed: 15889128, IPC: 01.58732
13958491817064: Event_284: system.switch_cpus2 progress event, total committed:49773100, progress insts committed: 8016834, IPC: 0.800882
13958491817064: Event_285: system.switch_cpus3 progress event, total committed:130187844, progress insts committed: 32070786, IPC: 03.20387
13961825150397: Event_285: system.switch_cpus3 progress event, total committed:163506667, progress insts committed: 33318823, IPC: 03.32855
13961825150397: Event_284: system.switch_cpus2 progress event, total committed:58348641, progress insts committed: 8575541, IPC: 0.856697
13961825150397: Event_283: system.switch_cpus1 progress event, total committed:80559225, progress insts committed: 16252316, IPC: 01.62361
13961825150397: Event_282: system.switch_cpus0 progress event, total committed:36142259, progress insts committed: 7317723, IPC: 0.731041
13965158483730: Event_282: system.switch_cpus0 progress event, total committed:43450497, progress insts committed: 7308238, IPC: 0.730093
13965158483730: Event_283: system.switch_cpus1 progress event, total committed:96777125, progress insts committed: 16217900, IPC: 01.62017
13965158483730: Event_284: system.switch_cpus2 progress event, total committed:65995976, progress insts committed: 7647335, IPC: 0.763969
13965158483730: Event_285: system.switch_cpus3 progress event, total committed:196214460, progress insts committed: 32707793, IPC: 03.26751
13968491817063: Event_285: system.switch_cpus3 progress event, total committed:228299667, progress insts committed: 32085207, IPC: 03.20531
13968491817063: Event_284: system.switch_cpus2 progress event, total committed:70929590, progress insts committed: 4933614, IPC: 0.492868
13968491817063: Event_283: system.switch_cpus1 progress event, total committed:112554222, progress insts committed: 15777097, IPC: 01.57613
13968491817063: Event_282: system.switch_cpus0 progress event, total committed:50633476, progress insts committed: 7182979, IPC: 00.71758
13971825150396: Event_282: system.switch_cpus0 progress event, total committed:57673570, progress insts committed: 7040094, IPC: 0.703305
13971825150396: Event_283: system.switch_cpus1 progress event, total committed:128444454, progress insts committed: 15890232, IPC: 01.58743
13971825150396: Event_284: system.switch_cpus2 progress event, total committed:75640815, progress insts committed: 4711225, IPC: 0.470651
13971825150396: Event_285: system.switch_cpus3 progress event, total committed:259208002, progress insts committed: 30908335, IPC: 03.08774
13975158483729: Event_285: system.switch_cpus3 progress event, total committed:290719410, progress insts committed: 31511408, IPC: 03.14799
13975158483729: Event_284: system.switch_cpus2 progress event, total committed:81280005, progress insts committed: 5639190, IPC: 0.563355
13975158483729: Event_283: system.switch_cpus1 progress event, total committed:144220324, progress insts committed: 15775870, IPC: 01.57601
13975158483729: Event_282: system.switch_cpus0 progress event, total committed:64853757, progress insts committed: 7180187, IPC: 0.717301
Exiting @ tick 13975776540027 because a thread reached the max instruction count
