Command line:
./runscript_pride.sh namd RFM2.BR2.4C 4 2017 --rh_defense --rh_mitigation=RFM --rh_rfm_per_trefi=2 --rh_rfm_blast_radius=2 --rh_rfm_maxacts_per_trefi=79
Global frequency set at 1000000000000 ticks per second
RFM details - rfm_act_threshold: 39, blast_radius: 2, delay_per_rfm: 175000 ps. sample_rate: 0.025000
RH Defense config: RFM, Bus Delay: 0, rfms_per_trefi: 2, rfm_act_threshold: 39, blast_radius: 2,rfm_delay_per_act: 45000 ps.
DRAM config: RowsPerBank: 65536, BanksPerRank: 32, RanksPerChannel: 1
warn: Sockets disabled, not accepting gdb connections
warn: CoherentXBar system.cpu0.mmucache.mmubus has no snooping ports attached!
warn: CoherentXBar system.cpu1.mmucache.mmubus has no snooping ports attached!
warn: CoherentXBar system.cpu2.mmucache.mmubus has no snooping ports attached!
warn: CoherentXBar system.cpu3.mmucache.mmubus has no snooping ports attached!
warn: Checkpoints for file descriptors currently do not work.
warn: Checkpoints for file descriptors currently do not work.
warn: Checkpoints for file descriptors currently do not work.
warn: Checkpoints for file descriptors currently do not work.
gem5 Simulator System.  http://gem5.org
gem5 is copyrighted software; use the --copyright option for details.

gem5 version 20.1.0.5
gem5 compiled Jul 12 2024 12:42:38
gem5 started Aug  1 2024 16:47:12
gem5 executing on a07dda8b130c, pid 250092
command line: /home/user/PrIDE/performance/gem5/build/X86/gem5.opt --outdir=/home/user/PrIDE/performance/gem5/stats/pride_multiprogram_16GBmem_250Mn.SPEC2017.C4/RFM2.BR2.4C/namd /home/user/PrIDE/performance/gem5/configs/example/se_rq_spec_config_multicore.py --redirects /lib64=/home/utils/gcc-6.2.0/lib64 --benchmark=namd --benchmark_stdout=/home/user/PrIDE/performance/gem5/stats/pride_multiprogram_16GBmem_250Mn.SPEC2017.C4/RFM2.BR2.4C/namd/namd.out --benchmark_stderr=/home/user/PrIDE/performance/gem5/stats/pride_multiprogram_16GBmem_250Mn.SPEC2017.C4/RFM2.BR2.4C/namd/namd.err --spec-version=2017 --rh_defense --rh_mitigation=RFM --rh_rfm_per_trefi=2 --rh_rfm_blast_radius=2 --rh_rfm_maxacts_per_trefi=79 --num-cpus=4 --mem-size=16GB --mem-type=DDR5_2400_32x4 --mem-ranks=1 --mem-channels=1 --checkpoint-dir=/home/user/PrIDE/performance/gem5/cpts-DDR5/multiprogram_16GBmem_25Bn.SPEC2017.C4/namd-1-ref-x86 --checkpoint-restore=25000000000 --at-instruction --cpu-type DerivO3CPU --caches --l2cache --l1d_size=32kB --l1i_size=32kB --l2_size=256kB --l3_size=4MB --l1d_assoc=8 --l1i_assoc=8 --l2_assoc=16 --l3_assoc=16 --cpu-clock=3GHz --sys-clock=3GHz --maxinsts=250000000 --prog-interval=300Hz

info: Standard input is not a terminal, disabling listeners.
Benchmark- 0   namd
Selected benchmark
--> namd
CMD: ['/opt/spec2017/benchspec/CPU/508.namd_r/run/run_base_refrate_gem5_se-m64.0000/namd_r_base.gem5_se-m64', '--input', '/opt/spec2017/benchspec/CPU/508.namd_r/run/run_base_refrate_gem5_se-m64.0000/apoa1.input', '--output', '/opt/spec2017/benchspec/CPU/508.namd_r/run/run_base_refrate_gem5_se-m64.0000/apoa1.ref.output', '--iterations', '65']
CWD: /opt/spec2017/benchspec/CPU/508.namd_r/run/run_base_refrate_gem5_se-m64.0000/
Process stdout file: /home/user/PrIDE/performance/gem5/stats/pride_multiprogram_16GBmem_250Mn.SPEC2017.C4/RFM2.BR2.4C/namd/namd.out_0
Process stderr file: /home/user/PrIDE/performance/gem5/stats/pride_multiprogram_16GBmem_250Mn.SPEC2017.C4/RFM2.BR2.4C/namd/namd.err_0
Benchmark- 1   namd
Selected benchmark
--> namd
CMD: ['/opt/spec2017/benchspec/CPU/508.namd_r/run/run_base_refrate_gem5_se-m64.0000/namd_r_base.gem5_se-m64', '--input', '/opt/spec2017/benchspec/CPU/508.namd_r/run/run_base_refrate_gem5_se-m64.0000/apoa1.input', '--output', '/opt/spec2017/benchspec/CPU/508.namd_r/run/run_base_refrate_gem5_se-m64.0000/apoa1.ref.output', '--iterations', '65']
CWD: /opt/spec2017/benchspec/CPU/508.namd_r/run/run_base_refrate_gem5_se-m64.0000/
Process stdout file: /home/user/PrIDE/performance/gem5/stats/pride_multiprogram_16GBmem_250Mn.SPEC2017.C4/RFM2.BR2.4C/namd/namd.out_1
Process stderr file: /home/user/PrIDE/performance/gem5/stats/pride_multiprogram_16GBmem_250Mn.SPEC2017.C4/RFM2.BR2.4C/namd/namd.err_1
Benchmark- 2   namd
Selected benchmark
--> namd
CMD: ['/opt/spec2017/benchspec/CPU/508.namd_r/run/run_base_refrate_gem5_se-m64.0000/namd_r_base.gem5_se-m64', '--input', '/opt/spec2017/benchspec/CPU/508.namd_r/run/run_base_refrate_gem5_se-m64.0000/apoa1.input', '--output', '/opt/spec2017/benchspec/CPU/508.namd_r/run/run_base_refrate_gem5_se-m64.0000/apoa1.ref.output', '--iterations', '65']
CWD: /opt/spec2017/benchspec/CPU/508.namd_r/run/run_base_refrate_gem5_se-m64.0000/
Process stdout file: /home/user/PrIDE/performance/gem5/stats/pride_multiprogram_16GBmem_250Mn.SPEC2017.C4/RFM2.BR2.4C/namd/namd.out_2
Process stderr file: /home/user/PrIDE/performance/gem5/stats/pride_multiprogram_16GBmem_250Mn.SPEC2017.C4/RFM2.BR2.4C/namd/namd.err_2
Benchmark- 3   namd
Selected benchmark
--> namd
CMD: ['/opt/spec2017/benchspec/CPU/508.namd_r/run/run_base_refrate_gem5_se-m64.0000/namd_r_base.gem5_se-m64', '--input', '/opt/spec2017/benchspec/CPU/508.namd_r/run/run_base_refrate_gem5_se-m64.0000/apoa1.input', '--output', '/opt/spec2017/benchspec/CPU/508.namd_r/run/run_base_refrate_gem5_se-m64.0000/apoa1.ref.output', '--iterations', '65']
CWD: /opt/spec2017/benchspec/CPU/508.namd_r/run/run_base_refrate_gem5_se-m64.0000/
Process stdout file: /home/user/PrIDE/performance/gem5/stats/pride_multiprogram_16GBmem_250Mn.SPEC2017.C4/RFM2.BR2.4C/namd/namd.out_3
Process stderr file: /home/user/PrIDE/performance/gem5/stats/pride_multiprogram_16GBmem_250Mn.SPEC2017.C4/RFM2.BR2.4C/namd/namd.err_3
Workload-0: 
['/opt/spec2017/benchspec/CPU/508.namd_r/run/run_base_refrate_gem5_se-m64.0000/namd_r_base.gem5_se-m64', '--input', '/opt/spec2017/benchspec/CPU/508.namd_r/run/run_base_refrate_gem5_se-m64.0000/apoa1.input', '--output', '/opt/spec2017/benchspec/CPU/508.namd_r/run/run_base_refrate_gem5_se-m64.0000/apoa1.ref.output', '--iterations', '65']
Workload-1: 
['/opt/spec2017/benchspec/CPU/508.namd_r/run/run_base_refrate_gem5_se-m64.0000/namd_r_base.gem5_se-m64', '--input', '/opt/spec2017/benchspec/CPU/508.namd_r/run/run_base_refrate_gem5_se-m64.0000/apoa1.input', '--output', '/opt/spec2017/benchspec/CPU/508.namd_r/run/run_base_refrate_gem5_se-m64.0000/apoa1.ref.output', '--iterations', '65']
Workload-2: 
['/opt/spec2017/benchspec/CPU/508.namd_r/run/run_base_refrate_gem5_se-m64.0000/namd_r_base.gem5_se-m64', '--input', '/opt/spec2017/benchspec/CPU/508.namd_r/run/run_base_refrate_gem5_se-m64.0000/apoa1.input', '--output', '/opt/spec2017/benchspec/CPU/508.namd_r/run/run_base_refrate_gem5_se-m64.0000/apoa1.ref.output', '--iterations', '65']
Workload-3: 
['/opt/spec2017/benchspec/CPU/508.namd_r/run/run_base_refrate_gem5_se-m64.0000/namd_r_base.gem5_se-m64', '--input', '/opt/spec2017/benchspec/CPU/508.namd_r/run/run_base_refrate_gem5_se-m64.0000/apoa1.input', '--output', '/opt/spec2017/benchspec/CPU/508.namd_r/run/run_base_refrate_gem5_se-m64.0000/apoa1.ref.output', '--iterations', '65']
defense_enable:  True  detector:  MG  mitigation:  RFM  threshold:  800
mg_entries:  1700
rfm_maxacts_per_trefi:  79 rfm_per_trefi:  2 rfm_blast_radius:  2
Switch at curTick count:10000
warn: membus.master is deprecated. `master` is now called `mem_side_ports`
warn: No dot file generated. Please install pydot to generate the dot file and pdf.
info: Entering event queue @ 13945158483732.  Starting simulation...
warn: PowerState: Already in the requested power state, request ignored
Switched CPUS @ tick 13945158493732
switching cpus
**** REAL SIMULATION ****
info: Entering event queue @ 13945158493732.  Starting simulation...
13948491817065: Event_285: system.switch_cpus3 progress event, total committed:33708647, progress insts committed: 33708647, IPC: 03.36749
13948491817065: Event_284: system.switch_cpus2 progress event, total committed:33741957, progress insts committed: 33741957, IPC: 03.37082
13948491817065: Event_283: system.switch_cpus1 progress event, total committed:33699607, progress insts committed: 33699607, IPC: 03.36659
13948491817065: Event_282: system.switch_cpus0 progress event, total committed:33699468, progress insts committed: 33699468, IPC: 03.36658
13951825150398: Event_282: system.switch_cpus0 progress event, total committed:68070380, progress insts committed: 34370912, IPC: 03.43365
13951825150398: Event_283: system.switch_cpus1 progress event, total committed:68070469, progress insts committed: 34370862, IPC: 03.43365
13951825150398: Event_284: system.switch_cpus2 progress event, total committed:68210182, progress insts committed: 34468225, IPC: 03.44338
13951825150398: Event_285: system.switch_cpus3 progress event, total committed:68116380, progress insts committed: 34407733, IPC: 03.43733
13955158483731: Event_285: system.switch_cpus3 progress event, total committed:102519958, progress insts committed: 34403578, IPC: 03.43692
13955158483731: Event_284: system.switch_cpus2 progress event, total committed:102566039, progress insts committed: 34355857, IPC: 03.43215
13955158483731: Event_283: system.switch_cpus1 progress event, total committed:102443990, progress insts committed: 34373521, IPC: 03.43391
13955158483731: Event_282: system.switch_cpus0 progress event, total committed:102416965, progress insts committed: 34346585, IPC: 03.43122
13958491817064: Event_282: system.switch_cpus0 progress event, total committed:137308537, progress insts committed: 34891572, IPC: 03.48567
13958491817064: Event_283: system.switch_cpus1 progress event, total committed:137306378, progress insts committed: 34862388, IPC: 03.48275
13958491817064: Event_284: system.switch_cpus2 progress event, total committed:137762634, progress insts committed: 35196595, IPC: 03.51614
13958491817064: Event_285: system.switch_cpus3 progress event, total committed:137627698, progress insts committed: 35107740, IPC: 03.50726
13961825150397: Event_285: system.switch_cpus3 progress event, total committed:172908559, progress insts committed: 35280861, IPC: 03.52456
13961825150397: Event_284: system.switch_cpus2 progress event, total committed:172904304, progress insts committed: 35141670, IPC: 03.51065
13961825150397: Event_283: system.switch_cpus1 progress event, total committed:172420791, progress insts committed: 35114413, IPC: 03.50793
13961825150397: Event_282: system.switch_cpus0 progress event, total committed:172383444, progress insts committed: 35074907, IPC: 03.50398
13965158483730: Event_282: system.switch_cpus0 progress event, total committed:206800369, progress insts committed: 34416925, IPC: 03.43825
13965158483730: Event_283: system.switch_cpus1 progress event, total committed:206800334, progress insts committed: 34379543, IPC: 03.43452
13965158483730: Event_284: system.switch_cpus2 progress event, total committed:207386634, progress insts committed: 34482330, IPC: 03.44478
13965158483730: Event_285: system.switch_cpus3 progress event, total committed:207386689, progress insts committed: 34478130, IPC: 03.44437
13968491817063: Event_285: system.switch_cpus3 progress event, total committed:242455067, progress insts committed: 35068378, IPC: 03.50333
13968491817063: Event_284: system.switch_cpus2 progress event, total committed:242455099, progress insts committed: 35068465, IPC: 03.50334
13968491817063: Event_283: system.switch_cpus1 progress event, total committed:241806627, progress insts committed: 35006293, IPC: 03.49713
13968491817063: Event_282: system.switch_cpus0 progress event, total committed:241806696, progress insts committed: 35006327, IPC: 03.49713
13971825150396: Event_282: system.switch_cpus0 progress event, total committed:276339645, progress insts committed: 34532949, IPC: 03.44984
13971825150396: Event_283: system.switch_cpus1 progress event, total committed:276312679, progress insts committed: 34506052, IPC: 03.44715
13971825150396: Event_284: system.switch_cpus2 progress event, total committed:277057335, progress insts committed: 34602236, IPC: 03.45676
13971825150396: Event_285: system.switch_cpus3 progress event, total committed:277156120, progress insts committed: 34701053, IPC: 03.46664
Exiting @ tick 13973697077571 because a thread reached the max instruction count
