Command line:
./runscript_pride.sh mix6 RFM5.BR1.4C 4 2017 --rh_defense --rh_mitigation=RFM --rh_rfm_per_trefi=5 --rh_rfm_blast_radius=1 --rh_rfm_maxacts_per_trefi=79
Global frequency set at 1000000000000 ticks per second
RFM details - rfm_act_threshold: 15, blast_radius: 1, delay_per_rfm: 175000 ps. sample_rate: 0.062500
RH Defense config: RFM, Bus Delay: 0, rfms_per_trefi: 5, rfm_act_threshold: 15, blast_radius: 1,rfm_delay_per_act: 45000 ps.
DRAM config: RowsPerBank: 65536, BanksPerRank: 32, RanksPerChannel: 1
warn: Sockets disabled, not accepting gdb connections
warn: CoherentXBar system.cpu0.mmucache.mmubus has no snooping ports attached!
warn: CoherentXBar system.cpu1.mmucache.mmubus has no snooping ports attached!
warn: CoherentXBar system.cpu2.mmucache.mmubus has no snooping ports attached!
warn: CoherentXBar system.cpu3.mmucache.mmubus has no snooping ports attached!
warn: Checkpoints for file descriptors currently do not work.
warn: Checkpoints for file descriptors currently do not work.
warn: Checkpoints for file descriptors currently do not work.
warn: Checkpoints for file descriptors currently do not work.
gem5 Simulator System.  http://gem5.org
gem5 is copyrighted software; use the --copyright option for details.

gem5 version 20.1.0.5
gem5 compiled Jul 12 2024 12:42:38
gem5 started Jul 17 2024 17:02:02
gem5 executing on a07dda8b130c, pid 91269
command line: /home/user/PrIDE/performance/gem5/build/X86/gem5.opt --outdir=/home/user/PrIDE/performance/gem5/stats/pride_multiprogram_16GBmem_250Mn.SPEC2017.C4/RFM5.BR1.4C/mix6 /home/user/PrIDE/performance/gem5/configs/example/se_rq_spec_config_multicore.py --redirects /lib64=/home/utils/gcc-6.2.0/lib64 --benchmark=mix6 --benchmark_stdout=/home/user/PrIDE/performance/gem5/stats/pride_multiprogram_16GBmem_250Mn.SPEC2017.C4/RFM5.BR1.4C/mix6/mix6.out --benchmark_stderr=/home/user/PrIDE/performance/gem5/stats/pride_multiprogram_16GBmem_250Mn.SPEC2017.C4/RFM5.BR1.4C/mix6/mix6.err --spec-version=2017 --rh_defense --rh_mitigation=RFM --rh_rfm_per_trefi=5 --rh_rfm_blast_radius=1 --rh_rfm_maxacts_per_trefi=79 --num-cpus=4 --mem-size=16GB --mem-type=DDR5_2400_32x4 --mem-ranks=1 --checkpoint-dir=/home/user/PrIDE/performance/gem5/cpts/multiprogram_16GBmem_25Bn.SPEC2017.C4/mix6-1-ref-x86 --checkpoint-restore=25000000000 --at-instruction --cpu-type DerivO3CPU --caches --l2cache --l1d_size=32kB --l1i_size=32kB --l2_size=256kB --l1d_assoc=8 --l1i_assoc=8 --l2_assoc=16 --maxinsts=250000000 --prog-interval=300Hz

info: Standard input is not a terminal, disabling listeners.
Benchmark- 0   nab
Selected benchmark
--> nab
CMD: ['/opt/spec2017/benchspec/CPU/544.nab_r/run/run_base_refrate_gem5_se-m64.0000/nab_r_base.gem5_se-m64', '1am0', '1122214447', '122']
CWD: /opt/spec2017/benchspec/CPU/544.nab_r/run/run_base_refrate_gem5_se-m64.0000/
Process stdout file: /home/user/PrIDE/performance/gem5/stats/pride_multiprogram_16GBmem_250Mn.SPEC2017.C4/RFM5.BR1.4C/mix6/mix6.out_0
Process stderr file: /home/user/PrIDE/performance/gem5/stats/pride_multiprogram_16GBmem_250Mn.SPEC2017.C4/RFM5.BR1.4C/mix6/mix6.err_0
Benchmark- 1   lbm
Selected benchmark
--> lbm
CMD: ['/opt/spec2017/benchspec/CPU/519.lbm_r/run/run_base_refrate_gem5_se-m64.0000/lbm_r_base.gem5_se-m64', '3000', 'reference.dat', '0', '0', '/opt/spec2017/benchspec/CPU/519.lbm_r/run/run_base_refrate_gem5_se-m64.0000/100_100_130_ldc.of']
CWD: /opt/spec2017/benchspec/CPU/519.lbm_r/run/run_base_refrate_gem5_se-m64.0000/
Process stdout file: /home/user/PrIDE/performance/gem5/stats/pride_multiprogram_16GBmem_250Mn.SPEC2017.C4/RFM5.BR1.4C/mix6/mix6.out_1
Process stderr file: /home/user/PrIDE/performance/gem5/stats/pride_multiprogram_16GBmem_250Mn.SPEC2017.C4/RFM5.BR1.4C/mix6/mix6.err_1
Benchmark- 2   imagick
Selected benchmark
--> imagick
CMD: ['/opt/spec2017/benchspec/CPU/538.imagick_r/run/run_base_refrate_gem5_se-m64.0000/imagick_r_base.gem5_se-m64', '-limit', 'disk', '0', '/opt/spec2017/benchspec/CPU/538.imagick_r/run/run_base_refrate_gem5_se-m64.0000/refrate_input.tga', '-edge', '41', '-resample', '181%', '-emboss', '31', '-colorspace', 'YUV', '-mean-shift', '19x19+15%', '-resize', '30%', '/opt/spec2017/benchspec/CPU/538.imagick_r/run/run_base_refrate_gem5_se-m64.0000/refrate_output.tga']
CWD: /opt/spec2017/benchspec/CPU/538.imagick_r/run/run_base_refrate_gem5_se-m64.0000/
Process stdout file: /home/user/PrIDE/performance/gem5/stats/pride_multiprogram_16GBmem_250Mn.SPEC2017.C4/RFM5.BR1.4C/mix6/mix6.out_2
Process stderr file: /home/user/PrIDE/performance/gem5/stats/pride_multiprogram_16GBmem_250Mn.SPEC2017.C4/RFM5.BR1.4C/mix6/mix6.err_2
Benchmark- 3   povray
Selected benchmark
--> povray
CMD: ['/opt/spec2017/benchspec/CPU/511.povray_r/run/run_base_refrate_gem5_se-m64.0000/povray_r_base.gem5_se-m64', '/opt/spec2017/benchspec/CPU/511.povray_r/run/run_base_refrate_gem5_se-m64.0000/SPEC-benchmark-ref.ini']
CWD: /opt/spec2017/benchspec/CPU/511.povray_r/run/run_base_refrate_gem5_se-m64.0000/
Process stdout file: /home/user/PrIDE/performance/gem5/stats/pride_multiprogram_16GBmem_250Mn.SPEC2017.C4/RFM5.BR1.4C/mix6/mix6.out_3
Process stderr file: /home/user/PrIDE/performance/gem5/stats/pride_multiprogram_16GBmem_250Mn.SPEC2017.C4/RFM5.BR1.4C/mix6/mix6.err_3
Workload-0: 
['/opt/spec2017/benchspec/CPU/544.nab_r/run/run_base_refrate_gem5_se-m64.0000/nab_r_base.gem5_se-m64', '1am0', '1122214447', '122']
Workload-1: 
['/opt/spec2017/benchspec/CPU/519.lbm_r/run/run_base_refrate_gem5_se-m64.0000/lbm_r_base.gem5_se-m64', '3000', 'reference.dat', '0', '0', '/opt/spec2017/benchspec/CPU/519.lbm_r/run/run_base_refrate_gem5_se-m64.0000/100_100_130_ldc.of']
Workload-2: 
['/opt/spec2017/benchspec/CPU/538.imagick_r/run/run_base_refrate_gem5_se-m64.0000/imagick_r_base.gem5_se-m64', '-limit', 'disk', '0', '/opt/spec2017/benchspec/CPU/538.imagick_r/run/run_base_refrate_gem5_se-m64.0000/refrate_input.tga', '-edge', '41', '-resample', '181%', '-emboss', '31', '-colorspace', 'YUV', '-mean-shift', '19x19+15%', '-resize', '30%', '/opt/spec2017/benchspec/CPU/538.imagick_r/run/run_base_refrate_gem5_se-m64.0000/refrate_output.tga']
Workload-3: 
['/opt/spec2017/benchspec/CPU/511.povray_r/run/run_base_refrate_gem5_se-m64.0000/povray_r_base.gem5_se-m64', '/opt/spec2017/benchspec/CPU/511.povray_r/run/run_base_refrate_gem5_se-m64.0000/SPEC-benchmark-ref.ini']
defense_enable:  True  detector:  MG  mitigation:  RFM  threshold:  800
mg_entries:  1700
rfm_maxacts_per_trefi:  79 rfm_per_trefi:  5 rfm_blast_radius:  1
Switch at curTick count:10000
warn: membus.master is deprecated. `master` is now called `mem_side_ports`
warn: No dot file generated. Please install pydot to generate the dot file and pdf.
info: Entering event queue @ 13719052538010.  Starting simulation...
info: Entering event queue @ 13719052548010.  Starting simulation...
warn: PowerState: Already in the requested power state, request ignored
Switched CPUS @ tick 13719052548010
switching cpus
**** REAL SIMULATION ****
info: Entering event queue @ 13719052548333.  Starting simulation...
13722385871343: Event_285: system.switch_cpus3 progress event, total committed:44312899, progress insts committed: 44312899, IPC: 04.42686
13722385871343: Event_284: system.switch_cpus2 progress event, total committed:50149751, progress insts committed: 50149751, IPC: 05.00996
13722385871343: Event_283: system.switch_cpus1 progress event, total committed:9855947, progress insts committed: 9855947, IPC: 0.984609
13722385871343: Event_282: system.switch_cpus0 progress event, total committed:33927464, progress insts committed: 33927464, IPC: 03.38935
13725719204676: Event_282: system.switch_cpus0 progress event, total committed:68733285, progress insts committed: 34805821, IPC: 003.4771
13725719204676: Event_283: system.switch_cpus1 progress event, total committed:16829712, progress insts committed: 6973765, IPC: 0.696679
13725719204676: Event_284: system.switch_cpus2 progress event, total committed:102172840, progress insts committed: 52023089, IPC: 05.19711
13725719204676: Event_285: system.switch_cpus3 progress event, total committed:89636738, progress insts committed: 45323839, IPC: 04.52785
13729052538009: Event_285: system.switch_cpus3 progress event, total committed:135111541, progress insts committed: 45474803, IPC: 04.54293
13729052538009: Event_284: system.switch_cpus2 progress event, total committed:154458893, progress insts committed: 52286053, IPC: 05.22338
13729052538009: Event_283: system.switch_cpus1 progress event, total committed:24255511, progress insts committed: 7425799, IPC: 0.741837
13729052538009: Event_282: system.switch_cpus0 progress event, total committed:105704321, progress insts committed: 36971036, IPC: 03.69341
warn: MOVNTDQ: Ignoring non-temporal hint, modeling as cacheable!
13732385871342: Event_282: system.switch_cpus0 progress event, total committed:142669009, progress insts committed: 36964688, IPC: 03.69277
13732385871342: Event_283: system.switch_cpus1 progress event, total committed:32367426, progress insts committed: 8111915, IPC: 00.81038
13732385871342: Event_284: system.switch_cpus2 progress event, total committed:163382722, progress insts committed: 8923829, IPC: 0.891491
13732385871342: Event_285: system.switch_cpus3 progress event, total committed:180783978, progress insts committed: 45672437, IPC: 04.56268
13735719204675: Event_285: system.switch_cpus3 progress event, total committed:225758731, progress insts committed: 44974753, IPC: 04.49298
13735719204675: Event_284: system.switch_cpus2 progress event, total committed:184479321, progress insts committed: 21096599, IPC: 02.10755
13735719204675: Event_283: system.switch_cpus1 progress event, total committed:39222558, progress insts committed: 6855132, IPC: 0.684828
13735719204675: Event_282: system.switch_cpus0 progress event, total committed:177503470, progress insts committed: 34834461, IPC: 03.47996
13739052538008: Event_282: system.switch_cpus0 progress event, total committed:213139607, progress insts committed: 35636137, IPC: 03.56005
13739052538008: Event_283: system.switch_cpus1 progress event, total committed:47026580, progress insts committed: 7804022, IPC: 0.779622
13739052538008: Event_284: system.switch_cpus2 progress event, total committed:236687706, progress insts committed: 52208385, IPC: 05.21562
13739052538008: Event_285: system.switch_cpus3 progress event, total committed:270656400, progress insts committed: 44897669, IPC: 04.48528
13742385871341: Event_285: system.switch_cpus3 progress event, total committed:315697071, progress insts committed: 45040671, IPC: 04.49956
13742385871341: Event_284: system.switch_cpus2 progress event, total committed:289159488, progress insts committed: 52471782, IPC: 05.24193
13742385871341: Event_283: system.switch_cpus1 progress event, total committed:55288464, progress insts committed: 8261884, IPC: 0.825362
13742385871341: Event_282: system.switch_cpus0 progress event, total committed:251078647, progress insts committed: 37939040, IPC: 03.79011
13745719204674: Event_282: system.switch_cpus0 progress event, total committed:287989204, progress insts committed: 36910557, IPC: 03.68736
13745719204674: Event_283: system.switch_cpus1 progress event, total committed:63379340, progress insts committed: 8090876, IPC: 0.808279
13745719204674: Event_284: system.switch_cpus2 progress event, total committed:341575747, progress insts committed: 52416259, IPC: 05.23638
13745719204674: Event_285: system.switch_cpus3 progress event, total committed:360824639, progress insts committed: 45127568, IPC: 04.50824
13749052538007: Event_285: system.switch_cpus3 progress event, total committed:405742118, progress insts committed: 44917479, IPC: 04.48726
13749052538007: Event_284: system.switch_cpus2 progress event, total committed:393982019, progress insts committed: 52406272, IPC: 05.23539
13749052538007: Event_283: system.switch_cpus1 progress event, total committed:72069796, progress insts committed: 8690456, IPC: 0.868177
13749052538007: Event_282: system.switch_cpus0 progress event, total committed:325668144, progress insts committed: 37678940, IPC: 03.76413
Exiting @ tick 13750909120206 because a thread reached the max instruction count
