Command line:
./runscript_pride.sh exchange2 RFM10.BR2.4C 4 2017 --rh_defense --rh_mitigation=RFM --rh_rfm_per_trefi=10 --rh_rfm_blast_radius=2 --rh_rfm_maxacts_per_trefi=79
Global frequency set at 1000000000000 ticks per second
RFM details - rfm_act_threshold: 7, blast_radius: 2, delay_per_rfm: 175000 ps. sample_rate: 0.125000
RH Defense config: RFM, Bus Delay: 0, rfms_per_trefi: 10, rfm_act_threshold: 7, blast_radius: 2,rfm_delay_per_act: 45000 ps.
DRAM config: RowsPerBank: 65536, BanksPerRank: 32, RanksPerChannel: 1
warn: Sockets disabled, not accepting gdb connections
warn: CoherentXBar system.cpu0.mmucache.mmubus has no snooping ports attached!
warn: CoherentXBar system.cpu1.mmucache.mmubus has no snooping ports attached!
warn: CoherentXBar system.cpu2.mmucache.mmubus has no snooping ports attached!
warn: CoherentXBar system.cpu3.mmucache.mmubus has no snooping ports attached!
warn: Checkpoints for file descriptors currently do not work.
warn: Checkpoints for file descriptors currently do not work.
warn: Checkpoints for file descriptors currently do not work.
warn: Checkpoints for file descriptors currently do not work.
gem5 Simulator System.  http://gem5.org
gem5 is copyrighted software; use the --copyright option for details.

gem5 version 20.1.0.5
gem5 compiled Jul 12 2024 12:42:38
gem5 started Aug  1 2024 19:07:15
gem5 executing on a07dda8b130c, pid 251395
command line: /home/user/PrIDE/performance/gem5/build/X86/gem5.opt --outdir=/home/user/PrIDE/performance/gem5/stats/pride_multiprogram_16GBmem_250Mn.SPEC2017.C4/RFM10.BR2.4C/exchange2 /home/user/PrIDE/performance/gem5/configs/example/se_rq_spec_config_multicore.py --redirects /lib64=/home/utils/gcc-6.2.0/lib64 --benchmark=exchange2 --benchmark_stdout=/home/user/PrIDE/performance/gem5/stats/pride_multiprogram_16GBmem_250Mn.SPEC2017.C4/RFM10.BR2.4C/exchange2/exchange2.out --benchmark_stderr=/home/user/PrIDE/performance/gem5/stats/pride_multiprogram_16GBmem_250Mn.SPEC2017.C4/RFM10.BR2.4C/exchange2/exchange2.err --spec-version=2017 --rh_defense --rh_mitigation=RFM --rh_rfm_per_trefi=10 --rh_rfm_blast_radius=2 --rh_rfm_maxacts_per_trefi=79 --num-cpus=4 --mem-size=16GB --mem-type=DDR5_2400_32x4 --mem-ranks=1 --mem-channels=1 --checkpoint-dir=/home/user/PrIDE/performance/gem5/cpts-DDR5/multiprogram_16GBmem_25Bn.SPEC2017.C4/exchange2-1-ref-x86 --checkpoint-restore=25000000000 --at-instruction --cpu-type DerivO3CPU --caches --l2cache --l1d_size=32kB --l1i_size=32kB --l2_size=256kB --l3_size=4MB --l1d_assoc=8 --l1i_assoc=8 --l2_assoc=16 --l3_assoc=16 --cpu-clock=3GHz --sys-clock=3GHz --maxinsts=250000000 --prog-interval=300Hz

info: Standard input is not a terminal, disabling listeners.
Benchmark- 0   exchange2
Selected benchmark
--> exchange2
CMD: ['/opt/spec2017/benchspec/CPU/548.exchange2_r/run/run_base_refrate_gem5_se-m64.0000/exchange2_r_base.gem5_se-m64', '6']
CWD: /opt/spec2017/benchspec/CPU/548.exchange2_r/run/run_base_refrate_gem5_se-m64.0000/
Process stdout file: /home/user/PrIDE/performance/gem5/stats/pride_multiprogram_16GBmem_250Mn.SPEC2017.C4/RFM10.BR2.4C/exchange2/exchange2.out_0
Process stderr file: /home/user/PrIDE/performance/gem5/stats/pride_multiprogram_16GBmem_250Mn.SPEC2017.C4/RFM10.BR2.4C/exchange2/exchange2.err_0
Benchmark- 1   exchange2
Selected benchmark
--> exchange2
CMD: ['/opt/spec2017/benchspec/CPU/548.exchange2_r/run/run_base_refrate_gem5_se-m64.0000/exchange2_r_base.gem5_se-m64', '6']
CWD: /opt/spec2017/benchspec/CPU/548.exchange2_r/run/run_base_refrate_gem5_se-m64.0000/
Process stdout file: /home/user/PrIDE/performance/gem5/stats/pride_multiprogram_16GBmem_250Mn.SPEC2017.C4/RFM10.BR2.4C/exchange2/exchange2.out_1
Process stderr file: /home/user/PrIDE/performance/gem5/stats/pride_multiprogram_16GBmem_250Mn.SPEC2017.C4/RFM10.BR2.4C/exchange2/exchange2.err_1
Benchmark- 2   exchange2
Selected benchmark
--> exchange2
CMD: ['/opt/spec2017/benchspec/CPU/548.exchange2_r/run/run_base_refrate_gem5_se-m64.0000/exchange2_r_base.gem5_se-m64', '6']
CWD: /opt/spec2017/benchspec/CPU/548.exchange2_r/run/run_base_refrate_gem5_se-m64.0000/
Process stdout file: /home/user/PrIDE/performance/gem5/stats/pride_multiprogram_16GBmem_250Mn.SPEC2017.C4/RFM10.BR2.4C/exchange2/exchange2.out_2
Process stderr file: /home/user/PrIDE/performance/gem5/stats/pride_multiprogram_16GBmem_250Mn.SPEC2017.C4/RFM10.BR2.4C/exchange2/exchange2.err_2
Benchmark- 3   exchange2
Selected benchmark
--> exchange2
CMD: ['/opt/spec2017/benchspec/CPU/548.exchange2_r/run/run_base_refrate_gem5_se-m64.0000/exchange2_r_base.gem5_se-m64', '6']
CWD: /opt/spec2017/benchspec/CPU/548.exchange2_r/run/run_base_refrate_gem5_se-m64.0000/
Process stdout file: /home/user/PrIDE/performance/gem5/stats/pride_multiprogram_16GBmem_250Mn.SPEC2017.C4/RFM10.BR2.4C/exchange2/exchange2.out_3
Process stderr file: /home/user/PrIDE/performance/gem5/stats/pride_multiprogram_16GBmem_250Mn.SPEC2017.C4/RFM10.BR2.4C/exchange2/exchange2.err_3
Workload-0: 
['/opt/spec2017/benchspec/CPU/548.exchange2_r/run/run_base_refrate_gem5_se-m64.0000/exchange2_r_base.gem5_se-m64', '6']
Workload-1: 
['/opt/spec2017/benchspec/CPU/548.exchange2_r/run/run_base_refrate_gem5_se-m64.0000/exchange2_r_base.gem5_se-m64', '6']
Workload-2: 
['/opt/spec2017/benchspec/CPU/548.exchange2_r/run/run_base_refrate_gem5_se-m64.0000/exchange2_r_base.gem5_se-m64', '6']
Workload-3: 
['/opt/spec2017/benchspec/CPU/548.exchange2_r/run/run_base_refrate_gem5_se-m64.0000/exchange2_r_base.gem5_se-m64', '6']
defense_enable:  True  detector:  MG  mitigation:  RFM  threshold:  800
mg_entries:  1700
rfm_maxacts_per_trefi:  79 rfm_per_trefi:  10 rfm_blast_radius:  2
Switch at curTick count:10000
warn: membus.master is deprecated. `master` is now called `mem_side_ports`
warn: No dot file generated. Please install pydot to generate the dot file and pdf.
info: Entering event queue @ 19742845048677.  Starting simulation...
info: Entering event queue @ 19742845058677.  Starting simulation...
warn: PowerState: Already in the requested power state, request ignored
Switched CPUS @ tick 19742845058677
switching cpus
**** REAL SIMULATION ****
info: Entering event queue @ 19742845059333.  Starting simulation...
19746178382010: Event_285: system.switch_cpus3 progress event, total committed:33207265, progress insts committed: 33207265, IPC: 03.31741
19746178382010: Event_284: system.switch_cpus2 progress event, total committed:33207255, progress insts committed: 33207255, IPC: 003.3174
19746178382010: Event_283: system.switch_cpus1 progress event, total committed:33207158, progress insts committed: 33207158, IPC: 003.3174
19746178382010: Event_282: system.switch_cpus0 progress event, total committed:33206999, progress insts committed: 33206999, IPC: 03.31738
19749511715343: Event_282: system.switch_cpus0 progress event, total committed:66357845, progress insts committed: 33150846, IPC: 03.31177
19749511715343: Event_283: system.switch_cpus1 progress event, total committed:66357919, progress insts committed: 33150761, IPC: 03.31176
19749511715343: Event_284: system.switch_cpus2 progress event, total committed:66358107, progress insts committed: 33150852, IPC: 03.31177
19749511715343: Event_285: system.switch_cpus3 progress event, total committed:66358147, progress insts committed: 33150882, IPC: 03.31177
19752845048676: Event_285: system.switch_cpus3 progress event, total committed:100551899, progress insts committed: 34193752, IPC: 03.41596
19752845048676: Event_284: system.switch_cpus2 progress event, total committed:100551833, progress insts committed: 34193726, IPC: 03.41595
19752845048676: Event_283: system.switch_cpus1 progress event, total committed:100551782, progress insts committed: 34193863, IPC: 03.41597
19752845048676: Event_282: system.switch_cpus0 progress event, total committed:100551751, progress insts committed: 34193906, IPC: 03.41597
19756178382009: Event_282: system.switch_cpus0 progress event, total committed:136532745, progress insts committed: 35980994, IPC: 003.5945
19756178382009: Event_283: system.switch_cpus1 progress event, total committed:136532757, progress insts committed: 35980975, IPC: 003.5945
19756178382009: Event_284: system.switch_cpus2 progress event, total committed:136532863, progress insts committed: 35981030, IPC: 003.5945
19756178382009: Event_285: system.switch_cpus3 progress event, total committed:136532870, progress insts committed: 35980971, IPC: 003.5945
19759511715342: Event_285: system.switch_cpus3 progress event, total committed:173279303, progress insts committed: 36746433, IPC: 03.67097
19759511715342: Event_284: system.switch_cpus2 progress event, total committed:173279296, progress insts committed: 36746433, IPC: 03.67097
19759511715342: Event_283: system.switch_cpus1 progress event, total committed:173279196, progress insts committed: 36746439, IPC: 03.67097
19759511715342: Event_282: system.switch_cpus0 progress event, total committed:173279138, progress insts committed: 36746393, IPC: 03.67096
19762845048675: Event_282: system.switch_cpus0 progress event, total committed:208207627, progress insts committed: 34928489, IPC: 03.48936
19762845048675: Event_283: system.switch_cpus1 progress event, total committed:208207740, progress insts committed: 34928544, IPC: 03.48936
19762845048675: Event_284: system.switch_cpus2 progress event, total committed:208207882, progress insts committed: 34928586, IPC: 03.48937
19762845048675: Event_285: system.switch_cpus3 progress event, total committed:208207892, progress insts committed: 34928589, IPC: 03.48937
19766178382008: Event_285: system.switch_cpus3 progress event, total committed:243248915, progress insts committed: 35041023, IPC: 003.5006
19766178382008: Event_284: system.switch_cpus2 progress event, total committed:243248883, progress insts committed: 35041001, IPC: 003.5006
19766178382008: Event_283: system.switch_cpus1 progress event, total committed:243248845, progress insts committed: 35041105, IPC: 03.50061
19766178382008: Event_282: system.switch_cpus0 progress event, total committed:243248819, progress insts committed: 35041192, IPC: 03.50062
19769511715341: Event_282: system.switch_cpus0 progress event, total committed:278227785, progress insts committed: 34978966, IPC: 003.4944
19769511715341: Event_283: system.switch_cpus1 progress event, total committed:278227843, progress insts committed: 34978998, IPC: 003.4944
19769511715341: Event_284: system.switch_cpus2 progress event, total committed:278228051, progress insts committed: 34979168, IPC: 03.49442
19769511715341: Event_285: system.switch_cpus3 progress event, total committed:278228088, progress insts committed: 34979173, IPC: 03.49442
19772845048674: Event_285: system.switch_cpus3 progress event, total committed:312068344, progress insts committed: 33840256, IPC: 03.38064
19772845048674: Event_284: system.switch_cpus2 progress event, total committed:312066572, progress insts committed: 33838521, IPC: 03.38047
19772845048674: Event_283: system.switch_cpus1 progress event, total committed:312066513, progress insts committed: 33838670, IPC: 03.38048
19772845048674: Event_282: system.switch_cpus0 progress event, total committed:312066572, progress insts committed: 33838787, IPC: 03.38049
19776178382007: Event_282: system.switch_cpus0 progress event, total committed:346392355, progress insts committed: 34325783, IPC: 03.42915
19776178382007: Event_283: system.switch_cpus1 progress event, total committed:346391815, progress insts committed: 34325302, IPC: 003.4291
19776178382007: Event_284: system.switch_cpus2 progress event, total committed:346392927, progress insts committed: 34326355, IPC: 003.4292
19776178382007: Event_285: system.switch_cpus3 progress event, total committed:346394760, progress insts committed: 34326416, IPC: 03.42921
19779511715340: Event_285: system.switch_cpus3 progress event, total committed:380065947, progress insts committed: 33671187, IPC: 03.36375
19779511715340: Event_284: system.switch_cpus2 progress event, total committed:380065950, progress insts committed: 33673023, IPC: 03.36394
19779511715340: Event_283: system.switch_cpus1 progress event, total committed:380064001, progress insts committed: 33672186, IPC: 03.36385
19779511715340: Event_282: system.switch_cpus0 progress event, total committed:380064365, progress insts committed: 33672010, IPC: 03.36383
19782845048673: Event_282: system.switch_cpus0 progress event, total committed:414828823, progress insts committed: 34764458, IPC: 03.47297
19782845048673: Event_283: system.switch_cpus1 progress event, total committed:414828659, progress insts committed: 34764658, IPC: 03.47299
19782845048673: Event_284: system.switch_cpus2 progress event, total committed:414829804, progress insts committed: 34763854, IPC: 03.47291
19782845048673: Event_285: system.switch_cpus3 progress event, total committed:414831636, progress insts committed: 34765689, IPC: 03.47309
19786178382006: Event_285: system.switch_cpus3 progress event, total committed:447886279, progress insts committed: 33054643, IPC: 03.30216
19786178382006: Event_284: system.switch_cpus2 progress event, total committed:447884602, progress insts committed: 33054798, IPC: 03.30217
19786178382006: Event_283: system.switch_cpus1 progress event, total committed:447883568, progress insts committed: 33054909, IPC: 03.30219
19786178382006: Event_282: system.switch_cpus0 progress event, total committed:447883340, progress insts committed: 33054517, IPC: 03.30215
19789511715339: Event_282: system.switch_cpus0 progress event, total committed:481329394, progress insts committed: 33446054, IPC: 03.34126
19789511715339: Event_283: system.switch_cpus1 progress event, total committed:481329408, progress insts committed: 33445840, IPC: 03.34124
19789511715339: Event_284: system.switch_cpus2 progress event, total committed:481328227, progress insts committed: 33443625, IPC: 03.34102
19789511715339: Event_285: system.switch_cpus3 progress event, total committed:481332202, progress insts committed: 33445923, IPC: 03.34125
Exiting @ tick 19790315268939 because a thread reached the max instruction count
