Command line:
./runscript_pride.sh mix6 RFM2.BR1.4C 4 2017 --rh_defense --rh_mitigation=RFM --rh_rfm_per_trefi=2 --rh_rfm_blast_radius=1 --rh_rfm_maxacts_per_trefi=79
Global frequency set at 1000000000000 ticks per second
RFM details - rfm_act_threshold: 39, blast_radius: 1, delay_per_rfm: 175000 ps. sample_rate: 0.025000
RH Defense config: RFM, Bus Delay: 0, rfms_per_trefi: 2, rfm_act_threshold: 39, blast_radius: 1,rfm_delay_per_act: 45000 ps.
DRAM config: RowsPerBank: 65536, BanksPerRank: 32, RanksPerChannel: 1
warn: Sockets disabled, not accepting gdb connections
warn: CoherentXBar system.cpu0.mmucache.mmubus has no snooping ports attached!
warn: CoherentXBar system.cpu1.mmucache.mmubus has no snooping ports attached!
warn: CoherentXBar system.cpu2.mmucache.mmubus has no snooping ports attached!
warn: CoherentXBar system.cpu3.mmucache.mmubus has no snooping ports attached!
warn: Checkpoints for file descriptors currently do not work.
warn: Checkpoints for file descriptors currently do not work.
warn: Checkpoints for file descriptors currently do not work.
warn: Checkpoints for file descriptors currently do not work.
gem5 Simulator System.  http://gem5.org
gem5 is copyrighted software; use the --copyright option for details.

gem5 version 20.1.0.5
gem5 compiled Jul 12 2024 12:42:38
gem5 started Jul 31 2024 15:38:00
gem5 executing on a07dda8b130c, pid 239250
command line: /home/user/PrIDE/performance/gem5/build/X86/gem5.opt --outdir=/home/user/PrIDE/performance/gem5/stats/pride_multiprogram_16GBmem_250Mn.SPEC2017.C4/RFM2.BR1.4C/mix6 /home/user/PrIDE/performance/gem5/configs/example/se_rq_spec_config_multicore.py --redirects /lib64=/home/utils/gcc-6.2.0/lib64 --benchmark=mix6 --benchmark_stdout=/home/user/PrIDE/performance/gem5/stats/pride_multiprogram_16GBmem_250Mn.SPEC2017.C4/RFM2.BR1.4C/mix6/mix6.out --benchmark_stderr=/home/user/PrIDE/performance/gem5/stats/pride_multiprogram_16GBmem_250Mn.SPEC2017.C4/RFM2.BR1.4C/mix6/mix6.err --spec-version=2017 --rh_defense --rh_mitigation=RFM --rh_rfm_per_trefi=2 --rh_rfm_blast_radius=1 --rh_rfm_maxacts_per_trefi=79 --num-cpus=4 --mem-size=16GB --mem-type=DDR5_2400_32x4 --mem-ranks=1 --mem-channels=1 --checkpoint-dir=/home/user/PrIDE/performance/gem5/cpts-DDR5/multiprogram_16GBmem_25Bn.SPEC2017.C4/mix6-1-ref-x86 --checkpoint-restore=25000000000 --at-instruction --cpu-type DerivO3CPU --caches --l2cache --l1d_size=32kB --l1i_size=32kB --l2_size=256kB --l3_size=4MB --l1d_assoc=8 --l1i_assoc=8 --l2_assoc=16 --l3_assoc=16 --cpu-clock=3GHz --sys-clock=3GHz --maxinsts=250000000 --prog-interval=300Hz

info: Standard input is not a terminal, disabling listeners.
Benchmark- 0   nab
Selected benchmark
--> nab
CMD: ['/opt/spec2017/benchspec/CPU/544.nab_r/run/run_base_refrate_gem5_se-m64.0000/nab_r_base.gem5_se-m64', '1am0', '1122214447', '122']
CWD: /opt/spec2017/benchspec/CPU/544.nab_r/run/run_base_refrate_gem5_se-m64.0000/
Process stdout file: /home/user/PrIDE/performance/gem5/stats/pride_multiprogram_16GBmem_250Mn.SPEC2017.C4/RFM2.BR1.4C/mix6/mix6.out_0
Process stderr file: /home/user/PrIDE/performance/gem5/stats/pride_multiprogram_16GBmem_250Mn.SPEC2017.C4/RFM2.BR1.4C/mix6/mix6.err_0
Benchmark- 1   lbm
Selected benchmark
--> lbm
CMD: ['/opt/spec2017/benchspec/CPU/519.lbm_r/run/run_base_refrate_gem5_se-m64.0000/lbm_r_base.gem5_se-m64', '3000', 'reference.dat', '0', '0', '/opt/spec2017/benchspec/CPU/519.lbm_r/run/run_base_refrate_gem5_se-m64.0000/100_100_130_ldc.of']
CWD: /opt/spec2017/benchspec/CPU/519.lbm_r/run/run_base_refrate_gem5_se-m64.0000/
Process stdout file: /home/user/PrIDE/performance/gem5/stats/pride_multiprogram_16GBmem_250Mn.SPEC2017.C4/RFM2.BR1.4C/mix6/mix6.out_1
Process stderr file: /home/user/PrIDE/performance/gem5/stats/pride_multiprogram_16GBmem_250Mn.SPEC2017.C4/RFM2.BR1.4C/mix6/mix6.err_1
Benchmark- 2   imagick
Selected benchmark
--> imagick
CMD: ['/opt/spec2017/benchspec/CPU/538.imagick_r/run/run_base_refrate_gem5_se-m64.0000/imagick_r_base.gem5_se-m64', '-limit', 'disk', '0', '/opt/spec2017/benchspec/CPU/538.imagick_r/run/run_base_refrate_gem5_se-m64.0000/refrate_input.tga', '-edge', '41', '-resample', '181%', '-emboss', '31', '-colorspace', 'YUV', '-mean-shift', '19x19+15%', '-resize', '30%', '/opt/spec2017/benchspec/CPU/538.imagick_r/run/run_base_refrate_gem5_se-m64.0000/refrate_output.tga']
CWD: /opt/spec2017/benchspec/CPU/538.imagick_r/run/run_base_refrate_gem5_se-m64.0000/
Process stdout file: /home/user/PrIDE/performance/gem5/stats/pride_multiprogram_16GBmem_250Mn.SPEC2017.C4/RFM2.BR1.4C/mix6/mix6.out_2
Process stderr file: /home/user/PrIDE/performance/gem5/stats/pride_multiprogram_16GBmem_250Mn.SPEC2017.C4/RFM2.BR1.4C/mix6/mix6.err_2
Benchmark- 3   povray
Selected benchmark
--> povray
CMD: ['/opt/spec2017/benchspec/CPU/511.povray_r/run/run_base_refrate_gem5_se-m64.0000/povray_r_base.gem5_se-m64', '/opt/spec2017/benchspec/CPU/511.povray_r/run/run_base_refrate_gem5_se-m64.0000/SPEC-benchmark-ref.ini']
CWD: /opt/spec2017/benchspec/CPU/511.povray_r/run/run_base_refrate_gem5_se-m64.0000/
Process stdout file: /home/user/PrIDE/performance/gem5/stats/pride_multiprogram_16GBmem_250Mn.SPEC2017.C4/RFM2.BR1.4C/mix6/mix6.out_3
Process stderr file: /home/user/PrIDE/performance/gem5/stats/pride_multiprogram_16GBmem_250Mn.SPEC2017.C4/RFM2.BR1.4C/mix6/mix6.err_3
Workload-0: 
['/opt/spec2017/benchspec/CPU/544.nab_r/run/run_base_refrate_gem5_se-m64.0000/nab_r_base.gem5_se-m64', '1am0', '1122214447', '122']
Workload-1: 
['/opt/spec2017/benchspec/CPU/519.lbm_r/run/run_base_refrate_gem5_se-m64.0000/lbm_r_base.gem5_se-m64', '3000', 'reference.dat', '0', '0', '/opt/spec2017/benchspec/CPU/519.lbm_r/run/run_base_refrate_gem5_se-m64.0000/100_100_130_ldc.of']
Workload-2: 
['/opt/spec2017/benchspec/CPU/538.imagick_r/run/run_base_refrate_gem5_se-m64.0000/imagick_r_base.gem5_se-m64', '-limit', 'disk', '0', '/opt/spec2017/benchspec/CPU/538.imagick_r/run/run_base_refrate_gem5_se-m64.0000/refrate_input.tga', '-edge', '41', '-resample', '181%', '-emboss', '31', '-colorspace', 'YUV', '-mean-shift', '19x19+15%', '-resize', '30%', '/opt/spec2017/benchspec/CPU/538.imagick_r/run/run_base_refrate_gem5_se-m64.0000/refrate_output.tga']
Workload-3: 
['/opt/spec2017/benchspec/CPU/511.povray_r/run/run_base_refrate_gem5_se-m64.0000/povray_r_base.gem5_se-m64', '/opt/spec2017/benchspec/CPU/511.povray_r/run/run_base_refrate_gem5_se-m64.0000/SPEC-benchmark-ref.ini']
defense_enable:  True  detector:  MG  mitigation:  RFM  threshold:  800
mg_entries:  1700
rfm_maxacts_per_trefi:  79 rfm_per_trefi:  2 rfm_blast_radius:  1
Switch at curTick count:10000
warn: membus.master is deprecated. `master` is now called `mem_side_ports`
warn: No dot file generated. Please install pydot to generate the dot file and pdf.
info: Entering event queue @ 13719052596285.  Starting simulation...
info: Entering event queue @ 13719052606285.  Starting simulation...
warn: PowerState: Already in the requested power state, request ignored
Switched CPUS @ tick 13719052606285
switching cpus
**** REAL SIMULATION ****
info: Entering event queue @ 13719052607274.  Starting simulation...
13722385929618: Event_285: system.switch_cpus3 progress event, total committed:44412443, progress insts committed: 44412443, IPC: 004.4368
13722385929618: Event_284: system.switch_cpus2 progress event, total committed:50379432, progress insts committed: 50379432, IPC: 05.03291
13722385929618: Event_283: system.switch_cpus1 progress event, total committed:10293822, progress insts committed: 10293822, IPC: 01.02835
13722385929618: Event_282: system.switch_cpus0 progress event, total committed:35135081, progress insts committed: 35135081, IPC: 03.50999
13725719262951: Event_282: system.switch_cpus0 progress event, total committed:71589696, progress insts committed: 36454615, IPC: 03.64182
13725719262951: Event_283: system.switch_cpus1 progress event, total committed:17544923, progress insts committed: 7251101, IPC: 0.724385
13725719262951: Event_284: system.switch_cpus2 progress event, total committed:102591058, progress insts committed: 52211626, IPC: 05.21594
13725719262951: Event_285: system.switch_cpus3 progress event, total committed:89788511, progress insts committed: 45376068, IPC: 04.53307
13729052596284: Event_285: system.switch_cpus3 progress event, total committed:135288475, progress insts committed: 45499964, IPC: 04.54545
13729052596284: Event_284: system.switch_cpus2 progress event, total committed:154974863, progress insts committed: 52383805, IPC: 05.23314
13729052596284: Event_283: system.switch_cpus1 progress event, total committed:26355114, progress insts committed: 8810191, IPC: 0.880138
13729052596284: Event_282: system.switch_cpus0 progress event, total committed:110340359, progress insts committed: 38750663, IPC: 03.87119
warn: MOVNTDQ: Ignoring non-temporal hint, modeling as cacheable!
13732385929617: Event_282: system.switch_cpus0 progress event, total committed:148045607, progress insts committed: 37705248, IPC: 03.76675
13732385929617: Event_283: system.switch_cpus1 progress event, total committed:34417210, progress insts committed: 8062096, IPC: 0.805403
13732385929617: Event_284: system.switch_cpus2 progress event, total committed:163452477, progress insts committed: 8477614, IPC: 0.846914
13732385929617: Event_285: system.switch_cpus3 progress event, total committed:180978857, progress insts committed: 45690382, IPC: 04.56447
13735719262950: Event_285: system.switch_cpus3 progress event, total committed:225995052, progress insts committed: 45016195, IPC: 04.49712
13735719262950: Event_284: system.switch_cpus2 progress event, total committed:189406370, progress insts committed: 25953893, IPC: 02.59279
13735719262950: Event_283: system.switch_cpus1 progress event, total committed:42692164, progress insts committed: 8274954, IPC: 0.826668
13735719262950: Event_282: system.switch_cpus0 progress event, total committed:184756290, progress insts committed: 36710683, IPC: 003.6674
13739052596283: Event_282: system.switch_cpus0 progress event, total committed:221734561, progress insts committed: 36978271, IPC: 03.69413
13739052596283: Event_283: system.switch_cpus1 progress event, total committed:50975002, progress insts committed: 8282838, IPC: 0.827456
13739052596283: Event_284: system.switch_cpus2 progress event, total committed:241754599, progress insts committed: 52348229, IPC: 05.22959
13739052596283: Event_285: system.switch_cpus3 progress event, total committed:270957125, progress insts committed: 44962073, IPC: 04.49171
13742385929616: Event_285: system.switch_cpus3 progress event, total committed:316015743, progress insts committed: 45058618, IPC: 04.50136
13742385929616: Event_284: system.switch_cpus2 progress event, total committed:294321556, progress insts committed: 52566957, IPC: 05.25144
13742385929616: Event_283: system.switch_cpus1 progress event, total committed:59736164, progress insts committed: 8761162, IPC: 00.87524
13742385929616: Event_282: system.switch_cpus0 progress event, total committed:261024426, progress insts committed: 39289865, IPC: 03.92506
13745719262949: Event_282: system.switch_cpus0 progress event, total committed:299356675, progress insts committed: 38332249, IPC: 03.82939
13745719262949: Event_283: system.switch_cpus1 progress event, total committed:68634994, progress insts committed: 8898830, IPC: 0.888993
13745719262949: Event_284: system.switch_cpus2 progress event, total committed:346791344, progress insts committed: 52469788, IPC: 05.24173
13745719262949: Event_285: system.switch_cpus3 progress event, total committed:361192724, progress insts committed: 45176981, IPC: 04.51318
13749052596282: Event_285: system.switch_cpus3 progress event, total committed:406118832, progress insts committed: 44926108, IPC: 04.48812
13749052596282: Event_284: system.switch_cpus2 progress event, total committed:399343877, progress insts committed: 52552533, IPC: 00005.25
13749052596282: Event_283: system.switch_cpus1 progress event, total committed:77866866, progress insts committed: 9231872, IPC: 0.922264
13749052596282: Event_282: system.switch_cpus0 progress event, total committed:338084749, progress insts committed: 38728074, IPC: 03.86893
Exiting @ tick 13750563096576 because a thread reached the max instruction count
