Command line:
./runscript_pride.sh mcf RFM2.BR2.4C 4 2017 --rh_defense --rh_mitigation=RFM --rh_rfm_per_trefi=2 --rh_rfm_blast_radius=2 --rh_rfm_maxacts_per_trefi=79
Global frequency set at 1000000000000 ticks per second
RFM details - rfm_act_threshold: 39, blast_radius: 2, delay_per_rfm: 175000 ps. sample_rate: 0.025000
RH Defense config: RFM, Bus Delay: 0, rfms_per_trefi: 2, rfm_act_threshold: 39, blast_radius: 2,rfm_delay_per_act: 45000 ps.
DRAM config: RowsPerBank: 65536, BanksPerRank: 32, RanksPerChannel: 1
warn: Sockets disabled, not accepting gdb connections
warn: CoherentXBar system.cpu0.mmucache.mmubus has no snooping ports attached!
warn: CoherentXBar system.cpu1.mmucache.mmubus has no snooping ports attached!
warn: CoherentXBar system.cpu2.mmucache.mmubus has no snooping ports attached!
warn: CoherentXBar system.cpu3.mmucache.mmubus has no snooping ports attached!
warn: Checkpoints for file descriptors currently do not work.
warn: Checkpoints for file descriptors currently do not work.
warn: Checkpoints for file descriptors currently do not work.
warn: Checkpoints for file descriptors currently do not work.
gem5 Simulator System.  http://gem5.org
gem5 is copyrighted software; use the --copyright option for details.

gem5 version 20.1.0.5
gem5 compiled Jul 12 2024 12:42:38
gem5 started Jul 22 2024 14:44:35
gem5 executing on a07dda8b130c, pid 88266
command line: /home/user/PrIDE/performance/gem5/build/X86/gem5.opt --outdir=/home/user/PrIDE/performance/gem5/stats/pride_multiprogram_16GBmem_250Mn.SPEC2017.C4/RFM2.BR2.4C/mcf /home/user/PrIDE/performance/gem5/configs/example/se_rq_spec_config_multicore.py --redirects /lib64=/home/utils/gcc-6.2.0/lib64 --benchmark=mcf --benchmark_stdout=/home/user/PrIDE/performance/gem5/stats/pride_multiprogram_16GBmem_250Mn.SPEC2017.C4/RFM2.BR2.4C/mcf/mcf.out --benchmark_stderr=/home/user/PrIDE/performance/gem5/stats/pride_multiprogram_16GBmem_250Mn.SPEC2017.C4/RFM2.BR2.4C/mcf/mcf.err --spec-version=2017 --rh_defense --rh_mitigation=RFM --rh_rfm_per_trefi=2 --rh_rfm_blast_radius=2 --rh_rfm_maxacts_per_trefi=79 --num-cpus=4 --mem-size=16GB --mem-type=DDR5_2400_32x4 --mem-ranks=1 --checkpoint-dir=/home/user/PrIDE/performance/gem5/cpts/multiprogram_16GBmem_25Bn.SPEC2017.C4/mcf-1-ref-x86 --checkpoint-restore=25000000000 --at-instruction --cpu-type DerivO3CPU --caches --l2cache --l1d_size=32kB --l1i_size=32kB --l2_size=256kB --l1d_assoc=8 --l1i_assoc=8 --l2_assoc=16 --maxinsts=250000000 --prog-interval=300Hz

info: Standard input is not a terminal, disabling listeners.
Benchmark- 0   mcf
Selected benchmark
--> mcf
CMD: ['/opt/spec2017/benchspec/CPU/505.mcf_r/run/run_base_refrate_gem5_se-m64.0000/mcf_r_base.gem5_se-m64', '/opt/spec2017/benchspec/CPU/505.mcf_r/run/run_base_refrate_gem5_se-m64.0000/inp.in']
CWD: /opt/spec2017/benchspec/CPU/505.mcf_r/run/run_base_refrate_gem5_se-m64.0000/
Process stdout file: /home/user/PrIDE/performance/gem5/stats/pride_multiprogram_16GBmem_250Mn.SPEC2017.C4/RFM2.BR2.4C/mcf/mcf.out_0
Process stderr file: /home/user/PrIDE/performance/gem5/stats/pride_multiprogram_16GBmem_250Mn.SPEC2017.C4/RFM2.BR2.4C/mcf/mcf.err_0
Benchmark- 1   mcf
Selected benchmark
--> mcf
CMD: ['/opt/spec2017/benchspec/CPU/505.mcf_r/run/run_base_refrate_gem5_se-m64.0000/mcf_r_base.gem5_se-m64', '/opt/spec2017/benchspec/CPU/505.mcf_r/run/run_base_refrate_gem5_se-m64.0000/inp.in']
CWD: /opt/spec2017/benchspec/CPU/505.mcf_r/run/run_base_refrate_gem5_se-m64.0000/
Process stdout file: /home/user/PrIDE/performance/gem5/stats/pride_multiprogram_16GBmem_250Mn.SPEC2017.C4/RFM2.BR2.4C/mcf/mcf.out_1
Process stderr file: /home/user/PrIDE/performance/gem5/stats/pride_multiprogram_16GBmem_250Mn.SPEC2017.C4/RFM2.BR2.4C/mcf/mcf.err_1
Benchmark- 2   mcf
Selected benchmark
--> mcf
CMD: ['/opt/spec2017/benchspec/CPU/505.mcf_r/run/run_base_refrate_gem5_se-m64.0000/mcf_r_base.gem5_se-m64', '/opt/spec2017/benchspec/CPU/505.mcf_r/run/run_base_refrate_gem5_se-m64.0000/inp.in']
CWD: /opt/spec2017/benchspec/CPU/505.mcf_r/run/run_base_refrate_gem5_se-m64.0000/
Process stdout file: /home/user/PrIDE/performance/gem5/stats/pride_multiprogram_16GBmem_250Mn.SPEC2017.C4/RFM2.BR2.4C/mcf/mcf.out_2
Process stderr file: /home/user/PrIDE/performance/gem5/stats/pride_multiprogram_16GBmem_250Mn.SPEC2017.C4/RFM2.BR2.4C/mcf/mcf.err_2
Benchmark- 3   mcf
Selected benchmark
--> mcf
CMD: ['/opt/spec2017/benchspec/CPU/505.mcf_r/run/run_base_refrate_gem5_se-m64.0000/mcf_r_base.gem5_se-m64', '/opt/spec2017/benchspec/CPU/505.mcf_r/run/run_base_refrate_gem5_se-m64.0000/inp.in']
CWD: /opt/spec2017/benchspec/CPU/505.mcf_r/run/run_base_refrate_gem5_se-m64.0000/
Process stdout file: /home/user/PrIDE/performance/gem5/stats/pride_multiprogram_16GBmem_250Mn.SPEC2017.C4/RFM2.BR2.4C/mcf/mcf.out_3
Process stderr file: /home/user/PrIDE/performance/gem5/stats/pride_multiprogram_16GBmem_250Mn.SPEC2017.C4/RFM2.BR2.4C/mcf/mcf.err_3
Workload-0: 
['/opt/spec2017/benchspec/CPU/505.mcf_r/run/run_base_refrate_gem5_se-m64.0000/mcf_r_base.gem5_se-m64', '/opt/spec2017/benchspec/CPU/505.mcf_r/run/run_base_refrate_gem5_se-m64.0000/inp.in']
Workload-1: 
['/opt/spec2017/benchspec/CPU/505.mcf_r/run/run_base_refrate_gem5_se-m64.0000/mcf_r_base.gem5_se-m64', '/opt/spec2017/benchspec/CPU/505.mcf_r/run/run_base_refrate_gem5_se-m64.0000/inp.in']
Workload-2: 
['/opt/spec2017/benchspec/CPU/505.mcf_r/run/run_base_refrate_gem5_se-m64.0000/mcf_r_base.gem5_se-m64', '/opt/spec2017/benchspec/CPU/505.mcf_r/run/run_base_refrate_gem5_se-m64.0000/inp.in']
Workload-3: 
['/opt/spec2017/benchspec/CPU/505.mcf_r/run/run_base_refrate_gem5_se-m64.0000/mcf_r_base.gem5_se-m64', '/opt/spec2017/benchspec/CPU/505.mcf_r/run/run_base_refrate_gem5_se-m64.0000/inp.in']
defense_enable:  True  detector:  MG  mitigation:  RFM  threshold:  800
mg_entries:  1700
rfm_maxacts_per_trefi:  79 rfm_per_trefi:  2 rfm_blast_radius:  2
Switch at curTick count:10000
warn: membus.master is deprecated. `master` is now called `mem_side_ports`
warn: No dot file generated. Please install pydot to generate the dot file and pdf.
info: Entering event queue @ 16815150868149.  Starting simulation...
warn: PowerState: Already in the requested power state, request ignored
Switched CPUS @ tick 16815150878149
switching cpus
**** REAL SIMULATION ****
info: Entering event queue @ 16815150878149.  Starting simulation...
16818484201482: Event_285: system.switch_cpus3 progress event, total committed:9355151, progress insts committed: 9355151, IPC: 00.93458
16818484201482: Event_284: system.switch_cpus2 progress event, total committed:9384920, progress insts committed: 9384920, IPC: 0.937554
16818484201482: Event_283: system.switch_cpus1 progress event, total committed:9356266, progress insts committed: 9356266, IPC: 0.934691
16818484201482: Event_282: system.switch_cpus0 progress event, total committed:9378480, progress insts committed: 9378480, IPC: 00.93691
16821817534815: Event_282: system.switch_cpus0 progress event, total committed:19387913, progress insts committed: 10009433, IPC: 0.999942
16821817534815: Event_283: system.switch_cpus1 progress event, total committed:19329709, progress insts committed: 9973443, IPC: 0.996347
16821817534815: Event_284: system.switch_cpus2 progress event, total committed:19411209, progress insts committed: 10026289, IPC: 01.00163
16821817534815: Event_285: system.switch_cpus3 progress event, total committed:19319947, progress insts committed: 9964796, IPC: 0.995483
16825150868148: Event_285: system.switch_cpus3 progress event, total committed:29432440, progress insts committed: 10112493, IPC: 01.01024
16825150868148: Event_284: system.switch_cpus2 progress event, total committed:29587894, progress insts committed: 10176685, IPC: 01.01665
16825150868148: Event_283: system.switch_cpus1 progress event, total committed:29437671, progress insts committed: 10107962, IPC: 01.00979
16825150868148: Event_282: system.switch_cpus0 progress event, total committed:29523463, progress insts committed: 10135550, IPC: 01.01254
16828484201481: Event_282: system.switch_cpus0 progress event, total committed:39891807, progress insts committed: 10368344, IPC: 001.0358
16828484201481: Event_283: system.switch_cpus1 progress event, total committed:39757082, progress insts committed: 10319411, IPC: 01.03091
16828484201481: Event_284: system.switch_cpus2 progress event, total committed:40079234, progress insts committed: 10491340, IPC: 01.04808
16828484201481: Event_285: system.switch_cpus3 progress event, total committed:39746607, progress insts committed: 10314167, IPC: 01.03039
16831817534814: Event_285: system.switch_cpus3 progress event, total committed:50048251, progress insts committed: 10301644, IPC: 01.02913
16831817534814: Event_284: system.switch_cpus2 progress event, total committed:50715247, progress insts committed: 10636013, IPC: 01.06254
16831817534814: Event_283: system.switch_cpus1 progress event, total committed:50050559, progress insts committed: 10293477, IPC: 01.02832
16831817534814: Event_282: system.switch_cpus0 progress event, total committed:50205977, progress insts committed: 10314170, IPC: 01.03039
16835150868147: Event_282: system.switch_cpus0 progress event, total committed:60846573, progress insts committed: 10640596, IPC: 0001.063
16835150868147: Event_283: system.switch_cpus1 progress event, total committed:60603706, progress insts committed: 10553147, IPC: 01.05426
16835150868147: Event_284: system.switch_cpus2 progress event, total committed:61477373, progress insts committed: 10762126, IPC: 01.07514
16835150868147: Event_285: system.switch_cpus3 progress event, total committed:60619432, progress insts committed: 10571181, IPC: 01.05606
16838484201480: Event_285: system.switch_cpus3 progress event, total committed:71171558, progress insts committed: 10552126, IPC: 01.05416
16838484201480: Event_284: system.switch_cpus2 progress event, total committed:72476935, progress insts committed: 10999562, IPC: 01.09886
16838484201480: Event_283: system.switch_cpus1 progress event, total committed:71084101, progress insts committed: 10480395, IPC: 01.04699
16838484201480: Event_282: system.switch_cpus0 progress event, total committed:71602637, progress insts committed: 10756064, IPC: 01.07453
16841817534813: Event_282: system.switch_cpus0 progress event, total committed:82467235, progress insts committed: 10864598, IPC: 01.08537
16841817534813: Event_283: system.switch_cpus1 progress event, total committed:81714911, progress insts committed: 10630810, IPC: 01.06202
16841817534813: Event_284: system.switch_cpus2 progress event, total committed:83288044, progress insts committed: 10811109, IPC: 01.08003
16841817534813: Event_285: system.switch_cpus3 progress event, total committed:81866046, progress insts committed: 10694488, IPC: 01.06838
16845150868146: Event_285: system.switch_cpus3 progress event, total committed:92167498, progress insts committed: 10301452, IPC: 01.02912
16845150868146: Event_284: system.switch_cpus2 progress event, total committed:93849577, progress insts committed: 10561533, IPC: 001.0551
16845150868146: Event_283: system.switch_cpus1 progress event, total committed:92117412, progress insts committed: 10402501, IPC: 01.03921
16845150868146: Event_282: system.switch_cpus0 progress event, total committed:93544469, progress insts committed: 11077234, IPC: 01.10662
16848484201479: Event_282: system.switch_cpus0 progress event, total committed:104157823, progress insts committed: 10613354, IPC: 01.06027
16848484201479: Event_283: system.switch_cpus1 progress event, total committed:102489340, progress insts committed: 10371928, IPC: 01.03616
16848484201479: Event_284: system.switch_cpus2 progress event, total committed:104176620, progress insts committed: 10327043, IPC: 01.03167
16848484201479: Event_285: system.switch_cpus3 progress event, total committed:102807509, progress insts committed: 10640011, IPC: 01.06294
16851817534812: Event_285: system.switch_cpus3 progress event, total committed:114400014, progress insts committed: 11592505, IPC: 01.15809
16851817534812: Event_284: system.switch_cpus2 progress event, total committed:114489759, progress insts committed: 10313139, IPC: 01.03028
16851817534812: Event_283: system.switch_cpus1 progress event, total committed:112738516, progress insts committed: 10249176, IPC: 01.02389
16851817534812: Event_282: system.switch_cpus0 progress event, total committed:114469276, progress insts committed: 10311453, IPC: 01.03011
16855150868145: Event_282: system.switch_cpus0 progress event, total committed:124729604, progress insts committed: 10260328, IPC: 01.02501
16855150868145: Event_283: system.switch_cpus1 progress event, total committed:123179841, progress insts committed: 10441325, IPC: 01.04309
16855150868145: Event_284: system.switch_cpus2 progress event, total committed:124756752, progress insts committed: 10266993, IPC: 01.02567
16855150868145: Event_285: system.switch_cpus3 progress event, total committed:124706557, progress insts committed: 10306543, IPC: 01.02962
16858484201478: Event_285: system.switch_cpus3 progress event, total committed:130035285, progress insts committed: 5328728, IPC: 00.53234
16858484201478: Event_284: system.switch_cpus2 progress event, total committed:130046628, progress insts committed: 5289876, IPC: 0.528459
16858484201478: Event_283: system.switch_cpus1 progress event, total committed:129964205, progress insts committed: 6784364, IPC: 0.677758
16858484201478: Event_282: system.switch_cpus0 progress event, total committed:130039047, progress insts committed: 5309443, IPC: 0.530413
16861817534811: Event_282: system.switch_cpus0 progress event, total committed:134233274, progress insts committed: 4194227, IPC: 0.419003
16861817534811: Event_283: system.switch_cpus1 progress event, total committed:132317104, progress insts committed: 2352899, IPC: 0.235055
16861817534811: Event_284: system.switch_cpus2 progress event, total committed:134275669, progress insts committed: 4229041, IPC: 0.422481
16861817534811: Event_285: system.switch_cpus3 progress event, total committed:134223495, progress insts committed: 4188210, IPC: 0.418402
16865150868144: Event_285: system.switch_cpus3 progress event, total committed:145115528, progress insts committed: 10892033, IPC: 01.08811
16865150868144: Event_284: system.switch_cpus2 progress event, total committed:145483780, progress insts committed: 11208111, IPC: 01.11969
16865150868144: Event_283: system.switch_cpus1 progress event, total committed:143882824, progress insts committed: 11565720, IPC: 01.15542
16865150868144: Event_282: system.switch_cpus0 progress event, total committed:145133352, progress insts committed: 10900078, IPC: 01.08892
16868484201477: Event_282: system.switch_cpus0 progress event, total committed:156083017, progress insts committed: 10949665, IPC: 01.09387
16868484201477: Event_283: system.switch_cpus1 progress event, total committed:155176563, progress insts committed: 11293739, IPC: 01.12824
16868484201477: Event_284: system.switch_cpus2 progress event, total committed:156127596, progress insts committed: 10643816, IPC: 01.06332
16868484201477: Event_285: system.switch_cpus3 progress event, total committed:156083028, progress insts committed: 10967500, IPC: 01.09565
16871817534810: Event_285: system.switch_cpus3 progress event, total committed:167240001, progress insts committed: 11156973, IPC: 01.11458
16871817534810: Event_284: system.switch_cpus2 progress event, total committed:167913799, progress insts committed: 11786203, IPC: 01.17744
16871817534810: Event_283: system.switch_cpus1 progress event, total committed:166646575, progress insts committed: 11470012, IPC: 01.14585
16871817534810: Event_282: system.switch_cpus0 progress event, total committed:167210613, progress insts committed: 11127596, IPC: 01.11165
16875150868143: Event_282: system.switch_cpus0 progress event, total committed:178039691, progress insts committed: 10829078, IPC: 01.08182
16875150868143: Event_283: system.switch_cpus1 progress event, total committed:177995066, progress insts committed: 11348491, IPC: 01.13371
16875150868143: Event_284: system.switch_cpus2 progress event, total committed:179589281, progress insts committed: 11675482, IPC: 01.16638
16875150868143: Event_285: system.switch_cpus3 progress event, total committed:178042484, progress insts committed: 10802483, IPC: 01.07917
16878484201476: Event_285: system.switch_cpus3 progress event, total committed:189800386, progress insts committed: 11757902, IPC: 01.17461
16878484201476: Event_284: system.switch_cpus2 progress event, total committed:191026473, progress insts committed: 11437192, IPC: 01.14258
16878484201476: Event_283: system.switch_cpus1 progress event, total committed:189408722, progress insts committed: 11413656, IPC: 01.14022
16878484201476: Event_282: system.switch_cpus0 progress event, total committed:189787481, progress insts committed: 11747790, IPC: 001.1736
16881817534809: Event_282: system.switch_cpus0 progress event, total committed:200457361, progress insts committed: 10669880, IPC: 01.06592
16881817534809: Event_283: system.switch_cpus1 progress event, total committed:199983038, progress insts committed: 10574316, IPC: 01.05637
16881817534809: Event_284: system.switch_cpus2 progress event, total committed:201817280, progress insts committed: 10790807, IPC: 0001.078
16881817534809: Event_285: system.switch_cpus3 progress event, total committed:200710488, progress insts committed: 10910102, IPC: 01.08992
16885150868142: Event_285: system.switch_cpus3 progress event, total committed:212122770, progress insts committed: 11412282, IPC: 01.14009
16885150868142: Event_284: system.switch_cpus2 progress event, total committed:213660004, progress insts committed: 11842724, IPC: 01.18309
16885150868142: Event_283: system.switch_cpus1 progress event, total committed:211668003, progress insts committed: 11684965, IPC: 01.16733
16885150868142: Event_282: system.switch_cpus0 progress event, total committed:211736716, progress insts committed: 11279355, IPC: 01.12681
16888484201475: Event_282: system.switch_cpus0 progress event, total committed:223476723, progress insts committed: 11740007, IPC: 01.17283
16888484201475: Event_283: system.switch_cpus1 progress event, total committed:222716459, progress insts committed: 11048456, IPC: 01.10374
16888484201475: Event_284: system.switch_cpus2 progress event, total committed:224578535, progress insts committed: 10918531, IPC: 01.09076
16888484201475: Event_285: system.switch_cpus3 progress event, total committed:223783915, progress insts committed: 11661145, IPC: 01.16495
16891817534808: Event_285: system.switch_cpus3 progress event, total committed:235507821, progress insts committed: 11723906, IPC: 01.17122
16891817534808: Event_284: system.switch_cpus2 progress event, total committed:235582289, progress insts committed: 11003754, IPC: 01.09928
16891817534808: Event_283: system.switch_cpus1 progress event, total committed:233607739, progress insts committed: 10891280, IPC: 01.08804
16891817534808: Event_282: system.switch_cpus0 progress event, total committed:235022447, progress insts committed: 11545724, IPC: 01.15342
16895150868141: Event_282: system.switch_cpus0 progress event, total committed:246523460, progress insts committed: 11501013, IPC: 01.14895
16895150868141: Event_283: system.switch_cpus1 progress event, total committed:245393659, progress insts committed: 11785920, IPC: 01.17741
16895150868141: Event_284: system.switch_cpus2 progress event, total committed:247355432, progress insts committed: 11773143, IPC: 01.17614
16895150868141: Event_285: system.switch_cpus3 progress event, total committed:246913210, progress insts committed: 11405389, IPC: 001.1394
16898484201474: Event_285: system.switch_cpus3 progress event, total committed:257917991, progress insts committed: 11004781, IPC: 01.09938
16898484201474: Event_284: system.switch_cpus2 progress event, total committed:258538232, progress insts committed: 11182800, IPC: 01.11716
16898484201474: Event_283: system.switch_cpus1 progress event, total committed:257234337, progress insts committed: 11840678, IPC: 01.18288
16898484201474: Event_282: system.switch_cpus0 progress event, total committed:257784107, progress insts committed: 11260647, IPC: 01.12494
16901817534807: Event_282: system.switch_cpus0 progress event, total committed:269338351, progress insts committed: 11554244, IPC: 01.15427
16901817534807: Event_283: system.switch_cpus1 progress event, total committed:269038265, progress insts committed: 11803928, IPC: 01.17921
16901817534807: Event_284: system.switch_cpus2 progress event, total committed:269863353, progress insts committed: 11325121, IPC: 01.13138
16901817534807: Event_285: system.switch_cpus3 progress event, total committed:269346779, progress insts committed: 11428788, IPC: 01.14174
16905150868140: Event_285: system.switch_cpus3 progress event, total committed:281017992, progress insts committed: 11671213, IPC: 01.16595
16905150868140: Event_284: system.switch_cpus2 progress event, total committed:281473816, progress insts committed: 11610463, IPC: 01.15989
16905150868140: Event_283: system.switch_cpus1 progress event, total committed:280093631, progress insts committed: 11055366, IPC: 01.10443
16905150868140: Event_282: system.switch_cpus0 progress event, total committed:280888562, progress insts committed: 11550211, IPC: 01.15387
16908484201473: Event_282: system.switch_cpus0 progress event, total committed:292021325, progress insts committed: 11132763, IPC: 01.11216
16908484201473: Event_283: system.switch_cpus1 progress event, total committed:291205528, progress insts committed: 11111897, IPC: 01.11008
16908484201473: Event_284: system.switch_cpus2 progress event, total committed:293156305, progress insts committed: 11682489, IPC: 01.16708
16908484201473: Event_285: system.switch_cpus3 progress event, total committed:292323514, progress insts committed: 11305522, IPC: 01.12942
16911817534806: Event_285: system.switch_cpus3 progress event, total committed:303843333, progress insts committed: 11519819, IPC: 01.15083
16911817534806: Event_284: system.switch_cpus2 progress event, total committed:304965366, progress insts committed: 11809061, IPC: 01.17973
16911817534806: Event_283: system.switch_cpus1 progress event, total committed:302982568, progress insts committed: 11777040, IPC: 01.17653
16911817534806: Event_282: system.switch_cpus0 progress event, total committed:303307725, progress insts committed: 11286400, IPC: 01.12751
16915150868139: Event_282: system.switch_cpus0 progress event, total committed:314951483, progress insts committed: 11643758, IPC: 01.16321
16915150868139: Event_283: system.switch_cpus1 progress event, total committed:314540418, progress insts committed: 11557850, IPC: 01.15463
16915150868139: Event_284: system.switch_cpus2 progress event, total committed:316400983, progress insts committed: 11435617, IPC: 01.14242
16915150868139: Event_285: system.switch_cpus3 progress event, total committed:315346774, progress insts committed: 11503441, IPC: 01.14919
16918484201472: Event_285: system.switch_cpus3 progress event, total committed:326854101, progress insts committed: 11507327, IPC: 01.14958
16918484201472: Event_284: system.switch_cpus2 progress event, total committed:327658662, progress insts committed: 11257679, IPC: 01.12464
16918484201472: Event_283: system.switch_cpus1 progress event, total committed:325842886, progress insts committed: 11302468, IPC: 01.12912
16918484201472: Event_282: system.switch_cpus0 progress event, total committed:326775792, progress insts committed: 11824309, IPC: 01.18125
16921817534805: Event_282: system.switch_cpus0 progress event, total committed:338621324, progress insts committed: 11845532, IPC: 01.18337
16921817534805: Event_283: system.switch_cpus1 progress event, total committed:337100040, progress insts committed: 11257154, IPC: 01.12459
16921817534805: Event_284: system.switch_cpus2 progress event, total committed:338913753, progress insts committed: 11255091, IPC: 01.12438
16921817534805: Event_285: system.switch_cpus3 progress event, total committed:338645900, progress insts committed: 11791799, IPC: 0001.178
16925150868138: Event_285: system.switch_cpus3 progress event, total committed:350283618, progress insts committed: 11637718, IPC: 01.16261
16925150868138: Event_284: system.switch_cpus2 progress event, total committed:350713877, progress insts committed: 11800124, IPC: 01.17883
16925150868138: Event_283: system.switch_cpus1 progress event, total committed:348755682, progress insts committed: 11655642, IPC: 001.1644
16925150868138: Event_282: system.switch_cpus0 progress event, total committed:350165636, progress insts committed: 11544312, IPC: 01.15328
16928484201471: Event_282: system.switch_cpus0 progress event, total committed:361558185, progress insts committed: 11392549, IPC: 01.13812
16928484201471: Event_283: system.switch_cpus1 progress event, total committed:360657387, progress insts committed: 11901705, IPC: 01.18898
16928484201471: Event_284: system.switch_cpus2 progress event, total committed:362553926, progress insts committed: 11840049, IPC: 01.18282
16928484201471: Event_285: system.switch_cpus3 progress event, total committed:361638610, progress insts committed: 11354992, IPC: 01.13436
16931817534804: Event_285: system.switch_cpus3 progress event, total committed:372531613, progress insts committed: 10893003, IPC: 01.08821
16931817534804: Event_284: system.switch_cpus2 progress event, total committed:373450142, progress insts committed: 10896216, IPC: 01.08853
16931817534804: Event_283: system.switch_cpus1 progress event, total committed:371988012, progress insts committed: 11330625, IPC: 01.13193
16931817534804: Event_282: system.switch_cpus0 progress event, total committed:372520017, progress insts committed: 10961832, IPC: 01.09509
16935150868137: Event_282: system.switch_cpus0 progress event, total committed:384316874, progress insts committed: 11796857, IPC: 01.17851
16935150868137: Event_283: system.switch_cpus1 progress event, total committed:383454948, progress insts committed: 11466936, IPC: 01.14555
16935150868137: Event_284: system.switch_cpus2 progress event, total committed:384986097, progress insts committed: 11535955, IPC: 01.15244
16935150868137: Event_285: system.switch_cpus3 progress event, total committed:384332844, progress insts committed: 11801231, IPC: 01.17894
16938484201470: Event_285: system.switch_cpus3 progress event, total committed:396144517, progress insts committed: 11811673, IPC: 01.17999
16938484201470: Event_284: system.switch_cpus2 progress event, total committed:396596393, progress insts committed: 11610296, IPC: 01.15987
16938484201470: Event_283: system.switch_cpus1 progress event, total committed:394968267, progress insts committed: 11513319, IPC: 01.15018
16938484201470: Event_282: system.switch_cpus0 progress event, total committed:395929077, progress insts committed: 11612203, IPC: 01.16006
16941817534803: Event_282: system.switch_cpus0 progress event, total committed:407417930, progress insts committed: 11488853, IPC: 01.14774
16941817534803: Event_283: system.switch_cpus1 progress event, total committed:406367166, progress insts committed: 11398899, IPC: 01.13875
16941817534803: Event_284: system.switch_cpus2 progress event, total committed:408359768, progress insts committed: 11763375, IPC: 01.17516
16941817534803: Event_285: system.switch_cpus3 progress event, total committed:407707586, progress insts committed: 11563069, IPC: 01.15515
16945150868136: Event_285: system.switch_cpus3 progress event, total committed:419271567, progress insts committed: 11563981, IPC: 01.15524
16945150868136: Event_284: system.switch_cpus2 progress event, total committed:420198586, progress insts committed: 11838818, IPC: 001.1827
16945150868136: Event_283: system.switch_cpus1 progress event, total committed:418191089, progress insts committed: 11823923, IPC: 01.18121
16945150868136: Event_282: system.switch_cpus0 progress event, total committed:418897650, progress insts committed: 11479720, IPC: 01.14682
Exiting @ tick 16948178515008 because a thread reached the max instruction count
