Command line:
./runscript_pride.sh mix7 RFM1.BR1.4C 4 2017 --rh_defense --rh_mitigation=RFM --rh_rfm_per_trefi=1 --rh_rfm_blast_radius=1 --rh_rfm_maxacts_per_trefi=79
Global frequency set at 1000000000000 ticks per second
RFM details - rfm_act_threshold: 79, blast_radius: 1, delay_per_rfm: 175000 ps. sample_rate: 0.012500
RH Defense config: RFM, Bus Delay: 0, rfms_per_trefi: 1, rfm_act_threshold: 79, blast_radius: 1,rfm_delay_per_act: 45000 ps.
DRAM config: RowsPerBank: 65536, BanksPerRank: 32, RanksPerChannel: 1
warn: Sockets disabled, not accepting gdb connections
warn: CoherentXBar system.cpu0.mmucache.mmubus has no snooping ports attached!
warn: CoherentXBar system.cpu1.mmucache.mmubus has no snooping ports attached!
warn: CoherentXBar system.cpu2.mmucache.mmubus has no snooping ports attached!
warn: CoherentXBar system.cpu3.mmucache.mmubus has no snooping ports attached!
warn: Checkpoints for file descriptors currently do not work.
warn: Checkpoints for file descriptors currently do not work.
warn: Checkpoints for file descriptors currently do not work.
warn: Checkpoints for file descriptors currently do not work.
gem5 Simulator System.  http://gem5.org
gem5 is copyrighted software; use the --copyright option for details.

gem5 version 20.1.0.5
gem5 compiled Jul 12 2024 12:42:38
gem5 started Jul 17 2024 14:12:01
gem5 executing on a07dda8b130c, pid 89849
command line: /home/user/PrIDE/performance/gem5/build/X86/gem5.opt --outdir=/home/user/PrIDE/performance/gem5/stats/pride_multiprogram_16GBmem_250Mn.SPEC2017.C4/RFM1.BR1.4C/mix7 /home/user/PrIDE/performance/gem5/configs/example/se_rq_spec_config_multicore.py --redirects /lib64=/home/utils/gcc-6.2.0/lib64 --benchmark=mix7 --benchmark_stdout=/home/user/PrIDE/performance/gem5/stats/pride_multiprogram_16GBmem_250Mn.SPEC2017.C4/RFM1.BR1.4C/mix7/mix7.out --benchmark_stderr=/home/user/PrIDE/performance/gem5/stats/pride_multiprogram_16GBmem_250Mn.SPEC2017.C4/RFM1.BR1.4C/mix7/mix7.err --spec-version=2017 --rh_defense --rh_mitigation=RFM --rh_rfm_per_trefi=1 --rh_rfm_blast_radius=1 --rh_rfm_maxacts_per_trefi=79 --num-cpus=4 --mem-size=16GB --mem-type=DDR5_2400_32x4 --mem-ranks=1 --checkpoint-dir=/home/user/PrIDE/performance/gem5/cpts/multiprogram_16GBmem_25Bn.SPEC2017.C4/mix7-1-ref-x86 --checkpoint-restore=25000000000 --at-instruction --cpu-type DerivO3CPU --caches --l2cache --l1d_size=32kB --l1i_size=32kB --l2_size=256kB --l1d_assoc=8 --l1i_assoc=8 --l2_assoc=16 --maxinsts=250000000 --prog-interval=300Hz

info: Standard input is not a terminal, disabling listeners.
Benchmark- 0   povray
Selected benchmark
--> povray
CMD: ['/opt/spec2017/benchspec/CPU/511.povray_r/run/run_base_refrate_gem5_se-m64.0000/povray_r_base.gem5_se-m64', '/opt/spec2017/benchspec/CPU/511.povray_r/run/run_base_refrate_gem5_se-m64.0000/SPEC-benchmark-ref.ini']
CWD: /opt/spec2017/benchspec/CPU/511.povray_r/run/run_base_refrate_gem5_se-m64.0000/
Process stdout file: /home/user/PrIDE/performance/gem5/stats/pride_multiprogram_16GBmem_250Mn.SPEC2017.C4/RFM1.BR1.4C/mix7/mix7.out_0
Process stderr file: /home/user/PrIDE/performance/gem5/stats/pride_multiprogram_16GBmem_250Mn.SPEC2017.C4/RFM1.BR1.4C/mix7/mix7.err_0
Benchmark- 1   roms
Selected benchmark
--> roms
CMD: ['/opt/spec2017/benchspec/CPU/554.roms_r/run/run_base_refrate_gem5_se-m64.0000/roms_r_base.gem5_se-m64']
CWD: /opt/spec2017/benchspec/CPU/554.roms_r/run/run_base_refrate_gem5_se-m64.0000/
Process stdout file: /home/user/PrIDE/performance/gem5/stats/pride_multiprogram_16GBmem_250Mn.SPEC2017.C4/RFM1.BR1.4C/mix7/mix7.out_1
Process stderr file: /home/user/PrIDE/performance/gem5/stats/pride_multiprogram_16GBmem_250Mn.SPEC2017.C4/RFM1.BR1.4C/mix7/mix7.err_1
Benchmark- 2   nab
Selected benchmark
--> nab
CMD: ['/opt/spec2017/benchspec/CPU/544.nab_r/run/run_base_refrate_gem5_se-m64.0000/nab_r_base.gem5_se-m64', '1am0', '1122214447', '122']
CWD: /opt/spec2017/benchspec/CPU/544.nab_r/run/run_base_refrate_gem5_se-m64.0000/
Process stdout file: /home/user/PrIDE/performance/gem5/stats/pride_multiprogram_16GBmem_250Mn.SPEC2017.C4/RFM1.BR1.4C/mix7/mix7.out_2
Process stderr file: /home/user/PrIDE/performance/gem5/stats/pride_multiprogram_16GBmem_250Mn.SPEC2017.C4/RFM1.BR1.4C/mix7/mix7.err_2
Benchmark- 3   bwaves
Selected benchmark
--> bwaves
CMD: ['/opt/spec2017/benchspec/CPU/503.bwaves_r/run/run_base_refrate_gem5_se-m64.0000/bwaves_r_base.gem5_se-m64', '/opt/spec2017/benchspec/CPU/503.bwaves_r/run/run_base_refrate_gem5_se-m64.0000/bwaves_1']
CWD: /opt/spec2017/benchspec/CPU/503.bwaves_r/run/run_base_refrate_gem5_se-m64.0000/
Process stdout file: /home/user/PrIDE/performance/gem5/stats/pride_multiprogram_16GBmem_250Mn.SPEC2017.C4/RFM1.BR1.4C/mix7/mix7.out_3
Process stderr file: /home/user/PrIDE/performance/gem5/stats/pride_multiprogram_16GBmem_250Mn.SPEC2017.C4/RFM1.BR1.4C/mix7/mix7.err_3
Workload-0: 
['/opt/spec2017/benchspec/CPU/511.povray_r/run/run_base_refrate_gem5_se-m64.0000/povray_r_base.gem5_se-m64', '/opt/spec2017/benchspec/CPU/511.povray_r/run/run_base_refrate_gem5_se-m64.0000/SPEC-benchmark-ref.ini']
Workload-1: 
['/opt/spec2017/benchspec/CPU/554.roms_r/run/run_base_refrate_gem5_se-m64.0000/roms_r_base.gem5_se-m64']
Workload-2: 
['/opt/spec2017/benchspec/CPU/544.nab_r/run/run_base_refrate_gem5_se-m64.0000/nab_r_base.gem5_se-m64', '1am0', '1122214447', '122']
Workload-3: 
['/opt/spec2017/benchspec/CPU/503.bwaves_r/run/run_base_refrate_gem5_se-m64.0000/bwaves_r_base.gem5_se-m64', '/opt/spec2017/benchspec/CPU/503.bwaves_r/run/run_base_refrate_gem5_se-m64.0000/bwaves_1']
defense_enable:  True  detector:  MG  mitigation:  RFM  threshold:  800
mg_entries:  1700
rfm_maxacts_per_trefi:  79 rfm_per_trefi:  1 rfm_blast_radius:  1
Switch at curTick count:10000
warn: membus.master is deprecated. `master` is now called `mem_side_ports`
warn: No dot file generated. Please install pydot to generate the dot file and pdf.
info: Entering event queue @ 15651257077332.  Starting simulation...
info: Entering event queue @ 15651257087332.  Starting simulation...
warn: PowerState: Already in the requested power state, request ignored
Switched CPUS @ tick 15651257087332
switching cpus
**** REAL SIMULATION ****
info: Entering event queue @ 15651257087655.  Starting simulation...
15654590410665: Event_285: system.switch_cpus3 progress event, total committed:39504307, progress insts committed: 39504307, IPC: 03.94648
15654590410665: Event_284: system.switch_cpus2 progress event, total committed:26555814, progress insts committed: 26555814, IPC: 02.65293
15654590410665: Event_283: system.switch_cpus1 progress event, total committed:8859029, progress insts committed: 8859029, IPC: 0.885017
15654590410665: Event_282: system.switch_cpus0 progress event, total committed:45171913, progress insts committed: 45171913, IPC: 04.51267
15657923743998: Event_282: system.switch_cpus0 progress event, total committed:89278883, progress insts committed: 44106970, IPC: 04.40629
15657923743998: Event_283: system.switch_cpus1 progress event, total committed:17757119, progress insts committed: 8898090, IPC: 0.888919
15657923743998: Event_284: system.switch_cpus2 progress event, total committed:55167483, progress insts committed: 28611669, IPC: 02.85831
15657923743998: Event_285: system.switch_cpus3 progress event, total committed:78916461, progress insts committed: 39412154, IPC: 03.93727
15661257077331: Event_285: system.switch_cpus3 progress event, total committed:118919689, progress insts committed: 40003228, IPC: 03.99632
15661257077331: Event_284: system.switch_cpus2 progress event, total committed:83655606, progress insts committed: 28488123, IPC: 02.84596
15661257077331: Event_283: system.switch_cpus1 progress event, total committed:26799924, progress insts committed: 9042805, IPC: 0.903376
15661257077331: Event_282: system.switch_cpus0 progress event, total committed:134291253, progress insts committed: 45012370, IPC: 04.49674
15664590410664: Event_282: system.switch_cpus0 progress event, total committed:179408764, progress insts committed: 45117511, IPC: 04.50724
15664590410664: Event_283: system.switch_cpus1 progress event, total committed:37205826, progress insts committed: 10405902, IPC: 01.03955
15664590410664: Event_284: system.switch_cpus2 progress event, total committed:108980553, progress insts committed: 25324947, IPC: 02.52996
15664590410664: Event_285: system.switch_cpus3 progress event, total committed:156485129, progress insts committed: 37565440, IPC: 03.75279
15667923743997: Event_285: system.switch_cpus3 progress event, total committed:187126935, progress insts committed: 30641806, IPC: 03.06112
15667923743997: Event_284: system.switch_cpus2 progress event, total committed:132571424, progress insts committed: 23590871, IPC: 02.35673
15667923743997: Event_283: system.switch_cpus1 progress event, total committed:46227189, progress insts committed: 9021363, IPC: 0.901234
15667923743997: Event_282: system.switch_cpus0 progress event, total committed:224309381, progress insts committed: 44900617, IPC: 04.48557
15671257077330: Event_282: system.switch_cpus0 progress event, total committed:269475555, progress insts committed: 45166174, IPC: 004.5121
15671257077330: Event_283: system.switch_cpus1 progress event, total committed:58820435, progress insts committed: 12593246, IPC: 01.25807
15671257077330: Event_284: system.switch_cpus2 progress event, total committed:157855200, progress insts committed: 25283776, IPC: 02.52585
15671257077330: Event_285: system.switch_cpus3 progress event, total committed:228702336, progress insts committed: 41575401, IPC: 04.15338
15674590410663: Event_285: system.switch_cpus3 progress event, total committed:267635220, progress insts committed: 38932884, IPC: 003.8894
15674590410663: Event_284: system.switch_cpus2 progress event, total committed:185719381, progress insts committed: 27864181, IPC: 02.78363
15674590410663: Event_283: system.switch_cpus1 progress event, total committed:83980864, progress insts committed: 25160429, IPC: 02.51353
15674590410663: Event_282: system.switch_cpus0 progress event, total committed:314705241, progress insts committed: 45229686, IPC: 04.51845
15677923743996: Event_282: system.switch_cpus0 progress event, total committed:359933030, progress insts committed: 45227789, IPC: 04.51826
15677923743996: Event_283: system.switch_cpus1 progress event, total committed:109092640, progress insts committed: 25111776, IPC: 02.50867
15677923743996: Event_284: system.switch_cpus2 progress event, total committed:213904685, progress insts committed: 28185304, IPC: 02.81571
15677923743996: Event_285: system.switch_cpus3 progress event, total committed:308086472, progress insts committed: 40451252, IPC: 04.04108
15681257077329: Event_285: system.switch_cpus3 progress event, total committed:348474397, progress insts committed: 40387925, IPC: 04.03475
15681257077329: Event_284: system.switch_cpus2 progress event, total committed:241580469, progress insts committed: 27675784, IPC: 02.76481
15681257077329: Event_283: system.switch_cpus1 progress event, total committed:133893189, progress insts committed: 24800549, IPC: 02.47757
15681257077329: Event_282: system.switch_cpus0 progress event, total committed:405272798, progress insts committed: 45339768, IPC: 04.52944
Exiting @ tick 15684569425971 because a thread reached the max instruction count
