Command line:
./runscript_pride.sh mix6 RFM1.BR2.4C 4 2017 --rh_defense --rh_mitigation=RFM --rh_rfm_per_trefi=1 --rh_rfm_blast_radius=2 --rh_rfm_maxacts_per_trefi=79
Global frequency set at 1000000000000 ticks per second
RFM details - rfm_act_threshold: 79, blast_radius: 2, delay_per_rfm: 175000 ps. sample_rate: 0.012500
RH Defense config: RFM, Bus Delay: 0, rfms_per_trefi: 1, rfm_act_threshold: 79, blast_radius: 2,rfm_delay_per_act: 45000 ps.
DRAM config: RowsPerBank: 65536, BanksPerRank: 32, RanksPerChannel: 1
warn: Sockets disabled, not accepting gdb connections
warn: CoherentXBar system.cpu0.mmucache.mmubus has no snooping ports attached!
warn: CoherentXBar system.cpu1.mmucache.mmubus has no snooping ports attached!
warn: CoherentXBar system.cpu2.mmucache.mmubus has no snooping ports attached!
warn: CoherentXBar system.cpu3.mmucache.mmubus has no snooping ports attached!
warn: Checkpoints for file descriptors currently do not work.
warn: Checkpoints for file descriptors currently do not work.
warn: Checkpoints for file descriptors currently do not work.
warn: Checkpoints for file descriptors currently do not work.
gem5 Simulator System.  http://gem5.org
gem5 is copyrighted software; use the --copyright option for details.

gem5 version 20.1.0.5
gem5 compiled Jul 12 2024 12:42:38
gem5 started Jul 22 2024 14:14:34
gem5 executing on a07dda8b130c, pid 88048
command line: /home/user/PrIDE/performance/gem5/build/X86/gem5.opt --outdir=/home/user/PrIDE/performance/gem5/stats/pride_multiprogram_16GBmem_250Mn.SPEC2017.C4/RFM1.BR2.4C/mix6 /home/user/PrIDE/performance/gem5/configs/example/se_rq_spec_config_multicore.py --redirects /lib64=/home/utils/gcc-6.2.0/lib64 --benchmark=mix6 --benchmark_stdout=/home/user/PrIDE/performance/gem5/stats/pride_multiprogram_16GBmem_250Mn.SPEC2017.C4/RFM1.BR2.4C/mix6/mix6.out --benchmark_stderr=/home/user/PrIDE/performance/gem5/stats/pride_multiprogram_16GBmem_250Mn.SPEC2017.C4/RFM1.BR2.4C/mix6/mix6.err --spec-version=2017 --rh_defense --rh_mitigation=RFM --rh_rfm_per_trefi=1 --rh_rfm_blast_radius=2 --rh_rfm_maxacts_per_trefi=79 --num-cpus=4 --mem-size=16GB --mem-type=DDR5_2400_32x4 --mem-ranks=1 --checkpoint-dir=/home/user/PrIDE/performance/gem5/cpts/multiprogram_16GBmem_25Bn.SPEC2017.C4/mix6-1-ref-x86 --checkpoint-restore=25000000000 --at-instruction --cpu-type DerivO3CPU --caches --l2cache --l1d_size=32kB --l1i_size=32kB --l2_size=256kB --l1d_assoc=8 --l1i_assoc=8 --l2_assoc=16 --maxinsts=250000000 --prog-interval=300Hz

info: Standard input is not a terminal, disabling listeners.
Benchmark- 0   nab
Selected benchmark
--> nab
CMD: ['/opt/spec2017/benchspec/CPU/544.nab_r/run/run_base_refrate_gem5_se-m64.0000/nab_r_base.gem5_se-m64', '1am0', '1122214447', '122']
CWD: /opt/spec2017/benchspec/CPU/544.nab_r/run/run_base_refrate_gem5_se-m64.0000/
Process stdout file: /home/user/PrIDE/performance/gem5/stats/pride_multiprogram_16GBmem_250Mn.SPEC2017.C4/RFM1.BR2.4C/mix6/mix6.out_0
Process stderr file: /home/user/PrIDE/performance/gem5/stats/pride_multiprogram_16GBmem_250Mn.SPEC2017.C4/RFM1.BR2.4C/mix6/mix6.err_0
Benchmark- 1   lbm
Selected benchmark
--> lbm
CMD: ['/opt/spec2017/benchspec/CPU/519.lbm_r/run/run_base_refrate_gem5_se-m64.0000/lbm_r_base.gem5_se-m64', '3000', 'reference.dat', '0', '0', '/opt/spec2017/benchspec/CPU/519.lbm_r/run/run_base_refrate_gem5_se-m64.0000/100_100_130_ldc.of']
CWD: /opt/spec2017/benchspec/CPU/519.lbm_r/run/run_base_refrate_gem5_se-m64.0000/
Process stdout file: /home/user/PrIDE/performance/gem5/stats/pride_multiprogram_16GBmem_250Mn.SPEC2017.C4/RFM1.BR2.4C/mix6/mix6.out_1
Process stderr file: /home/user/PrIDE/performance/gem5/stats/pride_multiprogram_16GBmem_250Mn.SPEC2017.C4/RFM1.BR2.4C/mix6/mix6.err_1
Benchmark- 2   imagick
Selected benchmark
--> imagick
CMD: ['/opt/spec2017/benchspec/CPU/538.imagick_r/run/run_base_refrate_gem5_se-m64.0000/imagick_r_base.gem5_se-m64', '-limit', 'disk', '0', '/opt/spec2017/benchspec/CPU/538.imagick_r/run/run_base_refrate_gem5_se-m64.0000/refrate_input.tga', '-edge', '41', '-resample', '181%', '-emboss', '31', '-colorspace', 'YUV', '-mean-shift', '19x19+15%', '-resize', '30%', '/opt/spec2017/benchspec/CPU/538.imagick_r/run/run_base_refrate_gem5_se-m64.0000/refrate_output.tga']
CWD: /opt/spec2017/benchspec/CPU/538.imagick_r/run/run_base_refrate_gem5_se-m64.0000/
Process stdout file: /home/user/PrIDE/performance/gem5/stats/pride_multiprogram_16GBmem_250Mn.SPEC2017.C4/RFM1.BR2.4C/mix6/mix6.out_2
Process stderr file: /home/user/PrIDE/performance/gem5/stats/pride_multiprogram_16GBmem_250Mn.SPEC2017.C4/RFM1.BR2.4C/mix6/mix6.err_2
Benchmark- 3   povray
Selected benchmark
--> povray
CMD: ['/opt/spec2017/benchspec/CPU/511.povray_r/run/run_base_refrate_gem5_se-m64.0000/povray_r_base.gem5_se-m64', '/opt/spec2017/benchspec/CPU/511.povray_r/run/run_base_refrate_gem5_se-m64.0000/SPEC-benchmark-ref.ini']
CWD: /opt/spec2017/benchspec/CPU/511.povray_r/run/run_base_refrate_gem5_se-m64.0000/
Process stdout file: /home/user/PrIDE/performance/gem5/stats/pride_multiprogram_16GBmem_250Mn.SPEC2017.C4/RFM1.BR2.4C/mix6/mix6.out_3
Process stderr file: /home/user/PrIDE/performance/gem5/stats/pride_multiprogram_16GBmem_250Mn.SPEC2017.C4/RFM1.BR2.4C/mix6/mix6.err_3
Workload-0: 
['/opt/spec2017/benchspec/CPU/544.nab_r/run/run_base_refrate_gem5_se-m64.0000/nab_r_base.gem5_se-m64', '1am0', '1122214447', '122']
Workload-1: 
['/opt/spec2017/benchspec/CPU/519.lbm_r/run/run_base_refrate_gem5_se-m64.0000/lbm_r_base.gem5_se-m64', '3000', 'reference.dat', '0', '0', '/opt/spec2017/benchspec/CPU/519.lbm_r/run/run_base_refrate_gem5_se-m64.0000/100_100_130_ldc.of']
Workload-2: 
['/opt/spec2017/benchspec/CPU/538.imagick_r/run/run_base_refrate_gem5_se-m64.0000/imagick_r_base.gem5_se-m64', '-limit', 'disk', '0', '/opt/spec2017/benchspec/CPU/538.imagick_r/run/run_base_refrate_gem5_se-m64.0000/refrate_input.tga', '-edge', '41', '-resample', '181%', '-emboss', '31', '-colorspace', 'YUV', '-mean-shift', '19x19+15%', '-resize', '30%', '/opt/spec2017/benchspec/CPU/538.imagick_r/run/run_base_refrate_gem5_se-m64.0000/refrate_output.tga']
Workload-3: 
['/opt/spec2017/benchspec/CPU/511.povray_r/run/run_base_refrate_gem5_se-m64.0000/povray_r_base.gem5_se-m64', '/opt/spec2017/benchspec/CPU/511.povray_r/run/run_base_refrate_gem5_se-m64.0000/SPEC-benchmark-ref.ini']
defense_enable:  True  detector:  MG  mitigation:  RFM  threshold:  800
mg_entries:  1700
rfm_maxacts_per_trefi:  79 rfm_per_trefi:  1 rfm_blast_radius:  2
Switch at curTick count:10000
warn: membus.master is deprecated. `master` is now called `mem_side_ports`
warn: No dot file generated. Please install pydot to generate the dot file and pdf.
info: Entering event queue @ 13719052538010.  Starting simulation...
info: Entering event queue @ 13719052548010.  Starting simulation...
warn: PowerState: Already in the requested power state, request ignored
Switched CPUS @ tick 13719052548010
switching cpus
**** REAL SIMULATION ****
info: Entering event queue @ 13719052548333.  Starting simulation...
13722385871343: Event_285: system.switch_cpus3 progress event, total committed:44420845, progress insts committed: 44420845, IPC: 04.43764
13722385871343: Event_284: system.switch_cpus2 progress event, total committed:50503748, progress insts committed: 50503748, IPC: 05.04532
13722385871343: Event_283: system.switch_cpus1 progress event, total committed:10320915, progress insts committed: 10320915, IPC: 01.03106
13722385871343: Event_282: system.switch_cpus0 progress event, total committed:35032070, progress insts committed: 35032070, IPC: 003.4997
13725719204676: Event_282: system.switch_cpus0 progress event, total committed:71596299, progress insts committed: 36564229, IPC: 03.65277
13725719204676: Event_283: system.switch_cpus1 progress event, total committed:17667180, progress insts committed: 7346265, IPC: 0.733892
13725719204676: Event_284: system.switch_cpus2 progress event, total committed:102751814, progress insts committed: 52248066, IPC: 05.21958
13725719204676: Event_285: system.switch_cpus3 progress event, total committed:89800895, progress insts committed: 45380050, IPC: 04.53347
13729052538009: Event_285: system.switch_cpus3 progress event, total committed:135290011, progress insts committed: 45489116, IPC: 04.54436
13729052538009: Event_284: system.switch_cpus2 progress event, total committed:155254111, progress insts committed: 52502297, IPC: 05.24498
13729052538009: Event_283: system.switch_cpus1 progress event, total committed:26528672, progress insts committed: 8861492, IPC: 0.885263
13729052538009: Event_282: system.switch_cpus0 progress event, total committed:110462608, progress insts committed: 38866309, IPC: 03.88274
warn: MOVNTDQ: Ignoring non-temporal hint, modeling as cacheable!
13732385871342: Event_282: system.switch_cpus0 progress event, total committed:148142986, progress insts committed: 37680378, IPC: 03.76427
13732385871342: Event_283: system.switch_cpus1 progress event, total committed:34641707, progress insts committed: 8113035, IPC: 0.810492
13732385871342: Event_284: system.switch_cpus2 progress event, total committed:163483285, progress insts committed: 8229174, IPC: 0.822094
13732385871342: Event_285: system.switch_cpus3 progress event, total committed:180974423, progress insts committed: 45684412, IPC: 04.56387
13735719204675: Event_285: system.switch_cpus3 progress event, total committed:226005026, progress insts committed: 45030603, IPC: 04.49856
13735719204675: Event_284: system.switch_cpus2 progress event, total committed:189994011, progress insts committed: 26510726, IPC: 02.64842
13735719204675: Event_283: system.switch_cpus1 progress event, total committed:42698957, progress insts committed: 8057250, IPC: 0.804919
13735719204675: Event_282: system.switch_cpus0 progress event, total committed:184936948, progress insts committed: 36793962, IPC: 03.67572
13739052538008: Event_282: system.switch_cpus0 progress event, total committed:221899902, progress insts committed: 36962954, IPC: 003.6926
13739052538008: Event_283: system.switch_cpus1 progress event, total committed:51290881, progress insts committed: 8591924, IPC: 0.858333
13739052538008: Event_284: system.switch_cpus2 progress event, total committed:242389443, progress insts committed: 52395432, IPC: 005.2343
13739052538008: Event_285: system.switch_cpus3 progress event, total committed:270942650, progress insts committed: 44937624, IPC: 04.48927
13742385871341: Event_285: system.switch_cpus3 progress event, total committed:316002362, progress insts committed: 45059712, IPC: 04.50147
13742385871341: Event_284: system.switch_cpus2 progress event, total committed:294890679, progress insts committed: 52501236, IPC: 05.24487
13742385871341: Event_283: system.switch_cpus1 progress event, total committed:60093032, progress insts committed: 8802151, IPC: 0.879335
13742385871341: Event_282: system.switch_cpus0 progress event, total committed:261177169, progress insts committed: 39277267, IPC: 003.9238
13745719204674: Event_282: system.switch_cpus0 progress event, total committed:299623415, progress insts committed: 38446246, IPC: 03.84078
13745719204674: Event_283: system.switch_cpus1 progress event, total committed:69011136, progress insts committed: 8918104, IPC: 0.890919
13745719204674: Event_284: system.switch_cpus2 progress event, total committed:347494047, progress insts committed: 52603368, IPC: 05.25508
13745719204674: Event_285: system.switch_cpus3 progress event, total committed:361151334, progress insts committed: 45148972, IPC: 04.51038
13749052538007: Event_285: system.switch_cpus3 progress event, total committed:406079580, progress insts committed: 44928246, IPC: 04.48833
13749052538007: Event_284: system.switch_cpus2 progress event, total committed:400023347, progress insts committed: 52529300, IPC: 05.24768
13749052538007: Event_283: system.switch_cpus1 progress event, total committed:78224518, progress insts committed: 9213382, IPC: 0.920417
13749052538007: Event_282: system.switch_cpus0 progress event, total committed:338386664, progress insts committed: 38763249, IPC: 03.87245
Exiting @ tick 13750518156894 because a thread reached the max instruction count
